CMD: python -m venv .venv_prr && source .venv_prr/bin/activate && python -m pip install -U pip && python -m pip install -e ".[test,docs]"
CWD: /workspace/bnsyn-phase-controlled-emergent-dynamics
START: 2026-02-17T22:37:29Z
Requirement already satisfied: pip in ./.venv_prr/lib/python3.12/site-packages (25.0.1)
Collecting pip
  Downloading pip-26.0.1-py3-none-any.whl.metadata (4.7 kB)
Downloading pip-26.0.1-py3-none-any.whl (1.8 MB)
   ━━━━━━━━━━━━━━━━━━━━━━━━━━━━━━━━━━━━━━━━ 1.8/1.8 MB 29.0 MB/s eta 0:00:00
Installing collected packages: pip
  Attempting uninstall: pip
    Found existing installation: pip 25.0.1
    Uninstalling pip-25.0.1:
      Successfully uninstalled pip-25.0.1
Successfully installed pip-26.0.1
Obtaining file:///workspace/bnsyn-phase-controlled-emergent-dynamics
  Installing build dependencies: started
  Installing build dependencies: finished with status 'done'
  Checking if build backend supports build_editable: started
  Checking if build backend supports build_editable: finished with status 'done'
  Getting requirements to build editable: started
  Getting requirements to build editable: finished with status 'done'
  Preparing editable metadata (pyproject.toml): started
  Preparing editable metadata (pyproject.toml): finished with status 'done'
Collecting numpy==2.4.1 (from bnsyn==0.2.0)
  Downloading numpy-2.4.1-cp312-cp312-manylinux_2_27_x86_64.manylinux_2_28_x86_64.whl.metadata (6.6 kB)
Collecting pydantic==2.12.5 (from bnsyn==0.2.0)
  Downloading pydantic-2.12.5-py3-none-any.whl.metadata (90 kB)
Collecting scipy==1.17.0 (from bnsyn==0.2.0)
  Downloading scipy-1.17.0-cp312-cp312-manylinux_2_27_x86_64.manylinux_2_28_x86_64.whl.metadata (62 kB)
Collecting jsonschema==4.26.0 (from bnsyn==0.2.0)
  Downloading jsonschema-4.26.0-py3-none-any.whl.metadata (7.6 kB)
Collecting joblib==1.4.2 (from bnsyn==0.2.0)
  Downloading joblib-1.4.2-py3-none-any.whl.metadata (5.4 kB)
Collecting pyyaml==6.0.3 (from bnsyn==0.2.0)
  Downloading pyyaml-6.0.3-cp312-cp312-manylinux2014_x86_64.manylinux_2_17_x86_64.manylinux_2_28_x86_64.whl.metadata (2.4 kB)
Collecting hypothesis==6.151.5 (from bnsyn==0.2.0)
  Downloading hypothesis-6.151.5-py3-none-any.whl.metadata (5.6 kB)
Collecting pytest==9.0.2 (from bnsyn==0.2.0)
  Downloading pytest-9.0.2-py3-none-any.whl.metadata (7.6 kB)
Collecting pytest-cov==7.0.0 (from bnsyn==0.2.0)
  Downloading pytest_cov-7.0.0-py3-none-any.whl.metadata (31 kB)
Collecting psutil==7.2.2 (from bnsyn==0.2.0)
  Downloading psutil-7.2.2-cp36-abi3-manylinux2010_x86_64.manylinux_2_12_x86_64.manylinux_2_28_x86_64.whl.metadata (22 kB)
Collecting packaging==25.0 (from bnsyn==0.2.0)
  Downloading packaging-25.0-py3-none-any.whl.metadata (3.3 kB)
Collecting sphinx==9.0.4 (from bnsyn==0.2.0)
  Downloading sphinx-9.0.4-py3-none-any.whl.metadata (5.8 kB)
Collecting sphinx-autodoc-typehints==3.6.1 (from bnsyn==0.2.0)
  Downloading sphinx_autodoc_typehints-3.6.1-py3-none-any.whl.metadata (8.7 kB)
Collecting myst-parser==5.0.0 (from bnsyn==0.2.0)
  Downloading myst_parser-5.0.0-py3-none-any.whl.metadata (5.6 kB)
Collecting furo==2025.12.19 (from bnsyn==0.2.0)
  Downloading furo-2025.12.19-py3-none-any.whl.metadata (4.9 kB)
Collecting sphinx-copybutton==0.5.2 (from bnsyn==0.2.0)
  Downloading sphinx_copybutton-0.5.2-py3-none-any.whl.metadata (3.2 kB)
Collecting beautifulsoup4 (from furo==2025.12.19->bnsyn==0.2.0)
  Downloading beautifulsoup4-4.14.3-py3-none-any.whl.metadata (3.8 kB)
Collecting sphinx-basic-ng>=1.0.0.beta2 (from furo==2025.12.19->bnsyn==0.2.0)
  Downloading sphinx_basic_ng-1.0.0b2-py3-none-any.whl.metadata (1.5 kB)
Collecting pygments>=2.7 (from furo==2025.12.19->bnsyn==0.2.0)
  Downloading pygments-2.19.2-py3-none-any.whl.metadata (2.5 kB)
Collecting accessible-pygments>=0.0.5 (from furo==2025.12.19->bnsyn==0.2.0)
  Downloading accessible_pygments-0.0.5-py3-none-any.whl.metadata (10 kB)
Collecting sphinxcontrib-applehelp>=1.0.7 (from sphinx==9.0.4->bnsyn==0.2.0)
  Downloading sphinxcontrib_applehelp-2.0.0-py3-none-any.whl.metadata (2.3 kB)
Collecting sphinxcontrib-devhelp>=1.0.6 (from sphinx==9.0.4->bnsyn==0.2.0)
  Downloading sphinxcontrib_devhelp-2.0.0-py3-none-any.whl.metadata (2.3 kB)
Collecting sphinxcontrib-htmlhelp>=2.0.6 (from sphinx==9.0.4->bnsyn==0.2.0)
  Downloading sphinxcontrib_htmlhelp-2.1.0-py3-none-any.whl.metadata (2.3 kB)
Collecting sphinxcontrib-jsmath>=1.0.1 (from sphinx==9.0.4->bnsyn==0.2.0)
  Downloading sphinxcontrib_jsmath-1.0.1-py2.py3-none-any.whl.metadata (1.4 kB)
Collecting sphinxcontrib-qthelp>=1.0.6 (from sphinx==9.0.4->bnsyn==0.2.0)
  Downloading sphinxcontrib_qthelp-2.0.0-py3-none-any.whl.metadata (2.3 kB)
Collecting sphinxcontrib-serializinghtml>=1.1.9 (from sphinx==9.0.4->bnsyn==0.2.0)
  Downloading sphinxcontrib_serializinghtml-2.0.0-py3-none-any.whl.metadata (2.4 kB)
Collecting Jinja2>=3.1 (from sphinx==9.0.4->bnsyn==0.2.0)
  Downloading jinja2-3.1.6-py3-none-any.whl.metadata (2.9 kB)
Collecting docutils<0.23,>=0.20 (from sphinx==9.0.4->bnsyn==0.2.0)
  Downloading docutils-0.22.4-py3-none-any.whl.metadata (15 kB)
Collecting snowballstemmer>=2.2 (from sphinx==9.0.4->bnsyn==0.2.0)
  Downloading snowballstemmer-3.0.1-py3-none-any.whl.metadata (7.9 kB)
Collecting babel>=2.13 (from sphinx==9.0.4->bnsyn==0.2.0)
  Downloading babel-2.18.0-py3-none-any.whl.metadata (2.2 kB)
Collecting alabaster>=0.7.14 (from sphinx==9.0.4->bnsyn==0.2.0)
  Downloading alabaster-1.0.0-py3-none-any.whl.metadata (2.8 kB)
Collecting imagesize>=1.3 (from sphinx==9.0.4->bnsyn==0.2.0)
  Downloading imagesize-1.4.1-py2.py3-none-any.whl.metadata (1.5 kB)
Collecting requests>=2.30.0 (from sphinx==9.0.4->bnsyn==0.2.0)
  Downloading requests-2.32.5-py3-none-any.whl.metadata (4.9 kB)
Collecting roman-numerals>=1.0.0 (from sphinx==9.0.4->bnsyn==0.2.0)
  Downloading roman_numerals-4.1.0-py3-none-any.whl.metadata (3.3 kB)
Collecting sortedcontainers<3.0.0,>=2.1.0 (from hypothesis==6.151.5->bnsyn==0.2.0)
  Downloading sortedcontainers-2.4.0-py2.py3-none-any.whl.metadata (10 kB)
Collecting attrs>=22.2.0 (from jsonschema==4.26.0->bnsyn==0.2.0)
  Downloading attrs-25.4.0-py3-none-any.whl.metadata (10 kB)
Collecting jsonschema-specifications>=2023.03.6 (from jsonschema==4.26.0->bnsyn==0.2.0)
  Downloading jsonschema_specifications-2025.9.1-py3-none-any.whl.metadata (2.9 kB)
Collecting referencing>=0.28.4 (from jsonschema==4.26.0->bnsyn==0.2.0)
  Downloading referencing-0.37.0-py3-none-any.whl.metadata (2.8 kB)
Collecting rpds-py>=0.25.0 (from jsonschema==4.26.0->bnsyn==0.2.0)
  Downloading rpds_py-0.30.0-cp312-cp312-manylinux_2_17_x86_64.manylinux2014_x86_64.whl.metadata (4.1 kB)
Collecting markdown-it-py~=4.0 (from myst-parser==5.0.0->bnsyn==0.2.0)
  Downloading markdown_it_py-4.0.0-py3-none-any.whl.metadata (7.3 kB)
Collecting mdit-py-plugins~=0.5 (from myst-parser==5.0.0->bnsyn==0.2.0)
  Downloading mdit_py_plugins-0.5.0-py3-none-any.whl.metadata (2.8 kB)
Collecting annotated-types>=0.6.0 (from pydantic==2.12.5->bnsyn==0.2.0)
  Downloading annotated_types-0.7.0-py3-none-any.whl.metadata (15 kB)
Collecting pydantic-core==2.41.5 (from pydantic==2.12.5->bnsyn==0.2.0)
  Downloading pydantic_core-2.41.5-cp312-cp312-manylinux_2_17_x86_64.manylinux2014_x86_64.whl.metadata (7.3 kB)
Collecting typing-extensions>=4.14.1 (from pydantic==2.12.5->bnsyn==0.2.0)
  Downloading typing_extensions-4.15.0-py3-none-any.whl.metadata (3.3 kB)
Collecting typing-inspection>=0.4.2 (from pydantic==2.12.5->bnsyn==0.2.0)
  Downloading typing_inspection-0.4.2-py3-none-any.whl.metadata (2.6 kB)
Collecting iniconfig>=1.0.1 (from pytest==9.0.2->bnsyn==0.2.0)
  Downloading iniconfig-2.3.0-py3-none-any.whl.metadata (2.5 kB)
Collecting pluggy<2,>=1.5 (from pytest==9.0.2->bnsyn==0.2.0)
  Downloading pluggy-1.6.0-py3-none-any.whl.metadata (4.8 kB)
Collecting coverage>=7.10.6 (from coverage[toml]>=7.10.6->pytest-cov==7.0.0->bnsyn==0.2.0)
  Downloading coverage-7.13.4-cp312-cp312-manylinux1_x86_64.manylinux_2_28_x86_64.manylinux_2_5_x86_64.whl.metadata (8.5 kB)
Collecting mdurl~=0.1 (from markdown-it-py~=4.0->myst-parser==5.0.0->bnsyn==0.2.0)
  Downloading mdurl-0.1.2-py3-none-any.whl.metadata (1.6 kB)
Collecting MarkupSafe>=2.0 (from Jinja2>=3.1->sphinx==9.0.4->bnsyn==0.2.0)
  Downloading markupsafe-3.0.3-cp312-cp312-manylinux2014_x86_64.manylinux_2_17_x86_64.manylinux_2_28_x86_64.whl.metadata (2.7 kB)
Collecting charset_normalizer<4,>=2 (from requests>=2.30.0->sphinx==9.0.4->bnsyn==0.2.0)
  Downloading charset_normalizer-3.4.4-cp312-cp312-manylinux2014_x86_64.manylinux_2_17_x86_64.manylinux_2_28_x86_64.whl.metadata (37 kB)
Collecting idna<4,>=2.5 (from requests>=2.30.0->sphinx==9.0.4->bnsyn==0.2.0)
  Downloading idna-3.11-py3-none-any.whl.metadata (8.4 kB)
Collecting urllib3<3,>=1.21.1 (from requests>=2.30.0->sphinx==9.0.4->bnsyn==0.2.0)
  Downloading urllib3-2.6.3-py3-none-any.whl.metadata (6.9 kB)
Collecting certifi>=2017.4.17 (from requests>=2.30.0->sphinx==9.0.4->bnsyn==0.2.0)
  Downloading certifi-2026.1.4-py3-none-any.whl.metadata (2.5 kB)
Collecting soupsieve>=1.6.1 (from beautifulsoup4->furo==2025.12.19->bnsyn==0.2.0)
  Downloading soupsieve-2.8.3-py3-none-any.whl.metadata (4.6 kB)
Downloading furo-2025.12.19-py3-none-any.whl (339 kB)
Downloading sphinx-9.0.4-py3-none-any.whl (3.9 MB)
   ━━━━━━━━━━━━━━━━━━━━━━━━━━━━━━━━━━━━━━━━ 3.9/3.9 MB 29.6 MB/s  0:00:00
Downloading hypothesis-6.151.5-py3-none-any.whl (543 kB)
   ━━━━━━━━━━━━━━━━━━━━━━━━━━━━━━━━━━━━━━━━ 543.3/543.3 kB 37.7 MB/s  0:00:00
Downloading joblib-1.4.2-py3-none-any.whl (301 kB)
Downloading jsonschema-4.26.0-py3-none-any.whl (90 kB)
Downloading myst_parser-5.0.0-py3-none-any.whl (84 kB)
Downloading numpy-2.4.1-cp312-cp312-manylinux_2_27_x86_64.manylinux_2_28_x86_64.whl (16.4 MB)
   ━━━━━━━━━━━━━━━━━━━━━━━━━━━━━━━━━━━━━━━━ 16.4/16.4 MB 43.7 MB/s  0:00:00
Downloading packaging-25.0-py3-none-any.whl (66 kB)
Downloading psutil-7.2.2-cp36-abi3-manylinux2010_x86_64.manylinux_2_12_x86_64.manylinux_2_28_x86_64.whl (155 kB)
Downloading pydantic-2.12.5-py3-none-any.whl (463 kB)
Downloading pydantic_core-2.41.5-cp312-cp312-manylinux_2_17_x86_64.manylinux2014_x86_64.whl (2.1 MB)
   ━━━━━━━━━━━━━━━━━━━━━━━━━━━━━━━━━━━━━━━━ 2.1/2.1 MB 49.8 MB/s  0:00:00
Downloading pytest-9.0.2-py3-none-any.whl (374 kB)
Downloading pytest_cov-7.0.0-py3-none-any.whl (22 kB)
Downloading pyyaml-6.0.3-cp312-cp312-manylinux2014_x86_64.manylinux_2_17_x86_64.manylinux_2_28_x86_64.whl (807 kB)
   ━━━━━━━━━━━━━━━━━━━━━━━━━━━━━━━━━━━━━━━━ 807.9/807.9 kB 66.4 MB/s  0:00:00
Downloading scipy-1.17.0-cp312-cp312-manylinux_2_27_x86_64.manylinux_2_28_x86_64.whl (35.0 MB)
   ━━━━━━━━━━━━━━━━━━━━━━━━━━━━━━━━━━━━━━━━ 35.0/35.0 MB 40.4 MB/s  0:00:00
Downloading sphinx_autodoc_typehints-3.6.1-py3-none-any.whl (20 kB)
Downloading sphinx_copybutton-0.5.2-py3-none-any.whl (13 kB)
Downloading docutils-0.22.4-py3-none-any.whl (633 kB)
   ━━━━━━━━━━━━━━━━━━━━━━━━━━━━━━━━━━━━━━━━ 633.2/633.2 kB 38.2 MB/s  0:00:00
Downloading markdown_it_py-4.0.0-py3-none-any.whl (87 kB)
Downloading mdit_py_plugins-0.5.0-py3-none-any.whl (57 kB)
Downloading mdurl-0.1.2-py3-none-any.whl (10.0 kB)
Downloading pluggy-1.6.0-py3-none-any.whl (20 kB)
Downloading sortedcontainers-2.4.0-py2.py3-none-any.whl (29 kB)
Downloading accessible_pygments-0.0.5-py3-none-any.whl (1.4 MB)
   ━━━━━━━━━━━━━━━━━━━━━━━━━━━━━━━━━━━━━━━━ 1.4/1.4 MB 48.6 MB/s  0:00:00
Downloading alabaster-1.0.0-py3-none-any.whl (13 kB)
Downloading annotated_types-0.7.0-py3-none-any.whl (13 kB)
Downloading attrs-25.4.0-py3-none-any.whl (67 kB)
Downloading babel-2.18.0-py3-none-any.whl (10.2 MB)
   ━━━━━━━━━━━━━━━━━━━━━━━━━━━━━━━━━━━━━━━━ 10.2/10.2 MB 35.5 MB/s  0:00:00
Downloading coverage-7.13.4-cp312-cp312-manylinux1_x86_64.manylinux_2_28_x86_64.manylinux_2_5_x86_64.whl (254 kB)
Downloading imagesize-1.4.1-py2.py3-none-any.whl (8.8 kB)
Downloading iniconfig-2.3.0-py3-none-any.whl (7.5 kB)
Downloading jinja2-3.1.6-py3-none-any.whl (134 kB)
Downloading jsonschema_specifications-2025.9.1-py3-none-any.whl (18 kB)
Downloading markupsafe-3.0.3-cp312-cp312-manylinux2014_x86_64.manylinux_2_17_x86_64.manylinux_2_28_x86_64.whl (22 kB)
Downloading pygments-2.19.2-py3-none-any.whl (1.2 MB)
   ━━━━━━━━━━━━━━━━━━━━━━━━━━━━━━━━━━━━━━━━ 1.2/1.2 MB 45.7 MB/s  0:00:00
Downloading referencing-0.37.0-py3-none-any.whl (26 kB)
Downloading requests-2.32.5-py3-none-any.whl (64 kB)
Downloading charset_normalizer-3.4.4-cp312-cp312-manylinux2014_x86_64.manylinux_2_17_x86_64.manylinux_2_28_x86_64.whl (153 kB)
Downloading idna-3.11-py3-none-any.whl (71 kB)
Downloading urllib3-2.6.3-py3-none-any.whl (131 kB)
Downloading certifi-2026.1.4-py3-none-any.whl (152 kB)
Downloading roman_numerals-4.1.0-py3-none-any.whl (7.7 kB)
Downloading rpds_py-0.30.0-cp312-cp312-manylinux_2_17_x86_64.manylinux2014_x86_64.whl (394 kB)
Downloading snowballstemmer-3.0.1-py3-none-any.whl (103 kB)
Downloading sphinx_basic_ng-1.0.0b2-py3-none-any.whl (22 kB)
Downloading sphinxcontrib_applehelp-2.0.0-py3-none-any.whl (119 kB)
Downloading sphinxcontrib_devhelp-2.0.0-py3-none-any.whl (82 kB)
Downloading sphinxcontrib_htmlhelp-2.1.0-py3-none-any.whl (98 kB)
Downloading sphinxcontrib_jsmath-1.0.1-py2.py3-none-any.whl (5.1 kB)
Downloading sphinxcontrib_qthelp-2.0.0-py3-none-any.whl (88 kB)
Downloading sphinxcontrib_serializinghtml-2.0.0-py3-none-any.whl (92 kB)
Downloading typing_extensions-4.15.0-py3-none-any.whl (44 kB)
Downloading typing_inspection-0.4.2-py3-none-any.whl (14 kB)
Downloading beautifulsoup4-4.14.3-py3-none-any.whl (107 kB)
Downloading soupsieve-2.8.3-py3-none-any.whl (37 kB)
Building wheels for collected packages: bnsyn
  Building editable for bnsyn (pyproject.toml): started
  Building editable for bnsyn (pyproject.toml): finished with status 'done'
  Created wheel for bnsyn: filename=bnsyn-0.2.0-0.editable-py3-none-any.whl size=4146 sha256=22c1f2ba511805890009c9c8c68ec8bf80a14a220bd6f58a1b87e3aea453285b
  Stored in directory: /tmp/pip-ephem-wheel-cache-ujnxats0/wheels/b6/1a/09/a1d36e07ea304f8c95ab88d866597d5b760d5b91c4e13d9643
Successfully built bnsyn
Installing collected packages: sortedcontainers, urllib3, typing-extensions, sphinxcontrib-serializinghtml, sphinxcontrib-qthelp, sphinxcontrib-jsmath, sphinxcontrib-htmlhelp, sphinxcontrib-devhelp, sphinxcontrib-applehelp, soupsieve, snowballstemmer, rpds-py, roman-numerals, pyyaml, pygments, psutil, pluggy, packaging, numpy, mdurl, MarkupSafe, joblib, iniconfig, imagesize, idna, hypothesis, docutils, coverage, charset_normalizer, certifi, babel, attrs, annotated-types, alabaster, typing-inspection, scipy, requests, referencing, pytest, pydantic-core, markdown-it-py, Jinja2, beautifulsoup4, accessible-pygments, sphinx, pytest-cov, pydantic, mdit-py-plugins, jsonschema-specifications, sphinx-copybutton, sphinx-basic-ng, sphinx-autodoc-typehints, myst-parser, jsonschema, furo, bnsyn

Successfully installed Jinja2-3.1.6 MarkupSafe-3.0.3 accessible-pygments-0.0.5 alabaster-1.0.0 annotated-types-0.7.0 attrs-25.4.0 babel-2.18.0 beautifulsoup4-4.14.3 bnsyn-0.2.0 certifi-2026.1.4 charset_normalizer-3.4.4 coverage-7.13.4 docutils-0.22.4 furo-2025.12.19 hypothesis-6.151.5 idna-3.11 imagesize-1.4.1 iniconfig-2.3.0 joblib-1.4.2 jsonschema-4.26.0 jsonschema-specifications-2025.9.1 markdown-it-py-4.0.0 mdit-py-plugins-0.5.0 mdurl-0.1.2 myst-parser-5.0.0 numpy-2.4.1 packaging-25.0 pluggy-1.6.0 psutil-7.2.2 pydantic-2.12.5 pydantic-core-2.41.5 pygments-2.19.2 pytest-9.0.2 pytest-cov-7.0.0 pyyaml-6.0.3 referencing-0.37.0 requests-2.32.5 roman-numerals-4.1.0 rpds-py-0.30.0 scipy-1.17.0 snowballstemmer-3.0.1 sortedcontainers-2.4.0 soupsieve-2.8.3 sphinx-9.0.4 sphinx-autodoc-typehints-3.6.1 sphinx-basic-ng-1.0.0b2 sphinx-copybutton-0.5.2 sphinxcontrib-applehelp-2.0.0 sphinxcontrib-devhelp-2.0.0 sphinxcontrib-htmlhelp-2.1.0 sphinxcontrib-jsmath-1.0.1 sphinxcontrib-qthelp-2.0.0 sphinxcontrib-serializinghtml-2.0.0 typing-extensions-4.15.0 typing-inspection-0.4.2 urllib3-2.6.3
END: 2026-02-17T22:38:12Z
EXIT:0
