$ find . -maxdepth 2 -mindepth 1 -type d | sort
[exit_code]=0
[duration_sec]=1.30
--- STDOUT ---
./.cache
./.cache/bnsyn
./.git
./.git/branches
./.git/hooks
./.git/info
./.git/logs
./.git/objects
./.git/refs
./.github
./.github/actions
./.github/workflows
./.hypothesis
./.hypothesis/constants
./.hypothesis/unicode_data
./.pytest_cache
./.pytest_cache/v
./artifacts
./artifacts/audit
./artifacts/ci_logs
./artifacts/manifest
./artifacts/math_audit
./artifacts/readiness
./artifacts/release_rc
./benchmarks
./benchmarks/__pycache__
./benchmarks/baselines
./benchmarks/scenarios
./bibliography
./claims
./dist
./docs
./docs/api
./docs/appendix
./docs/benchmarks
./docs/math
./docs/placeholder_cycles
./docs/safety
./entropy
./entropy/__pycache__
./entropy/guards
./evidence
./evidence/entropy
./evidence/entropy_gate
./evidence/inventory_fix
./evidence/manifest_fix
./evidence/placeholder_closure
./evidence/pr_216
./evidence/tests_upgrade
./evidence/zqsg_2026_02_12
./examples
./examples/configs
./examples/integration
./experiments
./experiments/__pycache__
./figures
./figures/temp_ablation_v2
./manifest
./proof_bundle
./quality
./results
./results/temp_ablation_v1
./results/temp_ablation_v2
./schemas
./scripts
./scripts/__pycache__
./specs
./specs/coq
./specs/tla
./src
./src/bnsyn
./src/bnsyn.egg-info
./src/contracts
./tests
./tests/__pycache__
./tests/benchmarks
./tests/properties
./tests/validation
./tools
./tools/__pycache__
./tools/entropy_gate
./tools/manifest
./tools/safety

--- STDERR ---

