$ find . -maxdepth 3 -type f \( -name 'pyproject.toml' -o -name 'requirements-lock.txt' -o -name 'Dockerfile' -o -name 'docker-compose.yml' -o -name '.pre-commit-config.yaml' -o -path './.github/workflows/*.yml' \) | sort
[exit_code]=0
[duration_sec]=1.76
--- STDOUT ---
./.github/workflows/_reusable_benchmarks.yml
./.github/workflows/_reusable_chaos_tests.yml
./.github/workflows/_reusable_formal_science.yml
./.github/workflows/_reusable_gate_profile.yml
./.github/workflows/_reusable_property_tests.yml
./.github/workflows/_reusable_pytest.yml
./.github/workflows/_reusable_quality.yml
./.github/workflows/_reusable_ssot.yml
./.github/workflows/_reusable_validation_tests.yml
./.github/workflows/benchmarks.yml
./.github/workflows/ci-benchmarks-elite.yml
./.github/workflows/ci-benchmarks.yml
./.github/workflows/ci-pr-atomic.yml
./.github/workflows/ci-pr.yml
./.github/workflows/ci-smoke.yml
./.github/workflows/ci-validation.yml
./.github/workflows/codecov-health.yml
./.github/workflows/codeql.yml
./.github/workflows/dependency-review.yml
./.github/workflows/dependency-watch.yml
./.github/workflows/docs.yml
./.github/workflows/formal-coq.yml
./.github/workflows/formal-tla.yml
./.github/workflows/math-quality-gate.yml
./.github/workflows/physics-equivalence.yml
./.github/workflows/quality-mutation.yml
./.github/workflows/release-pipeline.yml
./.github/workflows/science.yml
./.github/workflows/workflow-integrity.yml
./.pre-commit-config.yaml
./Dockerfile
./docker-compose.yml
./pyproject.toml
./requirements-lock.txt

--- STDERR ---

