tests/benchmarks/test_metrics_memory_fallback.py: 2
tests/benchmarks/test_regression.py: 3
tests/test_actions_pinned.py: 1
tests/test_actions_pinning.py: 1
tests/test_adex_smoke.py: 3
tests/test_adr_rfc_gate_mapping_contract.py: 1
tests/test_api_contract_command.py: 1
tests/test_api_contract_semver.py: 4
tests/test_api_maturity.py: 2
tests/test_api_surface.py: 5
tests/test_api_surface_reexports.py: 4
tests/test_arb_rules_contract.py: 1
tests/test_attractor_crystallizer.py: 12
tests/test_audit_suite_artifacts.py: 6
tests/test_benchmark_regression_gate.py: 1
tests/test_benchmarks_smoke.py: 6
tests/test_calibration_accuracy_speed.py: 1
tests/test_calibration_fit_edge.py: 1
tests/test_calibration_smoke.py: 1
tests/test_check_internal_links.py: 5
tests/test_ci_policy_contract.py: 2
tests/test_ci_pr_atomic_codeql_pr.py: 1
tests/test_ci_pr_gate_completeness.py: 2
tests/test_claims_enforcement.py: 3
tests/test_cli_interactive.py: 14
tests/test_cli_sleep_stack_backend_and_N_unit.py: 1
tests/test_cli_sleep_stack_branches.py: 2
tests/test_cli_sleep_stack_figure.py: 1
tests/test_cli_smoke.py: 3
tests/test_cli_smoke_command.py: 1
tests/test_cli_unit.py: 4
tests/test_cli_versioning.py: 4
tests/test_connectivity_sparse.py: 9
tests/test_consolidation_smoke.py: 1
tests/test_coverage_gap_extensions.py: 17
tests/test_coverage_gate.py: 12
tests/test_coverage_paths.py: 8
tests/test_criticality_analysis_edge.py: 4
tests/test_criticality_smoke.py: 1
tests/test_crystallizer_edge_cases.py: 5
tests/test_determinism.py: 3
tests/test_drift_zero_contract.py: 1
tests/test_dt_invariance.py: 1
tests/test_edge_cases_adex.py: 17
tests/test_edge_cases_criticality.py: 12
tests/test_edge_cases_synapse.py: 15
tests/test_edge_cases_temperature.py: 10
tests/test_energy_smoke.py: 1
tests/test_entropy_artifacts_guard.py: 1
tests/test_entropy_gate.py: 1
tests/test_experiment_manifest.py: 1
tests/test_experiments_declarative.py: 7
tests/test_experiments_temperature_ablation.py: 10
tests/test_faults.py: 8
tests/test_generate_coverage_trend.py: 19
tests/test_generate_inventory.py: 2
tests/test_imports.py: 2
tests/test_incremental_cache.py: 2
tests/test_integration_examples.py: 2
tests/test_integration_experiment_flow.py: 1
tests/test_intelligence_cycle.py: 2
tests/test_interactive_smoke.py: 8
tests/test_ir_compilation_contract.py: 1
tests/test_jax_backend.py: 3
tests/test_manifest_builder.py: 9
tests/test_manifest_consistency.py: 1
tests/test_manifest_tooling.py: 3
tests/test_manifest_tooling_regression.py: 4
tests/test_manifest_tools.py: 12
tests/test_math_core_hardening.py: 4
tests/test_math_invariants.py: 29
tests/test_memory.py: 12
tests/test_memory_consolidator.py: 8
tests/test_memory_ledger_unit.py: 5
tests/test_memory_trace_unit.py: 5
tests/test_mutation_ci_summary_contract.py: 9
tests/test_mutation_counts_contract.py: 12
tests/test_mutation_killers.py: 9
tests/test_mutation_run_pipeline_contract.py: 3
tests/test_mutation_survivors_summary.py: 2
tests/test_network_allocation_buffers.py: 2
tests/test_network_external_input.py: 4
tests/test_network_smoke.py: 3
tests/test_network_validation_edges.py: 4
tests/test_neuron_adex_validation.py: 3
tests/test_no_escape_tripwires.py: 3
tests/test_performance.py: 4
tests/test_phase_transition.py: 8
tests/test_phase_transition_detector.py: 8
tests/test_plasticity_smoke.py: 1
tests/test_plasticity_three_factor_edge.py: 2
tests/test_policy_schema_contract.py: 2
tests/test_policy_to_execution_contract.py: 2
tests/test_pr_description_policy_template.py: 1
tests/test_pr_description_policy_workflow.py: 1
tests/test_principal_test_hardening.py: 3
tests/test_production_adex_spike.py: 2
tests/test_provenance_manifest.py: 11
tests/test_pytest_collection_contract.py: 3
tests/test_quickstart_consistency_script.py: 2
tests/test_quickstart_contract.py: 1
tests/test_quickstart_contract_validator.py: 4
tests/test_readiness_artifact_schemas.py: 4
tests/test_readme_quickstart_contract.py: 1
tests/test_release_pipeline.py: 2
tests/test_release_readiness.py: 2
tests/test_required_checks_contract.py: 1
tests/test_required_checks_manifest.py: 3
tests/test_required_checks_manifest_contract.py: 1
tests/test_run_simulation_external_current.py: 1
tests/test_run_simulation_validation.py: 7
tests/test_scan_governed_docs_script.py: 1
tests/test_scan_placeholders.py: 6
tests/test_schema_contracts.py: 2
tests/test_schema_experiment_contracts.py: 5
tests/test_scientific_product_gate.py: 5
tests/test_sleep_cycle.py: 10
tests/test_sleep_cycle_integration.py: 7
tests/test_sleep_replay.py: 11
tests/test_sleep_stage_validation.py: 1
tests/test_spec_mapping_guard.py: 2
tests/test_sse_sdo_scaffold.py: 2
tests/test_ssot_alignment_contract.py: 1
tests/test_synapse_conductance_edge.py: 4
tests/test_synapse_smoke.py: 2
tests/test_sync_required_status_contexts.py: 4
tests/test_temperature_smoke.py: 14
tests/test_tla_invariants_guard.py: 9
tests/test_tools_benchmark_sleep_stack_scale_unit.py: 2
tests/test_tools_run_scaled_sleep_stack_unit.py: 7
tests/test_tools_scaled_sleep_stack_smoke.py: 1
tests/test_update_manifest_tools.py: 10
tests/test_validate_bibliography_script.py: 4
tests/test_validate_calibration_summary.py: 3
tests/test_validate_codebase_readiness_audit.py: 4
tests/test_validate_long_running_triggers.py: 27
tests/test_validate_pr_gates.py: 6
tests/test_validate_required_checks.py: 8
tests/test_validate_status_claims.py: 3
tests/test_validate_workflow_contracts.py: 6
tests/test_validation_inputs.py: 7
tests/test_vcg_invariants_guard.py: 17
tests/test_vcg_smoke.py: 2
tests/test_vcg_validation.py: 3
tests/test_verify_reproducible_artifacts.py: 2
tests/test_viz_interactive.py: 2
tests/test_viz_interactive_main.py: 2
tests/test_viz_optional_import.py: 6
tests/test_viz_smoke_coverage.py: 6
tests/test_wheelhouse_tools.py: 11
tests/test_workflow_integrity_contract.py: 1
tests/validation/test_adex_validation.py: 2
tests/validation/test_calibration_validation.py: 1
tests/validation/test_chaos_integration.py: 9
tests/validation/test_chaos_io.py: 6
tests/validation/test_chaos_numeric.py: 10
tests/validation/test_chaos_stochastic.py: 5
tests/validation/test_chaos_timing.py: 7
tests/validation/test_claims_validation.py: 10
tests/validation/test_cli_validation.py: 1
tests/validation/test_consolidation_validation.py: 2
tests/validation/test_criticality_validation.py: 4
tests/validation/test_crystallizer_real.py: 2
tests/validation/test_determinism_validation.py: 1
tests/validation/test_energy_validation.py: 2
tests/validation/test_experiments_temperature_ablation_stats.py: 4
tests/validation/test_integration_validation.py: 4
tests/validation/test_largeN_validation.py: 1
tests/validation/test_memory_validation.py: 2
tests/validation/test_network_validation.py: 1
tests/validation/test_numerics_validation.py: 3
tests/validation/test_plasticity_validation.py: 2
tests/validation/test_production_properties.py: 149
tests/validation/test_sleep_cycle_long.py: 3
tests/validation/test_sleep_stack_effectiveness.py: 3
tests/validation/test_synapse_validation.py: 2
tests/validation/test_temperature_validation.py: 1
tests/validation/test_validation.py: 3
tests/validation/test_verify_hypothesis_v2.py: 2
tests/validation/test_viz_dashboard.py: 5

==================================== ERRORS ====================================
______________________ ERROR collecting tests/properties _______________________
/root/.pyenv/versions/3.12.12/lib/python3.12/importlib/__init__.py:90: in import_module
    return _bootstrap._gcd_import(name[level:], package, level)
           ^^^^^^^^^^^^^^^^^^^^^^^^^^^^^^^^^^^^^^^^^^^^^^^^^^^^
<frozen importlib._bootstrap>:1387: in _gcd_import
    ???
<frozen importlib._bootstrap>:1360: in _find_and_load
    ???
<frozen importlib._bootstrap>:1331: in _find_and_load_unlocked
    ???
<frozen importlib._bootstrap>:935: in _load_unlocked
    ???
/root/.pyenv/versions/3.12.12/lib/python3.12/site-packages/_pytest/assertion/rewrite.py:197: in exec_module
    exec(co, module.__dict__)
tests/properties/conftest.py:5: in <module>
    from hypothesis import Verbosity, settings
E   ModuleNotFoundError: No module named 'hypothesis'
=========================== short test summary info ============================
ERROR tests/properties - ModuleNotFoundError: No module named 'hypothesis'
!!!!!!!!!!!!!!!!!!!! Interrupted: 1 error during collection !!!!!!!!!!!!!!!!!!!!
