.github/CODEOWNERS
.github/PR_GATES.yml
.github/QUALITY_LEDGER.md
.github/REPO_MANIFEST.md
.github/REQUIRED_CHECKS.yml
.github/WORKFLOW_CONTRACTS.md
.github/actions/pin-pip/action.yml
.github/dependabot.yml
.github/pull_request_template.md
.github/workflows/_reusable_benchmarks.yml
.github/workflows/_reusable_chaos_tests.yml
.github/workflows/_reusable_formal_science.yml
.github/workflows/_reusable_gate_profile.yml
.github/workflows/_reusable_property_tests.yml
.github/workflows/_reusable_pytest.yml
.github/workflows/_reusable_quality.yml
.github/workflows/_reusable_ssot.yml
.github/workflows/_reusable_validation_tests.yml
.github/workflows/benchmarks.yml
.github/workflows/ci-benchmarks-elite.yml
.github/workflows/ci-benchmarks.yml
.github/workflows/ci-pr-atomic.yml
.github/workflows/ci-pr.yml
.github/workflows/ci-smoke.yml
.github/workflows/ci-validation.yml
.github/workflows/codecov-health.yml
.github/workflows/codeql.yml
.github/workflows/dependency-watch.yml
.github/workflows/docs.yml
.github/workflows/formal-coq.yml
.github/workflows/formal-tla.yml
.github/workflows/math-quality-gate.yml
.github/workflows/physics-equivalence.yml
.github/workflows/quality-mutation.yml
.github/workflows/release-pipeline.yml
.github/workflows/science.yml
.github/workflows/workflow-integrity.yml
.gitignore
.gitleaks.toml
.pre-commit-config.yaml
BENCHMARK_PROTOCOL.md
CHANGELOG.md
CITATION.cff
CODEBASE_READINESS.md
CONTRIBUTING.md
Dockerfile
FINAL_REPORT.md
GAP_TABLE.md
GOVERNANCE_VERIFICATION_REPORT.md
HARDENING_SUMMARY.md
INVENTORY.json
LICENSE
Makefile
PR_DESCRIPTION.md
PR_DESCRIPTION_EVIDENCE.md
README.md
README_CLAIMS_GATE.md
REPO_WORK_ASSESSMENT_VALUATION.md
SECURITY.md
VERIFICATION_REPORT.md
artifacts/ci_logs/actionlint.txt
artifacts/ci_logs/actionlint_final.txt
artifacts/ci_logs/bidi_scan.txt
artifacts/ci_logs/bidi_suspects.txt
artifacts/ci_logs/changed_files.txt
artifacts/ci_logs/generate_math_data.txt
artifacts/ci_logs/git_log_head20.txt
artifacts/ci_logs/git_remote.txt
artifacts/ci_logs/manifest_diff_check.txt
artifacts/ci_logs/manifest_generate.txt
artifacts/ci_logs/manifest_validate.txt
artifacts/ci_logs/math_validate.txt
artifacts/ci_logs/math_validate_final.txt
artifacts/ci_logs/pip_install_linters.txt
artifacts/ci_logs/pip_install_project_test_deps.txt
artifacts/ci_logs/pip_install_pytest.txt
artifacts/ci_logs/pip_pin_venv.txt
artifacts/ci_logs/pip_version_pre.txt
artifacts/ci_logs/pip_version_venv.txt
artifacts/ci_logs/pytest.txt
artifacts/ci_logs/pytest_math_invariants.txt
artifacts/ci_logs/pytest_targeted.txt
artifacts/ci_logs/python_version.txt
artifacts/ci_logs/yamllint.txt
artifacts/ci_logs/yamllint_final.txt
artifacts/coverage.json
artifacts/coverage_backlog.md
artifacts/coverage_term_missing.txt
artifacts/manifest/01_inventory.txt
artifacts/manifest/02_generate.txt
artifacts/manifest/03_validate.txt
artifacts/manifest/04_diff.txt
artifacts/manifest/05_env.txt
artifacts/manifest/06_manifest_check.txt
artifacts/manifest/07_generate.txt
artifacts/manifest/08_validate.txt
artifacts/manifest/09_diff.txt
artifacts/math_audit/baseline_env.txt
artifacts/math_audit/ci_cd_metrics.json
artifacts/math_audit/claims.json
artifacts/math_audit/computed_metrics.json
artifacts/math_audit/crosscheck_metrics.json
artifacts/math_audit/diff_report.json
artifacts/math_audit/environment_facts.json
artifacts/math_audit/failures_fixed.md
artifacts/math_audit/hardened_run.log
artifacts/math_audit/inputs_manifest.json
artifacts/math_audit/manifest.json
artifacts/math_audit/phase_a_audit.txt
artifacts/math_audit/raw/git_active_days.stderr.log
artifacts/math_audit/raw/git_active_days.stdout.log
artifacts/math_audit/raw/git_branch.stderr.log
artifacts/math_audit/raw/git_branch.stdout.log
artifacts/math_audit/raw/git_head.stderr.log
artifacts/math_audit/raw/git_head.stdout.log
artifacts/math_audit/raw/git_log_1.stderr.log
artifacts/math_audit/raw/git_log_1.stdout.log
artifacts/math_audit/raw/git_log_first.stderr.log
artifacts/math_audit/raw/git_log_first.stdout.log
artifacts/math_audit/raw/git_ls_files.stderr.log
artifacts/math_audit/raw/git_ls_files.stdout.log
artifacts/math_audit/raw/git_rev_list_count.stderr.log
artifacts/math_audit/raw/git_rev_list_count.stdout.log
artifacts/math_audit/raw/git_shortlog.stderr.log
artifacts/math_audit/raw/git_shortlog.stdout.log
artifacts/math_audit/raw/p0_cmd_bc.txt
artifacts/math_audit/raw/p0_cmd_cloc.txt
artifacts/math_audit/raw/p0_cmd_git.txt
artifacts/math_audit/raw/p0_cmd_tokei.txt
artifacts/math_audit/raw/p0_git_branch_show_current.txt
artifacts/math_audit/raw/p0_git_log_1.txt
artifacts/math_audit/raw/p0_git_remote_v.txt
artifacts/math_audit/raw/p0_git_rev_parse_head.txt
artifacts/math_audit/raw/p0_git_status_porcelain.txt
artifacts/math_audit/raw/p0_pip_version.txt
artifacts/math_audit/raw/p0_python_version.txt
artifacts/math_audit/raw/p0_uname_a.txt
artifacts/math_audit/raw/radon_cc.stderr.log
artifacts/math_audit/raw/radon_cc.stdout.log
artifacts/math_audit/reconciliation_report.json
artifacts/math_audit/toolchain_versions.json
artifacts/math_audit/validator_report.json
artifacts/math_audit/validator_report.md
artifacts/math_audit/valuation_inputs.json
artifacts/math_audit/valuation_results.json
artifacts/release_rc/build.log
artifacts/release_rc/chaos_validation_run.log
artifacts/release_rc/coverage.json
artifacts/release_rc/coverage_term_missing.log
artifacts/release_rc/demo_run.log
artifacts/release_rc/demo_smoke.log
artifacts/release_rc/determinism_run1.log
artifacts/release_rc/determinism_run2.log
artifacts/release_rc/determinism_run3.log
artifacts/release_rc/git_branch_status.log
artifacts/release_rc/git_status.log
artifacts/release_rc/make_check.log
artifacts/release_rc/make_test.log
artifacts/release_rc/mutation_baseline.log
artifacts/release_rc/mutation_baseline_reuse.log
artifacts/release_rc/pip_install_build.log
artifacts/release_rc/pip_install_dev.log
artifacts/release_rc/pip_install_dev_cross_validation.log
artifacts/release_rc/python_build.log
artifacts/release_rc/release_readiness.json
artifacts/release_rc/release_readiness.log
artifacts/release_rc/release_readiness.md
artifacts/release_rc/validation_run.log
artifacts/rwu_log.md
audit/classification_rules.yml
audit_evidence/00_index.txt
audit_evidence/01_metadata.txt
audit_evidence/02_contributors.txt
audit_evidence/03_file_inventory.txt
audit_evidence/04_loc.txt
audit_evidence/05_tests.txt
audit_evidence/06_cicd.txt
audit_evidence/07_complexity.txt
audit_evidence/08_churn.txt
audit_evidence/09_velocity.txt
audit_evidence/10_doc_sizes.txt
audit_evidence/11_function_points.txt
audit_evidence/phase1_step1.txt
audit_evidence/phase1_step10.txt
audit_evidence/phase1_step2.txt
audit_evidence/phase1_step3.txt
audit_evidence/phase1_step4_cloc.txt
audit_evidence/phase1_step4_fallback.txt
audit_evidence/phase1_step5.txt
audit_evidence/phase1_step6.txt
audit_evidence/phase1_step7.txt
audit_evidence/phase1_step8.txt
audit_evidence/phase1_step9.txt
audit_evidence/phase3_heuristics.txt
audit_evidence/phase3_radon.txt
audit_evidence/phase3_tests.txt
audit_report_data.json
benchmarks/README.md
benchmarks/__init__.py
benchmarks/baseline.json
benchmarks/baselines/checksums_alloc_v2.json
benchmarks/baselines/golden_baseline.yml
benchmarks/baselines/kernel_profile.json
benchmarks/baselines/kernel_profile_alloc_v2.json
benchmarks/baselines/physics_baseline.json
benchmarks/baselines/physics_baseline_alloc_v2.json
benchmarks/baselines/raw/kernel_run_1_alloc_v2.json
benchmarks/baselines/raw/kernel_run_2_alloc_v2.json
benchmarks/baselines/raw/kernel_run_3_alloc_v2.json
benchmarks/baselines/raw/kernel_run_4_alloc_v2.json
benchmarks/baselines/raw/kernel_run_5_alloc_v2.json
benchmarks/baselines/raw/physics_run_1_alloc_v2.json
benchmarks/baselines/raw/physics_run_2_alloc_v2.json
benchmarks/baselines/raw/physics_run_3_alloc_v2.json
benchmarks/baselines/raw/physics_run_4_alloc_v2.json
benchmarks/baselines/raw/physics_run_5_alloc_v2.json
benchmarks/bench_adex.py
benchmarks/bench_criticality.py
benchmarks/bench_dt_invariance.py
benchmarks/bench_plasticity.py
benchmarks/bench_synapses.py
benchmarks/benchmark_dt.py
benchmarks/benchmark_plasticity.py
benchmarks/benchmark_scale.py
benchmarks/common.py
benchmarks/criticality.py
benchmarks/determinism.py
benchmarks/equivalence_report.md
benchmarks/kernel_profile.json
benchmarks/metrics.py
benchmarks/performance_utils.py
benchmarks/physics_accelerated.json
benchmarks/physics_baseline.json
benchmarks/report.py
benchmarks/run_benchmarks.py
benchmarks/scalability.py
benchmarks/scaling.py
benchmarks/scaling_plan.md
benchmarks/scenarios/__init__.py
benchmarks/scenarios/base.py
benchmarks/scenarios/ci_smoke.py
benchmarks/scenarios/criticality_sweep.py
benchmarks/scenarios/dt_sweep.py
benchmarks/scenarios/large_network.py
benchmarks/scenarios/medium_network.py
benchmarks/scenarios/small_network.py
benchmarks/scenarios/temperature_sweep.py
benchmarks/throughput_gain.json
bibliography/bnsyn.bib
bibliography/mapping.yml
bibliography/sources.lock
claims/README.md
claims/claims.yml
docker-compose.yml
docs/ACTIONS_TEST_PROTOCOL.md
docs/API_CONTRACT.md
docs/ARCHITECTURE.md
docs/ARCHITECTURE_INVARIANTS.md
docs/AUDIT_FINDINGS.md
docs/AUDIT_LEDGER.md
docs/BENCHMARKS.md
docs/BENCHMARK_MAP.md
docs/BIBLIOGRAPHY.md
docs/CI_BATTLE_USAGE_AUDIT_2026-02-07.md
docs/CI_GATES.md
docs/COMPONENT_AUDIT.md
docs/CONFERENCE_RUNBOOK.md
docs/CONSTITUTIONAL_AUDIT.md
docs/CRITICALITY_CONTROL_VS_MEASUREMENT.md
docs/DEMO.md
docs/DOCUMENTATION_FORMALIZATION.md
docs/EVIDENCE_COVERAGE.md
docs/GOVERNANCE.md
docs/HYPOTHESIS.md
docs/INDEX.md
docs/INTEGRATION.md
docs/INVENTORY.md
docs/LEGENDARY_QUICKSTART.md
docs/MUTATION_GATE.md
docs/NORMATIVE_LABELING.md
docs/PERFORMANCE.md
docs/PERFORMANCE_REPORT.md
docs/PHYSICAL_VALIDITY.md
docs/PLACEHOLDER_REGISTRY.md
docs/PR40_EVIDENCE_REPORT.md
docs/QUALITY_INDEX.md
docs/QUALITY_INFRASTRUCTURE.md
docs/QUICKSTART.md
docs/RELEASE_NOTES.md
docs/RELEASE_PIPELINE.md
docs/RELEASE_READINESS.md
docs/REPO_STRUCTURE.md
docs/REPRODUCIBILITY.md
docs/REPRODUCIBILITY_ENVELOPE.md
docs/SCALABILITY.md
docs/SCALABILITY_REPORT.md
docs/SECURITY_GITLEAKS.md
docs/SPEC.md
docs/SSOT.md
docs/SSOT_RULES.md
docs/STATUS.md
docs/TESTING.md
docs/TESTING_MUTATION.md
docs/THROUGHPUT_SCALING.md
docs/TRACEABILITY_MAP.md
docs/TROUBLESHOOTING.md
docs/VCG.md
docs/api/_static/README.md
docs/api/_static/manifest.json
docs/api/_static/tools/update_manifest.py
docs/api/_templates/README.md
docs/api/_templates/manifest.json
docs/api/_templates/tools/update_manifest.py
docs/api/api_bnsyn.md
docs/api/conf.py
docs/api/generated/bnsyn.cli.rst
docs/api/generated/bnsyn.config.rst
docs/api/generated/bnsyn.connectivity.sparse.rst
docs/api/generated/bnsyn.criticality.branching.rst
docs/api/generated/bnsyn.neuron.adex.rst
docs/api/generated/bnsyn.plasticity.three_factor.rst
docs/api/generated/bnsyn.rng.rst
docs/api/generated/bnsyn.sim.network.rst
docs/api/generated/bnsyn.synapse.conductance.rst
docs/api/generated/bnsyn.temperature.schedule.rst
docs/api/index.md
docs/api/modules.md
docs/api_maturity.json
docs/appendix/CODEX_PROJECT_FEEDBACK_UA.md
docs/appendix/EXECUTIVE_SUMMARY.md
docs/appendix/PRODUCTION_AUDIT.md
docs/appendix/PRODUCTION_ROADMAP.md
docs/appendix/additional_audit_2026.md
docs/benchmarks/PROTOCOL.md
docs/benchmarks/README.md
docs/benchmarks/SCHEMA.md
docs/benchmarks/ci_comparison_report_alloc_v2.txt
docs/benchmarks/threshold_derivation_alloc_v2.md
docs/conf.py
docs/emergence_tracking.md
docs/index.rst
docs/math/CONTRACTS.md
docs/math/PROVENANCE.md
docs/modules.rst
docs/safety/deferred_gates.md
docs/safety/followups.md
docs/safety/hazard_log.yml
docs/safety/stpa.md
docs/safety/traceability.yml
docs/sleep_stack.md
docs/spec_to_code.yml
examples/configs/quickstart.yaml
examples/integration/README.md
examples/integration/cli_minimal.sh
examples/integration/library_minimal.py
examples/scaled_flagship.sh
experiments/__init__.py
experiments/registry.py
experiments/runner.py
experiments/temperature_ablation_consolidation.py
experiments/verify_hypothesis.py
figures/comparison_grid.png
figures/hero.png
figures/tag_activity.png
figures/temp_ablation_v2/comparison_grid.png
figures/temp_ablation_v2/hero.png
figures/temp_ablation_v2/tag_activity.png
figures/temp_ablation_v2/temperature_vs_stability.png
figures/temperature_vs_stability.png
manifest/repo_manifest.computed.json
manifest/repo_manifest.schema.json
manifest/repo_manifest.yml
pyproject.toml
quality/api_contract_baseline.json
quality/coverage_gate.json
quality/mutation_baseline.json
requirements-lock.txt
results/temp_ablation_v1/cooling_geometric.json
results/temp_ablation_v1/fixed_high.json
results/temp_ablation_v1/fixed_low.json
results/temp_ablation_v1/manifest.json
results/temp_ablation_v1/random_T.json
results/temp_ablation_v2/cooling_piecewise.json
results/temp_ablation_v2/fixed_high.json
results/temp_ablation_v2/fixed_low.json
results/temp_ablation_v2/manifest.json
results/temp_ablation_v2/random_T.json
schemas/audit_report_data.schema.json
schemas/experiment.schema.json
scripts/__init__.py
scripts/_audit_metrics_pr40.py
scripts/audit_spec_implementation.py
scripts/bench_ci_smoke.py
scripts/benchmark_physics.py
scripts/benchmark_production.py
scripts/benchmark_sleep_stack_scale.py
scripts/build_wheelhouse.py
scripts/calculate_throughput_gain.py
scripts/check_api_contract.py
scripts/check_benchmark_regressions.py
scripts/check_coverage_gate.py
scripts/check_mutation_score.py
scripts/ci_cd_analyzer.py
scripts/compare_benchmarks.py
scripts/compute_repo_metrics.py
scripts/crosscheck_metrics.py
scripts/generate_benchmark_baseline.py
scripts/generate_coverage_baseline.py
scripts/generate_coverage_trend.py
scripts/generate_evidence_coverage.py
scripts/generate_math_data.py
scripts/generate_mutation_baseline.py
scripts/lint_ci_truthfulness.py
scripts/math_validate.py
scripts/mutation_ci_summary.py
scripts/mutation_counts.py
scripts/mutation_survivors_summary.py
scripts/orchestrate_throughput_scaling.py
scripts/pre-push.sh
scripts/profile_kernels.py
scripts/rebuild_sources_lock.py
scripts/release_pipeline.py
scripts/release_readiness.py
scripts/render_workflow_policy_docs.py
scripts/run_audit.sh
scripts/run_benchmarks.py
scripts/run_mutation_pipeline.py
scripts/run_scaled_sleep_stack.py
scripts/scan_governed_docs.py
scripts/scan_normative_tags.py
scripts/scan_placeholders.py
scripts/scan_tierS_misuse.py
scripts/ssot_rules.py
scripts/track_quality.py
scripts/validate_api_maturity.py
scripts/validate_bibliography.py
scripts/validate_claims.py
scripts/validate_claims_coverage.py
scripts/validate_long_running_triggers.py
scripts/validate_mutation_baseline.py
scripts/validate_pr_gates.py
scripts/validate_required_checks.py
scripts/validate_status_claims.py
scripts/validate_workflow_contracts.py
scripts/valuation_model.py
scripts/verify_equivalence.py
scripts/verify_formal_constants.py
scripts/visualize_experiment.py
specs/coq/BNsyn_Sigma.v
specs/coq/README.md
specs/tla/BNsyn.cfg
specs/tla/BNsyn.tla
specs/tla/README.md
src/bnsyn/__init__.py
src/bnsyn/benchmarks/__init__.py
src/bnsyn/benchmarks/regime.py
src/bnsyn/calibration/__init__.py
src/bnsyn/calibration/accuracy_speed.py
src/bnsyn/calibration/fit.py
src/bnsyn/cli.py
src/bnsyn/config.py
src/bnsyn/connectivity/__init__.py
src/bnsyn/connectivity/sparse.py
src/bnsyn/consolidation/__init__.py
src/bnsyn/consolidation/dual_weight.py
src/bnsyn/control.py
src/bnsyn/criticality/__init__.py
src/bnsyn/criticality/analysis.py
src/bnsyn/criticality/branching.py
src/bnsyn/criticality/phase_transition.py
src/bnsyn/emergence/__init__.py
src/bnsyn/emergence/crystallizer.py
src/bnsyn/energy/__init__.py
src/bnsyn/energy/regularization.py
src/bnsyn/experiments/__init__.py
src/bnsyn/experiments/declarative.py
src/bnsyn/incremental.py
src/bnsyn/memory/__init__.py
src/bnsyn/memory/consolidator.py
src/bnsyn/memory/ledger.py
src/bnsyn/memory/trace.py
src/bnsyn/neuron/__init__.py
src/bnsyn/neuron/adex.py
src/bnsyn/neurons.py
src/bnsyn/numerics/__init__.py
src/bnsyn/numerics/integrators.py
src/bnsyn/plasticity/__init__.py
src/bnsyn/plasticity/stdp.py
src/bnsyn/plasticity/three_factor.py
src/bnsyn/production/__init__.py
src/bnsyn/production/adex.py
src/bnsyn/production/connectivity.py
src/bnsyn/production/jax_backend.py
src/bnsyn/provenance/__init__.py
src/bnsyn/provenance/manifest.py
src/bnsyn/provenance/manifest_builder.py
src/bnsyn/py.typed
src/bnsyn/rng.py
src/bnsyn/schemas/__init__.py
src/bnsyn/schemas/experiment.py
src/bnsyn/sim/__init__.py
src/bnsyn/sim/network.py
src/bnsyn/simulation.py
src/bnsyn/sleep/__init__.py
src/bnsyn/sleep/cycle.py
src/bnsyn/sleep/replay.py
src/bnsyn/sleep/stages.py
src/bnsyn/synapse/__init__.py
src/bnsyn/synapse/conductance.py
src/bnsyn/synapses.py
src/bnsyn/temperature/__init__.py
src/bnsyn/temperature/schedule.py
src/bnsyn/testing/__init__.py
src/bnsyn/testing/faults.py
src/bnsyn/tools/__init__.py
src/bnsyn/tools/benchmark_sleep_stack_scale.py
src/bnsyn/tools/run_scaled_sleep_stack.py
src/bnsyn/validation/__init__.py
src/bnsyn/validation/inputs.py
src/bnsyn/vcg.py
src/bnsyn/viz/__init__.py
src/bnsyn/viz/dashboard.py
src/bnsyn/viz/interactive.py
src/contracts/__init__.py
src/contracts/math_contracts.py
tests/__init__.py
tests/benchmarks/test_regression.py
tests/conftest.py
tests/properties/__init__.py
tests/properties/conftest.py
tests/properties/test_adex_properties.py
tests/properties/test_hypothesis_profiles.py
tests/properties/test_manifest_tooling_properties.py
tests/properties/test_properties_bnsyn.py
tests/properties/test_properties_determinism.py
tests/properties/test_validation_inputs_properties.py
tests/test_adex_smoke.py
tests/test_api_contract_command.py
tests/test_api_contract_semver.py
tests/test_api_maturity.py
tests/test_api_surface_reexports.py
tests/test_attractor_crystallizer.py
tests/test_audit_rules.py
tests/test_benchmark_regression_gate.py
tests/test_benchmarks_smoke.py
tests/test_calibration_accuracy_speed.py
tests/test_calibration_fit_edge.py
tests/test_calibration_smoke.py
tests/test_claims_enforcement.py
tests/test_cli_interactive.py
tests/test_cli_sleep_stack_backend_and_N_unit.py
tests/test_cli_sleep_stack_branches.py
tests/test_cli_sleep_stack_figure.py
tests/test_cli_smoke.py
tests/test_cli_unit.py
tests/test_cli_versioning.py
tests/test_connectivity_sparse.py
tests/test_consolidation_smoke.py
tests/test_coverage_gap_extensions.py
tests/test_coverage_gate.py
tests/test_coverage_paths.py
tests/test_criticality_analysis_edge.py
tests/test_criticality_smoke.py
tests/test_crystallizer_edge_cases.py
tests/test_determinism.py
tests/test_dt_invariance.py
tests/test_edge_cases_adex.py
tests/test_edge_cases_criticality.py
tests/test_edge_cases_synapse.py
tests/test_edge_cases_temperature.py
tests/test_energy_smoke.py
tests/test_experiment_manifest.py
tests/test_experiments_declarative.py
tests/test_experiments_temperature_ablation.py
tests/test_faults.py
tests/test_generate_coverage_trend.py
tests/test_imports.py
tests/test_incremental_cache.py
tests/test_integration_examples.py
tests/test_integration_experiment_flow.py
tests/test_interactive_smoke.py
tests/test_jax_backend.py
tests/test_manifest_builder.py
tests/test_manifest_consistency.py
tests/test_manifest_tooling.py
tests/test_manifest_tooling_regression.py
tests/test_manifest_tools.py
tests/test_math_invariants.py
tests/test_memory.py
tests/test_memory_consolidator.py
tests/test_memory_ledger_unit.py
tests/test_memory_trace_unit.py
tests/test_mutation_ci_summary_contract.py
tests/test_mutation_counts_contract.py
tests/test_mutation_run_pipeline_contract.py
tests/test_mutation_survivors_summary.py
tests/test_network_allocation_buffers.py
tests/test_network_external_input.py
tests/test_network_smoke.py
tests/test_network_validation_edges.py
tests/test_neuron_adex_validation.py
tests/test_performance.py
tests/test_phase_transition.py
tests/test_phase_transition_detector.py
tests/test_plasticity_smoke.py
tests/test_plasticity_three_factor_edge.py
tests/test_production_adex_spike.py
tests/test_provenance_manifest.py
tests/test_pytest_collection_contract.py
tests/test_quickstart_contract.py
tests/test_release_pipeline.py
tests/test_run_simulation_external_current.py
tests/test_run_simulation_validation.py
tests/test_scan_governed_docs_script.py
tests/test_scan_placeholders.py
tests/test_schema_experiment_contracts.py
tests/test_sleep_cycle.py
tests/test_sleep_cycle_integration.py
tests/test_sleep_replay.py
tests/test_sleep_stage_validation.py
tests/test_spec_mapping_guard.py
tests/test_synapse_conductance_edge.py
tests/test_synapse_smoke.py
tests/test_temperature_smoke.py
tests/test_tla_invariants_guard.py
tests/test_tools_benchmark_sleep_stack_scale_unit.py
tests/test_tools_run_scaled_sleep_stack_unit.py
tests/test_tools_scaled_sleep_stack_smoke.py
tests/test_update_manifest_tools.py
tests/test_validate_bibliography_script.py
tests/test_validate_long_running_triggers.py
tests/test_validate_pr_gates.py
tests/test_validate_status_claims.py
tests/test_validate_workflow_contracts.py
tests/test_validation_inputs.py
tests/test_vcg_invariants_guard.py
tests/test_vcg_smoke.py
tests/test_vcg_validation.py
tests/test_verify_hypothesis_v2.py
tests/test_viz_interactive.py
tests/test_viz_interactive_main.py
tests/test_viz_optional_import.py
tests/test_viz_smoke_coverage.py
tests/test_wheelhouse_tools.py
tests/tolerances.py
tests/validation/__init__.py
tests/validation/test_adex_validation.py
tests/validation/test_calibration_validation.py
tests/validation/test_chaos_integration.py
tests/validation/test_chaos_io.py
tests/validation/test_chaos_numeric.py
tests/validation/test_chaos_stochastic.py
tests/validation/test_chaos_timing.py
tests/validation/test_claims_validation.py
tests/validation/test_cli_validation.py
tests/validation/test_consolidation_validation.py
tests/validation/test_criticality_validation.py
tests/validation/test_crystallizer_real.py
tests/validation/test_determinism_validation.py
tests/validation/test_energy_validation.py
tests/validation/test_experiments_temperature_ablation_stats.py
tests/validation/test_integration_validation.py
tests/validation/test_largeN_validation.py
tests/validation/test_memory_validation.py
tests/validation/test_network_validation.py
tests/validation/test_numerics_validation.py
tests/validation/test_plasticity_validation.py
tests/validation/test_production_properties.py
tests/validation/test_sleep_cycle_long.py
tests/validation/test_sleep_stack_effectiveness.py
tests/validation/test_synapse_validation.py
tests/validation/test_temperature_validation.py
tests/validation/test_validation.py
tests/validation/test_viz_dashboard.py
tools/__init__.py
tools/generate_inventory.py
tools/manifest/__init__.py
tools/manifest/__main__.py
tools/manifest/generate.py
tools/manifest/render.py
tools/manifest/validate.py
tools/safety/check_safety_artifacts.py
