tests/test_validation_inputs.py
    F 68:0 test_state_validator_fuzz_entrypoint_fast - A (4)
    F 15:0 test_validate_state_vector_type_and_dtype - A (1)
    F 23:0 test_validate_state_vector_shape_and_nan - A (1)
    F 31:0 test_validate_state_vector_rejects_infinite_values - A (1)
    F 36:0 test_validate_spike_array_dtype_and_shape - A (1)
    F 44:0 test_validate_connectivity_matrix_dtype_shape_nan - A (1)
    F 61:0 test_validate_connectivity_matrix_rejects_infinite_values - A (1)
tests/test_edge_cases_criticality.py
    C 8:0 TestCriticalityEdgeCases - A (4)
    M 10:4 TestCriticalityEdgeCases.test_sigma_controller_bounds - A (3)
    M 20:4 TestCriticalityEdgeCases.test_sigma_edge_values - A (2)
tests/test_production_adex_spike.py
    F 10:0 test_production_adex_spike_resets_state - A (5)
    F 32:0 test_production_adex_refractory_clamp_holds_reset - A (3)
tests/test_calibration_smoke.py
    F 5:0 test_fit_fI_curve_r2 - A (2)
tests/test_phase_transition_detector.py
    F 162:0 test_determinism - B (10)
    F 67:0 test_transition_recording - B (9)
    F 40:0 test_phase_classification - B (8)
    F 144:0 test_history_tracking - A (5)
    F 89:0 test_transition_callbacks - A (4)
    F 109:0 test_sigma_derivative - A (4)
    F 126:0 test_time_in_phase - A (3)
    F 27:0 test_detector_creation - A (2)
tests/test_network_smoke.py
    F 11:0 test_network_step_adaptive - B (7)
    F 35:0 test_network_backend_parameter - A (4)
    F 6:0 test_network_runs - A (2)
tests/test_connectivity_sparse.py
    F 59:0 test_sparse_connectivity_auto_density_threshold - A (3)
    F 69:0 test_sparse_connectivity_repr_contains_metrics - A (3)
    F 90:0 test_build_random_connectivity_deterministic - A (3)
    F 12:0 test_sparse_connectivity_dense_roundtrip - A (2)
    F 28:0 test_sparse_connectivity_sparse_roundtrip - A (1)
    F 41:0 test_sparse_connectivity_sparse_internal_type_errors - A (1)
    F 51:0 test_sparse_connectivity_sparse_returns_sparse_y - A (1)
    F 77:0 test_sparse_connectivity_invalid_shape - A (1)
    F 82:0 test_build_random_connectivity_validation - A (1)
tests/test_tools_run_scaled_sleep_stack_unit.py
    F 38:0 test_main_single_run_skip_paths - B (7)
    F 76:0 test_main_multi_run_with_equivalence_and_outputs - B (7)
    F 179:0 test_write_raster_and_plot_paths - B (6)
    F 309:0 test_run_once_internal_paths - B (6)
    F 226:0 test_tool_package_exports - A (3)
    C 233:0 _FakeState - A (2)
    C 241:0 _FakeNetwork - A (2)
    C 251:0 _FakeSleepCycle - A (2)
    C 265:0 _FakeConsolidator - A (2)
    C 276:0 _FakeTransitionDetector - A (2)
    C 284:0 _FakeCrystallizerState - A (2)
    C 290:0 _FakeCrystallizer - A (2)
    C 304:0 _FakeTempSchedule - A (2)
    F 14:0 _fake_run_once - A (1)
    F 130:0 test_validation_errors - A (1)
    F 356:0 test_write_plot_empty_raster - A (1)
    M 234:4 _FakeState.__init__ - A (1)
    M 242:4 _FakeNetwork.__init__ - A (1)
    M 246:4 _FakeNetwork.step - A (1)
    M 252:4 _FakeSleepCycle.__init__ - A (1)
    M 255:4 _FakeSleepCycle.record_memory - A (1)
    M 258:4 _FakeSleepCycle.sleep - A (1)
    M 261:4 _FakeSleepCycle.get_memory_count - A (1)
    M 266:4 _FakeConsolidator.__init__ - A (1)
    M 269:4 _FakeConsolidator.tag - A (1)
    M 272:4 _FakeConsolidator.stats - A (1)
    M 277:4 _FakeTransitionDetector.observe - A (1)
    M 280:4 _FakeTransitionDetector.get_transitions - A (1)
    M 285:4 _FakeCrystallizerState.__init__ - A (1)
    M 291:4 _FakeCrystallizer.__init__ - A (1)
    M 294:4 _FakeCrystallizer.observe - A (1)
    M 297:4 _FakeCrystallizer.get_attractors - A (1)
    M 300:4 _FakeCrystallizer.get_crystallization_state - A (1)
    M 305:4 _FakeTempSchedule.__init__ - A (1)
tests/test_integration_experiment_flow.py
    F 11:0 test_run_from_yaml_end_to_end - C (12)
tests/test_scan_governed_docs_script.py
    F 13:0 test_scan_governed_docs_main_success - A (2)
tests/test_calibration_fit_edge.py
    F 11:0 test_fit_line_shape_mismatch - A (1)
tests/test_performance.py
    F 87:0 test_network_step_performance - B (9)
    F 20:0 test_adex_step_performance - B (8)
    F 55:0 test_nmda_block_performance - B (7)
    F 132:0 test_sparse_matmul_performance - A (5)
tests/test_edge_cases_adex.py
    C 8:0 TestAdExEdgeCases - A (3)
    M 22:4 TestAdExEdgeCases.test_voltage_initialization - A (2)
    M 31:4 TestAdExEdgeCases.test_adaptation_initialization - A (2)
    M 40:4 TestAdExEdgeCases.test_dt_stability - A (2)
tests/test_tla_invariants_guard.py
    C 186:0 TestTLAInvariantComposite - B (7)
    C 145:0 TestTLAInvariantINV3_GateBounds - B (6)
    M 192:4 TestTLAInvariantComposite.test_all_invariants_hold_simultaneously - B (6)
    C 95:0 TestTLAInvariantINV2_TemperatureBounds - A (5)
    M 110:4 TestTLAInvariantINV2_TemperatureBounds.test_temperature_cooling_preserves_bounds - A (5)
    M 169:4 TestTLAInvariantINV3_GateBounds.test_gate_sigmoid_boundary_conditions - A (5)
    C 44:0 TestTLAInvariantINV1_GainClamp - A (4)
    M 52:4 TestTLAInvariantINV1_GainClamp.test_gain_bounds_enforced_at_initialization - A (4)
    M 153:4 TestTLAInvariantINV3_GateBounds.test_gate_within_unit_interval - A (4)
    M 65:4 TestTLAInvariantINV1_GainClamp.test_gain_clamp_extreme_values - A (3)
    M 78:4 TestTLAInvariantINV1_GainClamp.test_gain_invariant_preserved_across_updates - A (3)
    M 103:4 TestTLAInvariantINV2_TemperatureBounds.test_temperature_initialization_within_bounds - A (3)
    M 136:4 TestTLAInvariantINV2_TemperatureBounds.test_temperature_never_goes_negative - A (3)
    F 22:0 default_temp_params - A (1)
    F 34:0 default_crit_params - A (1)
tests/test_viz_interactive_main.py
    F 64:0 _install_fake_streamlit - A (3)
    F 96:0 test_interactive_main_info_path - A (2)
    F 107:0 test_interactive_main_run_path - A (2)
    C 12:0 _DummyCtx - A (2)
    F 20:0 _install_fake_plotly - A (1)
    M 13:4 _DummyCtx.__enter__ - A (1)
    M 16:4 _DummyCtx.__exit__ - A (1)
tests/test_memory_ledger_unit.py
    F 10:0 test_ledger_empty_init_invariants - A (5)
    F 36:0 test_duplicate_step_is_recorded_as_separate_event - A (5)
    F 20:0 test_record_event_preserves_count_and_order - A (4)
    F 86:0 test_compute_hash_is_deterministic_for_identical_sequences - A (3)
    F 49:0 test_ledger_history_roundtrip_via_get_history - A (2)
tests/test_benchmarks_smoke.py
    F 28:0 _assert_schema - A (5)
    F 36:0 _assert_finite - A (3)
    F 59:0 test_benchmarks_smoke - A (2)
    F 74:0 test_benchmarks_deterministic - A (2)
    F 17:0 _run_script - A (1)
    F 41:0 _check_finite_payload - A (1)
tests/test_interactive_smoke.py
    F 34:0 test_interactive_helper_functions - B (8)
    F 65:0 test_declarative_load_config - B (8)
    F 118:0 test_incremental_cache_decorator - B (7)
    F 152:0 test_schema_validation - A (2)
    F 189:0 test_dashboard_ui_no_simulation - A (2)
    F 216:0 test_dashboard_simulation_flow - A (2)
    F 24:0 test_interactive_import - A (1)
    F 86:0 test_declarative_invalid_config - A (1)
tests/test_incremental_cache.py
    F 21:0 test_cached_respects_dependency_hash - B (6)
    F 10:0 test_compute_file_hash_changes - A (3)
tests/test_faults.py
    F 85:0 test_inject_io_fault_modes - A (4)
    F 61:0 test_inject_faults_disabled_paths_return_inputs - A (3)
    F 74:0 test_inject_stochastic_fault_behavior - A (3)
    F 19:0 test_inject_numeric_fault_nan - A (2)
    F 29:0 test_inject_numeric_fault_inf - A (2)
    F 39:0 test_inject_numeric_fault_neg_inf - A (2)
    F 53:0 test_inject_timing_fault_bounds - A (2)
    F 47:0 test_clamp_numeric_replaces_invalid - A (1)
tests/test_validate_pr_gates.py
    F 30:0 write_pr_gates - A (3)
    F 8:0 write_workflow - A (2)
    F 61:0 test_missing_workflow_file_violation - A (2)
    F 88:0 test_name_mismatch_violation - A (2)
    F 121:0 test_missing_job_id_violation - A (2)
    F 154:0 test_missing_pull_request_violation - A (2)
    F 187:0 test_extra_pr_gate_in_contracts_violation - A (2)
    F 42:0 write_contracts - A (1)
tests/test_cli_unit.py
    F 55:0 test_cmd_sleep_stack_direct - C (11)
    F 93:0 test_cmd_sleep_stack_with_custom_sleep_duration - A (3)
    F 30:0 test_cmd_demo_direct - A (2)
    F 42:0 test_cmd_dtcheck_direct - A (2)
tests/conftest.py
    F 22:0 pytest_collection_modifyitems - C (11)
    F 15:0 pytest_ignore_collect - A (4)
tests/test_network_allocation_buffers.py
    F 40:0 test_i_ext_buffer_reuse_and_reset - A (4)
    F 53:0 test_i_ext_buffer_step_adaptive_resets - A (4)
    C 10:0 _FixedGainController - A (2)
    F 18:0 _build_network - A (1)
    M 11:4 _FixedGainController.__init__ - A (1)
    M 14:4 _FixedGainController.step - A (1)
tests/test_memory_consolidator.py
    F 40:0 test_tag_and_stats - B (8)
    F 71:0 test_consolidation - A (5)
    F 91:0 test_recall - A (4)
    F 28:0 test_consolidator_creation - A (3)
    F 134:0 test_eviction_at_capacity - A (3)
    F 156:0 test_determinism - A (3)
    F 58:0 test_tag_validation - A (1)
    F 114:0 test_recall_validation - A (1)
tests/test_integration_examples.py
    F 10:0 test_library_integration_example_runs - A (4)
    F 24:0 test_cli_integration_example_runs - A (3)
tests/test_determinism.py
    F 12:0 test_no_global_numpy_rng_usage - B (9)
    F 6:0 test_determinism_same_seed_same_metrics - A (2)
tests/test_tools_scaled_sleep_stack_smoke.py
    F 9:0 test_scaled_sleep_stack_module_smoke - C (20)
tests/test_benchmark_regression_gate.py
    F 14:0 test_regression_gate_detects_degradation - A (5)
    F 10:0 _write_json - A (1)
tests/test_crystallizer_edge_cases.py
    F 35:0 test_crystallizer_pca_failure_retains_previous - A (4)
    F 28:0 test_crystallizer_transform_default_passthrough - A (2)
    F 58:0 test_crystallizer_dbscan_detects_cluster - A (2)
    F 7:0 test_crystallizer_invalid_params - A (1)
    F 22:0 test_crystallizer_subsample_shape_validation - A (1)
tests/test_network_external_input.py
    F 30:0 test_external_input_zero_matches_default - B (8)
    F 75:0 test_external_input_zero_matches_default_adaptive - B (8)
    F 145:0 test_external_input_nonzero_changes_dynamics - A (4)
    F 115:0 test_external_input_shape_validation - A (1)
tests/test_edge_cases_synapse.py
    C 8:0 TestSynapseEdgeCases - A (3)
    M 21:4 TestSynapseEdgeCases.test_conductance_zero_events - A (3)
    M 28:4 TestSynapseEdgeCases.test_conductance_large_spike_train - A (3)
    M 10:4 TestSynapseEdgeCases.test_nmda_block_all_voltages - A (2)
    M 16:4 TestSynapseEdgeCases.test_nmda_block_mg_concentrations - A (2)
tests/test_validate_workflow_contracts.py
    F 30:0 test_missing_row_violation - A (2)
    F 49:0 test_invalid_gate_class_violation - A (2)
    F 68:0 test_pr_gate_requires_pull_request - A (2)
    F 87:0 test_counts_mismatch_violation - A (2)
    F 8:0 write_workflow - A (1)
    F 12:0 build_contract - A (1)
tests/test_run_simulation_external_current.py
    F 8:0 test_run_simulation_with_external_current - A (3)
tests/test_calibration_accuracy_speed.py
    F 6:0 test_integrator_accuracy_order - A (4)
tests/test_manifest_tooling.py
    F 13:0 test_workflow_metrics_supports_yml_yaml_and_on_shapes - A (4)
    F 39:0 test_repo_fingerprint_is_path_invariant - A (2)
    F 67:0 test_ci_manifest_reference_count_respects_declared_scope - A (2)
    F 8:0 _write - A (1)
tests/test_cli_smoke.py
    F 58:0 test_cli_sleep_stack_runs - C (18)
    F 31:0 test_cli_dtcheck_runs - A (3)
    F 7:0 test_cli_demo_runs - A (2)
tests/test_manifest_tooling_regression.py
    F 98:0 test_generate_summary_hashes_match_outputs - A (5)
    F 135:0 test_repo_fingerprint_invariant_to_file_creation_order - A (2)
    F 12:0 _write - A (1)
    F 17:0 _build_min_repo - A (1)
    F 68:0 _patch_roots - A (1)
    F 81:0 test_validate_fails_on_computed_drift - A (1)
    F 119:0 test_validate_fails_when_ci_manifest_references_present - A (1)
tests/test_api_contract_semver.py
    F 12:0 test_api_contract_detects_breaking_changes - A (3)
    F 20:0 test_semver_major_bump_allows_breaking_change - A (3)
    F 25:0 test_collect_public_api_uses_contract_symbols_only - A (3)
    F 31:0 test_signature_normalization_typing_prefix - A (2)
tests/test_plasticity_smoke.py
    F 10:0 test_three_factor_bounds - A (3)
tests/test_schema_experiment_contracts.py
    F 11:0 test_experiment_config_rejects_invalid_dt - A (1)
    F 20:0 test_experiment_config_rejects_extra_fields - A (1)
    F 29:0 test_experiment_config_requires_seed_list - A (1)
    F 38:0 test_experiment_config_requires_name_pattern - A (1)
    F 47:0 test_experiment_config_rejects_duration_not_multiple_of_dt - A (1)
tests/test_experiments_declarative.py
    F 63:0 test_run_experiment_collects_runs - A (4)
    F 114:0 test_run_from_yaml_prints_when_no_output - A (3)
    F 84:0 test_run_from_yaml_writes_output - A (2)
    F 14:0 _minimal_config - A (1)
    F 22:0 test_load_config_missing_file - A (1)
    F 28:0 test_load_config_invalid_yaml - A (1)
    F 35:0 test_load_config_requires_mapping - A (1)
    F 42:0 test_load_config_validation_error - A (1)
tests/test_mutation_counts_contract.py
    F 34:0 test_mutation_baseline_factuality - B (7)
    F 60:0 test_calculate_mutation_score - A (4)
    F 68:0 test_read_mutation_counts_uses_result_ids - A (4)
    F 94:0 test_load_mutation_baseline_and_assessment - A (4)
    F 135:0 test_render_github_output_lines_contract - A (4)
    F 14:0 test_mutation_baseline_structure - A (3)
    F 117:0 test_render_ci_summary_markdown_uses_canonical_metrics - A (3)
    F 173:0 test_validate_mutation_baseline_script - A (2)
    F 213:0 test_check_mutation_score_handles_missing_mutmut - A (2)
    F 227:0 test_parse_mutmut_results_subprocess_failure - A (2)
    F 241:0 test_validate_mutation_baseline_invariant_mismatch - A (2)
    F 281:0 test_validate_mutation_baseline_rejects_invalid_status - A (2)
tests/test_verify_hypothesis_v2.py
    F 29:0 test_verify_hypothesis_v2_bundled_results - B (8)
    F 9:0 assert_condition_normalized_blocks - B (7)
    F 58:0 test_verify_hypothesis_v1_bundled_results - A (3)
tests/test_validate_bibliography_script.py
    F 15:0 test_parse_bibtex_extracts_url_from_howpublished - A (4)
    F 63:0 test_parse_lock_accepts_valid_rows - A (2)
    F 33:0 test_load_mapping_rejects_unknown_tier - A (1)
    F 42:0 test_load_claims_rejects_duplicate_ids - A (1)
tests/test_vcg_validation.py
    F 7:0 test_vcg_params_validation - A (1)
    F 18:0 test_vcg_support_bounds_validation - A (1)
    F 26:0 test_vcg_vector_shape_validation - A (1)
tests/test_criticality_smoke.py
    F 5:0 test_sigma_estimator_and_controller - A (3)
tests/test_phase_transition.py
    F 59:0 test_transition_detection - C (12)
    F 159:0 test_determinism - B (7)
    F 133:0 test_time_in_phase - A (5)
    F 27:0 test_phase_classification - A (4)
    F 47:0 test_detector_initialization - A (4)
    F 93:0 test_transition_callbacks - A (4)
    F 114:0 test_sigma_derivative - A (4)
    F 147:0 test_history_size_limit - A (3)
tests/test_edge_cases_temperature.py
    C 7:0 TestTemperatureEdgeCases - A (4)
    M 9:4 TestTemperatureEdgeCases.test_temperature_schedule_bounds - A (4)
    M 18:4 TestTemperatureEdgeCases.test_cooling_rate - A (3)
    M 27:4 TestTemperatureEdgeCases.test_gate_closes_over_time - A (3)
tests/test_validate_long_running_triggers.py
    F 67:0 test_long_running_pull_request_violation - A (3)
    F 91:0 test_long_running_push_violation - A (3)
    F 114:0 test_long_running_combined_violation - A (3)
    F 138:0 test_long_running_missing_schedule_violation - A (3)
    F 159:0 test_long_running_missing_workflow_dispatch_violation - A (3)
    F 180:0 test_long_running_extra_trigger_violation - A (3)
    F 205:0 test_long_running_non_reusable_ok - A (3)
    F 226:0 test_reusable_long_running_schedule_violation - A (3)
    F 253:0 test_reusable_long_running_allows_workflow_call - A (3)
    F 271:0 test_reusable_long_running_allows_dispatch - A (3)
    F 293:0 test_reusable_long_running_missing_workflow_call - A (3)
    F 316:0 test_reusable_prefix_workflow_dispatch_violation - A (3)
    F 342:0 test_reusable_prefix_ok - A (3)
    F 360:0 test_pr_gate_allows_push_and_pull_request - A (3)
    F 377:0 test_pr_gate_requires_pull_request_without_exception - A (3)
    F 398:0 test_missing_inventory_row - A (3)
    F 416:0 test_extra_inventory_row - A (3)
    F 437:0 test_invalid_gate_class_value - A (3)
    F 454:0 test_on_section_forms - A (3)
    F 472:0 test_missing_on_section - A (3)
    F 489:0 test_empty_on_dict - A (3)
    F 506:0 test_empty_on_list - A (3)
    F 523:0 test_null_on_section - A (3)
    F 540:0 test_duplicate_inventory_rows - A (3)
    F 561:0 test_invalid_reusable_value - A (3)
    F 579:0 test_dry_run_masks_violations - A (3)
    F 602:0 test_python_version_unsupported - A (3)
    F 17:0 write_contracts - A (2)
    F 48:0 write_workflow - A (2)
    F 10:0 write_pyproject - A (1)
    F 63:0 run_check - A (1)
tests/test_imports.py
    F 25:0 test_network_module_exports - C (14)
    F 6:0 test_public_imports - A (2)
tests/test_mutation_survivors_summary.py
    F 25:0 test_mutation_survivors_summary_with_entries - B (6)
    F 10:0 test_mutation_survivors_summary_no_file - A (4)
tests/test_synapse_conductance_edge.py
    F 33:0 test_compute_synaptic_current_values - A (3)
    F 27:0 test_conductance_delay_steps_property - A (2)
    F 12:0 test_conductance_synapses_invalid_params - A (1)
    F 20:0 test_conductance_synapses_queue_shape - A (1)
tests/test_cli_sleep_stack_branches.py
    F 36:0 test_cmd_sleep_stack_git_sha_failure - A (2)
    F 64:0 test_cmd_sleep_stack_transitions_and_figure_error - A (2)
    C 18:0 _FakePhaseDetector - A (2)
    M 19:4 _FakePhaseDetector.__init__ - A (1)
    M 29:4 _FakePhaseDetector.observe - A (1)
    M 32:4 _FakePhaseDetector.get_transitions - A (1)
tests/test_coverage_paths.py
    F 54:0 test_integrators_and_stdp - B (8)
    F 75:0 test_rng_seed_and_split - A (5)
    F 93:0 test_production_adex_step_paths - A (5)
    F 18:0 test_cli_commands_direct - A (4)
    F 108:0 test_production_connectivity_paths - A (4)
    F 125:0 test_jax_backend_import_error - A (4)
    F 162:0 test_adex_error_tracking_and_adaptive - A (4)
    F 33:0 test_criticality_analysis_paths - A (3)
tests/test_run_simulation_validation.py
    F 10:0 test_run_simulation_rejects_zero_steps - A (1)
    F 15:0 test_run_simulation_rejects_negative_steps - A (1)
    F 20:0 test_run_simulation_rejects_non_integer_steps - A (1)
tests/test_validate_status_claims.py
    F 14:0 test_validate_status_claims_pass - A (2)
    F 23:0 test_validate_status_claims_missing_required_line - A (2)
    F 33:0 test_validate_status_claims_forbidden_phrase - A (2)
    F 8:0 _write_repo - A (1)
tests/test_mutation_ci_summary_contract.py
    F 139:0 test_mutation_ci_summary_invalid_baseline_payload_is_best_effort - A (4)
    F 25:0 test_mutation_ci_summary_writes_output_file - A (3)
    F 42:0 test_mutation_ci_summary_missing_github_output_env - A (3)
    F 78:0 test_mutation_ci_summary_missing_github_summary_env - A (3)
    F 114:0 test_mutation_ci_summary_missing_env_does_not_load_baseline - A (3)
    F 174:0 test_mutation_ci_summary_mutmut_failure_is_best_effort - A (3)
    F 224:0 test_mutation_ci_summary_missing_baseline_file_is_best_effort - A (3)
    F 14:0 test_mutation_ci_summary_requires_target_flags - A (2)
    F 249:0 test_mutation_ci_summary_write_failure - A (2)
tests/test_cli_interactive.py
    F 19:0 test_cmd_demo_interactive_launch - A (2)
    F 30:0 test_cmd_demo_interactive_keyboard_interrupt - A (2)
    F 42:0 test_cmd_demo_interactive_missing_script - A (2)
    F 54:0 test_cmd_demo_interactive_missing_streamlit - A (2)
    F 62:0 test_cmd_demo_interactive_nonzero_returncode - A (2)
    F 75:0 test_cmd_demo_interactive_exception - A (2)
    F 109:0 test_cmd_run_experiment_success - A (2)
    F 117:0 test_cmd_run_experiment_failure - A (2)
    F 87:0 test_cli_module_main_executes - A (1)
tests/test_claims_enforcement.py
    F 25:0 test_clm_0011_normative_claims_have_complete_evidence - C (13)
    F 97:0 test_all_claims_have_required_basic_fields - B (7)
    F 79:0 test_claims_file_structure - B (6)
tests/test_release_pipeline.py
    F 8:0 test_bump_semver_modes - A (4)
    F 14:0 test_changelog_has_current_version - A (2)
tests/test_synapse_smoke.py
    F 12:0 test_conductance_decay_nonnegative - A (3)
    F 6:0 test_nmda_block_monotone - A (2)
tests/test_adex_smoke.py
    F 17:0 test_adex_step_with_error_tracking_reports_metrics - B (6)
    F 6:0 test_adex_step_spikes_and_resets - A (4)
    F 36:0 test_adex_step_uses_previous_voltage_for_adaptation - A (2)
tests/test_mutation_run_pipeline_contract.py
    F 10:0 test_run_pipeline_accepts_survivor_exit_code - B (9)
    F 37:0 test_run_pipeline_fails_when_results_unavailable - A (3)
    F 56:0 test_run_pipeline_fails_when_results_stdout_empty - A (2)
tests/test_viz_optional_import.py
    F 80:0 test_viz_load_matplotlib_caching - B (6)
    F 26:0 test_interactive_module_imports_without_streamlit - A (4)
    F 127:0 test_dashboard_creation_without_matplotlib - A (3)
    F 10:0 test_viz_module_imports_without_matplotlib - A (2)
    F 47:0 test_viz_runtime_error_when_matplotlib_missing - A (1)
    F 143:0 test_save_animation_requires_matplotlib - A (1)
tests/test_sleep_replay.py
    F 88:0 test_add_replay_noise_applies_noise - A (4)
    F 70:0 test_add_replay_noise_zero_level_returns_copy - A (3)
    F 58:0 test_weighted_pattern_selection_uniform_weights_is_deterministic - A (2)
    F 11:0 _patterns - A (1)
    F 18:0 test_weighted_pattern_selection_rejects_non_1d_importance - A (1)
    F 26:0 test_weighted_pattern_selection_rejects_non_finite_importance - A (1)
    F 34:0 test_weighted_pattern_selection_rejects_negative_importance - A (1)
    F 42:0 test_weighted_pattern_selection_rejects_empty_patterns - A (1)
    F 50:0 test_weighted_pattern_selection_rejects_length_mismatch - A (1)
    F 80:0 test_add_replay_noise_rejects_out_of_range_level - A (1)
tests/test_neuron_adex_validation.py
    F 11:0 _make_state - A (1)
    F 19:0 test_adex_step_rejects_large_dt - A (1)
    F 26:0 test_adex_step_rejects_non_positive_dt - A (1)
    F 33:0 test_adex_step_rejects_nonfinite_external_current - A (1)
tests/test_vcg_invariants_guard.py
    C 262:0 TestVCGInvariantComposite - B (9)
    M 267:4 TestVCGInvariantComposite.test_all_vcg_invariants_hold_simultaneously - B (8)
    M 160:4 TestVCGInvariantI3_RecoveryPossible.test_recovery_from_low_support - B (6)
    C 31:0 TestVCGInvariantI1_Determinism - A (5)
    M 61:4 TestVCGInvariantI1_Determinism.test_deterministic_with_different_initial_states - A (5)
    C 154:0 TestVCGInvariantI3_RecoveryPossible - A (5)
    M 225:4 TestVCGInvariantI4_SideEffectFree.test_vcg_does_not_mutate_external_state - A (5)
    M 37:4 TestVCGInvariantI1_Determinism.test_deterministic_replay_identical_logs - A (4)
    M 81:4 TestVCGInvariantI1_Determinism.test_determinism_under_seed_control - A (4)
    C 100:0 TestVCGInvariantI2_MonotonicDecrease - A (4)
    M 106:4 TestVCGInvariantI2_MonotonicDecrease.test_monotonic_decrease_below_threshold - A (4)
    M 124:4 TestVCGInvariantI2_MonotonicDecrease.test_no_decrease_at_floor - A (4)
    C 218:0 TestVCGInvariantI4_SideEffectFree - A (4)
    C 321:0 TestVCGAcceptanceCriteria - A (4)
    M 330:4 TestVCGAcceptanceCriteria.test_A1_bitwise_replay - A (4)
    M 185:4 TestVCGInvariantI3_RecoveryPossible.test_no_permanent_exclusion - A (3)
    M 197:4 TestVCGInvariantI3_RecoveryPossible.test_recovery_is_gradual - A (3)
    M 348:4 TestVCGAcceptanceCriteria.test_A2_strictly_decreasing_below_threshold - A (3)
    M 359:4 TestVCGAcceptanceCriteria.test_A3_regain_support_to_one - A (3)
    M 139:4 TestVCGInvariantI2_MonotonicDecrease.test_strict_decrease_away_from_floor - A (2)
    M 240:4 TestVCGInvariantI4_SideEffectFree.test_vcg_is_query_safe - A (2)
    M 255:4 TestVCGInvariantI4_SideEffectFree.test_vcg_disabling_preserves_core_simulation - A (2)
    M 370:4 TestVCGAcceptanceCriteria.test_A4_disabling_vcg_yields_identity - A (2)
    F 21:0 default_vcg_params - A (1)
tests/test_wheelhouse_tools.py
    F 178:0 test_validate_wheelhouse_writes_deterministic_report - B (9)
    F 43:0 test_parse_locked_requirements_ignores_hashes_comments_and_continuations - A (4)
    F 100:0 test_wheelhouse_coverage_excludes_incompatible_wheels - A (4)
    F 113:0 test_wheelhouse_coverage_reports_malformed_wheels - A (4)
    F 68:0 test_parse_locked_requirements_evaluates_markers_against_target_not_host - A (3)
    F 90:0 test_parse_locked_requirements_reports_duplicates - A (3)
    F 125:0 test_validate_wheelhouse_reports_missing_locked_wheels - A (2)
    F 137:0 test_validate_wheelhouse_fails_on_unsupported_lock_entries - A (2)
    F 148:0 test_validate_wheelhouse_fails_on_duplicate_entries - A (2)
    F 17:0 _linux_target - A (1)
    F 30:0 _win_target - A (1)
    F 160:0 test_validate_wheelhouse_raises_for_missing_lock_file - A (1)
    F 169:0 test_validate_wheelhouse_raises_for_missing_wheelhouse - A (1)
tests/test_cli_sleep_stack_backend_and_N_unit.py
    F 39:0 test_cmd_sleep_stack_passes_backend_and_n - B (6)
    C 14:0 _FakeNetState - A (2)
    C 19:0 _FakeNetwork - A (2)
    M 15:4 _FakeNetState.__init__ - A (1)
    M 23:4 _FakeNetwork.__init__ - A (1)
    M 35:4 _FakeNetwork.step - A (1)
tests/test_manifest_tools.py
    F 19:0 _load_module - A (3)
    F 42:0 test_manifest_generation_and_validation - A (3)
    F 58:0 test_manifest_includes_expected_sha - A (3)
    F 72:0 test_manifest_ordering_is_deterministic - A (2)
    F 85:0 test_manifest_allows_empty_directory - A (2)
    F 28:0 _prepare_root - A (1)
    F 36:0 _configure_module - A (1)
    F 97:0 test_manifest_rejects_symlinks - A (1)
    F 110:0 test_manifest_rejects_unreadable_file - A (1)
tests/test_memory.py
    F 99:0 test_memory_recall_shape_mismatch_and_zero_norm - A (5)
    F 28:0 test_memory_trace_basic - A (4)
    F 143:0 test_ledger_basic - A (4)
    F 59:0 test_memory_capacity - A (3)
    F 168:0 test_ledger_with_dualweights - A (3)
    F 71:0 test_memory_recall - A (2)
    F 83:0 test_memory_recall_validation - A (2)
    F 114:0 test_memory_consolidation - A (2)
    F 129:0 test_memory_consolidation_validation - A (2)
    F 156:0 test_ledger_hash - A (2)
    F 42:0 test_memory_trace_invalid_capacity - A (1)
    F 48:0 test_memory_tag_validation - A (1)
tests/test_network_validation_edges.py
    F 8:0 _make_network - A (1)
    F 21:0 test_network_param_validation - A (1)
    F 62:0 test_network_external_current_shape_validation - A (1)
    F 68:0 test_network_voltage_bounds_violation - A (1)
    F 74:0 test_network_voltage_bounds_violation_adaptive - A (1)
tests/test_viz_smoke_coverage.py
    F 16:0 test_dashboard_attach_and_update - C (11)
    F 60:0 test_dashboard_full_cycle_mocked - B (9)
    F 195:0 test_dashboard_rendering_methods_with_data - A (3)
    F 139:0 test_dashboard_save_animation_mocked - A (2)
    F 272:0 test_dashboard_empty_data_rendering - A (2)
    F 329:0 test_dashboard_ensure_figure_idempotent - A (1)
tests/test_vcg_smoke.py
    F 7:0 test_vcg_support_updates - A (4)
    F 17:0 test_vcg_vector_update - A (3)
tests/test_consolidation_smoke.py
    F 6:0 test_dual_weight_updates - A (3)
tests/test_attractor_crystallizer.py
    F 54:0 test_two_cluster_detection - A (4)
    F 87:0 test_crystallization_phases - A (4)
    F 114:0 test_determinism - A (4)
    F 33:0 test_crystallizer_initialization - A (3)
    F 140:0 test_attractor_callbacks - A (3)
    F 171:0 test_ring_buffer_wraparound - A (3)
    F 208:0 test_crystallizer_nucleation_phase_transition_callback - A (3)
    F 287:0 test_crystallization_progress_and_state_snapshot - A (3)
    F 44:0 test_state_subsampling - A (2)
    F 185:0 test_crystallizer_growth_phase_for_small_attractor_counts - A (2)
    F 227:0 test_crystallizer_growth_phase_when_not_crystallized - A (2)
    F 264:0 test_crystallizer_rejects_duplicate_attractors_within_eps - A (2)
tests/test_tools_benchmark_sleep_stack_scale_unit.py
    F 20:0 test_bench_returns_expected_keys - B (6)
    F 32:0 test_main_writes_metrics - A (5)
    C 12:0 _FakeNetwork - A (2)
    M 13:4 _FakeNetwork.__init__ - A (1)
    M 16:4 _FakeNetwork.step - A (1)
tests/test_math_invariants.py
    F 158:0 test_manifest_covers_scoped_files - A (4)
    F 165:0 test_validator_reports_no_failures_current_manifest - A (4)
    F 145:0 test_order_parameter_always_in_unit_interval - A (2)
    F 172:0 test_validator_detects_untrusted_provenance - A (2)
    F 194:0 test_build_manifest_has_no_untrusted_entries - A (2)
    C 41:0 TestContractNegativeCases - A (2)
    F 151:0 test_symmetric_coupling_stays_symmetric - A (1)
    M 42:4 TestContractNegativeCases.test_non_empty_text_rejects_blank - A (1)
    M 46:4 TestContractNegativeCases.test_numeric_finite_rejects_inf - A (1)
    M 50:4 TestContractNegativeCases.test_dt_stability_rejects_unstable - A (1)
    M 54:4 TestContractNegativeCases.test_state_finite_rejects_nan - A (1)
    M 58:4 TestContractNegativeCases.test_energy_rejects_growth - A (1)
    M 62:4 TestContractNegativeCases.test_tolerance_rejects_bad_atol - A (1)
    M 66:4 TestContractNegativeCases.test_phase_range_rejects_invalid - A (1)
    M 70:4 TestContractNegativeCases.test_order_parameter_range_rejects - A (1)
    M 74:4 TestContractNegativeCases.test_order_parameter_computation_rejects - A (1)
    M 78:4 TestContractNegativeCases.test_phase_velocity_rejects_inf - A (1)
    M 82:4 TestContractNegativeCases.test_coupling_matrix_rejects_asymmetry - A (1)
    M 86:4 TestContractNegativeCases.test_adjacency_rejects_self_loops - A (1)
    M 90:4 TestContractNegativeCases.test_weight_matrix_rejects_negative - A (1)
    M 94:4 TestContractNegativeCases.test_cancellation_contract_rejects_precision_loss - A (1)
    M 100:4 TestContractNegativeCases.test_log_domain_rejects_non_positive - A (1)
    M 104:4 TestContractNegativeCases.test_exp_overflow_rejects_large_values - A (1)
    M 108:4 TestContractNegativeCases.test_division_by_zero_rejects_tiny_denominator - A (1)
    M 112:4 TestContractNegativeCases.test_dtype_consistency_rejects_mixed - A (1)
    M 116:4 TestContractNegativeCases.test_nan_dataset_rejects - A (1)
    M 120:4 TestContractNegativeCases.test_duplicate_rows_rejects - A (1)
    M 124:4 TestContractNegativeCases.test_column_ranges_rejects - A (1)
    M 129:4 TestContractNegativeCases.test_probability_normalization_rejects - A (1)
    M 133:4 TestContractNegativeCases.test_timeseries_monotonic_rejects - A (1)
tests/test_energy_smoke.py
    F 6:0 test_energy_cost_finite - A (3)
tests/test_experiments_temperature_ablation.py
    F 102:0 test_run_temperature_ablation_experiment_smoke - C (16)
    F 66:0 test_run_single_trial_produces_expected_keys - C (14)
    F 141:0 test_experiment_runner_cli_smoke - B (9)
    F 185:0 test_get_experiment_config_v2 - B (9)
    F 226:0 test_run_temperature_ablation_experiment_v2_smoke - B (9)
    F 255:0 test_experiment_runner_cli_v2_smoke - B (9)
    F 198:0 test_run_single_trial_v2_piecewise_cooling - B (6)
    F 16:0 test_get_experiment_config - A (5)
    F 31:0 test_run_single_trial_deterministic - A (4)
    F 25:0 test_get_experiment_config_unknown_raises - A (1)
tests/test_temperature_smoke.py
    F 5:0 test_temperature_cools_and_gate_changes - A (5)
tests/test_sleep_stage_validation.py
    F 10:0 test_sleep_stage_replay_noise_bounds - A (1)
tests/test_criticality_analysis_edge.py
    F 11:0 test_estimate_branching_ratio_negative_activity - A (1)
    F 16:0 test_estimate_branching_ratio_zero_denominator - A (1)
    F 21:0 test_estimate_branching_ratio_nonpositive_slope - A (1)
    F 26:0 test_fit_power_law_mle_invalid_inputs - A (1)
tests/test_scan_placeholders.py
    F 24:0 test_registry_covers_all_scan_findings - C (12)
    F 13:0 test_scan_placeholders_json_contract - A (5)
    F 57:0 test_scan_placeholders_cli_json_output - A (3)
tests/test_cli_sleep_stack_figure.py
    F 36:0 test_cmd_sleep_stack_generates_figure - A (2)
    C 18:0 _FakePhaseDetector - A (2)
    M 19:4 _FakePhaseDetector.__init__ - A (1)
    M 29:4 _FakePhaseDetector.observe - A (1)
    M 32:4 _FakePhaseDetector.get_transitions - A (1)
tests/test_sleep_cycle.py
    F 222:0 test_replay_determinism - B (6)
    F 91:0 test_memory_recording - A (5)
    F 122:0 test_wake_phase_determinism - A (5)
    F 70:0 test_sleep_cycle_creation - A (4)
    F 164:0 test_sleep_stages_progression - A (4)
    F 31:0 test_sleep_stage_creation - A (3)
    F 284:0 test_stage_callbacks - A (3)
    F 325:0 test_wake_rejects_non_integer_record_interval - A (1)
tests/test_api_maturity.py
    F 8:0 test_api_maturity_file_is_valid - A (2)
    F 13:0 test_api_maturity_rejects_invalid_status - A (2)
tests/test_coverage_gap_extensions.py
    F 114:0 test_crystallizer_edges_and_callbacks - B (7)
    F 331:0 test_sleep_cycle_validation_and_callbacks - A (4)
    F 380:0 test_sleep_cycle_sleep_and_dream_paths - A (4)
    F 105:0 test_phase_transition_sigma_derivative_edges - A (3)
    F 194:0 test_consolidation_ledger_validation_and_state - A (3)
    F 223:0 test_adex_validation_and_spike_reset - A (3)
    F 254:0 test_manifest_fallback_import_path - A (3)
    F 279:0 test_network_module_import_with_torch_available - A (3)
    F 211:0 test_memory_consolidator_eviction_and_validation - A (2)
    F 293:0 test_network_torch_paths - A (2)
    C 39:0 _DummyTensor - A (2)
    C 50:0 _DummyTorch - A (2)
    C 68:0 _WeirdHistory - A (2)
    F 89:0 test_calibration_accuracy_speed_validation_errors - A (1)
    F 96:0 test_dual_weight_step_validation_errors - A (1)
    F 317:0 _make_sleep_cycle - A (1)
    F 416:0 test_viz_interactive_optional_dependency_errors - A (1)
    M 40:4 _DummyTensor.__init__ - A (1)
    M 43:4 _DummyTensor.cpu - A (1)
    M 46:4 _DummyTensor.numpy - A (1)
    M 54:4 _DummyTorch.device - A (1)
    M 58:4 _DummyTorch.as_tensor - A (1)
    M 64:4 _DummyTorch.matmul - A (1)
    M 69:4 _WeirdHistory.__init__ - A (1)
    M 72:4 _WeirdHistory.__len__ - A (1)
    M 75:4 _WeirdHistory.__iter__ - A (1)
tests/test_update_manifest_tools.py
    F 18:0 _load_tool - A (3)
    F 39:0 test_manifest_generation_and_validation - A (3)
    F 59:0 test_manifest_empty_directory - A (3)
    F 90:0 test_manifest_validation_detects_stale_entries - A (2)
    F 108:0 test_manifest_ordering_stability - A (2)
    F 27:0 _freeze_time - A (1)
    F 73:0 test_manifest_unreadable_file - A (1)
tests/test_audit_rules.py
    F 19:0 test_workflow_files_are_ci_cd - B (7)
    F 11:0 _classify - A (4)
    F 28:0 test_excludes_do_not_hide_github_workflows - A (3)
    F 7:0 _rules - A (1)
tests/test_quickstart_contract.py
    F 9:0 test_quickstart_contract_demo_command - A (4)
tests/test_spec_mapping_guard.py
    F 12:0 test_tla_spec_contains_invariant_ids - A (3)
    F 18:0 test_vcg_spec_contains_invariant_ids - A (3)
    F 8:0 _read - A (1)
tests/test_manifest_builder.py
    F 12:0 test_get_git_commit_handles_errors - A (4)
    F 33:0 test_extract_spec_version_falls_back_to_hash - A (2)
    F 42:0 test_extract_hypothesis_version_falls_back_to_hash - A (2)
    F 51:0 test_extract_spec_version_reads_header_version - A (2)
    F 58:0 test_extract_hypothesis_version_reads_header_version - A (2)
    F 68:0 test_build_experiment_manifest_filters_manifest_json - A (2)
    F 93:0 test_resolve_package_version_fallback_from_pyproject - A (2)
    F 105:0 test_resolve_package_version_invalid_toml_returns_default - A (2)
    F 115:0 test_build_sleep_stack_manifest_uses_fallback_git_id - A (2)
tests/test_api_contract_command.py
    F 9:0 test_api_contract_command_runs_from_repo_root - A (3)
tests/test_sleep_cycle_integration.py
    F 60:0 test_wake_sleep_dream_cycle_preserves_state_invariants - B (6)
    F 94:0 test_sleep_cycle_reproducibility_with_fixed_seed - A (4)
    F 37:0 test_dream_zero_importance_memories_executes_with_uniform_fallback - A (3)
    F 51:0 test_record_memory_subsamples_when_population_exceeds_threshold - A (3)
    F 29:0 test_dream_returns_empty_for_empty_memories - A (2)
    F 15:0 _build_cycle - A (1)
tests/test_viz_interactive.py
    F 91:0 test_interactive_helpers_with_fake_plotly - B (7)
    F 83:0 test_interactive_helpers_raise_without_streamlit - A (2)
    F 12:0 _install_fake_streamlit - A (1)
    F 38:0 _install_fake_plotly - A (1)
tests/test_dt_invariance.py
    F 7:0 test_dt_invariance_rate_sigma_close - A (3)
tests/test_manifest_consistency.py
    F 12:0 test_manifest_git_consistency - A (2)
tests/test_provenance_manifest.py
    F 93:0 test_manifest_capture_git_sha_warning - B (6)
    F 39:0 test_manifest_to_dict - A (5)
    F 31:0 test_manifest_initialization - A (4)
    F 60:0 test_manifest_hash_determinism - A (3)
    F 74:0 test_manifest_round_trip - A (3)
    F 128:0 test_output_hash - A (3)
    F 50:0 test_manifest_to_json - A (2)
    F 114:0 test_manifest_capture_dependencies_warning - A (2)
    F 84:0 test_manifest_type_validation - A (1)
    F 138:0 test_output_hash_type_validation - A (1)
    F 149:0 test_manifest_from_dict_type_validation - A (1)
tests/test_generate_coverage_trend.py
    F 66:0 test_main_writes_json_and_csv - B (8)
    F 11:0 test_normalize_coverage_percent_rounds - A (2)
    F 55:0 test_quantize_coverage_state_boundaries - A (2)
    F 16:0 test_normalize_coverage_percent_rejects_out_of_scale - A (1)
    F 21:0 test_validate_state_thresholds_accepts_default - A (1)
    F 33:0 test_validate_state_thresholds_rejects_invalid - A (1)
    F 59:0 test_load_total_coverage_rejects_missing_numeric - A (1)
tests/test_cli_versioning.py
    F 13:0 test_get_package_version_from_metadata - A (2)
    F 18:0 test_get_package_version_falls_back_to_pyproject - A (2)
    F 36:0 test_get_package_version_unknown_when_pyproject_missing - A (2)
    F 48:0 test_get_package_version_unknown_on_invalid_pyproject - A (2)
tests/test_api_surface_reexports.py
    F 6:0 test_control_reexports - B (8)
    F 30:0 test_neurons_reexports - B (7)
    F 56:0 test_simulation_reexports - A (5)
    F 68:0 test_synapses_reexports - A (5)
tests/test_jax_backend.py
    F 87:0 test_adex_step_jax_with_numpy_shim - B (7)
    F 14:0 _load_module_with_jnp - A (2)
    F 60:0 test_jax_backend_import_safe_without_jax - A (2)
    F 127:0 test_jax_backend_handles_find_spec_value_error - A (2)
    F 23:0 _import_module_without_jax - A (1)
    F 46:0 _import_module_with_find_spec_error - A (1)
tests/test_pytest_collection_contract.py
    F 50:0 test_property_collection_fails_clearly_without_hypothesis - A (5)
    F 26:0 test_non_property_collection_without_hypothesis_dependency - A (4)
    F 84:0 test_property_collection_with_hypothesis_profile - A (3)
    F 9:0 _write_hypothesis_blocker - A (1)
tests/test_memory_trace_unit.py
    F 11:0 test_trace_empty_buffer_behavior - A (3)
    F 18:0 test_trace_tagging_to_capacity_preserves_order - A (2)
    F 30:0 test_trace_overflow_drops_oldest_pattern - A (2)
    F 43:0 test_trace_recall_is_deterministic_and_updates_counters - A (2)
    F 57:0 test_trace_rejects_invalid_pattern_shape - A (1)
tests/test_plasticity_three_factor_edge.py
    F 81:0 test_neuromod_step_decay_and_drive - A (2)
    F 17:0 test_three_factor_update_shape_checks - A (1)
tests/test_coverage_gate.py
    F 31:0 test_read_coverage_percent_missing_line_rate_fails - A (3)
    F 42:0 test_read_baseline_missing_required_keys_fails - A (3)
    F 53:0 test_read_baseline_invalid_json_fails - A (3)
    F 64:0 test_check_gate_fails_when_baseline_below_minimum - A (3)
    F 76:0 test_check_gate_fails_when_below_baseline_beyond_tolerance - A (3)
    F 88:0 test_check_gate_fails_when_below_minimum_beyond_tolerance - A (3)
    F 100:0 test_check_gate_passes_within_tolerance - A (3)
    F 10:0 _write_xml - A (2)
    F 17:0 test_read_coverage_percent_parses_valid_xml - A (2)
    F 112:0 test_main_fails_when_baseline_missing - A (2)
    F 131:0 test_main_fails_when_coverage_xml_missing - A (2)
    F 159:0 test_main_fails_when_baseline_json_invalid - A (2)
    F 24:0 test_read_coverage_percent_missing_file_fails - A (1)
tests/test_experiment_manifest.py
    F 30:0 test_generate_manifest_includes_spec_hypothesis_metadata - A (5)
    F 21:0 _read_hypothesis_version - A (3)
    F 12:0 _read_spec_version - A (2)
tests/benchmarks/test_regression.py
    F 24:0 test_benchmark_regression - B (6)
tests/validation/test_sleep_cycle_long.py
    F 32:0 test_multi_cycle_sleep - A (5)
    F 92:0 test_long_replay_session - A (4)
tests/validation/test_adex_validation.py
    F 34:0 test_adex_exp_clamp_prevents_overflow - A (3)
    F 10:0 test_adex_convergence_with_dt_halving - A (2)
tests/validation/test_validation.py
    F 20:0 test_valid_config_defaults - A (2)
    F 8:0 test_invalid_dt_ms - A (1)
    F 14:0 test_invalid_fraction_inhibitory - A (1)
tests/validation/test_experiments_temperature_ablation_stats.py
    F 67:0 test_all_conditions_produce_valid_metrics - B (6)
    F 179:0 test_v2_all_conditions_produce_valid_metrics - B (6)
    F 108:0 test_v2_piecewise_cooling_improves_stability - A (4)
    F 11:0 test_cooling_improves_stability_vs_fixed_high - A (2)
tests/validation/test_sleep_stack_effectiveness.py
    F 135:0 test_replay_increases_recall - C (11)
    F 35:0 test_sleep_improves_consolidation - B (8)
    F 240:0 test_determinism_across_sleep_runs - A (5)
tests/validation/test_chaos_integration.py
    F 263:0 test_adex_determinism_under_chaos - A (5)
    F 177:0 test_adex_survives_mild_dt_jitter - A (4)
    F 111:0 test_adex_produces_valid_output_under_normal_conditions - A (3)
    F 236:0 test_adex_bounds_enforcement - A (3)
    F 141:0 test_adex_with_injected_nan_in_state_array - A (2)
    F 29:0 test_adex_detects_nan_in_state - A (1)
    F 54:0 test_adex_detects_inf_in_inputs - A (1)
    F 79:0 test_adex_rejects_invalid_dt - A (1)
    F 211:0 test_adex_state_shape_mismatch_detected - A (1)
tests/validation/test_memory_validation.py
    F 31:0 test_memory_with_network_states - A (4)
    F 58:0 test_consolidation_ledger_long_run - A (4)
tests/validation/test_integration_validation.py
    F 23:0 test_minimal_circuit_spike_and_synaptic_decay - A (3)
    F 39:0 test_plasticity_update_requires_modulator_and_spikes - A (3)
    F 78:0 test_criticality_controller_moves_toward_target - A (3)
    F 68:0 test_temperature_gate_switches_regimes - A (2)
tests/validation/test_chaos_timing.py
    F 15:0 test_timing_fault_injection - A (3)
    F 64:0 test_timing_fault_probability - A (3)
    F 78:0 test_timing_fault_jitter_bounds - A (3)
    F 93:0 test_timing_fault_preserves_positivity - A (3)
    F 108:0 test_timing_fault_multiple_injections - A (3)
    F 31:0 test_timing_fault_deterministic - A (2)
    F 50:0 test_timing_fault_disabled - A (2)
tests/validation/test_numerics_validation.py
    F 9:0 test_euler_convergence_rate_on_linear_decay - A (2)
    F 24:0 test_rk2_is_more_accurate_than_euler - A (2)
    F 39:0 test_exp_decay_step_matches_two_half_steps - A (2)
tests/validation/test_calibration_validation.py
    F 8:0 test_fit_fI_curve_linear_data - A (3)
tests/validation/test_chaos_numeric.py
    F 17:0 test_numeric_fault_injection_nan - A (3)
    F 76:0 test_clamp_numeric_handles_nan - A (3)
    F 87:0 test_clamp_numeric_handles_inf - A (3)
    F 120:0 test_fault_injection_disabled - A (3)
    F 135:0 test_fault_injection_probability - A (3)
    F 32:0 test_numeric_fault_injection_inf - A (2)
    F 98:0 test_fault_injection_deterministic - A (2)
    F 46:0 test_numeric_health_validation_detects_nan - A (1)
    F 56:0 test_numeric_health_validation_detects_inf - A (1)
    F 66:0 test_numeric_health_validation_passes_clean - A (1)
tests/validation/test_chaos_stochastic.py
    F 71:0 test_stochastic_fault_different_seeds - A (4)
    F 15:0 test_stochastic_fault_injection - A (3)
    F 58:0 test_stochastic_fault_probability - A (3)
    F 28:0 test_stochastic_fault_deterministic - A (2)
    F 46:0 test_stochastic_fault_disabled - A (2)
tests/validation/test_energy_validation.py
    F 9:0 test_energy_cost_matches_manual_sum - A (2)
    F 19:0 test_total_reward_penalizes_energy - A (2)
tests/validation/test_claims_validation.py
    F 34:0 test_clm_001_determinism_across_runs - A (5)
    F 80:0 test_clm_003_nmda_mg_block_equation - A (4)
    F 220:0 test_criticality_sigma_tracking - A (4)
    F 58:0 test_clm_002_adex_model_dynamics - A (3)
    F 105:0 test_clm_006_criticality_branching_dynamics - A (3)
    F 158:0 test_reproducibility_network_simulation - A (3)
    F 177:0 test_numerical_stability_dt_invariance - A (3)
    F 244:0 test_consolidation_memory_trace_stability - A (3)
    F 131:0 test_clm_023_deterministic_rng_protocol - A (2)
    F 200:0 test_phase_control_temperature_gating - A (2)
tests/validation/test_cli_validation.py
    F 11:0 test_cli_dtcheck_outputs_metrics - A (4)
tests/validation/test_crystallizer_real.py
    F 31:0 test_network_attractor_tracking - A (5)
    F 66:0 test_long_crystallization - A (4)
tests/validation/test_network_validation.py
    F 8:0 test_network_metrics_are_finite - A (3)
tests/validation/test_criticality_validation.py
    F 17:0 test_power_law_mle_matches_formula - A (3)
    F 26:0 test_branching_estimator_converges_to_ratio - A (3)
    F 35:0 test_sigma_controller_adjusts_gain - A (3)
    F 10:0 test_mr_branching_ratio_geometric_decay - A (2)
tests/validation/test_viz_dashboard.py
    F 42:0 test_dashboard_attach_and_update - C (13)
    F 156:0 test_dashboard_partial_metrics - B (7)
    F 112:0 test_dashboard_save_png - A (5)
    F 31:0 test_dashboard_creation - A (4)
    F 140:0 test_dashboard_empty_data - A (2)
tests/validation/test_determinism_validation.py
    F 7:0 test_rng_split_is_repeatable - A (2)
tests/validation/test_consolidation_validation.py
    F 22:0 test_consolidation_requires_tag_and_protein - A (4)
    F 10:0 test_fast_weight_update_includes_dt_scaling - A (2)
tests/validation/test_plasticity_validation.py
    F 28:0 test_weight_update_bounds_and_requires_modulator - A (4)
    F 14:0 test_eligibility_decay_matches_exponential - A (2)
tests/validation/test_largeN_validation.py
    F 6:0 test_largeN_stability - A (3)
tests/validation/test_temperature_validation.py
    F 8:0 test_temperature_geometric_cooling_and_gate - A (4)
tests/validation/test_chaos_io.py
    F 68:0 test_io_fault_probability - A (3)
    F 15:0 test_io_fault_injection_silent_fail - A (2)
    F 38:0 test_io_fault_deterministic - A (2)
    F 56:0 test_io_fault_disabled - A (2)
    F 81:0 test_io_fault_corrupt_mode - A (2)
    F 27:0 test_io_fault_injection_exception - A (1)
tests/validation/test_production_properties.py
    F 16:0 test_adex_step_finite - A (5)
    F 26:0 test_adex_refractory_holds_reset - A (4)
    F 40:0 test_connectivity_shape_and_diagonal - A (4)
tests/validation/test_synapse_validation.py
    F 11:0 test_nmda_mg_block_matches_formula - A (2)
    F 20:0 test_exp_decay_step_is_dt_invariant - A (2)
tests/properties/test_manifest_tooling_properties.py
    F 33:0 test_workflow_metrics_property_matches_declared_triggers - C (13)
    F 104:0 test_workflow_metrics_fuzz_ignores_non_yaml_extensions - A (5)
    F 73:0 test_ci_manifest_reference_scope_fuzz - A (4)
    F 15:0 _write - A (1)
tests/properties/test_properties_bnsyn.py
    F 61:0 test_finite_outputs_property - B (8)
    F 214:0 test_dt_stability_property - A (5)
    F 182:0 test_reproducibility_across_runs - A (3)
    F 34:0 test_determinism_property_universal - A (2)
    F 94:0 test_network_size_monotonicity - A (2)
    F 120:0 test_bounded_spike_rates_property - A (2)
    F 145:0 test_different_seeds_produce_different_results - A (2)
tests/properties/test_properties_determinism.py
    F 18:0 test_determinism_property_all_sizes - A (2)
    F 26:0 test_seed_controls_rng_stream - A (2)
tests/properties/test_validation_inputs_properties.py
    F 20:0 test_state_validator_property_rejects_non_finite - A (1)
tests/properties/test_hypothesis_profiles.py
    F 31:0 test_hypothesis_profile_loads_without_error - A (4)
    F 15:0 test_hypothesis_profile_env_var_must_be_valid - A (3)
tests/properties/test_adex_properties.py
    F 122:0 test_adex_excitatory_input_increases_voltage - A (5)
    F 466:0 test_adex_timestep_independence - A (5)
    F 172:0 test_adex_vectorized_consistency - A (4)
    F 32:0 test_adex_outputs_finite - A (3)
    F 244:0 test_adex_resting_state_stability - A (3)
    F 287:0 test_adex_spike_reset - A (3)
    F 336:0 test_adex_adaptation_increases_on_spike - A (3)
    F 384:0 test_adex_deterministic - A (3)
    F 430:0 test_adex_handles_edge_case_inputs - A (3)
    F 79:0 test_adex_adaptation_nonnegative - A (2)
docs/api/_static/tools/update_manifest.py
    F 49:0 _iter_files - B (7)
    F 114:0 _check_manifest - B (6)
    F 24:0 _sha256 - A (4)
    F 67:0 _role_for - A (3)
    F 103:0 _load_manifest - A (3)
    F 148:0 main - A (3)
    F 39:0 _git_ref - A (2)
    F 76:0 _build_manifest - A (2)
    F 138:0 _write_manifest - A (2)
    C 20:0 ManifestError - A (1)
docs/api/_templates/tools/update_manifest.py
    F 49:0 _iter_files - B (7)
    F 114:0 _check_manifest - B (6)
    F 24:0 _sha256 - A (4)
    F 67:0 _role_for - A (3)
    F 103:0 _load_manifest - A (3)
    F 148:0 main - A (3)
    F 39:0 _git_ref - A (2)
    F 76:0 _build_manifest - A (2)
    F 138:0 _write_manifest - A (2)
    C 20:0 ManifestError - A (1)
benchmarks/criticality.py
    F 62:0 _avalanche_sizes - A (5)
    F 76:0 _power_law_fit - A (3)
    F 110:0 main - A (3)
    F 40:0 _simulate_activity - A (2)
    F 91:0 _emit_metrics - A (2)
    F 96:0 _summarize - A (1)
    C 28:0 CriticalitySummary - A (1)
benchmarks/common.py
    F 25:0 git_sha - A (3)
    F 53:0 metric_payload - A (2)
    F 21:0 utc_timestamp - A (1)
    F 39:0 peak_rss_mb - A (1)
    F 43:0 build_context - A (1)
    C 13:0 BenchmarkContext - A (1)
benchmarks/bench_criticality.py
    F 13:0 run_benchmark - A (3)
benchmarks/scalability.py
    F 38:0 _run_scalability - A (2)
    F 61:0 _emit_results - A (2)
    F 78:0 main - A (2)
    C 27:0 ScalabilityResult - A (1)
benchmarks/determinism.py
    F 73:0 main - A (5)
    F 61:0 _correlation - A (3)
    F 37:0 _simulate_trace - A (2)
    F 68:0 _emit_metrics - A (2)
    F 57:0 _max_abs_error - A (1)
    C 28:0 Trace - A (1)
benchmarks/bench_synapses.py
    F 16:0 run_benchmark - A (5)
benchmarks/scaling.py
    F 83:0 main - A (4)
    F 42:0 _run_network - A (2)
    F 78:0 _emit_metrics - A (2)
    F 73:0 _relative_drift - A (1)
    C 28:0 RunSummary - A (1)
benchmarks/benchmark_scale.py
    F 40:0 run_scale - C (15)
    F 25:0 _to_result - A (1)
    F 98:0 main - A (1)
benchmarks/benchmark_plasticity.py
    F 55:0 _run_case - B (6)
    F 114:0 run_plasticity - A (3)
    F 32:0 _safe_float - A (2)
    F 38:0 _build_inputs - A (1)
    F 165:0 main - A (1)
benchmarks/performance_utils.py
    F 41:0 _cpu_name - B (7)
    F 62:0 run_network_benchmark - B (6)
    F 35:0 _safe_float - A (2)
    F 133:0 emit_json - A (2)
    F 55:0 hardware_info - A (1)
    F 117:0 build_payload - A (1)
    C 22:0 BenchmarkRun - A (1)
benchmarks/bench_plasticity.py
    F 20:0 run_benchmark - A (5)
benchmarks/run_benchmarks.py
    F 142:0 run_benchmarks - D (22)
    F 95:0 aggregate_metrics - B (8)
    F 130:0 _sanitize_for_json - B (7)
    F 50:0 run_scenario_subprocess - A (3)
    F 271:0 main - A (3)
    F 30:0 get_git_sha - A (2)
    F 45:0 get_python_version - A (1)
benchmarks/bench_adex.py
    F 16:0 run_benchmark - A (5)
benchmarks/benchmark_dt.py
    F 40:0 run_dt - C (14)
    F 24:0 _to_result - A (1)
    F 104:0 main - A (1)
benchmarks/bench_dt_invariance.py
    F 20:0 run_benchmark - A (4)
    F 15:0 _relative_drift - A (1)
benchmarks/metrics.py
    F 175:0 run_benchmark - B (7)
    F 49:0 _temperature_params - B (6)
    F 107:0 _run_series - B (6)
    F 64:0 _weight_entropy - A (3)
    F 77:0 _bitwise_delta - A (3)
    F 43:0 _criticality_params - A (2)
    F 89:0 _safe_stat - A (2)
    F 95:0 _safe_mean - A (2)
    F 101:0 _safe_std - A (2)
    F 245:0 metrics_to_dict - A (1)
    C 22:0 BenchmarkMetrics - A (1)
benchmarks/report.py
    F 18:0 load_results - B (8)
    F 77:0 generate_markdown_report - A (4)
    F 70:0 format_number - A (2)
    F 164:0 main - A (2)
benchmarks/scenarios/__init__.py
    F 54:0 get_scenario_by_name - A (3)
    F 19:0 _merge - A (2)
    F 45:0 get_scenarios - A (2)
benchmarks/scenarios/base.py
    C 10:0 BenchmarkScenario - A (2)
    M 29:4 BenchmarkScenario.to_dict - A (1)
src/contracts/math_contracts.py
    F 40:0 assert_energy_bounded - B (6)
    F 96:0 assert_coupling_matrix_properties - B (6)
    F 22:0 assert_dt_stability - A (5)
    F 107:0 assert_adjacency_binary - A (5)
    F 184:0 assert_column_ranges - A (5)
    F 14:0 assert_numeric_finite_and_bounded - A (4)
    F 64:0 assert_phase_range - A (4)
    F 124:0 assert_no_catastrophic_cancellation - A (4)
    F 162:0 assert_dtype_consistency - A (4)
    F 57:0 assert_integration_tolerance_consistency - A (3)
    F 175:0 assert_no_duplicate_rows - A (3)
    F 9:0 assert_non_empty_text - A (2)
    F 34:0 assert_state_finite_after_step - A (2)
    F 75:0 assert_order_parameter_range - A (2)
    F 81:0 assert_order_parameter_computation - A (2)
    F 90:0 assert_phase_velocity_finite - A (2)
    F 117:0 assert_weight_matrix_nonnegative - A (2)
    F 141:0 assert_no_log_domain_violation - A (2)
    F 148:0 assert_no_exp_overflow_risk - A (2)
    F 155:0 assert_no_division_by_zero_risk - A (2)
    F 169:0 assert_no_nan_in_dataset - A (2)
    F 197:0 assert_probability_normalization - A (2)
    F 204:0 assert_timeseries_monotonic_time - A (2)
src/bnsyn/cli.py
    F 187:0 _cmd_sleep_stack - C (17)
    F 36:0 _get_package_version - B (8)
    F 63:0 _cmd_demo - B (7)
    F 155:0 _cmd_run_experiment - A (2)
    F 126:0 _cmd_dtcheck - A (1)
    F 432:0 main - A (1)
src/bnsyn/rng.py
    F 52:0 seed_all - A (4)
    F 91:0 split - A (3)
    C 29:0 RNGPack - A (1)
src/bnsyn/incremental.py
    F 30:0 compute_file_hash - A (3)
    F 63:0 cached - A (1)
    F 125:0 clear_cache - A (1)
src/bnsyn/vcg.py
    C 28:0 VCGParams - B (6)
    M 52:4 VCGParams.__post_init__ - A (5)
    F 61:0 update_support_level - A (3)
    F 90:0 allocation_multiplier - A (2)
    F 115:0 update_support_vector - A (2)
src/bnsyn/config.py
    C 26:0 AdExParams - A (1)
    C 74:0 SynapseParams - A (1)
    C 117:0 PlasticityParams - A (1)
    C 158:0 CriticalityParams - A (1)
    C 187:0 TemperatureParams - A (1)
    C 219:0 DualWeightParams - A (1)
    C 254:0 EnergyParams - A (1)
src/bnsyn/provenance/manifest.py
    M 174:4 RunManifest._capture_dependencies - A (5)
    M 117:4 RunManifest._capture_git_sha - A (4)
    M 303:4 RunManifest.from_dict - A (4)
    C 42:0 RunManifest - A (3)
    M 90:4 RunManifest.__init__ - A (3)
    M 199:4 RunManifest.add_output_hash - A (3)
    M 151:4 RunManifest._fallback_git_id - A (2)
    M 159:4 RunManifest._capture_python_version - A (1)
    M 232:4 RunManifest.to_dict - A (1)
    M 259:4 RunManifest.to_json - A (1)
    M 280:4 RunManifest.compute_hash - A (1)
src/bnsyn/provenance/manifest_builder.py
    F 70:0 _resolve_package_version - B (7)
    F 121:0 build_experiment_manifest - A (5)
    F 25:0 _get_git_commit - A (4)
    F 60:0 _fallback_git_id - A (3)
    F 111:0 _extract_hypothesis_version - A (3)
    F 101:0 _extract_spec_version - A (2)
    F 159:0 build_sleep_stack_manifest - A (2)
    F 93:0 _compute_file_hash - A (1)
src/bnsyn/energy/regularization.py
    F 28:0 energy_cost - A (1)
    F 61:0 total_reward - A (1)
src/bnsyn/production/connectivity.py
    F 52:0 build_connectivity - B (6)
    C 27:0 ConnectivityConfig - A (1)
src/bnsyn/production/adex.py
    C 89:0 AdExNeuron - A (4)
    M 114:4 AdExNeuron.init - A (3)
    M 140:4 AdExNeuron.step - A (3)
    C 35:0 AdExParams - A (1)
src/bnsyn/production/jax_backend.py
    F 28:0 _jax_available - A (2)
    F 39:0 _require_jax_numpy - A (2)
    F 48:0 adex_step_jax - A (1)
src/bnsyn/connectivity/sparse.py
    M 95:4 SparseConnectivity.__init__ - B (7)
    F 232:0 build_random_connectivity - A (4)
    C 69:0 SparseConnectivity - A (4)
    M 164:4 SparseConnectivity.apply - A (4)
    M 159:4 SparseConnectivity._estimate_speedup - A (3)
    M 190:4 SparseConnectivity.to_dense - A (3)
    M 208:4 SparseConnectivity.to_sparse - A (2)
    C 34:0 SparseConnectivityMetrics - A (1)
    M 154:4 SparseConnectivity._estimate_sparse_size - A (1)
    M 224:4 SparseConnectivity.__repr__ - A (1)
src/bnsyn/criticality/branching.py
    C 31:0 BranchingEstimator - A (2)
    C 86:0 SigmaController - A (2)
    M 55:4 BranchingEstimator.update - A (1)
    M 109:4 SigmaController.step - A (1)
src/bnsyn/criticality/phase_transition.py
    M 161:4 PhaseTransitionDetector.observe - B (6)
    M 240:4 PhaseTransitionDetector.sigma_derivative - B (6)
    C 77:0 PhaseTransitionDetector - A (3)
    M 98:4 PhaseTransitionDetector.__init__ - A (3)
    M 141:4 PhaseTransitionDetector._classify_phase - A (3)
    C 28:0 CriticalPhase - A (1)
    C 50:0 PhaseTransition - A (1)
    M 220:4 PhaseTransitionDetector.on_transition - A (1)
    M 230:4 PhaseTransitionDetector.current_phase - A (1)
    M 273:4 PhaseTransitionDetector.time_in_phase - A (1)
    M 288:4 PhaseTransitionDetector.get_transitions - A (1)
    M 298:4 PhaseTransitionDetector.get_sigma_history - A (1)
    M 308:4 PhaseTransitionDetector.get_phase_history - A (1)
src/bnsyn/criticality/analysis.py
    F 52:0 mr_branching_ratio - B (8)
    F 104:0 fit_power_law_mle - A (5)
    C 29:0 PowerLawFit - A (1)
src/bnsyn/memory/ledger.py
    M 82:4 ConsolidationLedger.record_event - B (7)
    C 61:0 ConsolidationLedger - A (4)
    M 150:4 ConsolidationLedger.get_history - A (2)
    M 176:4 ConsolidationLedger.compute_hash - A (2)
    C 26:0 ConsolidationEvent - A (1)
    M 216:4 ConsolidationLedger.get_state - A (1)
src/bnsyn/memory/consolidator.py
    M 202:4 MemoryConsolidator.consolidate - B (7)
    M 99:4 MemoryConsolidator.tag - A (5)
    M 257:4 MemoryConsolidator.recall - A (5)
    C 69:0 MemoryConsolidator - A (4)
    M 154:4 MemoryConsolidator._find_eviction_candidate - A (4)
    M 88:4 MemoryConsolidator.__init__ - A (2)
    M 304:4 MemoryConsolidator.stats - A (2)
    C 34:0 ConsolidatedMemory - A (1)
    M 186:4 MemoryConsolidator._evict - A (1)
src/bnsyn/memory/trace.py
    M 112:4 MemoryTrace.recall - C (12)
    C 24:0 MemoryTrace - A (5)
    M 68:4 MemoryTrace.tag - A (4)
    M 173:4 MemoryTrace.consolidate - A (4)
    M 57:4 MemoryTrace.__post_init__ - A (2)
    M 210:4 MemoryTrace.get_state - A (1)
src/bnsyn/numerics/integrators.py
    F 118:0 exp_decay_step - A (2)
    F 32:0 clamp_exp_arg - A (1)
    F 58:0 euler_step - A (1)
    F 88:0 rk2_step - A (1)
src/bnsyn/sleep/cycle.py
    M 157:4 SleepCycle.wake - C (11)
    M 226:4 SleepCycle.sleep - C (11)
    M 299:4 SleepCycle.dream - B (9)
    C 47:0 SleepCycle - A (5)
    M 71:4 SleepCycle.__init__ - A (3)
    M 115:4 SleepCycle._subsample_voltage - A (2)
    M 133:4 SleepCycle.record_memory - A (2)
    F 391:0 default_human_sleep_cycle - A (1)
    C 29:0 MemorySnapshot - A (1)
    M 95:4 SleepCycle.on_stage_change - A (1)
    M 105:4 SleepCycle.on_cycle_complete - A (1)
    M 376:4 SleepCycle.get_memory_count - A (1)
    M 386:4 SleepCycle.clear_memories - A (1)
src/bnsyn/sleep/stages.py
    C 48:0 SleepStageConfig - A (5)
    M 81:4 SleepStageConfig.__post_init__ - A (4)
    C 26:0 SleepStage - A (1)
src/bnsyn/sleep/replay.py
    F 20:0 weighted_pattern_selection - B (7)
    F 74:0 add_replay_noise - A (3)
src/bnsyn/consolidation/dual_weight.py
    M 89:4 DualWeights.step - A (4)
    C 31:0 DualWeights - A (3)
    M 66:4 DualWeights.init - A (1)
    M 147:4 DualWeights.w_total - A (1)
src/bnsyn/experiments/declarative.py
    F 23:0 load_config - A (5)
    F 73:0 run_experiment - A (2)
    F 122:0 run_from_yaml - A (2)
src/bnsyn/tools/benchmark_sleep_stack_scale.py
    F 14:0 bench - A (2)
    F 42:0 main - A (1)
src/bnsyn/tools/run_scaled_sleep_stack.py
    F 172:0 main - C (16)
    F 25:0 _run_once - B (8)
    F 126:0 _write_raster_artifacts - A (5)
    F 147:0 _write_plot - A (3)
    F 122:0 _sha - A (1)
src/bnsyn/emergence/crystallizer.py
    M 465:4 AttractorCrystallizer.observe - B (10)
    M 315:4 AttractorCrystallizer._dbscan_lite - B (9)
    M 177:4 AttractorCrystallizer.__post_init__ - B (8)
    M 427:4 AttractorCrystallizer._update_phase - B (8)
    M 371:4 AttractorCrystallizer._detect_attractors - B (7)
    C 126:0 AttractorCrystallizer - A (5)
    M 250:4 AttractorCrystallizer._update_pca - A (4)
    M 218:4 AttractorCrystallizer._subsample_state - A (3)
    M 292:4 AttractorCrystallizer._transform_to_pca - A (3)
    M 546:4 AttractorCrystallizer.crystallization_progress - A (3)
    M 571:4 AttractorCrystallizer.get_crystallization_state - A (3)
    C 37:0 Phase - A (1)
    C 60:0 Attractor - A (1)
    C 93:0 CrystallizationState - A (1)
    M 528:4 AttractorCrystallizer.get_attractors - A (1)
    M 600:4 AttractorCrystallizer.on_attractor_formed - A (1)
    M 618:4 AttractorCrystallizer.on_phase_transition - A (1)
src/bnsyn/plasticity/three_factor.py
    F 100:0 three_factor_update - B (6)
    F 76:0 decay - A (1)
    F 199:0 neuromod_step - A (1)
    C 35:0 EligibilityTraces - A (1)
    C 56:0 NeuromodulatorTrace - A (1)
src/bnsyn/plasticity/stdp.py
    F 27:0 stdp_kernel - A (3)
src/bnsyn/validation/inputs.py
    F 108:0 validate_state_vector - A (5)
    F 168:0 validate_connectivity_matrix - A (5)
    F 140:0 validate_spike_array - A (3)
    F 83:0 _ensure_ndarray - A (2)
    C 34:0 NetworkValidationConfig - A (1)
src/bnsyn/temperature/schedule.py
    C 60:0 TemperatureSchedule - A (3)
    M 83:4 TemperatureSchedule.__post_init__ - A (2)
    M 87:4 TemperatureSchedule.step_geometric - A (2)
    M 104:4 TemperatureSchedule.plasticity_gate - A (2)
    F 30:0 gate_sigmoid - A (1)
src/bnsyn/testing/faults.py
    F 245:0 validate_numeric_health - A (3)
    C 39:0 FaultInjector - A (3)
    M 55:4 FaultInjector.should_inject - A (2)
    F 69:0 inject_numeric_fault - A (1)
    F 117:0 inject_timing_fault - A (1)
    F 155:0 inject_stochastic_fault - A (1)
    F 198:0 inject_io_fault - A (1)
    F 266:0 clamp_numeric - A (1)
    C 21:0 FaultConfig - A (1)
    M 42:4 FaultInjector.__init__ - A (1)
src/bnsyn/calibration/fit.py
    F 46:0 fit_line - A (5)
    F 79:0 fit_fI_curve - A (1)
    C 28:0 LineFit - A (1)
src/bnsyn/calibration/accuracy_speed.py
    F 120:0 calibrate_integrator_accuracy_speed - B (9)
    F 79:0 _run_integrator - A (4)
    F 70:0 _decay_rhs - A (1)
    C 37:0 IntegratorCalibrationResult - A (1)
src/bnsyn/sim/network.py
    M 132:4 Network.__init__ - B (8)
    C 99:0 Network - B (7)
    M 214:4 Network.step - B (6)
    M 336:4 Network.step_adaptive - B (6)
    F 472:0 run_simulation - A (5)
    M 464:4 Network._raise_if_voltage_out_of_bounds - A (3)
    C 57:0 NetworkParams - A (1)
src/bnsyn/neuron/adex.py
    F 90:0 adex_step - B (6)
    F 199:0 adex_step_with_error_tracking - A (4)
    F 279:0 adex_step_adaptive - A (3)
    C 37:0 AdExState - A (1)
    C 64:0 IntegrationMetrics - A (1)
src/bnsyn/synapse/conductance.py
    M 136:4 ConductanceSynapses.__init__ - A (3)
    C 106:0 ConductanceSynapses - A (2)
    M 160:4 ConductanceSynapses.queue_events - A (2)
    F 61:0 nmda_mg_block - A (1)
    C 35:0 ConductanceState - A (1)
    M 157:4 ConductanceSynapses.delay_steps - A (1)
    M 181:4 ConductanceSynapses.step - A (1)
    M 215:4 ConductanceSynapses.current_pA - A (1)
src/bnsyn/schemas/experiment.py
    C 18:0 ExperimentConfig - B (7)
    M 37:4 ExperimentConfig.validate_seeds - B (6)
    C 62:0 SimulationConfig - A (3)
    M 78:4 SimulationConfig.validate_dt_ms - A (2)
    M 86:4 SimulationConfig.validate_duration_multiple - A (2)
    C 48:0 NetworkConfig - A (1)
    C 100:0 BNSynExperimentConfig - A (1)
src/bnsyn/viz/interactive.py
    F 32:0 main - B (10)
    F 172:0 create_raster_plot - A (5)
    F 319:0 create_stats_plot - A (5)
    F 229:0 create_voltage_plot - A (4)
    F 279:0 create_firing_rate_plot - A (4)
src/bnsyn/viz/dashboard.py
    M 176:4 EmergenceDashboard.update - B (9)
    M 320:4 EmergenceDashboard._render_attractor - B (7)
    F 35:0 _load_matplotlib - A (4)
    M 440:4 EmergenceDashboard._render_sleep - A (4)
    C 71:0 EmergenceDashboard - A (3)
    M 507:4 EmergenceDashboard._render_avalanche - A (3)
    M 268:4 EmergenceDashboard._ensure_figure - A (2)
    M 384:4 EmergenceDashboard._render_sigma - A (2)
    M 413:4 EmergenceDashboard._render_temperature - A (2)
    M 480:4 EmergenceDashboard._render_consolidation - A (2)
    M 110:4 EmergenceDashboard.__init__ - A (1)
    M 143:4 EmergenceDashboard.attach - A (1)
    M 221:4 EmergenceDashboard.show - A (1)
    M 244:4 EmergenceDashboard.save_animation - A (1)
    M 298:4 EmergenceDashboard._render - A (1)
experiments/temperature_ablation_consolidation.py
    F 32:0 run_single_trial - B (10)
    F 230:0 run_temperature_ablation_experiment - B (9)
    F 152:0 run_condition - B (6)
experiments/registry.py
    F 81:0 get_experiment_config - A (2)
    C 13:0 ExperimentConfig - A (1)
experiments/verify_hypothesis.py
    F 168:0 main - C (11)
    F 49:0 verify_hypothesis_h1 - B (10)
    F 20:0 load_condition_results - A (2)
experiments/runner.py
    F 63:0 run_experiment - B (6)
    F 25:0 generate_manifest - A (1)
    F 134:0 main - A (1)
tools/generate_inventory.py
    F 13:0 main - A (5)
    F 8:0 _tracked_files_under - A (3)
tools/manifest/__main__.py
    F 9:0 main - A (3)
tools/manifest/render.py
    F 6:0 render_markdown - A (4)
tools/manifest/validate.py
    F 27:0 validate_manifest - B (10)
    F 19:0 _load_json - A (1)
    F 23:0 _load_yaml - A (1)
tools/manifest/generate.py
    F 81:0 _workflow_metrics - B (10)
    F 63:0 _count_ci_manifest_references - B (9)
    F 44:0 _repo_fingerprint - A (3)
    F 25:0 _load_json - A (1)
    F 29:0 _load_yaml - A (1)
    F 33:0 _load_workflow_yaml - A (1)
    F 37:0 _workflow_files - A (1)
    F 104:0 build_computed - A (1)
    F 151:0 write_outputs - A (1)
tools/safety/check_safety_artifacts.py
    F 214:0 main - E (40)
    F 193:0 _validate_enforced_fields - B (6)
    F 158:0 _extract_paths - A (5)
    F 170:0 _validate_paths - A (4)
    F 135:0 _load_yaml - A (2)
    F 152:0 _strip_line_suffix - A (2)
    F 179:0 _validate_schema - A (2)
    F 187:0 _validate_iso_date - A (2)
    F 143:0 _parse_stpa_ids - A (1)
    C 128:0 StpaIds - A (1)
examples/integration/library_minimal.py
    F 10:0 main - A (1)
scripts/validate_bibliography.py
    F 157:0 main - D (29)
    F 74:0 load_mapping - C (12)
    F 46:0 parse_bibtex - B (10)
    F 97:0 load_claims - B (9)
    F 122:0 parse_lock - B (8)
    F 42:0 sha256_hex - A (1)
    F 152:0 fail - A (1)
    C 38:0 ValidationError - A (1)
scripts/profile_kernels.py
    F 302:0 main - B (9)
    F 269:0 aggregate_kernel_profiles - B (8)
    M 92:4 KernelProfiler.report - B (6)
    C 56:0 KernelProfiler - A (4)
    F 124:0 profile_network_kernels - A (2)
    M 75:4 KernelProfiler.record - A (2)
    M 69:4 KernelProfiler.__init__ - A (1)
scripts/mutation_ci_summary.py
    F 36:0 main - C (17)
    F 22:0 write_github_output - A (1)
    F 27:0 _render_not_evaluated - A (1)
scripts/visualize_experiment.py
    F 210:0 plot_comparison_grid - C (11)
    F 320:0 main - B (9)
    F 52:0 plot_stability_comparison - B (6)
    F 100:0 plot_temperature_vs_stability - A (3)
    F 159:0 plot_tag_activity - A (3)
    F 28:0 load_condition_results - A (2)
scripts/validate_workflow_contracts.py
    F 65:0 parse_inventory_table - C (19)
    F 142:0 validate_contracts - C (16)
    F 36:0 normalize_on_section - B (10)
    F 125:0 load_workflow_inventory - A (5)
    F 205:0 main - A (5)
    F 50:0 parse_counts - A (3)
    C 22:0 ContractParseError - A (1)
    C 27:0 InventoryRow - A (1)
scripts/release_pipeline.py
    F 68:0 main - B (6)
    F 22:0 bump_semver - A (5)
    F 59:0 run_publish_dry_run - A (3)
    F 14:0 read_pyproject_version - A (2)
    F 41:0 replace_pyproject_version - A (2)
    F 36:0 changelog_has_version - A (1)
    F 55:0 run_build - A (1)
scripts/generate_evidence_coverage.py
    F 69:0 main - C (16)
    F 44:0 parse_lock_entries - B (7)
    F 28:0 parse_bibtex_dois - B (6)
    F 64:0 format_paths - A (2)
scripts/verify_formal_constants.py
    M 125:4 FormalConstantsVerifier.extract_tla_constants - C (12)
    M 202:4 FormalConstantsVerifier.verify_tla - B (7)
    M 234:4 FormalConstantsVerifier.verify_coq - B (7)
    C 47:0 FormalConstantsVerifier - B (6)
    M 54:4 FormalConstantsVerifier.extract_python_constants - A (4)
    M 170:4 FormalConstantsVerifier.extract_coq_constants - A (4)
    M 262:4 FormalConstantsVerifier.verify_all - A (4)
    F 300:0 main - A (2)
    C 29:0 ConstantMismatch - A (2)
    M 38:4 ConstantMismatch.__str__ - A (1)
    M 50:4 FormalConstantsVerifier.__init__ - A (1)
scripts/mutation_counts.py
    F 81:0 _count_ids_for_status - A (2)
    F 107:0 calculate_score - A (2)
    F 135:0 render_ci_summary_markdown - A (2)
    F 163:0 render_github_output_lines - A (2)
    C 24:0 MutationCounts - A (2)
    C 46:0 MutationBaseline - A (2)
    C 61:0 MutationAssessment - A (2)
    F 95:0 read_mutation_counts - A (1)
    F 114:0 load_mutation_baseline - A (1)
    F 127:0 assess_mutation_gate - A (1)
    M 35:4 MutationCounts.total_scored - A (1)
    M 40:4 MutationCounts.killed_equivalent - A (1)
    M 55:4 MutationBaseline.min_acceptable - A (1)
    M 69:4 MutationAssessment.gate_passes - A (1)
    M 73:4 MutationAssessment.delta_vs_baseline - A (1)
    M 77:4 MutationAssessment.gap_vs_minimum - A (1)
scripts/generate_mutation_baseline.py
    F 50:0 main - B (9)
    F 35:0 get_mutmut_version - A (3)
    F 16:0 get_git_commit - A (2)
    F 30:0 get_python_version - A (1)
scripts/ci_cd_analyzer.py
    F 17:0 main - D (26)
    F 12:0 git_files - A (1)
scripts/math_validate.py
    F 238:0 static_numeric_hazard_scan - C (20)
    F 264:0 validate_manifest - C (15)
    F 111:0 iter_scope_files - C (13)
    F 205:0 check_temperature_result_payload - C (12)
    F 470:0 write_report - B (9)
    F 86:0 generator_for - B (7)
    F 169:0 extract_numeric_scalars - B (7)
    F 70:0 classify_file - B (6)
    F 157:0 load_data - A (4)
    F 62:0 sha256_file - A (2)
    F 135:0 build_manifest - A (2)
    F 186:0 run_check - A (2)
    F 522:0 main - A (1)
    C 53:0 CheckResult - A (1)
scripts/validate_pr_gates.py
    F 28:0 load_pr_gates - C (19)
    F 109:0 validate_pr_gates - C (16)
    F 168:0 main - A (5)
    F 80:0 has_pull_request - A (4)
    F 90:0 load_workflow_data - A (4)
    F 103:0 load_contract_pr_gates - A (3)
    C 17:0 PrGateParseError - A (1)
    C 22:0 PrGateEntry - A (1)
scripts/benchmark_physics.py
    F 94:0 run_physics_benchmark - B (6)
    F 55:0 compute_attractor_metrics - A (5)
    F 246:0 main - A (4)
scripts/valuation_model.py
    F 21:0 main - A (5)
scripts/check_coverage_gate.py
    F 24:0 read_baseline_config - B (7)
    F 70:0 main - A (5)
    F 42:0 check_gate - A (4)
    F 14:0 read_coverage_percent - A (3)
scripts/crosscheck_metrics.py
    F 49:0 main - C (16)
    F 32:0 loc - A (5)
    F 24:0 category - A (4)
    F 11:0 git_files - A (3)
    F 20:0 excluded - A (2)
    F 16:0 load_rules - A (1)
scripts/compare_benchmarks.py
    F 92:0 format_markdown_report - B (6)
    F 169:0 main - B (6)
    F 54:0 compare_benchmarks - A (2)
    F 28:0 load_baseline - A (1)
    F 41:0 load_current_results - A (1)
scripts/orchestrate_throughput_scaling.py
    F 76:0 main - B (10)
    F 46:0 run_command - A (2)
scripts/validate_claims.py
    F 72:0 main - E (38)
    F 43:0 load_mapping - A (4)
    F 59:0 ensure_paths_exist - A (3)
    F 66:0 ensure_path_prefix - A (3)
    F 38:0 fail - A (1)
scripts/audit_spec_implementation.py
    F 29:0 main - D (24)
    F 16:0 _read_spec_components - A (3)
    F 25:0 _has_validation_marker - A (2)
scripts/validate_claims_coverage.py
    F 56:0 main - C (15)
    F 30:0 validate_claim - B (6)
scripts/validate_required_checks.py
    F 20:0 load_required_checks - C (11)
    F 84:0 main - A (5)
    F 60:0 validate_required_checks - A (4)
    F 54:0 load_contract_pr_gates - A (3)
    C 16:0 RequiredChecksParseError - A (1)
scripts/render_workflow_policy_docs.py
    F 25:0 update_document - A (5)
    F 43:0 main - A (2)
    F 9:0 render_block - A (1)
scripts/bench_ci_smoke.py
    F 15:0 main - A (1)
scripts/scan_governed_docs.py
    F 54:0 main - C (14)
    F 32:0 load_governed_docs - B (8)
    F 50:0 rel - A (1)
scripts/validate_api_maturity.py
    F 29:0 validate_maturity_file - C (11)
    F 63:0 main - A (3)
scripts/generate_benchmark_baseline.py
    F 83:0 _aggregate_kernels - B (10)
    F 42:0 _aggregate_physics - B (7)
    F 140:0 main - B (7)
    F 128:0 _derive_thresholds - A (4)
    F 25:0 _median - A (2)
    F 31:0 _write_json - A (1)
    F 36:0 _sha256 - A (1)
scripts/check_benchmark_regressions.py
    F 244:0 compare_benchmarks - C (11)
    F 159:0 compare_datasets - B (9)
    F 66:0 collect_kernel_metrics - B (6)
    F 46:0 _get_nested_value - A (5)
    F 87:0 compare_metric - A (5)
    F 142:0 _threshold_for_metric - A (5)
    F 200:0 render_report - A (5)
    F 304:0 main - A (4)
    F 213:0 render_markdown - A (3)
    F 228:0 render_json - A (2)
    F 40:0 load_json - A (1)
    F 57:0 collect_physics_metrics - A (1)
    C 20:0 MetricSpec - A (1)
    C 28:0 MetricComparison - A (1)
scripts/rebuild_sources_lock.py
    F 117:0 main - C (14)
    F 25:0 parse_bibtex - B (10)
    F 53:0 parse_lock - B (8)
    F 78:0 load_mapping - B (8)
    F 96:0 format_tier_a - B (6)
    F 107:0 format_tier_s - A (5)
    F 21:0 sha256_hex - A (1)
scripts/generate_math_data.py
    F 22:0 main - A (1)
scripts/run_benchmarks.py
    F 125:0 main - C (12)
    F 59:0 _enforce_monotonic - C (11)
    F 101:0 _compare_baseline - C (11)
    F 83:0 _enforce_thresholds - B (6)
    F 52:0 _validate_metrics - A (4)
    F 19:0 load_benchmarks - A (3)
    F 93:0 _summarize - A (3)
    F 41:0 parse_args - A (1)
scripts/scan_placeholders.py
    F 44:0 _scan_python - C (15)
    F 34:0 _iter_files - B (6)
    F 96:0 _scan_docs - A (5)
    F 118:0 collect_findings - A (4)
    F 136:0 main - A (3)
    F 129:0 _render_text - A (2)
    C 27:0 PlaceholderFinding - A (1)
scripts/benchmark_production.py
    F 17:0 bench_adex - A (2)
    F 39:0 bench_connectivity - A (1)
    F 47:0 main - A (1)
scripts/validate_status_claims.py
    F 16:0 validate_status_claims - B (7)
    F 45:0 main - A (3)
scripts/verify_equivalence.py
    F 177:0 generate_report - B (9)
    F 107:0 compare_physics - B (8)
    F 42:0 load_manifest - A (3)
    F 353:0 main - A (3)
    F 71:0 compare_scalars - A (2)
scripts/generate_coverage_baseline.py
    F 17:0 _git_sha - A (2)
    F 25:0 main - A (1)
scripts/calculate_throughput_gain.py
    F 44:0 calculate_gains - A (5)
    F 129:0 main - A (1)
scripts/ssot_rules.py
    F 26:0 load_rule_ids_from_doc - C (11)
    F 50:0 assert_rule_ids_match - A (2)
scripts/mutation_survivors_summary.py
    F 11:0 main - A (5)
scripts/lint_ci_truthfulness.py
    M 81:4 LintResult.to_markdown - C (16)
    F 291:0 main - C (11)
    M 244:4 WorkflowLinter._check_unused_inputs - B (8)
    C 47:0 LintResult - B (7)
    M 196:4 WorkflowLinter._check_run_step - B (7)
    M 61:4 LintResult.to_dict - B (6)
    C 128:0 WorkflowLinter - A (5)
    M 164:4 WorkflowLinter._check_permissions - A (4)
    M 134:4 WorkflowLinter.lint_file - A (3)
    M 184:4 WorkflowLinter._check_job - A (3)
    M 278:4 WorkflowLinter.lint_all - A (3)
    M 54:4 LintResult.has_errors - A (2)
    M 58:4 LintResult.has_warnings - A (2)
    C 35:0 Violation - A (1)
    M 131:4 WorkflowLinter.__init__ - A (1)
scripts/compute_repo_metrics.py
    F 64:0 main - D (27)
    F 39:0 line_counts - A (5)
    F 31:0 classify - A (4)
    F 13:0 run - A (2)
    F 27:0 is_excluded - A (2)
    F 56:0 sha256_file - A (2)
    F 23:0 load_rules - A (1)
scripts/run_mutation_pipeline.py
    F 29:0 main - A (4)
    F 12:0 _write_text - A (1)
    F 16:0 _run_results - A (1)
    F 25:0 _has_valid_results_output - A (1)
scripts/check_mutation_score.py
    F 31:0 main - C (13)
    F 19:0 parse_mutmut_results - A (3)
scripts/scan_normative_tags.py
    F 50:0 main - C (18)
    F 18:0 load_governed_docs - B (7)
    F 32:0 load_claims - A (3)
    F 46:0 rel - A (1)
scripts/check_api_contract.py
    F 146:0 main - B (10)
    F 75:0 collect_public_api - B (8)
    F 116:0 check_api_changes - B (6)
    F 52:0 _ensure_repo_src_on_path - A (3)
    F 68:0 _safe_signature - A (2)
    F 100:0 _read_pyproject_version - A (2)
    F 109:0 _parse_semver - A (2)
    F 61:0 _normalize_signature_text - A (1)
    F 140:0 semver_allows_breaking_change - A (1)
scripts/_audit_metrics_pr40.py
    F 107:0 main - C (11)
    F 16:0 audit_metrics - B (7)
scripts/validate_mutation_baseline.py
    F 42:0 main - C (13)
scripts/track_quality.py
    F 34:0 get_security_issues - B (6)
    F 46:0 main - A (5)
    F 25:0 get_lint_issues - A (3)
    F 16:0 get_coverage - A (2)
    F 11:0 run_command - A (1)
scripts/release_readiness.py
    F 167:0 render_markdown - B (6)
    F 41:0 check_mutation_baseline - A (5)
    F 108:0 build_report - A (5)
    F 25:0 check_files_exist - A (4)
    F 196:0 main - A (4)
    F 74:0 check_pyproject_version - A (3)
    F 37:0 load_json - A (1)
    C 18:0 CheckResult - A (1)
scripts/generate_coverage_trend.py
    F 85:0 validate_state_thresholds - A (5)
    F 78:0 normalize_coverage_percent - A (3)
    F 100:0 quantize_coverage_state - A (3)
    F 109:0 load_total_coverage - A (2)
    C 48:0 CoverageTrendRecord - A (2)
    F 68:0 parse_args - A (1)
    F 119:0 build_record - A (1)
    F 129:0 write_outputs - A (1)
    F 155:0 main - A (1)
    C 37:0 CoverageTrendPayload - A (1)
    M 57:4 CoverageTrendRecord.to_payload - A (1)
scripts/scan_tierS_misuse.py
    F 64:0 main - C (15)
    F 29:0 load_governed_docs - B (7)
    F 44:0 load_claims - A (3)
    F 59:0 rel - A (1)
scripts/build_wheelhouse.py
    F 101:0 _iter_requirement_lines - C (11)
    F 138:0 parse_locked_requirements - B (10)
    F 274:0 validate_wheelhouse - B (9)
    F 64:0 _derive_target_env_from_platform_tag - B (6)
    F 183:0 _wheel_matches_target_tag - A (5)
    F 223:0 _build_report - A (5)
    F 354:0 sysconfig_platform_tag - A (5)
    F 201:0 wheelhouse_coverage - A (4)
    F 387:0 main - A (4)
    F 316:0 build_wheelhouse - A (3)
    F 57:0 _normalize_python_full_version - A (2)
    F 87:0 _marker_environment - A (2)
    F 267:0 _write_report - A (2)
    C 32:0 LockedRequirement - A (2)
    F 368:0 _default_target - A (1)
    C 20:0 TargetConfig - A (1)
    M 39:4 LockedRequirement.key - A (1)
    C 44:0 ParseResult - A (1)
    C 51:0 WheelScanResult - A (1)
scripts/validate_long_running_triggers.py
    F 189:0 parse_inventory_table - D (22)
    F 67:0 specifier_allows - C (17)
    F 285:0 evaluate_policy - C (16)
    F 158:0 normalize_triggers - C (13)
    F 116:0 load_python_requires - B (8)
    F 109:0 requires_python_satisfied - A (5)
    F 251:0 load_workflows - A (5)
    F 389:0 main - A (5)
    F 139:0 validate_python_version - A (4)
    F 369:0 run_policy - A (4)
    F 42:0 parse_version - A (3)
    F 49:0 compare_versions - A (3)
    F 281:0 format_allowed_sets - A (2)
    F 60:0 matches_prefix - A (1)
    F 268:0 format_trigger_list - A (1)
    F 273:0 format_diff - A (1)
    C 19:0 PolicyParseError - A (1)
    C 24:0 InventoryRow - A (1)
    C 31:0 InventoryException - A (1)
    C 37:0 PolicyResult - A (1)

1484 blocks (classes, functions, methods) analyzed.
Average complexity: A (3.5330188679245285)
