timestamp_utc: 2026-02-16T12:32:32Z
cmd: git status --short --branch
exit: 0
stdout:
## work
stderr:
---
timestamp_utc: 2026-02-16T12:32:33Z
cmd: git rev-parse HEAD
exit: 0
stdout:
b67c6e3663fb43ff0545685a56d1a4758aae036d
stderr:
---
timestamp_utc: 2026-02-16T12:32:33Z
cmd: git branch --show-current || true
exit: 0
stdout:
work
stderr:
---
timestamp_utc: 2026-02-16T12:32:34Z
cmd: git remote -v || true
exit: 0
stdout:
stderr:
---
timestamp_utc: 2026-02-16T12:32:34Z
cmd: python -V || true
exit: 0
stdout:
Python 3.12.12
stderr:
---
timestamp_utc: 2026-02-16T12:32:35Z
cmd: python -m pip --version || true
exit: 0
stdout:
pip 25.3 from /root/.pyenv/versions/3.12.12/lib/python3.12/site-packages/pip (python 3.12)
stderr:
---
timestamp_utc: 2026-02-16T12:32:36Z
cmd: node -v || true
exit: 0
stdout:
v20.19.6
stderr:
---
timestamp_utc: 2026-02-16T12:32:37Z
cmd: npm -v || true
exit: 0
stdout:
11.4.2
stderr:
npm warn Unknown env config "http-proxy". This will stop working in the next major version of npm.
---
timestamp_utc: 2026-02-16T12:32:37Z
cmd: go version || true
exit: 0
stdout:
go version go1.24.3 linux/amd64
stderr:
---
timestamp_utc: 2026-02-16T12:32:38Z
cmd: rustc --version || true
exit: 0
stdout:
rustc 1.89.0 (29483883e 2025-08-04)
stderr:
---
timestamp_utc: 2026-02-16T12:32:40Z
cmd: git checkout -b chore/usability-blocker-audit
exit: 0
stdout:
stderr:
Switched to a new branch 'chore/usability-blocker-audit'
---
