$ find repo files
entropy/acceptance_map.yaml
entropy/baseline.json
entropy/__init__.py
entropy/policy.json
entropy/metrics.json
entropy/current.json
entropy/guards/check_entropy_artifacts.py
entropy/guards/__init__.py
entropy/commands.log
acceptance_map.yaml
DOC_CHANGELOG.md
manifest/repo_manifest.computed.json
manifest/repo_manifest.yml
manifest/repo_manifest.schema.json
HARDENING_SUMMARY.md
docs/MODULE_RESPONSIBILITY_MATRIX.md
docs/DOCUMENTATION_FORMALIZATION.md
docs/TRACEABILITY.md
docs/MAINTENANCE.md
docs/VERSIONING.md
docs/index.rst
docs/ENFORCEMENT_MATRIX.md
calibration_pack/golden/FIXTURE_A.output.json
calibration_pack/golden/FIXTURE_B.output.json
calibration_pack/golden/FIXTURE_C.output.json
calibration_pack/toolchain_fingerprint.txt
calibration_pack/logs/summary_validation.log
calibration_pack/logs/golden_hash_before.log
calibration_pack/logs/schema_validation_final.log
calibration_pack/logs/build_report_cmd.log
calibration_pack/logs/golden_hash_diff.log
calibration_pack/logs/make_test.log
calibration_pack/logs/harness_run.log
calibration_pack/logs/determinism_check.log
calibration_pack/logs/run_calibration_cmd.log
calibration_pack/logs/determinism_replay.log
calibration_pack/logs/schema_validation.log
docs/api/_static/manifest.json
calibration_pack/logs/golden_hash_after.log
calibration_pack/logs/ruff_harness.log
calibration_pack/logs/git_identity.log
docs/api/_static/tools/update_manifest.py
docs/api/_static/README.md
calibration_pack/prompts/calibration_contract_v2026_02.md
docs/api/_templates/manifest.json
docs/api/_templates/tools/update_manifest.py
docs/api/_templates/README.md
docs/api/index.md
calibration_pack/harness/fixtures/FIXTURE_B.json
calibration_pack/harness/fixtures/FIXTURE_A.json
calibration_pack/harness/fixtures/FIXTURE_C.json
calibration_pack/harness/run_calibration.py
calibration_pack/harness/validate_summary.py
calibration_pack/harness/TEST_MATRIX.yaml
calibration_pack/harness/build_report.py
calibration_pack/schemas/summary_rules.json
calibration_pack/schemas/calibration_report.schema.json
calibration_pack/audit_hash.txt
ARCH_ASSESSMENT.md
tests_inventory.json
plan.md
IMPLEMENTATION_SUMMARY.md
PR_READY_CHECKLIST.md
PROOF_BUNDLE/toolchain_fingerprint.txt
PROOF_BUNDLE/logs/mypy.log
PROOF_BUNDLE/logs/python_build.log
PROOF_BUNDLE/logs/pip_install_test.log
PROOF_BUNDLE/logs/make_test.log
PROOF_BUNDLE/logs/toolchain_raw.log
PROOF_BUNDLE/logs/make_test_after_install.log
PROOF_BUNDLE/logs/pip_audit_version.log
PROOF_BUNDLE/logs/ruff_check.log
PROOF_BUNDLE/logs/bandit_version.log
PROOF_BUNDLE/logs/git_identity.log
PROOF_BUNDLE/logs/lockfile_hashes.log
PROOF_BUNDLE/commands_executed.txt
PROOF_BUNDLE/audit_hash.txt
INVENTORY.json
audit_reproducibility.json
PR_DESCRIPTION.md
claims/claims.yml
claims/README.md
EXEC_SUMMARY.md
CHANGELOG.md
EXECUTION_PLAN.md
VERIFICATION_REPORT.md
noise_cleanup_manifest.json
executive_summary.md
quality/coverage_gate.json
quality/mutation_baseline.json
quality/api_contract_baseline.json
docs/api/generated/contracts.math_contracts.rst
docs/api/generated/bnsyn.calibration.accuracy_speed.rst
docs/api/generated/bnsyn.production.jax_backend.rst
docs/api/generated/bnsyn.emergence.crystallizer.rst
docs/api/generated/bnsyn.sleep.cycle.rst
docs/api/generated/bnsyn.energy.rst
docs/api/generated/bnsyn.benchmarks.rst
docs/api/generated/bnsyn.control.rst
docs/api/generated/bnsyn.vcg.rst
docs/api/generated/bnsyn.energy.regularization.rst
docs/api/generated/bnsyn.production.rst
docs/api/generated/bnsyn.schemas.rst
docs/api/generated/bnsyn.synapse.conductance.rst
docs/api/generated/bnsyn.connectivity.sparse.rst
docs/api/generated/bnsyn.tools.run_scaled_sleep_stack.rst
docs/api/generated/bnsyn.criticality.branching.rst
docs/api/generated/bnsyn.validation.rst
docs/api/generated/bnsyn.tools.benchmark_sleep_stack_scale.rst
docs/api/generated/bnsyn.neurons.rst
docs/api/generated/bnsyn.criticality.analysis.rst
docs/api/generated/bnsyn.connectivity.rst
docs/api/generated/bnsyn.provenance.manifest_builder.rst
docs/api/generated/bnsyn.sleep.replay.rst
docs/api/generated/bnsyn.memory.trace.rst
docs/api/generated/bnsyn.calibration.rst
docs/api/generated/bnsyn.validation.inputs.rst
docs/api/generated/bnsyn.emergence.rst
docs/api/generated/bnsyn.sim.rst
docs/api/generated/bnsyn.consolidation.rst
docs/api/generated/bnsyn.testing.faults.rst
docs/api/generated/bnsyn.consolidation.dual_weight.rst
docs/api/generated/bnsyn.production.connectivity.rst
docs/api/generated/bnsyn.benchmarks.regime.rst
docs/api/generated/bnsyn.viz.rst
docs/api/generated/bnsyn.provenance.manifest.rst
docs/api/generated/bnsyn.viz.interactive.rst
docs/api/generated/bnsyn.incremental.rst
docs/api/generated/bnsyn.temperature.rst
docs/api/generated/bnsyn.config.rst
docs/api/generated/bnsyn.plasticity.stdp.rst
docs/api/generated/bnsyn.cli.rst
docs/api/generated/bnsyn.rng.rst
docs/api/generated/bnsyn.production.adex.rst
docs/api/generated/bnsyn.sim.network.rst
docs/api/generated/bnsyn.sleep.stages.rst
docs/api/generated/bnsyn.memory.rst
docs/api/generated/bnsyn.criticality.rst
docs/api/generated/contracts.rst
docs/api/generated/bnsyn.neuron.adex.rst
docs/api/generated/bnsyn.memory.consolidator.rst
docs/api/generated/bnsyn.temperature.schedule.rst
docs/api/generated/bnsyn.synapse.rst
docs/api/generated/bnsyn.experiments.declarative.rst
docs/api/generated/bnsyn.numerics.rst
docs/api/generated/bnsyn.sleep.rst
docs/api/generated/bnsyn.viz.dashboard.rst
docs/api/generated/bnsyn.plasticity.rst
docs/api/generated/bnsyn.simulation.rst
docs/api/generated/bnsyn.tools.rst
docs/api/generated/bnsyn.testing.rst
docs/api/generated/bnsyn.synapses.rst
docs/api/generated/bnsyn.neuron.rst
docs/api/generated/bnsyn.memory.ledger.rst
docs/api/generated/bnsyn.provenance.rst
docs/api/generated/bnsyn.plasticity.three_factor.rst
docs/api/generated/bnsyn.criticality.phase_transition.rst
docs/api/generated/bnsyn.schemas.experiment.rst
docs/api/generated/bnsyn.experiments.rst
docs/api/generated/bnsyn.rst
docs/api/generated/bnsyn.numerics.integrators.rst
docs/api/generated/bnsyn.calibration.fit.rst
docs/api/api_bnsyn.md
docs/api/modules.md
docs/api/conf.py
docs/SPEC.md
docs/PLACEHOLDER_BASELINE_CYCLE0.md
docs/VCG.md
docs/TESTING.md
docs/PERFORMANCE_REPORT.md
docs/COMPONENT_AUDIT.md
docs/QUALITY_INFRASTRUCTURE.md
docs/ENTROPY_LEDGER.md
docs/THROUGHPUT_SCALING.md
docs/spec_to_code.yml
docs/TROUBLESHOOTING.md
docs/BENCHMARK_MAP.md
docs/SCRIPTS/index.md
docs/assets/hero.svg
docs/PR40_EVIDENCE_REPORT.md
docs/SCALABILITY.md
docs/GOVERNANCE.md
docs/INDEX.md
docs/NORMATIVE_LABELING.md
scripts/scan_tierS_misuse.py
scripts/validate_workflow_contracts.py
scripts/build_wheelhouse.py
scripts/validate_traceability.py
scripts/validate_required_status_contexts.py
docs/scripts/lint-ci-truthfulness.md
scripts/validate_mutation_baseline.py
scripts/calculate_throughput_gain.py
scripts/run_mutation_pipeline.py
docs/scripts/validate-status-claims.md
scripts/generate_evidence_coverage.py
docs/scripts/scan-tierS-misuse.md
scripts/lint_ci_truthfulness.py
docs/scripts/validate-long-running-triggers.md
scripts/release_readiness.py
docs/scripts/generate-math-data.md
