     1	# Product Requirements Document (Protocol Session)
     2	
     3	## Context
     4	This document was created to satisfy Phase 0 artifact requirements from the execution protocol.
     5	
     6	## Objective
     7	Generate a complete Product Readiness Dossier package with verifiable, hashed artifacts and resolved RIC findings.
     8	
     9	## Scope
    10	- Produce protocol artifacts only.
    11	- Do not alter application business logic.
    12	
    13	## Non-Goals
    14	- No feature expansion.
    15	- No schema/API redesign.
    16	- No dependency changes.
    17	
    18	## Acceptance Criteria
    19	1. `PRODUCT_READINESS_DOSSIER.md` exists and captures phases, checks, gates, and evidence.
    20	2. `scorecard.json` reports PASS for all gates A-I and launch checks.
    21	3. `hashes.json` includes SHA256 for required artifacts.
    22	4. `manifests/ric_failures.json` exists and all entries are resolved.
