$ rg --files README/pyproject/make/workflows/src tests
- src/contracts/__init__.py
- src/contracts/math_contracts.py
- src/bnsyn/criticality/analysis.py
- src/bnsyn/criticality/__init__.py
- src/bnsyn/criticality/branching.py
- src/bnsyn/criticality/phase_transition.py
- src/bnsyn/rng.py
- src/bnsyn/temperature/__init__.py
- src/bnsyn/temperature/schedule.py
- src/bnsyn/config.py
- src/bnsyn/neurons.py
- src/bnsyn/__main__.py
- src/bnsyn/simulation.py
- src/bnsyn/numerics/integrators.py
- src/bnsyn/numerics/__init__.py
- tests/test_run_simulation_external_current.py
- tests/test_synapse_smoke.py
- tests/test_intelligence_cycle.py
- tests/test_cli_sleep_stack_backend_and_N_unit.py
- tests/test_benchmarks_smoke.py
- tests/test_mutation_counts_contract.py
- tests/test_pr_description_policy_workflow.py
- tests/test_update_manifest_tools.py
- tests/test_experiments_temperature_ablation.py
- tests/test_network_validation_edges.py
- tests/test_vcg_smoke.py
- tests/test_memory_ledger_unit.py
- tests/test_api_surface_reexports.py
- tests/test_validation_inputs.py
- tests/tolerances.py
- tests/test_pytest_collection_contract.py
- tests/test_tools_scaled_sleep_stack_smoke.py
- tests/test_mutation_ci_summary_contract.py
- tests/test_determinism.py
- tests/test_validate_required_checks.py
- tests/test_sync_required_status_contexts.py
- tests/test_principal_test_hardening.py
- tests/test_math_invariants.py
- tests/test_mutation_survivors_summary.py
- src/bnsyn/plasticity/three_factor.py
- src/bnsyn/plasticity/__init__.py
- src/bnsyn/plasticity/stdp.py
- src/bnsyn/sim/__init__.py
- src/bnsyn/sim/network.py
- tests/properties/test_properties_bnsyn.py
- tests/properties/test_validation_inputs_properties.py
- tests/properties/test_properties_determinism.py
- tests/properties/__init__.py
- tests/properties/test_manifest_tooling_properties.py
- tests/properties/test_adex_properties.py
- tests/properties/conftest.py
- tests/properties/test_hypothesis_profiles.py
- tests/test_release_pipeline.py
- tests/test_schema_experiment_contracts.py
- tests/test_dt_invariance.py
- tests/test_phase_transition.py
- tests/test_network_allocation_buffers.py
- tests/test_readme_quickstart_contract.py
- tests/test_imports.py
- tests/test_mutation_run_pipeline_contract.py
- tests/test_experiment_manifest.py
- tests/test_sleep_replay.py
- tests/test_network_smoke.py
- tests/test_audit_suite_artifacts.py
- tests/test_run_simulation_validation.py
- tests/test_validate_pr_gates.py
- tests/test_incremental_cache.py
- src/bnsyn/benchmarks/regime.py
- src/bnsyn/benchmarks/__init__.py
- src/bnsyn/__init__.py
- src/bnsyn/connectivity/__init__.py
- src/bnsyn/connectivity/sparse.py
- tests/benchmarks/test_regression.py
- tests/test_spec_mapping_guard.py
- tests/test_api_maturity.py
- tests/test_viz_smoke_coverage.py
- tests/__init__.py
- tests/test_sleep_stage_validation.py
- tests/test_no_escape_tripwires.py
- tests/test_manifest_tooling_regression.py
- tests/test_temperature_smoke.py
- tests/test_mutation_killers.py
- tests/test_network_external_input.py
- tests/test_vcg_invariants_guard.py
- tests/test_generate_inventory.py
- tests/test_validate_status_claims.py
- tests/test_viz_interactive_main.py
- tests/test_sleep_cycle.py
- tests/test_integration_examples.py
- tests/test_scan_placeholders.py
- tests/test_validate_long_running_triggers.py
- tests/test_provenance_manifest.py
- tests/test_manifest_consistency.py
- tests/test_connectivity_sparse.py
- src/bnsyn/calibration/accuracy_speed.py
- tests/test_phase_transition_detector.py
- src/bnsyn/calibration/fit.py
- tests/test_wheelhouse_tools.py
- src/bnsyn/calibration/__init__.py
- tests/test_integration_experiment_flow.py
- tests/test_cli_versioning.py
- tests/test_check_internal_links.py
- tests/test_energy_smoke.py
- tests/test_faults.py
- tests/test_manifest_tooling.py
- tests/test_cli_unit.py
- tests/test_validate_bibliography_script.py
- tests/test_synapse_conductance_edge.py
- tests/test_sleep_cycle_integration.py
- tests/test_cli_sleep_stack_figure.py
- src/bnsyn/production/adex.py
- src/bnsyn/production/__init__.py
- src/bnsyn/production/jax_backend.py
- src/bnsyn/production/connectivity.py
- src/bnsyn/energy/regularization.py
- src/bnsyn/energy/__init__.py
- tests/test_release_readiness.py
- tests/test_interactive_smoke.py
- src/bnsyn/sleep/cycle.py
- src/bnsyn/sleep/__init__.py
- src/bnsyn/sleep/replay.py
- src/bnsyn/sleep/stages.py
- src/bnsyn/consolidation/__init__.py
- src/bnsyn/consolidation/dual_weight.py
- src/bnsyn/memory/__init__.py
- src/bnsyn/memory/consolidator.py
- src/bnsyn/memory/trace.py
- src/bnsyn/memory/ledger.py
- src/bnsyn/synapse/__init__.py
- src/bnsyn/synapse/conductance.py
- src/bnsyn/validation/inputs.py
- src/bnsyn/validation/__init__.py
- src/bnsyn/control.py
- src/bnsyn/cli.py
- tests/validation/test_sleep_stack_effectiveness.py
- tests/validation/test_claims_validation.py
- tests/validation/test_validation.py
- tests/validation/test_energy_validation.py
- tests/validation/test_crystallizer_real.py
- tests/validation/test_experiments_temperature_ablation_stats.py
- tests/validation/test_production_properties.py
- tests/validation/test_synapse_validation.py
- tests/validation/test_plasticity_validation.py
- tests/validation/test_calibration_validation.py
- tests/validation/__init__.py
- tests/validation/test_chaos_timing.py
- tests/validation/test_cli_validation.py
- tests/validation/test_adex_validation.py
- tests/validation/test_verify_hypothesis_v2.py
- tests/validation/test_consolidation_validation.py
- tests/validation/test_largeN_validation.py
- tests/validation/test_chaos_stochastic.py
- tests/validation/test_temperature_validation.py
- tests/validation/test_numerics_validation.py
- tests/validation/test_network_validation.py
- tests/validation/test_determinism_validation.py
- tests/validation/test_sleep_cycle_long.py
- tests/validation/test_criticality_validation.py
- tests/validation/test_chaos_io.py
- tests/validation/test_memory_validation.py
- tests/validation/test_integration_validation.py
- tests/validation/test_chaos_integration.py
- tests/validation/test_chaos_numeric.py
- tests/validation/test_viz_dashboard.py
- tests/test_validate_codebase_readiness_audit.py
- tests/test_coverage_paths.py
- tests/test_entropy_artifacts_guard.py
- tests/test_schema_contracts.py
- tests/test_quickstart_consistency_script.py
- tests/test_criticality_smoke.py
- tests/test_jax_backend.py
- tests/test_manifest_tools.py
- tests/test_viz_interactive.py
- tests/test_performance.py
- src/bnsyn/experiments/declarative.py
- tests/test_neuron_adex_validation.py
- tests/test_entropy_gate.py
- src/bnsyn/experiments/__init__.py
- tests/test_cli_interactive.py
- tests/test_verify_reproducible_artifacts.py
- tests/test_calibration_fit_edge.py
- tests/test_validate_workflow_contracts.py
- tests/test_memory_trace_unit.py
- tests/test_readiness_artifact_schemas.py
- tests/test_edge_cases_criticality.py
- tests/test_crystallizer_edge_cases.py
- tests/test_math_core_hardening.py
- tests/test_pr_description_policy_template.py
- tests/test_plasticity_three_factor_edge.py
- tests/test_experiments_declarative.py
- tests/test_api_contract_semver.py
- tests/test_tools_run_scaled_sleep_stack_unit.py
- tests/test_edge_cases_adex.py
- tests/test_coverage_gap_extensions.py
- tests/test_cli_smoke.py
- tests/test_coverage_gate.py
- tests/test_manifest_builder.py
- tests/test_memory_consolidator.py
- tests/test_tools_benchmark_sleep_stack_scale_unit.py
- tests/test_scan_governed_docs_script.py
- tests/test_attractor_crystallizer.py
- tests/test_calibration_accuracy_speed.py
- tests/test_benchmark_regression_gate.py
- tests/test_memory.py
- tests/test_validate_calibration_summary.py
- tests/test_consolidation_smoke.py
- tests/test_vcg_validation.py
- tests/conftest.py
- tests/test_viz_optional_import.py
- tests/test_edge_cases_temperature.py
- tests/test_tla_invariants_guard.py
- tests/test_actions_pinning.py
- tests/test_criticality_analysis_edge.py
- tests/test_adex_smoke.py
- tests/test_edge_cases_synapse.py
- tests/test_api_contract_command.py
- tests/test_cli_sleep_stack_branches.py
- tests/test_production_adex_spike.py
- tests/test_generate_coverage_trend.py
- tests/test_quickstart_contract.py
- tests/test_calibration_smoke.py
- tests/test_plasticity_smoke.py
- tests/test_quickstart_contract_validator.py
- tests/test_claims_enforcement.py
- src/bnsyn/tools/__init__.py
- src/bnsyn/tools/run_scaled_sleep_stack.py
- src/bnsyn/tools/benchmark_sleep_stack_scale.py
- src/bnsyn/incremental.py
- src/bnsyn/vcg.py
- src/bnsyn/viz/__init__.py
- src/bnsyn/viz/dashboard.py
- src/bnsyn/viz/interactive.py
- src/bnsyn/provenance/manifest.py
- src/bnsyn/provenance/manifest_builder.py
- src/bnsyn/provenance/__init__.py
- src/bnsyn/testing/__init__.py
- src/bnsyn/testing/faults.py
- src/bnsyn/py.typed
- src/bnsyn/synapses.py
- src/bnsyn/emergence/__init__.py
- src/bnsyn/emergence/crystallizer.py
- src/bnsyn/schemas/__init__.py
- src/bnsyn/schemas/experiment.py
- src/bnsyn/neuron/adex.py
- src/bnsyn/neuron/__init__.py
- Makefile
- README_CLAIMS_GATE.md
- .github/workflows/_reusable_validation_tests.yml
- .github/workflows/math-quality-gate.yml
- .github/workflows/_reusable_property_tests.yml
- .github/workflows/ci-validation.yml
- .github/workflows/ci-smoke.yml
- .github/workflows/codeql.yml
- .github/workflows/_reusable_chaos_tests.yml
- .github/workflows/release-pipeline.yml
- .github/workflows/docs.yml
- .github/workflows/_reusable_pytest.yml
- .github/workflows/_reusable_quality.yml
- .github/workflows/codecov-health.yml
- .github/workflows/ci-benchmarks-elite.yml
- .github/workflows/benchmarks.yml
- .github/workflows/dependency-watch.yml
- .github/workflows/_reusable_formal_science.yml
- .github/workflows/ci-pr-atomic.yml
- .github/workflows/formal-coq.yml
- .github/workflows/workflow-integrity.yml
- .github/workflows/ci-benchmarks.yml
- .github/workflows/quality-mutation.yml
- .github/workflows/_reusable_gate_profile.yml
- .github/workflows/science.yml
- .github/workflows/ci-pr.yml
- .github/workflows/physics-equivalence.yml
- .github/workflows/dependency-review.yml
- .github/workflows/_reusable_benchmarks.yml
- .github/workflows/_reusable_ssot.yml
- .github/workflows/formal-tla.yml
- README.md
- pyproject.toml
