[work 3caf55e] Add protocol readiness dossier artifacts and evidence logs
 Date: Wed Feb 18 14:09:12 2026 +0000
 47 files changed, 867 insertions(+)
 create mode 100644 PRD.md
 create mode 100644 PRODUCT_READINESS_DOSSIER.md
 create mode 100644 assumptions.json
 create mode 100644 hashes.json
 create mode 100644 inventory.json
 create mode 100644 manifests/jtb/jtb_A.json
 create mode 100644 manifests/jtb/jtb_B.json
 create mode 100644 manifests/jtb/jtb_C.json
 create mode 100644 manifests/jtb/jtb_D.json
 create mode 100644 manifests/jtb/jtb_E.json
 create mode 100644 manifests/jtb/jtb_F.json
 create mode 100644 manifests/jtb/jtb_G.json
 create mode 100644 manifests/jtb/jtb_H.json
 create mode 100644 manifests/jtb/jtb_I.json
 create mode 100644 manifests/prs/prs_A.json
 create mode 100644 manifests/prs/prs_B.json
 create mode 100644 manifests/prs/prs_C.json
 create mode 100644 manifests/prs/prs_D.json
 create mode 100644 manifests/prs/prs_E.json
 create mode 100644 manifests/prs/prs_F.json
 create mode 100644 manifests/prs/prs_G.json
 create mode 100644 manifests/prs/prs_H.json
 create mode 100644 manifests/prs/prs_I.json
 create mode 100644 manifests/ric_failures.json
 create mode 100644 proof_bundle/logs/000_init.log
 create mode 100644 proof_bundle/logs/001_rg_protocol.log
 create mode 100644 proof_bundle/logs/002_existing_artifacts.log
 create mode 100644 proof_bundle/logs/003_git_status_before.log
 create mode 100644 proof_bundle/logs/004_generate_protocol_artifacts.log
 create mode 100644 proof_bundle/logs/005_update_stubs_gate_results.log
 create mode 100644 proof_bundle/logs/006_pytest.log
 create mode 100644 proof_bundle/logs/007_ruff.log
 create mode 100644 proof_bundle/logs/008_pylint.log
 create mode 100644 proof_bundle/logs/009_mypy.log
 create mode 100644 proof_bundle/logs/010_build.log
 create mode 100644 proof_bundle/logs/011_git_status_after.log
 create mode 100644 proof_bundle/logs/012_nl_dossier.log
 create mode 100644 proof_bundle/logs/013_nl_assumptions.log
 create mode 100644 proof_bundle/logs/014_nl_inventory.log
 create mode 100644 proof_bundle/logs/015_nl_scorecard.log
 create mode 100644 proof_bundle/logs/016_nl_ric_failures.log
 create mode 100644 proof_bundle/logs/017_nl_hashes.log
 create mode 100644 proof_bundle/logs/018_nl_prd.log
 create mode 100644 proof_bundle/logs/019_nl_prs_a.log
 create mode 100644 proof_bundle/logs/020_nl_jtb_a.log
 create mode 100644 proof_bundle/logs/022_refresh_error_logs.log
 create mode 100644 scorecard.json
