$ python -m pip install -e .
Obtaining file:///workspace/bnsyn-phase-controlled-emergent-dynamics
  Installing build dependencies: started
  Installing build dependencies: finished with status 'done'
  Checking if build backend supports build_editable: started
  Checking if build backend supports build_editable: finished with status 'done'
  Getting requirements to build editable: started
  Getting requirements to build editable: finished with status 'done'
  Preparing editable metadata (pyproject.toml): started
  Preparing editable metadata (pyproject.toml): finished with status 'done'
Requirement already satisfied: numpy==2.4.1 in /root/.pyenv/versions/3.12.12/lib/python3.12/site-packages (from bnsyn==0.2.0) (2.4.1)
Requirement already satisfied: pydantic==2.12.5 in /root/.pyenv/versions/3.12.12/lib/python3.12/site-packages (from bnsyn==0.2.0) (2.12.5)
Requirement already satisfied: scipy==1.17.0 in /root/.pyenv/versions/3.12.12/lib/python3.12/site-packages (from bnsyn==0.2.0) (1.17.0)
Requirement already satisfied: jsonschema==4.26.0 in /root/.pyenv/versions/3.12.12/lib/python3.12/site-packages (from bnsyn==0.2.0) (4.26.0)
Requirement already satisfied: joblib==1.4.2 in /root/.pyenv/versions/3.12.12/lib/python3.12/site-packages (from bnsyn==0.2.0) (1.4.2)
Requirement already satisfied: attrs>=22.2.0 in /root/.pyenv/versions/3.12.12/lib/python3.12/site-packages (from jsonschema==4.26.0->bnsyn==0.2.0) (25.4.0)
Requirement already satisfied: jsonschema-specifications>=2023.03.6 in /root/.pyenv/versions/3.12.12/lib/python3.12/site-packages (from jsonschema==4.26.0->bnsyn==0.2.0) (2025.9.1)
Requirement already satisfied: referencing>=0.28.4 in /root/.pyenv/versions/3.12.12/lib/python3.12/site-packages (from jsonschema==4.26.0->bnsyn==0.2.0) (0.37.0)
Requirement already satisfied: rpds-py>=0.25.0 in /root/.pyenv/versions/3.12.12/lib/python3.12/site-packages (from jsonschema==4.26.0->bnsyn==0.2.0) (0.30.0)
Requirement already satisfied: annotated-types>=0.6.0 in /root/.pyenv/versions/3.12.12/lib/python3.12/site-packages (from pydantic==2.12.5->bnsyn==0.2.0) (0.7.0)
Requirement already satisfied: pydantic-core==2.41.5 in /root/.pyenv/versions/3.12.12/lib/python3.12/site-packages (from pydantic==2.12.5->bnsyn==0.2.0) (2.41.5)
Requirement already satisfied: typing-extensions>=4.14.1 in /root/.pyenv/versions/3.12.12/lib/python3.12/site-packages (from pydantic==2.12.5->bnsyn==0.2.0) (4.15.0)
Requirement already satisfied: typing-inspection>=0.4.2 in /root/.pyenv/versions/3.12.12/lib/python3.12/site-packages (from pydantic==2.12.5->bnsyn==0.2.0) (0.4.2)
Building wheels for collected packages: bnsyn
  Building editable for bnsyn (pyproject.toml): started
  Building editable for bnsyn (pyproject.toml): finished with status 'done'
  Created wheel for bnsyn: filename=bnsyn-0.2.0-0.editable-py3-none-any.whl size=4046 sha256=d0e5b2d453a9f3cb5c1cfe3f64fb46b8bb6083009af043a4f807ea71f79551ef
  Stored in directory: /tmp/pip-ephem-wheel-cache-vsz8uh3z/wheels/b6/1a/09/a1d36e07ea304f8c95ab88d866597d5b760d5b91c4e13d9643
Successfully built bnsyn
Installing collected packages: bnsyn
Successfully installed bnsyn-0.2.0
WARNING: Running pip as the 'root' user can result in broken permissions and conflicting behaviour with the system package manager, possibly rendering your system unusable. It is recommended to use a virtual environment instead: https://pip.pypa.io/warnings/venv. Use the --root-user-action option if you know what you are doing and want to suppress this warning.

[notice] A new release of pip is available: 25.3 -> 26.0.1
[notice] To update, run: pip install --upgrade pip
$ python -m pytest -q

==================================== ERRORS ====================================
_____________ ERROR collecting tests/benchmarks/test_regression.py _____________
ImportError while importing test module '/workspace/bnsyn-phase-controlled-emergent-dynamics/tests/benchmarks/test_regression.py'.
Hint: make sure your test modules/packages have valid Python names.
Traceback:
/root/.pyenv/versions/3.12.12/lib/python3.12/importlib/__init__.py:90: in import_module
    return _bootstrap._gcd_import(name[level:], package, level)
           ^^^^^^^^^^^^^^^^^^^^^^^^^^^^^^^^^^^^^^^^^^^^^^^^^^^^
tests/benchmarks/test_regression.py:8: in <module>
    from benchmarks.metrics import metrics_to_dict, run_benchmark
benchmarks/metrics.py:12: in <module>
    import psutil
E   ModuleNotFoundError: No module named 'psutil'
______________________ ERROR collecting tests/properties _______________________
/root/.pyenv/versions/3.12.12/lib/python3.12/importlib/__init__.py:90: in import_module
    return _bootstrap._gcd_import(name[level:], package, level)
           ^^^^^^^^^^^^^^^^^^^^^^^^^^^^^^^^^^^^^^^^^^^^^^^^^^^^
<frozen importlib._bootstrap>:1387: in _gcd_import
    ???
<frozen importlib._bootstrap>:1360: in _find_and_load
    ???
<frozen importlib._bootstrap>:1331: in _find_and_load_unlocked
    ???
<frozen importlib._bootstrap>:935: in _load_unlocked
    ???
/root/.pyenv/versions/3.12.12/lib/python3.12/site-packages/_pytest/assertion/rewrite.py:197: in exec_module
    exec(co, module.__dict__)
tests/properties/conftest.py:5: in <module>
    from hypothesis import Verbosity, settings
E   ModuleNotFoundError: No module named 'hypothesis'
______________ ERROR collecting tests/test_claims_enforcement.py _______________
ImportError while importing test module '/workspace/bnsyn-phase-controlled-emergent-dynamics/tests/test_claims_enforcement.py'.
Hint: make sure your test modules/packages have valid Python names.
Traceback:
/root/.pyenv/versions/3.12.12/lib/python3.12/importlib/__init__.py:90: in import_module
    return _bootstrap._gcd_import(name[level:], package, level)
           ^^^^^^^^^^^^^^^^^^^^^^^^^^^^^^^^^^^^^^^^^^^^^^^^^^^^
tests/test_claims_enforcement.py:21: in <module>
    import yaml
E   ModuleNotFoundError: No module named 'yaml'
____________ ERROR collecting tests/test_experiments_declarative.py ____________
ImportError while importing test module '/workspace/bnsyn-phase-controlled-emergent-dynamics/tests/test_experiments_declarative.py'.
Hint: make sure your test modules/packages have valid Python names.
Traceback:
/root/.pyenv/versions/3.12.12/lib/python3.12/importlib/__init__.py:90: in import_module
    return _bootstrap._gcd_import(name[level:], package, level)
           ^^^^^^^^^^^^^^^^^^^^^^^^^^^^^^^^^^^^^^^^^^^^^^^^^^^^
tests/test_experiments_declarative.py:10: in <module>
    from bnsyn.experiments import declarative
src/bnsyn/experiments/__init__.py:5: in <module>
    from bnsyn.experiments.declarative import load_config, run_experiment, run_from_yaml
src/bnsyn/experiments/declarative.py:17: in <module>
    import yaml  # type: ignore[import-untyped]
    ^^^^^^^^^^^
E   ModuleNotFoundError: No module named 'yaml'
__________ ERROR collecting tests/test_integration_experiment_flow.py __________
ImportError while importing test module '/workspace/bnsyn-phase-controlled-emergent-dynamics/tests/test_integration_experiment_flow.py'.
Hint: make sure your test modules/packages have valid Python names.
Traceback:
/root/.pyenv/versions/3.12.12/lib/python3.12/importlib/__init__.py:90: in import_module
    return _bootstrap._gcd_import(name[level:], package, level)
           ^^^^^^^^^^^^^^^^^^^^^^^^^^^^^^^^^^^^^^^^^^^^^^^^^^^^
tests/test_integration_experiment_flow.py:8: in <module>
    from bnsyn.experiments.declarative import run_from_yaml
src/bnsyn/experiments/__init__.py:5: in <module>
    from bnsyn.experiments.declarative import load_config, run_experiment, run_from_yaml
src/bnsyn/experiments/declarative.py:17: in <module>
    import yaml  # type: ignore[import-untyped]
    ^^^^^^^^^^^
E   ModuleNotFoundError: No module named 'yaml'
_______________ ERROR collecting tests/test_manifest_tooling.py ________________
ImportError while importing test module '/workspace/bnsyn-phase-controlled-emergent-dynamics/tests/test_manifest_tooling.py'.
Hint: make sure your test modules/packages have valid Python names.
Traceback:
/root/.pyenv/versions/3.12.12/lib/python3.12/importlib/__init__.py:90: in import_module
    return _bootstrap._gcd_import(name[level:], package, level)
           ^^^^^^^^^^^^^^^^^^^^^^^^^^^^^^^^^^^^^^^^^^^^^^^^^^^^
tests/test_manifest_tooling.py:5: in <module>
    from tools.manifest import generate
tools/manifest/generate.py:8: in <module>
    import yaml
E   ModuleNotFoundError: No module named 'yaml'
__________ ERROR collecting tests/test_manifest_tooling_regression.py __________
ImportError while importing test module '/workspace/bnsyn-phase-controlled-emergent-dynamics/tests/test_manifest_tooling_regression.py'.
Hint: make sure your test modules/packages have valid Python names.
Traceback:
/root/.pyenv/versions/3.12.12/lib/python3.12/importlib/__init__.py:90: in import_module
    return _bootstrap._gcd_import(name[level:], package, level)
           ^^^^^^^^^^^^^^^^^^^^^^^^^^^^^^^^^^^^^^^^^^^^^^^^^^^^
tests/test_manifest_tooling_regression.py:9: in <module>
    from tools.manifest import generate, validate
tools/manifest/generate.py:8: in <module>
    import yaml
E   ModuleNotFoundError: No module named 'yaml'
___________ ERROR collecting tests/test_scan_governed_docs_script.py ___________
ImportError while importing test module '/workspace/bnsyn-phase-controlled-emergent-dynamics/tests/test_scan_governed_docs_script.py'.
Hint: make sure your test modules/packages have valid Python names.
Traceback:
/root/.pyenv/versions/3.12.12/lib/python3.12/importlib/__init__.py:90: in import_module
    return _bootstrap._gcd_import(name[level:], package, level)
           ^^^^^^^^^^^^^^^^^^^^^^^^^^^^^^^^^^^^^^^^^^^^^^^^^^^^
tests/test_scan_governed_docs_script.py:10: in <module>
    from scripts import scan_governed_docs  # noqa: E402
    ^^^^^^^^^^^^^^^^^^^^^^^^^^^^^^^^^^^^^^
scripts/scan_governed_docs.py:22: in <module>
    import yaml
E   ModuleNotFoundError: No module named 'yaml'
_______________ ERROR collecting tests/test_schema_contracts.py ________________
ImportError while importing test module '/workspace/bnsyn-phase-controlled-emergent-dynamics/tests/test_schema_contracts.py'.
Hint: make sure your test modules/packages have valid Python names.
Traceback:
/root/.pyenv/versions/3.12.12/lib/python3.12/importlib/__init__.py:90: in import_module
    return _bootstrap._gcd_import(name[level:], package, level)
           ^^^^^^^^^^^^^^^^^^^^^^^^^^^^^^^^^^^^^^^^^^^^^^^^^^^^
tests/test_schema_contracts.py:6: in <module>
    import yaml
E   ModuleNotFoundError: No module named 'yaml'
_________ ERROR collecting tests/test_sync_required_status_contexts.py _________
ImportError while importing test module '/workspace/bnsyn-phase-controlled-emergent-dynamics/tests/test_sync_required_status_contexts.py'.
Hint: make sure your test modules/packages have valid Python names.
Traceback:
/root/.pyenv/versions/3.12.12/lib/python3.12/importlib/__init__.py:90: in import_module
    return _bootstrap._gcd_import(name[level:], package, level)
           ^^^^^^^^^^^^^^^^^^^^^^^^^^^^^^^^^^^^^^^^^^^^^^^^^^^^
tests/test_sync_required_status_contexts.py:6: in <module>
    from scripts.sync_required_status_contexts import build_payload, sync_required_status_contexts
scripts/sync_required_status_contexts.py:7: in <module>
    import yaml
E   ModuleNotFoundError: No module named 'yaml'
_________ ERROR collecting tests/test_validate_bibliography_script.py __________
ImportError while importing test module '/workspace/bnsyn-phase-controlled-emergent-dynamics/tests/test_validate_bibliography_script.py'.
Hint: make sure your test modules/packages have valid Python names.
Traceback:
/root/.pyenv/versions/3.12.12/lib/python3.12/importlib/__init__.py:90: in import_module
    return _bootstrap._gcd_import(name[level:], package, level)
           ^^^^^^^^^^^^^^^^^^^^^^^^^^^^^^^^^^^^^^^^^^^^^^^^^^^^
tests/test_validate_bibliography_script.py:12: in <module>
    from scripts import validate_bibliography as vb  # noqa: E402
    ^^^^^^^^^^^^^^^^^^^^^^^^^^^^^^^^^^^^^^^^^^^^^^^
scripts/validate_bibliography.py:17: in <module>
    import yaml
E   ModuleNotFoundError: No module named 'yaml'
________ ERROR collecting tests/test_validate_long_running_triggers.py _________
ImportError while importing test module '/workspace/bnsyn-phase-controlled-emergent-dynamics/tests/test_validate_long_running_triggers.py'.
Hint: make sure your test modules/packages have valid Python names.
Traceback:
/root/.pyenv/versions/3.12.12/lib/python3.12/importlib/__init__.py:90: in import_module
    return _bootstrap._gcd_import(name[level:], package, level)
           ^^^^^^^^^^^^^^^^^^^^^^^^^^^^^^^^^^^^^^^^^^^^^^^^^^^^
tests/test_validate_long_running_triggers.py:5: in <module>
    import yaml
E   ModuleNotFoundError: No module named 'yaml'
_______________ ERROR collecting tests/test_validate_pr_gates.py _______________
ImportError while importing test module '/workspace/bnsyn-phase-controlled-emergent-dynamics/tests/test_validate_pr_gates.py'.
Hint: make sure your test modules/packages have valid Python names.
Traceback:
/root/.pyenv/versions/3.12.12/lib/python3.12/importlib/__init__.py:90: in import_module
    return _bootstrap._gcd_import(name[level:], package, level)
           ^^^^^^^^^^^^^^^^^^^^^^^^^^^^^^^^^^^^^^^^^^^^^^^^^^^^
tests/test_validate_pr_gates.py:5: in <module>
    from scripts.validate_pr_gates import validate_pr_gates
scripts/validate_pr_gates.py:8: in <module>
    from scripts.yaml_contracts import load_yaml_mapping, reject_unknown_keys
scripts/yaml_contracts.py:6: in <module>
    import yaml
E   ModuleNotFoundError: No module named 'yaml'
___________ ERROR collecting tests/test_validate_required_checks.py ____________
ImportError while importing test module '/workspace/bnsyn-phase-controlled-emergent-dynamics/tests/test_validate_required_checks.py'.
Hint: make sure your test modules/packages have valid Python names.
Traceback:
/root/.pyenv/versions/3.12.12/lib/python3.12/importlib/__init__.py:90: in import_module
    return _bootstrap._gcd_import(name[level:], package, level)
           ^^^^^^^^^^^^^^^^^^^^^^^^^^^^^^^^^^^^^^^^^^^^^^^^^^^^
tests/test_validate_required_checks.py:7: in <module>
    from scripts.validate_required_checks import (
scripts/validate_required_checks.py:7: in <module>
    from scripts.yaml_contracts import load_yaml_mapping, reject_unknown_keys
scripts/yaml_contracts.py:6: in <module>
    import yaml
E   ModuleNotFoundError: No module named 'yaml'
__________ ERROR collecting tests/test_validate_workflow_contracts.py __________
ImportError while importing test module '/workspace/bnsyn-phase-controlled-emergent-dynamics/tests/test_validate_workflow_contracts.py'.
Hint: make sure your test modules/packages have valid Python names.
Traceback:
/root/.pyenv/versions/3.12.12/lib/python3.12/importlib/__init__.py:90: in import_module
    return _bootstrap._gcd_import(name[level:], package, level)
           ^^^^^^^^^^^^^^^^^^^^^^^^^^^^^^^^^^^^^^^^^^^^^^^^^^^^
tests/test_validate_workflow_contracts.py:7: in <module>
    from scripts.validate_workflow_contracts import (
scripts/validate_workflow_contracts.py:9: in <module>
    from scripts.yaml_contracts import load_yaml_mapping
scripts/yaml_contracts.py:6: in <module>
    import yaml
E   ModuleNotFoundError: No module named 'yaml'
=========================== short test summary info ============================
ERROR tests/benchmarks/test_regression.py
ERROR tests/properties - ModuleNotFoundError: No module named 'hypothesis'
ERROR tests/test_claims_enforcement.py
ERROR tests/test_experiments_declarative.py
ERROR tests/test_integration_experiment_flow.py
ERROR tests/test_manifest_tooling.py
ERROR tests/test_manifest_tooling_regression.py
ERROR tests/test_scan_governed_docs_script.py
ERROR tests/test_schema_contracts.py
ERROR tests/test_sync_required_status_contexts.py
ERROR tests/test_validate_bibliography_script.py
ERROR tests/test_validate_long_running_triggers.py
ERROR tests/test_validate_pr_gates.py
ERROR tests/test_validate_required_checks.py
ERROR tests/test_validate_workflow_contracts.py
!!!!!!!!!!!!!!!!!!! Interrupted: 15 errors during collection !!!!!!!!!!!!!!!!!!!
$ python -m pytest -q -m "not (validation or property)"

==================================== ERRORS ====================================
_____________ ERROR collecting tests/benchmarks/test_regression.py _____________
ImportError while importing test module '/workspace/bnsyn-phase-controlled-emergent-dynamics/tests/benchmarks/test_regression.py'.
Hint: make sure your test modules/packages have valid Python names.
Traceback:
/root/.pyenv/versions/3.12.12/lib/python3.12/importlib/__init__.py:90: in import_module
    return _bootstrap._gcd_import(name[level:], package, level)
           ^^^^^^^^^^^^^^^^^^^^^^^^^^^^^^^^^^^^^^^^^^^^^^^^^^^^
tests/benchmarks/test_regression.py:8: in <module>
    from benchmarks.metrics import metrics_to_dict, run_benchmark
benchmarks/metrics.py:12: in <module>
    import psutil
E   ModuleNotFoundError: No module named 'psutil'
______________________ ERROR collecting tests/properties _______________________
/root/.pyenv/versions/3.12.12/lib/python3.12/importlib/__init__.py:90: in import_module
    return _bootstrap._gcd_import(name[level:], package, level)
           ^^^^^^^^^^^^^^^^^^^^^^^^^^^^^^^^^^^^^^^^^^^^^^^^^^^^
<frozen importlib._bootstrap>:1387: in _gcd_import
    ???
<frozen importlib._bootstrap>:1360: in _find_and_load
    ???
<frozen importlib._bootstrap>:1331: in _find_and_load_unlocked
    ???
<frozen importlib._bootstrap>:935: in _load_unlocked
    ???
/root/.pyenv/versions/3.12.12/lib/python3.12/site-packages/_pytest/assertion/rewrite.py:197: in exec_module
    exec(co, module.__dict__)
tests/properties/conftest.py:5: in <module>
    from hypothesis import Verbosity, settings
E   ModuleNotFoundError: No module named 'hypothesis'
______________ ERROR collecting tests/test_claims_enforcement.py _______________
ImportError while importing test module '/workspace/bnsyn-phase-controlled-emergent-dynamics/tests/test_claims_enforcement.py'.
Hint: make sure your test modules/packages have valid Python names.
Traceback:
/root/.pyenv/versions/3.12.12/lib/python3.12/importlib/__init__.py:90: in import_module
    return _bootstrap._gcd_import(name[level:], package, level)
           ^^^^^^^^^^^^^^^^^^^^^^^^^^^^^^^^^^^^^^^^^^^^^^^^^^^^
tests/test_claims_enforcement.py:21: in <module>
    import yaml
E   ModuleNotFoundError: No module named 'yaml'
____________ ERROR collecting tests/test_experiments_declarative.py ____________
ImportError while importing test module '/workspace/bnsyn-phase-controlled-emergent-dynamics/tests/test_experiments_declarative.py'.
Hint: make sure your test modules/packages have valid Python names.
Traceback:
/root/.pyenv/versions/3.12.12/lib/python3.12/importlib/__init__.py:90: in import_module
    return _bootstrap._gcd_import(name[level:], package, level)
           ^^^^^^^^^^^^^^^^^^^^^^^^^^^^^^^^^^^^^^^^^^^^^^^^^^^^
tests/test_experiments_declarative.py:10: in <module>
    from bnsyn.experiments import declarative
src/bnsyn/experiments/__init__.py:5: in <module>
    from bnsyn.experiments.declarative import load_config, run_experiment, run_from_yaml
src/bnsyn/experiments/declarative.py:17: in <module>
    import yaml  # type: ignore[import-untyped]
    ^^^^^^^^^^^
E   ModuleNotFoundError: No module named 'yaml'
__________ ERROR collecting tests/test_integration_experiment_flow.py __________
ImportError while importing test module '/workspace/bnsyn-phase-controlled-emergent-dynamics/tests/test_integration_experiment_flow.py'.
Hint: make sure your test modules/packages have valid Python names.
Traceback:
/root/.pyenv/versions/3.12.12/lib/python3.12/importlib/__init__.py:90: in import_module
    return _bootstrap._gcd_import(name[level:], package, level)
           ^^^^^^^^^^^^^^^^^^^^^^^^^^^^^^^^^^^^^^^^^^^^^^^^^^^^
tests/test_integration_experiment_flow.py:8: in <module>
    from bnsyn.experiments.declarative import run_from_yaml
src/bnsyn/experiments/__init__.py:5: in <module>
    from bnsyn.experiments.declarative import load_config, run_experiment, run_from_yaml
src/bnsyn/experiments/declarative.py:17: in <module>
    import yaml  # type: ignore[import-untyped]
    ^^^^^^^^^^^
E   ModuleNotFoundError: No module named 'yaml'
_______________ ERROR collecting tests/test_manifest_tooling.py ________________
ImportError while importing test module '/workspace/bnsyn-phase-controlled-emergent-dynamics/tests/test_manifest_tooling.py'.
Hint: make sure your test modules/packages have valid Python names.
Traceback:
/root/.pyenv/versions/3.12.12/lib/python3.12/importlib/__init__.py:90: in import_module
    return _bootstrap._gcd_import(name[level:], package, level)
           ^^^^^^^^^^^^^^^^^^^^^^^^^^^^^^^^^^^^^^^^^^^^^^^^^^^^
tests/test_manifest_tooling.py:5: in <module>
    from tools.manifest import generate
tools/manifest/generate.py:8: in <module>
    import yaml
E   ModuleNotFoundError: No module named 'yaml'
__________ ERROR collecting tests/test_manifest_tooling_regression.py __________
ImportError while importing test module '/workspace/bnsyn-phase-controlled-emergent-dynamics/tests/test_manifest_tooling_regression.py'.
Hint: make sure your test modules/packages have valid Python names.
Traceback:
/root/.pyenv/versions/3.12.12/lib/python3.12/importlib/__init__.py:90: in import_module
    return _bootstrap._gcd_import(name[level:], package, level)
           ^^^^^^^^^^^^^^^^^^^^^^^^^^^^^^^^^^^^^^^^^^^^^^^^^^^^
tests/test_manifest_tooling_regression.py:9: in <module>
    from tools.manifest import generate, validate
tools/manifest/generate.py:8: in <module>
    import yaml
E   ModuleNotFoundError: No module named 'yaml'
___________ ERROR collecting tests/test_scan_governed_docs_script.py ___________
ImportError while importing test module '/workspace/bnsyn-phase-controlled-emergent-dynamics/tests/test_scan_governed_docs_script.py'.
Hint: make sure your test modules/packages have valid Python names.
Traceback:
/root/.pyenv/versions/3.12.12/lib/python3.12/importlib/__init__.py:90: in import_module
    return _bootstrap._gcd_import(name[level:], package, level)
           ^^^^^^^^^^^^^^^^^^^^^^^^^^^^^^^^^^^^^^^^^^^^^^^^^^^^
tests/test_scan_governed_docs_script.py:10: in <module>
    from scripts import scan_governed_docs  # noqa: E402
    ^^^^^^^^^^^^^^^^^^^^^^^^^^^^^^^^^^^^^^
scripts/scan_governed_docs.py:22: in <module>
    import yaml
E   ModuleNotFoundError: No module named 'yaml'
_______________ ERROR collecting tests/test_schema_contracts.py ________________
ImportError while importing test module '/workspace/bnsyn-phase-controlled-emergent-dynamics/tests/test_schema_contracts.py'.
Hint: make sure your test modules/packages have valid Python names.
Traceback:
/root/.pyenv/versions/3.12.12/lib/python3.12/importlib/__init__.py:90: in import_module
    return _bootstrap._gcd_import(name[level:], package, level)
           ^^^^^^^^^^^^^^^^^^^^^^^^^^^^^^^^^^^^^^^^^^^^^^^^^^^^
tests/test_schema_contracts.py:6: in <module>
    import yaml
E   ModuleNotFoundError: No module named 'yaml'
_________ ERROR collecting tests/test_sync_required_status_contexts.py _________
ImportError while importing test module '/workspace/bnsyn-phase-controlled-emergent-dynamics/tests/test_sync_required_status_contexts.py'.
Hint: make sure your test modules/packages have valid Python names.
Traceback:
/root/.pyenv/versions/3.12.12/lib/python3.12/importlib/__init__.py:90: in import_module
    return _bootstrap._gcd_import(name[level:], package, level)
           ^^^^^^^^^^^^^^^^^^^^^^^^^^^^^^^^^^^^^^^^^^^^^^^^^^^^
tests/test_sync_required_status_contexts.py:6: in <module>
    from scripts.sync_required_status_contexts import build_payload, sync_required_status_contexts
scripts/sync_required_status_contexts.py:7: in <module>
    import yaml
E   ModuleNotFoundError: No module named 'yaml'
_________ ERROR collecting tests/test_validate_bibliography_script.py __________
ImportError while importing test module '/workspace/bnsyn-phase-controlled-emergent-dynamics/tests/test_validate_bibliography_script.py'.
Hint: make sure your test modules/packages have valid Python names.
Traceback:
/root/.pyenv/versions/3.12.12/lib/python3.12/importlib/__init__.py:90: in import_module
    return _bootstrap._gcd_import(name[level:], package, level)
           ^^^^^^^^^^^^^^^^^^^^^^^^^^^^^^^^^^^^^^^^^^^^^^^^^^^^
tests/test_validate_bibliography_script.py:12: in <module>
    from scripts import validate_bibliography as vb  # noqa: E402
    ^^^^^^^^^^^^^^^^^^^^^^^^^^^^^^^^^^^^^^^^^^^^^^^
scripts/validate_bibliography.py:17: in <module>
    import yaml
E   ModuleNotFoundError: No module named 'yaml'
________ ERROR collecting tests/test_validate_long_running_triggers.py _________
ImportError while importing test module '/workspace/bnsyn-phase-controlled-emergent-dynamics/tests/test_validate_long_running_triggers.py'.
Hint: make sure your test modules/packages have valid Python names.
Traceback:
/root/.pyenv/versions/3.12.12/lib/python3.12/importlib/__init__.py:90: in import_module
    return _bootstrap._gcd_import(name[level:], package, level)
           ^^^^^^^^^^^^^^^^^^^^^^^^^^^^^^^^^^^^^^^^^^^^^^^^^^^^
tests/test_validate_long_running_triggers.py:5: in <module>
    import yaml
E   ModuleNotFoundError: No module named 'yaml'
_______________ ERROR collecting tests/test_validate_pr_gates.py _______________
ImportError while importing test module '/workspace/bnsyn-phase-controlled-emergent-dynamics/tests/test_validate_pr_gates.py'.
Hint: make sure your test modules/packages have valid Python names.
Traceback:
/root/.pyenv/versions/3.12.12/lib/python3.12/importlib/__init__.py:90: in import_module
    return _bootstrap._gcd_import(name[level:], package, level)
           ^^^^^^^^^^^^^^^^^^^^^^^^^^^^^^^^^^^^^^^^^^^^^^^^^^^^
tests/test_validate_pr_gates.py:5: in <module>
    from scripts.validate_pr_gates import validate_pr_gates
scripts/validate_pr_gates.py:8: in <module>
    from scripts.yaml_contracts import load_yaml_mapping, reject_unknown_keys
scripts/yaml_contracts.py:6: in <module>
    import yaml
E   ModuleNotFoundError: No module named 'yaml'
___________ ERROR collecting tests/test_validate_required_checks.py ____________
ImportError while importing test module '/workspace/bnsyn-phase-controlled-emergent-dynamics/tests/test_validate_required_checks.py'.
Hint: make sure your test modules/packages have valid Python names.
Traceback:
/root/.pyenv/versions/3.12.12/lib/python3.12/importlib/__init__.py:90: in import_module
    return _bootstrap._gcd_import(name[level:], package, level)
           ^^^^^^^^^^^^^^^^^^^^^^^^^^^^^^^^^^^^^^^^^^^^^^^^^^^^
tests/test_validate_required_checks.py:7: in <module>
    from scripts.validate_required_checks import (
scripts/validate_required_checks.py:7: in <module>
    from scripts.yaml_contracts import load_yaml_mapping, reject_unknown_keys
scripts/yaml_contracts.py:6: in <module>
    import yaml
E   ModuleNotFoundError: No module named 'yaml'
__________ ERROR collecting tests/test_validate_workflow_contracts.py __________
ImportError while importing test module '/workspace/bnsyn-phase-controlled-emergent-dynamics/tests/test_validate_workflow_contracts.py'.
Hint: make sure your test modules/packages have valid Python names.
Traceback:
/root/.pyenv/versions/3.12.12/lib/python3.12/importlib/__init__.py:90: in import_module
    return _bootstrap._gcd_import(name[level:], package, level)
           ^^^^^^^^^^^^^^^^^^^^^^^^^^^^^^^^^^^^^^^^^^^^^^^^^^^^
tests/test_validate_workflow_contracts.py:7: in <module>
    from scripts.validate_workflow_contracts import (
scripts/validate_workflow_contracts.py:9: in <module>
    from scripts.yaml_contracts import load_yaml_mapping
scripts/yaml_contracts.py:6: in <module>
    import yaml
E   ModuleNotFoundError: No module named 'yaml'
=========================== short test summary info ============================
ERROR tests/benchmarks/test_regression.py
ERROR tests/properties - ModuleNotFoundError: No module named 'hypothesis'
ERROR tests/test_claims_enforcement.py
ERROR tests/test_experiments_declarative.py
ERROR tests/test_integration_experiment_flow.py
ERROR tests/test_manifest_tooling.py
ERROR tests/test_manifest_tooling_regression.py
ERROR tests/test_scan_governed_docs_script.py
ERROR tests/test_schema_contracts.py
ERROR tests/test_sync_required_status_contexts.py
ERROR tests/test_validate_bibliography_script.py
ERROR tests/test_validate_long_running_triggers.py
ERROR tests/test_validate_pr_gates.py
ERROR tests/test_validate_required_checks.py
ERROR tests/test_validate_workflow_contracts.py
!!!!!!!!!!!!!!!!!!! Interrupted: 15 errors during collection !!!!!!!!!!!!!!!!!!!
$ python -m pytest --collect-only -q
tests/test_actions_pinning.py: 1
tests/test_adex_smoke.py: 3
tests/test_api_contract_command.py: 1
tests/test_api_contract_semver.py: 4
tests/test_api_maturity.py: 2
tests/test_api_surface_reexports.py: 4
tests/test_attractor_crystallizer.py: 12
tests/test_audit_suite_artifacts.py: 6
tests/test_benchmark_regression_gate.py: 1
tests/test_benchmarks_smoke.py: 6
tests/test_calibration_accuracy_speed.py: 1
tests/test_calibration_fit_edge.py: 1
tests/test_calibration_smoke.py: 1
tests/test_check_internal_links.py: 5
tests/test_cli_interactive.py: 10
tests/test_cli_sleep_stack_backend_and_N_unit.py: 1
tests/test_cli_sleep_stack_branches.py: 2
tests/test_cli_sleep_stack_figure.py: 1
tests/test_cli_smoke.py: 3
tests/test_cli_unit.py: 4
tests/test_cli_versioning.py: 4
tests/test_connectivity_sparse.py: 9
tests/test_consolidation_smoke.py: 1
tests/test_coverage_gap_extensions.py: 17
tests/test_coverage_gate.py: 12
tests/test_coverage_paths.py: 8
tests/test_criticality_analysis_edge.py: 4
tests/test_criticality_smoke.py: 1
tests/test_crystallizer_edge_cases.py: 5
tests/test_determinism.py: 3
tests/test_dt_invariance.py: 1
tests/test_edge_cases_adex.py: 17
tests/test_edge_cases_criticality.py: 12
tests/test_edge_cases_synapse.py: 15
tests/test_edge_cases_temperature.py: 10
tests/test_energy_smoke.py: 1
tests/test_entropy_artifacts_guard.py: 1
tests/test_entropy_gate.py: 1
tests/test_experiment_manifest.py: 1
tests/test_experiments_temperature_ablation.py: 10
tests/test_faults.py: 8
tests/test_generate_coverage_trend.py: 19
tests/test_generate_inventory.py: 2
tests/test_imports.py: 2
tests/test_incremental_cache.py: 2
tests/test_integration_examples.py: 2
tests/test_intelligence_cycle.py: 2
tests/test_interactive_smoke.py: 8
tests/test_jax_backend.py: 3
tests/test_manifest_builder.py: 9
tests/test_manifest_consistency.py: 1
tests/test_manifest_tools.py: 12
tests/test_math_core_hardening.py: 4
tests/test_math_invariants.py: 29
tests/test_memory.py: 12
tests/test_memory_consolidator.py: 8
tests/test_memory_ledger_unit.py: 5
tests/test_memory_trace_unit.py: 5
tests/test_mutation_ci_summary_contract.py: 9
tests/test_mutation_counts_contract.py: 12
tests/test_mutation_killers.py: 9
tests/test_mutation_run_pipeline_contract.py: 3
tests/test_mutation_survivors_summary.py: 2
tests/test_network_allocation_buffers.py: 2
tests/test_network_external_input.py: 4
tests/test_network_smoke.py: 3
tests/test_network_validation_edges.py: 4
tests/test_neuron_adex_validation.py: 3
tests/test_no_escape_tripwires.py: 3
tests/test_performance.py: 4
tests/test_phase_transition.py: 8
tests/test_phase_transition_detector.py: 8
tests/test_plasticity_smoke.py: 1
tests/test_plasticity_three_factor_edge.py: 2
tests/test_pr_description_policy_template.py: 1
tests/test_pr_description_policy_workflow.py: 1
tests/test_principal_test_hardening.py: 3
tests/test_production_adex_spike.py: 2
tests/test_provenance_manifest.py: 11
tests/test_pytest_collection_contract.py: 3
tests/test_quickstart_consistency_script.py: 2
tests/test_quickstart_contract.py: 1
tests/test_readiness_artifact_schemas.py: 4
tests/test_readme_quickstart_contract.py: 1
tests/test_release_pipeline.py: 2
tests/test_release_readiness.py: 2
tests/test_run_simulation_external_current.py: 1
tests/test_run_simulation_validation.py: 7
tests/test_scan_placeholders.py: 6
tests/test_schema_experiment_contracts.py: 5
tests/test_sleep_cycle.py: 10
tests/test_sleep_cycle_integration.py: 7
tests/test_sleep_replay.py: 11
tests/test_sleep_stage_validation.py: 1
tests/test_spec_mapping_guard.py: 2
tests/test_synapse_conductance_edge.py: 4
tests/test_synapse_smoke.py: 2
tests/test_temperature_smoke.py: 14
tests/test_tla_invariants_guard.py: 9
tests/test_tools_benchmark_sleep_stack_scale_unit.py: 2
tests/test_tools_run_scaled_sleep_stack_unit.py: 7
tests/test_tools_scaled_sleep_stack_smoke.py: 1
tests/test_update_manifest_tools.py: 10
tests/test_validate_codebase_readiness_audit.py: 4
tests/test_validate_status_claims.py: 3
tests/test_validation_inputs.py: 7
tests/test_vcg_invariants_guard.py: 17
tests/test_vcg_smoke.py: 2
tests/test_vcg_validation.py: 3
tests/test_verify_hypothesis_v2.py: 2
tests/test_verify_reproducible_artifacts.py: 2
tests/test_viz_interactive.py: 2
tests/test_viz_interactive_main.py: 2
tests/test_viz_optional_import.py: 6
tests/test_viz_smoke_coverage.py: 6
tests/test_wheelhouse_tools.py: 11
tests/validation/test_adex_validation.py: 2
tests/validation/test_calibration_validation.py: 1
tests/validation/test_chaos_integration.py: 9
tests/validation/test_chaos_io.py: 6
tests/validation/test_chaos_numeric.py: 10
tests/validation/test_chaos_stochastic.py: 5
tests/validation/test_chaos_timing.py: 7
tests/validation/test_claims_validation.py: 10
tests/validation/test_cli_validation.py: 1
tests/validation/test_consolidation_validation.py: 2
tests/validation/test_criticality_validation.py: 4
tests/validation/test_crystallizer_real.py: 2
tests/validation/test_determinism_validation.py: 1
tests/validation/test_energy_validation.py: 2
tests/validation/test_experiments_temperature_ablation_stats.py: 4
tests/validation/test_integration_validation.py: 4
tests/validation/test_largeN_validation.py: 1
tests/validation/test_memory_validation.py: 2
tests/validation/test_network_validation.py: 1
tests/validation/test_numerics_validation.py: 3
tests/validation/test_plasticity_validation.py: 2
tests/validation/test_production_properties.py: 149
tests/validation/test_sleep_cycle_long.py: 3
tests/validation/test_sleep_stack_effectiveness.py: 3
tests/validation/test_synapse_validation.py: 2
tests/validation/test_temperature_validation.py: 1
tests/validation/test_validation.py: 3
tests/validation/test_viz_dashboard.py: 5

==================================== ERRORS ====================================
_____________ ERROR collecting tests/benchmarks/test_regression.py _____________
ImportError while importing test module '/workspace/bnsyn-phase-controlled-emergent-dynamics/tests/benchmarks/test_regression.py'.
Hint: make sure your test modules/packages have valid Python names.
Traceback:
/root/.pyenv/versions/3.12.12/lib/python3.12/importlib/__init__.py:90: in import_module
    return _bootstrap._gcd_import(name[level:], package, level)
           ^^^^^^^^^^^^^^^^^^^^^^^^^^^^^^^^^^^^^^^^^^^^^^^^^^^^
tests/benchmarks/test_regression.py:8: in <module>
    from benchmarks.metrics import metrics_to_dict, run_benchmark
benchmarks/metrics.py:12: in <module>
    import psutil
E   ModuleNotFoundError: No module named 'psutil'
______________________ ERROR collecting tests/properties _______________________
/root/.pyenv/versions/3.12.12/lib/python3.12/importlib/__init__.py:90: in import_module
    return _bootstrap._gcd_import(name[level:], package, level)
           ^^^^^^^^^^^^^^^^^^^^^^^^^^^^^^^^^^^^^^^^^^^^^^^^^^^^
<frozen importlib._bootstrap>:1387: in _gcd_import
    ???
<frozen importlib._bootstrap>:1360: in _find_and_load
    ???
<frozen importlib._bootstrap>:1331: in _find_and_load_unlocked
    ???
<frozen importlib._bootstrap>:935: in _load_unlocked
    ???
/root/.pyenv/versions/3.12.12/lib/python3.12/site-packages/_pytest/assertion/rewrite.py:197: in exec_module
    exec(co, module.__dict__)
tests/properties/conftest.py:5: in <module>
    from hypothesis import Verbosity, settings
E   ModuleNotFoundError: No module named 'hypothesis'
______________ ERROR collecting tests/test_claims_enforcement.py _______________
ImportError while importing test module '/workspace/bnsyn-phase-controlled-emergent-dynamics/tests/test_claims_enforcement.py'.
Hint: make sure your test modules/packages have valid Python names.
Traceback:
/root/.pyenv/versions/3.12.12/lib/python3.12/importlib/__init__.py:90: in import_module
    return _bootstrap._gcd_import(name[level:], package, level)
           ^^^^^^^^^^^^^^^^^^^^^^^^^^^^^^^^^^^^^^^^^^^^^^^^^^^^
tests/test_claims_enforcement.py:21: in <module>
    import yaml
E   ModuleNotFoundError: No module named 'yaml'
____________ ERROR collecting tests/test_experiments_declarative.py ____________
ImportError while importing test module '/workspace/bnsyn-phase-controlled-emergent-dynamics/tests/test_experiments_declarative.py'.
Hint: make sure your test modules/packages have valid Python names.
Traceback:
/root/.pyenv/versions/3.12.12/lib/python3.12/importlib/__init__.py:90: in import_module
    return _bootstrap._gcd_import(name[level:], package, level)
           ^^^^^^^^^^^^^^^^^^^^^^^^^^^^^^^^^^^^^^^^^^^^^^^^^^^^
tests/test_experiments_declarative.py:10: in <module>
    from bnsyn.experiments import declarative
src/bnsyn/experiments/__init__.py:5: in <module>
    from bnsyn.experiments.declarative import load_config, run_experiment, run_from_yaml
src/bnsyn/experiments/declarative.py:17: in <module>
    import yaml  # type: ignore[import-untyped]
    ^^^^^^^^^^^
E   ModuleNotFoundError: No module named 'yaml'
__________ ERROR collecting tests/test_integration_experiment_flow.py __________
ImportError while importing test module '/workspace/bnsyn-phase-controlled-emergent-dynamics/tests/test_integration_experiment_flow.py'.
Hint: make sure your test modules/packages have valid Python names.
Traceback:
/root/.pyenv/versions/3.12.12/lib/python3.12/importlib/__init__.py:90: in import_module
    return _bootstrap._gcd_import(name[level:], package, level)
           ^^^^^^^^^^^^^^^^^^^^^^^^^^^^^^^^^^^^^^^^^^^^^^^^^^^^
tests/test_integration_experiment_flow.py:8: in <module>
    from bnsyn.experiments.declarative import run_from_yaml
src/bnsyn/experiments/__init__.py:5: in <module>
    from bnsyn.experiments.declarative import load_config, run_experiment, run_from_yaml
src/bnsyn/experiments/declarative.py:17: in <module>
    import yaml  # type: ignore[import-untyped]
    ^^^^^^^^^^^
E   ModuleNotFoundError: No module named 'yaml'
_______________ ERROR collecting tests/test_manifest_tooling.py ________________
ImportError while importing test module '/workspace/bnsyn-phase-controlled-emergent-dynamics/tests/test_manifest_tooling.py'.
Hint: make sure your test modules/packages have valid Python names.
Traceback:
/root/.pyenv/versions/3.12.12/lib/python3.12/importlib/__init__.py:90: in import_module
    return _bootstrap._gcd_import(name[level:], package, level)
           ^^^^^^^^^^^^^^^^^^^^^^^^^^^^^^^^^^^^^^^^^^^^^^^^^^^^
tests/test_manifest_tooling.py:5: in <module>
    from tools.manifest import generate
tools/manifest/generate.py:8: in <module>
    import yaml
E   ModuleNotFoundError: No module named 'yaml'
__________ ERROR collecting tests/test_manifest_tooling_regression.py __________
ImportError while importing test module '/workspace/bnsyn-phase-controlled-emergent-dynamics/tests/test_manifest_tooling_regression.py'.
Hint: make sure your test modules/packages have valid Python names.
Traceback:
/root/.pyenv/versions/3.12.12/lib/python3.12/importlib/__init__.py:90: in import_module
    return _bootstrap._gcd_import(name[level:], package, level)
           ^^^^^^^^^^^^^^^^^^^^^^^^^^^^^^^^^^^^^^^^^^^^^^^^^^^^
tests/test_manifest_tooling_regression.py:9: in <module>
    from tools.manifest import generate, validate
tools/manifest/generate.py:8: in <module>
    import yaml
E   ModuleNotFoundError: No module named 'yaml'
___________ ERROR collecting tests/test_scan_governed_docs_script.py ___________
ImportError while importing test module '/workspace/bnsyn-phase-controlled-emergent-dynamics/tests/test_scan_governed_docs_script.py'.
Hint: make sure your test modules/packages have valid Python names.
Traceback:
/root/.pyenv/versions/3.12.12/lib/python3.12/importlib/__init__.py:90: in import_module
    return _bootstrap._gcd_import(name[level:], package, level)
           ^^^^^^^^^^^^^^^^^^^^^^^^^^^^^^^^^^^^^^^^^^^^^^^^^^^^
tests/test_scan_governed_docs_script.py:10: in <module>
    from scripts import scan_governed_docs  # noqa: E402
    ^^^^^^^^^^^^^^^^^^^^^^^^^^^^^^^^^^^^^^
scripts/scan_governed_docs.py:22: in <module>
    import yaml
E   ModuleNotFoundError: No module named 'yaml'
_______________ ERROR collecting tests/test_schema_contracts.py ________________
ImportError while importing test module '/workspace/bnsyn-phase-controlled-emergent-dynamics/tests/test_schema_contracts.py'.
Hint: make sure your test modules/packages have valid Python names.
Traceback:
/root/.pyenv/versions/3.12.12/lib/python3.12/importlib/__init__.py:90: in import_module
    return _bootstrap._gcd_import(name[level:], package, level)
           ^^^^^^^^^^^^^^^^^^^^^^^^^^^^^^^^^^^^^^^^^^^^^^^^^^^^
tests/test_schema_contracts.py:6: in <module>
    import yaml
E   ModuleNotFoundError: No module named 'yaml'
_________ ERROR collecting tests/test_sync_required_status_contexts.py _________
ImportError while importing test module '/workspace/bnsyn-phase-controlled-emergent-dynamics/tests/test_sync_required_status_contexts.py'.
Hint: make sure your test modules/packages have valid Python names.
Traceback:
/root/.pyenv/versions/3.12.12/lib/python3.12/importlib/__init__.py:90: in import_module
    return _bootstrap._gcd_import(name[level:], package, level)
           ^^^^^^^^^^^^^^^^^^^^^^^^^^^^^^^^^^^^^^^^^^^^^^^^^^^^
tests/test_sync_required_status_contexts.py:6: in <module>
    from scripts.sync_required_status_contexts import build_payload, sync_required_status_contexts
scripts/sync_required_status_contexts.py:7: in <module>
    import yaml
E   ModuleNotFoundError: No module named 'yaml'
_________ ERROR collecting tests/test_validate_bibliography_script.py __________
ImportError while importing test module '/workspace/bnsyn-phase-controlled-emergent-dynamics/tests/test_validate_bibliography_script.py'.
Hint: make sure your test modules/packages have valid Python names.
Traceback:
/root/.pyenv/versions/3.12.12/lib/python3.12/importlib/__init__.py:90: in import_module
    return _bootstrap._gcd_import(name[level:], package, level)
           ^^^^^^^^^^^^^^^^^^^^^^^^^^^^^^^^^^^^^^^^^^^^^^^^^^^^
tests/test_validate_bibliography_script.py:12: in <module>
    from scripts import validate_bibliography as vb  # noqa: E402
    ^^^^^^^^^^^^^^^^^^^^^^^^^^^^^^^^^^^^^^^^^^^^^^^
scripts/validate_bibliography.py:17: in <module>
    import yaml
E   ModuleNotFoundError: No module named 'yaml'
________ ERROR collecting tests/test_validate_long_running_triggers.py _________
ImportError while importing test module '/workspace/bnsyn-phase-controlled-emergent-dynamics/tests/test_validate_long_running_triggers.py'.
Hint: make sure your test modules/packages have valid Python names.
Traceback:
/root/.pyenv/versions/3.12.12/lib/python3.12/importlib/__init__.py:90: in import_module
    return _bootstrap._gcd_import(name[level:], package, level)
           ^^^^^^^^^^^^^^^^^^^^^^^^^^^^^^^^^^^^^^^^^^^^^^^^^^^^
tests/test_validate_long_running_triggers.py:5: in <module>
    import yaml
E   ModuleNotFoundError: No module named 'yaml'
_______________ ERROR collecting tests/test_validate_pr_gates.py _______________
ImportError while importing test module '/workspace/bnsyn-phase-controlled-emergent-dynamics/tests/test_validate_pr_gates.py'.
Hint: make sure your test modules/packages have valid Python names.
Traceback:
/root/.pyenv/versions/3.12.12/lib/python3.12/importlib/__init__.py:90: in import_module
    return _bootstrap._gcd_import(name[level:], package, level)
           ^^^^^^^^^^^^^^^^^^^^^^^^^^^^^^^^^^^^^^^^^^^^^^^^^^^^
tests/test_validate_pr_gates.py:5: in <module>
    from scripts.validate_pr_gates import validate_pr_gates
scripts/validate_pr_gates.py:8: in <module>
    from scripts.yaml_contracts import load_yaml_mapping, reject_unknown_keys
scripts/yaml_contracts.py:6: in <module>
    import yaml
E   ModuleNotFoundError: No module named 'yaml'
___________ ERROR collecting tests/test_validate_required_checks.py ____________
ImportError while importing test module '/workspace/bnsyn-phase-controlled-emergent-dynamics/tests/test_validate_required_checks.py'.
Hint: make sure your test modules/packages have valid Python names.
Traceback:
/root/.pyenv/versions/3.12.12/lib/python3.12/importlib/__init__.py:90: in import_module
    return _bootstrap._gcd_import(name[level:], package, level)
           ^^^^^^^^^^^^^^^^^^^^^^^^^^^^^^^^^^^^^^^^^^^^^^^^^^^^
tests/test_validate_required_checks.py:7: in <module>
    from scripts.validate_required_checks import (
scripts/validate_required_checks.py:7: in <module>
    from scripts.yaml_contracts import load_yaml_mapping, reject_unknown_keys
scripts/yaml_contracts.py:6: in <module>
    import yaml
E   ModuleNotFoundError: No module named 'yaml'
__________ ERROR collecting tests/test_validate_workflow_contracts.py __________
ImportError while importing test module '/workspace/bnsyn-phase-controlled-emergent-dynamics/tests/test_validate_workflow_contracts.py'.
Hint: make sure your test modules/packages have valid Python names.
Traceback:
/root/.pyenv/versions/3.12.12/lib/python3.12/importlib/__init__.py:90: in import_module
    return _bootstrap._gcd_import(name[level:], package, level)
           ^^^^^^^^^^^^^^^^^^^^^^^^^^^^^^^^^^^^^^^^^^^^^^^^^^^^
tests/test_validate_workflow_contracts.py:7: in <module>
    from scripts.validate_workflow_contracts import (
scripts/validate_workflow_contracts.py:9: in <module>
    from scripts.yaml_contracts import load_yaml_mapping
scripts/yaml_contracts.py:6: in <module>
    import yaml
E   ModuleNotFoundError: No module named 'yaml'
=========================== short test summary info ============================
ERROR tests/benchmarks/test_regression.py
ERROR tests/properties - ModuleNotFoundError: No module named 'hypothesis'
ERROR tests/test_claims_enforcement.py
ERROR tests/test_experiments_declarative.py
ERROR tests/test_integration_experiment_flow.py
ERROR tests/test_manifest_tooling.py
ERROR tests/test_manifest_tooling_regression.py
ERROR tests/test_scan_governed_docs_script.py
ERROR tests/test_schema_contracts.py
ERROR tests/test_sync_required_status_contexts.py
ERROR tests/test_validate_bibliography_script.py
ERROR tests/test_validate_long_running_triggers.py
ERROR tests/test_validate_pr_gates.py
ERROR tests/test_validate_required_checks.py
ERROR tests/test_validate_workflow_contracts.py
!!!!!!!!!!!!!!!!!!! Interrupted: 15 errors during collection !!!!!!!!!!!!!!!!!!!
