Obtaining file:///workspace/bnsyn-phase-controlled-emergent-dynamics
  Installing build dependencies: started
  Installing build dependencies: finished with status 'done'
  Checking if build backend supports build_editable: started
  Checking if build backend supports build_editable: finished with status 'done'
  Getting requirements to build editable: started
  Getting requirements to build editable: finished with status 'done'
  Preparing editable metadata (pyproject.toml): started
  Preparing editable metadata (pyproject.toml): finished with status 'done'
Requirement already satisfied: numpy==2.4.1 in /root/.pyenv/versions/3.12.12/lib/python3.12/site-packages (from bnsyn==0.2.0) (2.4.1)
Requirement already satisfied: pydantic==2.12.5 in /root/.pyenv/versions/3.12.12/lib/python3.12/site-packages (from bnsyn==0.2.0) (2.12.5)
Requirement already satisfied: scipy==1.17.0 in /root/.pyenv/versions/3.12.12/lib/python3.12/site-packages (from bnsyn==0.2.0) (1.17.0)
Requirement already satisfied: jsonschema==4.26.0 in /root/.pyenv/versions/3.12.12/lib/python3.12/site-packages (from bnsyn==0.2.0) (4.26.0)
Requirement already satisfied: joblib==1.4.2 in /root/.pyenv/versions/3.12.12/lib/python3.12/site-packages (from bnsyn==0.2.0) (1.4.2)
Requirement already satisfied: pyyaml==6.0.3 in /root/.pyenv/versions/3.12.12/lib/python3.12/site-packages (from bnsyn==0.2.0) (6.0.3)
Requirement already satisfied: attrs>=22.2.0 in /root/.pyenv/versions/3.12.12/lib/python3.12/site-packages (from jsonschema==4.26.0->bnsyn==0.2.0) (25.4.0)
Requirement already satisfied: jsonschema-specifications>=2023.03.6 in /root/.pyenv/versions/3.12.12/lib/python3.12/site-packages (from jsonschema==4.26.0->bnsyn==0.2.0) (2025.9.1)
Requirement already satisfied: referencing>=0.28.4 in /root/.pyenv/versions/3.12.12/lib/python3.12/site-packages (from jsonschema==4.26.0->bnsyn==0.2.0) (0.37.0)
Requirement already satisfied: rpds-py>=0.25.0 in /root/.pyenv/versions/3.12.12/lib/python3.12/site-packages (from jsonschema==4.26.0->bnsyn==0.2.0) (0.30.0)
Requirement already satisfied: annotated-types>=0.6.0 in /root/.pyenv/versions/3.12.12/lib/python3.12/site-packages (from pydantic==2.12.5->bnsyn==0.2.0) (0.7.0)
Requirement already satisfied: pydantic-core==2.41.5 in /root/.pyenv/versions/3.12.12/lib/python3.12/site-packages (from pydantic==2.12.5->bnsyn==0.2.0) (2.41.5)
Requirement already satisfied: typing-extensions>=4.14.1 in /root/.pyenv/versions/3.12.12/lib/python3.12/site-packages (from pydantic==2.12.5->bnsyn==0.2.0) (4.15.0)
Requirement already satisfied: typing-inspection>=0.4.2 in /root/.pyenv/versions/3.12.12/lib/python3.12/site-packages (from pydantic==2.12.5->bnsyn==0.2.0) (0.4.2)
Building wheels for collected packages: bnsyn
  Building editable for bnsyn (pyproject.toml): started
  Building editable for bnsyn (pyproject.toml): finished with status 'done'
  Created wheel for bnsyn: filename=bnsyn-0.2.0-0.editable-py3-none-any.whl size=4153 sha256=5bbd1eb75ef23a01c751e0024e3a409c19c37aac6e4e9efbaf2bbfe88b58034c
  Stored in directory: /tmp/pip-ephem-wheel-cache-1opxoo8e/wheels/b6/1a/09/a1d36e07ea304f8c95ab88d866597d5b760d5b91c4e13d9643
Successfully built bnsyn
Installing collected packages: bnsyn
Successfully installed bnsyn-0.2.0
