Collecting psutil==7.2.2
  Downloading psutil-7.2.2-cp36-abi3-manylinux2010_x86_64.manylinux_2_12_x86_64.manylinux_2_28_x86_64.whl.metadata (22 kB)
Collecting pylint==3.3.5
  Downloading pylint-3.3.5-py3-none-any.whl.metadata (12 kB)
Collecting build==1.3.0
  Downloading build-1.3.0-py3-none-any.whl.metadata (5.6 kB)
Collecting dill>=0.3.6 (from pylint==3.3.5)
  Downloading dill-0.4.1-py3-none-any.whl.metadata (10 kB)
Requirement already satisfied: platformdirs>=2.2.0 in /root/.pyenv/versions/3.12.12/lib/python3.12/site-packages (from pylint==3.3.5) (4.5.1)
Collecting astroid<=3.4.0-dev0,>=3.3.8 (from pylint==3.3.5)
  Downloading astroid-3.3.11-py3-none-any.whl.metadata (4.4 kB)
Collecting isort!=5.13.0,<7,>=4.2.5 (from pylint==3.3.5)
  Downloading isort-6.1.0-py3-none-any.whl.metadata (12 kB)
Collecting mccabe<0.8,>=0.6 (from pylint==3.3.5)
  Downloading mccabe-0.7.0-py2.py3-none-any.whl.metadata (5.0 kB)
Collecting tomlkit>=0.10.1 (from pylint==3.3.5)
  Downloading tomlkit-0.14.0-py3-none-any.whl.metadata (2.8 kB)
Requirement already satisfied: packaging>=19.1 in /root/.pyenv/versions/3.12.12/lib/python3.12/site-packages (from build==1.3.0) (25.0)
Collecting pyproject_hooks (from build==1.3.0)
  Downloading pyproject_hooks-1.2.0-py3-none-any.whl.metadata (1.3 kB)
Downloading psutil-7.2.2-cp36-abi3-manylinux2010_x86_64.manylinux_2_12_x86_64.manylinux_2_28_x86_64.whl (155 kB)
Downloading pylint-3.3.5-py3-none-any.whl (522 kB)
Downloading build-1.3.0-py3-none-any.whl (23 kB)
Downloading astroid-3.3.11-py3-none-any.whl (275 kB)
Downloading isort-6.1.0-py3-none-any.whl (94 kB)
Downloading mccabe-0.7.0-py2.py3-none-any.whl (7.3 kB)
Downloading dill-0.4.1-py3-none-any.whl (120 kB)
Downloading tomlkit-0.14.0-py3-none-any.whl (39 kB)
Downloading pyproject_hooks-1.2.0-py3-none-any.whl (10 kB)
Installing collected packages: tomlkit, pyproject_hooks, psutil, mccabe, isort, dill, astroid, pylint, build
  Attempting uninstall: isort
    Found existing installation: isort 7.0.0
    Uninstalling isort-7.0.0:
      Successfully uninstalled isort-7.0.0

Successfully installed astroid-3.3.11 build-1.3.0 dill-0.4.1 isort-6.1.0 mccabe-0.7.0 psutil-7.2.2 pylint-3.3.5 pyproject_hooks-1.2.0 tomlkit-0.14.0
