   571	adding 'bnsyn/testing/__init__.py'
   572	adding 'bnsyn/testing/faults.py'
   573	adding 'bnsyn/tools/__init__.py'
   574	adding 'bnsyn/tools/benchmark_sleep_stack_scale.py'
   575	adding 'bnsyn/tools/run_scaled_sleep_stack.py'
   576	adding 'bnsyn/validation/__init__.py'
   577	adding 'bnsyn/validation/inputs.py'
   578	adding 'bnsyn/viz/__init__.py'
   579	adding 'bnsyn/viz/dashboard.py'
   580	adding 'bnsyn/viz/interactive.py'
   581	adding 'bnsyn-0.2.0.dist-info/licenses/LICENSE'
   582	adding 'contracts/__init__.py'
   583	adding 'contracts/math_contracts.py'
   584	adding 'bnsyn-0.2.0.dist-info/METADATA'
   585	adding 'bnsyn-0.2.0.dist-info/WHEEL'
   586	adding 'bnsyn-0.2.0.dist-info/entry_points.txt'
   587	adding 'bnsyn-0.2.0.dist-info/top_level.txt'
   588	adding 'bnsyn-0.2.0.dist-info/RECORD'
   589	removing build/bdist.linux-x86_64/wheel
   590	Successfully built bnsyn-0.2.0.tar.gz and bnsyn-0.2.0-py3-none-any.whl
