[work 5fde191] Harden benchmark metrics memory probe and restore local quality gates
 27 files changed, 1800 insertions(+), 4 deletions(-)
 create mode 100644 proof_bundle/logs/024_git_log_recent.log
 create mode 100644 proof_bundle/logs/025_git_status_start.log
 create mode 100644 proof_bundle/logs/026_dep_search.log
 create mode 100644 proof_bundle/logs/027_view_benchmarks_metrics.log
 create mode 100644 proof_bundle/logs/028_view_test_regression.log
 create mode 100644 proof_bundle/logs/029_create_metrics_fallback_test.log
 create mode 100644 proof_bundle/logs/030_diff_metrics_and_test.log
 create mode 100644 proof_bundle/logs/031_pytest_new_test.log
 create mode 100644 proof_bundle/logs/032_pip_install_editable.log
 create mode 100644 proof_bundle/logs/033_pip_install_missing_tools.log
 create mode 100644 proof_bundle/logs/034_pytest_full_after_fix.log
 create mode 100644 proof_bundle/logs/035_pip_install_hypothesis.log
 create mode 100644 proof_bundle/logs/036_pytest_full_after_deps.log
 create mode 100644 proof_bundle/logs/037_ruff_after_fix.log
 create mode 100644 proof_bundle/logs/038_pylint_after_fix.log
 create mode 100644 proof_bundle/logs/039_mypy_after_fix.log
 create mode 100644 proof_bundle/logs/040_build_after_fix.log
 create mode 100644 proof_bundle/logs/041_git_status_before_commit.log
 create mode 100644 proof_bundle/logs/042_nl_metrics.log
 create mode 100644 proof_bundle/logs/043_nl_test_metrics_fallback.log
 create mode 100644 proof_bundle/logs/044_nl_pytest_tail.log
 create mode 100644 proof_bundle/logs/045_nl_ruff.log
 create mode 100644 proof_bundle/logs/046_nl_pylint_tail.log
 create mode 100644 proof_bundle/logs/047_nl_mypy.log
 create mode 100644 proof_bundle/logs/048_nl_build_tail.log
 create mode 100644 tests/benchmarks/test_metrics_memory_fallback.py
