cmd: rg --files scripts | head -n 80
scripts/run_mutation_pipeline.py
scripts/profile_kernels.py
scripts/run_scaled_sleep_stack.py
scripts/validate_bibliography.py
scripts/benchmark_physics.py
scripts/compare_benchmarks.py
scripts/benchmark_production.py
scripts/ssot_rules.py
scripts/generate_coverage_baseline.py
scripts/math_validate.py
scripts/audit_spec_implementation.py
scripts/pre-push.sh
scripts/install_smoke.py
scripts/generate_math_data.py
scripts/verify_equivalence.py
scripts/__init__.py
scripts/generate_evidence_coverage.py
scripts/launch_gate.py
scripts/generate_coverage_trend.py
scripts/sync_required_status_contexts.py
scripts/smlrs_gate.py
scripts/check_coverage_gate.py
scripts/validate_quickstart_contract.py
scripts/render_workflow_policy_docs.py
scripts/phase_atlas.py
scripts/semantic_mine.py
scripts/validate_synthetic_claims.py
scripts/perfection_gate.py
scripts/fingerprint_repo.py
scripts/check_mermaid_syntax.py
scripts/validate_mutation_baseline.py
scripts/validate_trifix_invariants.py
scripts/run_quickstart_demo.py
scripts/discover_public_surfaces.py
scripts/visualize_experiment.py
scripts/build_readiness_artifacts.py
scripts/prr_log_command.py
scripts/validate_svg.py
scripts/validate_deps_against_imports.py
scripts/check_benchmark_regressions.py
scripts/run_benchmarks.py
scripts/validate_long_running_triggers.py
scripts/verify_reproducible_artifacts.py
scripts/track_quality.py
scripts/validate_pr_gates.py
scripts/intelligence_cycle.py
scripts/scan_governed_docs.py
scripts/scan_tierS_misuse.py
scripts/validate_status_claims.py
scripts/scan_placeholders.py
scripts/release_readiness.py
scripts/dsio_semantic.py
scripts/check_mutation_score.py
scripts/README.md
scripts/ensure_gitleaks.py
scripts/generate_mutation_baseline.py
scripts/validate_calibration_summary.py
scripts/validate_workflow_contracts.py
scripts/yaml_contracts.py
scripts/orchestrate_throughput_scaling.py
scripts/calculate_throughput_gain.py
scripts/benchmark_sleep_stack_scale.py
scripts/check_quickstart_consistency.py
scripts/validate_changed_paths.py
scripts/mutation_survivors_summary.py
scripts/generate_tests_inventory.py
scripts/validate_traceability.py
scripts/validate_codebase_readiness_audit.py
scripts/generate_benchmark_baseline.py
scripts/release_pipeline.py
scripts/mutation_counts.py
scripts/validate_required_status_contexts.py
scripts/build_wheelhouse.py
scripts/env_snapshot.py
scripts/verify_formal_constants.py
scripts/rebuild_sources_lock.py
scripts/validate_claims.py
scripts/mutation_ci_summary.py
scripts/scan_normative_tags.py
scripts/validate_test_integrity.py
