python -m scripts.check_quickstart_consistency
quickstart consistency check PASSED
python -m pip install -e .
Obtaining file:///workspace/bnsyn-phase-controlled-emergent-dynamics
  Installing build dependencies: started
  Installing build dependencies: finished with status 'done'
  Checking if build backend supports build_editable: started
  Checking if build backend supports build_editable: finished with status 'done'
  Getting requirements to build editable: started
  Getting requirements to build editable: finished with status 'done'
  Preparing editable metadata (pyproject.toml): started
  Preparing editable metadata (pyproject.toml): finished with status 'done'
Requirement already satisfied: numpy==2.4.1 in /root/.pyenv/versions/3.12.12/lib/python3.12/site-packages (from bnsyn==0.2.0) (2.4.1)
Requirement already satisfied: pydantic==2.12.5 in /root/.pyenv/versions/3.12.12/lib/python3.12/site-packages (from bnsyn==0.2.0) (2.12.5)
Requirement already satisfied: scipy==1.17.0 in /root/.pyenv/versions/3.12.12/lib/python3.12/site-packages (from bnsyn==0.2.0) (1.17.0)
Requirement already satisfied: jsonschema==4.26.0 in /root/.pyenv/versions/3.12.12/lib/python3.12/site-packages (from bnsyn==0.2.0) (4.26.0)
Requirement already satisfied: joblib==1.4.2 in /root/.pyenv/versions/3.12.12/lib/python3.12/site-packages (from bnsyn==0.2.0) (1.4.2)
Requirement already satisfied: attrs>=22.2.0 in /root/.pyenv/versions/3.12.12/lib/python3.12/site-packages (from jsonschema==4.26.0->bnsyn==0.2.0) (25.4.0)
Requirement already satisfied: jsonschema-specifications>=2023.03.6 in /root/.pyenv/versions/3.12.12/lib/python3.12/site-packages (from jsonschema==4.26.0->bnsyn==0.2.0) (2025.9.1)
Requirement already satisfied: referencing>=0.28.4 in /root/.pyenv/versions/3.12.12/lib/python3.12/site-packages (from jsonschema==4.26.0->bnsyn==0.2.0) (0.37.0)
Requirement already satisfied: rpds-py>=0.25.0 in /root/.pyenv/versions/3.12.12/lib/python3.12/site-packages (from jsonschema==4.26.0->bnsyn==0.2.0) (0.30.0)
Requirement already satisfied: annotated-types>=0.6.0 in /root/.pyenv/versions/3.12.12/lib/python3.12/site-packages (from pydantic==2.12.5->bnsyn==0.2.0) (0.7.0)
Requirement already satisfied: pydantic-core==2.41.5 in /root/.pyenv/versions/3.12.12/lib/python3.12/site-packages (from pydantic==2.12.5->bnsyn==0.2.0) (2.41.5)
Requirement already satisfied: typing-extensions>=4.14.1 in /root/.pyenv/versions/3.12.12/lib/python3.12/site-packages (from pydantic==2.12.5->bnsyn==0.2.0) (4.15.0)
Requirement already satisfied: typing-inspection>=0.4.2 in /root/.pyenv/versions/3.12.12/lib/python3.12/site-packages (from pydantic==2.12.5->bnsyn==0.2.0) (0.4.2)
Building wheels for collected packages: bnsyn
  Building editable for bnsyn (pyproject.toml): started
  Building editable for bnsyn (pyproject.toml): finished with status 'done'
  Created wheel for bnsyn: filename=bnsyn-0.2.0-0.editable-py3-none-any.whl size=4542 sha256=bc2967088d5d9eaf623ff3c7bbf4c1653cbbcc32f09eca1e949a19b8f5f64c29
  Stored in directory: /tmp/pip-ephem-wheel-cache-v114yzjh/wheels/b6/1a/09/a1d36e07ea304f8c95ab88d866597d5b760d5b91c4e13d9643
Successfully built bnsyn
Installing collected packages: bnsyn
  Attempting uninstall: bnsyn
    Found existing installation: bnsyn 0.2.0
    Uninstalling bnsyn-0.2.0:
      Successfully uninstalled bnsyn-0.2.0
Successfully installed bnsyn-0.2.0
WARNING: Running pip as the 'root' user can result in broken permissions and conflicting behaviour with the system package manager, possibly rendering your system unusable. It is recommended to use a virtual environment instead: https://pip.pypa.io/warnings/venv. Use the --root-user-action option if you know what you are doing and want to suppress this warning.
python -m pip show bnsyn
Name: bnsyn
Version: 0.2.0
Summary: BN-Syn Thermostated Bio-AI System: AdEx + conductances + 3-factor plasticity + criticality control + temperature-gated consolidation
Home-page: 
Author: BN-Syn Contributors
Author-email: 
License-Expression: MIT
Location: /root/.pyenv/versions/3.12.12/lib/python3.12/site-packages
Editable project location: /workspace/bnsyn-phase-controlled-emergent-dynamics
Requires: joblib, jsonschema, numpy, pydantic, scipy
Required-by: 
bnsyn --help
usage: bnsyn [-h] {demo,run,dtcheck,sleep-stack} ...

BN-Syn CLI

positional arguments:
  {demo,run,dtcheck,sleep-stack}
    demo                Run a small deterministic demo simulation
    run                 Run experiment from YAML config
    dtcheck             Run dt vs dt/2 invariance harness
    sleep-stack         Run sleep-stack demo with emergence tracking

options:
  -h, --help            show this help message and exit
bnsyn sleep-stack --help
usage: bnsyn sleep-stack [-h] [--seed SEED] [--N N]
                         [--backend {reference,accelerated}]
                         [--steps-wake STEPS_WAKE] [--steps-sleep STEPS_SLEEP]
                         [--out OUT]

options:
  -h, --help            show this help message and exit
  --seed SEED           RNG seed
  --N N                 Number of neurons
  --backend {reference,accelerated}
                        Simulation backend
  --steps-wake STEPS_WAKE
                        Wake phase steps
  --steps-sleep STEPS_SLEEP
                        Sleep phase steps
  --out OUT             Output directory for results
bnsyn demo --steps 120 --dt-ms 0.1 --seed 123 --N 32 | python -c "import json,sys; data=json.load(sys.stdin); assert 'demo' in data, 'missing demo key'; print('quickstart demo output validated')"
quickstart demo output validated
