cmd: sed -n "1,260p" .github/workflows/ci-pr-atomic.yml
name: ci-pr-atomic

on:
  pull_request:
    types: [opened, synchronize, reopened, labeled, unlabeled, edited]
  push:
    branches: [main]
  workflow_dispatch:
    inputs:
      python-version:
        type: string
        default: "3.11"
      upload-codecov:
        type: boolean
        default: true
  workflow_call:
    inputs:
      python-version:
        type: string
        default: "3.11"
      upload-codecov:
        type: boolean
        default: true
    secrets:
      CODECOV_TOKEN:
        required: false

permissions:
  contents: read

concurrency:
  group: ci-pr-atomic-${{ github.ref }}
  cancel-in-progress: true

env:
  PIP_CACHE_DIR: ~/.cache/pip
  PYTHONHASHSEED: 0
  PYTHONDONTWRITEBYTECODE: 1
  PIP_DISABLE_PIP_VERSION_CHECK: 1
  PIP_NO_PYTHON_VERSION_WARNING: 1

jobs:
  changes:
    runs-on: ubuntu-latest
    permissions:
      contents: read
      pull-requests: read
    outputs:
      code: ${{ steps.filter.outputs.code }}
      validation: ${{ steps.filter.outputs.validation }}
      property: ${{ steps.filter.outputs.property }}
      docs: ${{ steps.filter.outputs.docs }}
      dependency_manifest: ${{ steps.filter.outputs.dependency_manifest }}
    steps:
      - uses: actions/checkout@34e114876b0b11c390a56381ad16ebd13914f8d5
      - uses: dorny/paths-filter@de90cc6fb38fc0963ad72b210f1f284cd68cea36
        id: filter
        with:
          filters: |
            code:
              - 'src/**'
              - 'tests/**'
            validation:
              - 'src/**'
              - 'tools/**'
              - 'scripts/**'
              - 'docs/**'
              - 'tests/**'
            property:
              - 'src/**'
              - 'tests/**'
            docs:
              - 'docs/**'
              - 'README*'
              - 'mkdocs.yml'
              - 'pyproject.toml'
            dependency_manifest:
              - 'pyproject.toml'
              - 'requirements*.txt'

  gate-profile:
    permissions:
      contents: read
    uses: ./.github/workflows/_reusable_gate_profile.yml
    with:
      profile: pr

  determinism:
    runs-on: ubuntu-latest
    permissions:
      contents: read
    timeout-minutes: 20
    steps:
      - uses: actions/checkout@34e114876b0b11c390a56381ad16ebd13914f8d5
      - uses: actions/setup-python@a26af69be951a213d495a4c3e4e4022e16d87065
        with:
          python-version: ${{ inputs['python-version'] || '3.11' }}
          cache: "pip"
          cache-dependency-path: |
            pyproject.toml
            requirements-lock.txt
      - name: Pin pip
        uses: ./.github/actions/pin-pip
      - name: Log pip version
        run: python -m pip --version
      - run: python -m pip install -e ".[dev,test]"
      - name: Test determinism (run 1)
        id: run1
        run: pytest tests/test_determinism.py tests/properties/test_properties_determinism.py -v --tb=short
      - name: Test determinism (run 2)
        id: run2
        run: pytest tests/test_determinism.py tests/properties/test_properties_determinism.py -v --tb=short
      - name: Test determinism (run 3)
        id: run3
        run: pytest tests/test_determinism.py tests/properties/test_properties_determinism.py -v --tb=short
      - name: Check RNG isolation
        id: rng
        run: pytest tests/test_determinism.py::test_no_global_numpy_rng_usage -v
      - name: Generate summary
        if: always()
        run: |
          summary_file="$GITHUB_STEP_SUMMARY"
          {
            echo "##  Determinism Verification (3x Runs)"
            echo ""
            echo "| Run | Status | Result |"
            echo "|-----|--------|--------|"
            if [ "${{ steps.run1.outcome }}" = "success" ]; then
              echo "| 1 |  PASS | Identical outputs |"
            else
              echo "| 1 |  FAIL | Non-deterministic |"
            fi
            if [ "${{ steps.run2.outcome }}" = "success" ]; then
              echo "| 2 |  PASS | Identical outputs |"
            else
              echo "| 2 |  FAIL | Non-deterministic |"
            fi
            if [ "${{ steps.run3.outcome }}" = "success" ]; then
              echo "| 3 |  PASS | Identical outputs |"
            else
              echo "| 3 |  FAIL | Non-deterministic |"
            fi
            echo ""
            echo "| Check | Status |"
            echo "|-------|--------|"
            if [ "${{ steps.rng.outcome }}" = "success" ]; then
              echo "| RNG Isolation |  PASS |"
            else
              echo "| RNG Isolation |  FAIL |"
            fi
            echo ""
            if [ "${{ steps.run1.outcome }}" = "success" ] && [ "${{ steps.run2.outcome }}" = "success" ] && [ "${{ steps.run3.outcome }}" = "success" ]; then
              echo "** All runs produced identical outputs (A1: Determinism 96%)**"
            else
              echo "** Determinism check failed**"
            fi
          } >> "$summary_file"


  contracts:
    runs-on: ubuntu-latest
    permissions:
      contents: read
    timeout-minutes: 12
    steps:
      - uses: actions/checkout@34e114876b0b11c390a56381ad16ebd13914f8d5
      - uses: actions/setup-python@a26af69be951a213d495a4c3e4e4022e16d87065
        with:
          python-version: ${{ inputs['python-version'] || '3.11' }}
          cache: "pip"
      - name: Pin pip
        uses: ./.github/actions/pin-pip
      - name: Log pip version
        run: python -m pip --version
      - run: python -m pip install -e ".[test]"
      - name: Validate traceability table
        run: python -m scripts.validate_traceability
      - name: Check internal docs links
        run: python -m scripts.check_internal_links
      - name: Validate calibration summary claims
        run: python -m scripts.validate_calibration_summary
      - name: Run no-escape contract tests
        run: |
          pytest -q             tests/test_actions_pinning.py             tests/test_no_escape_tripwires.py             tests/test_schema_contracts.py             tests/test_verify_reproducible_artifacts.py
      - name: Verify reproducible generated artifacts
        run: |
          python -m scripts.verify_reproducible_artifacts             --spec evidence/zqsg_2026_02_12/repro_spec.json             --runs 3             --report evidence/zqsg_2026_02_12/repro_report_ci.json
      - name: Upload contract artifacts
        if: always()
        uses: actions/upload-artifact@ea165f8d65b6e75b540449e92b4886f43607fa02
        with:
          name: no-escape-contracts-${{ github.sha }}
          path: |
            evidence/zqsg_2026_02_12/repro_report_ci.json
          if-no-files-found: error
          retention-days: 30

  quality:
    permissions:
      contents: read
    uses: ./.github/workflows/_reusable_quality.yml
    with:
      python-version: ${{ inputs['python-version'] || '3.11' }}
      mypy-strict: true
      pylint-threshold: 7.5

  build:
    runs-on: ubuntu-latest
    permissions:
      contents: read
    timeout-minutes: 20
    steps:
      - uses: actions/checkout@34e114876b0b11c390a56381ad16ebd13914f8d5
      - uses: actions/setup-python@a26af69be951a213d495a4c3e4e4022e16d87065
        with:
          python-version: ${{ inputs['python-version'] || '3.11' }}
          cache: "pip"
          cache-dependency-path: |
            pyproject.toml
            requirements-lock.txt
      - name: Pin pip
        uses: ./.github/actions/pin-pip
      - name: Log pip version
        run: python -m pip --version
      - run: python -m pip install -e ".[dev,test]" build
      - name: Verify lockfile freshness
        run: |
          python -m pip install pip-tools
          PYENV_VERSION=3.11.14 pip-compile --extra=dev --generate-hashes --allow-unsafe --strip-extras --output-file=requirements-lock.txt pyproject.toml
          git diff --exit-code -- requirements-lock.txt
      - run: make build
      - name: Install from wheel in clean venv
        run: |
          python -m venv .venv-wheel
          . .venv-wheel/bin/activate
          python -m pip install --upgrade pip
          python -m pip install dist/*.whl
          python -c "import bnsyn; print(bnsyn.__version__)"

  smoke-wheel-matrix:
    name: smoke-wheel-matrix (py${{ matrix.python-version }})
    runs-on: ubuntu-latest
    permissions:
      contents: read
    timeout-minutes: 30
    strategy:
      fail-fast: false
      matrix:
        python-version: ["3.11", "3.12"]
    steps:
      - uses: actions/checkout@34e114876b0b11c390a56381ad16ebd13914f8d5
      - uses: actions/setup-python@a26af69be951a213d495a4c3e4e4022e16d87065
        with:
          python-version: ${{ matrix.python-version }}
          cache: "pip"
      - name: Pin pip
        uses: ./.github/actions/pin-pip
      - name: Log pip version
        run: python -m pip --version
      - run: python -m pip install -e ".[dev,test]" build
