$ rg -n make setup|make demo|make test|quickstart-smoke|python -m bnsyn --help|bnsyn demo README.md
29:make setup
30:make demo
31:make test
37:make quickstart-smoke
39:python -m bnsyn --help
40:bnsyn demo --steps 120 --dt-ms 0.1 --seed 123 --N 32
54:make test-gate
55:make test-validation
56:make test-property
[exit:0]
$ bash -lc source artifacts/audit/.venv/bin/activate && make quickstart-smoke
python -m scripts.check_quickstart_consistency
quickstart consistency check PASSED
python -m pip install -e .
Obtaining file:///workspace/bnsyn-phase-controlled-emergent-dynamics
  Installing build dependencies: started
  Installing build dependencies: finished with status 'done'
  Checking if build backend supports build_editable: started
  Checking if build backend supports build_editable: finished with status 'done'
  Getting requirements to build editable: started
  Getting requirements to build editable: finished with status 'done'
  Preparing editable metadata (pyproject.toml): started
  Preparing editable metadata (pyproject.toml): finished with status 'done'
Requirement already satisfied: numpy==2.4.1 in ./artifacts/audit/.venv/lib/python3.12/site-packages (from bnsyn==0.2.0) (2.4.1)
Requirement already satisfied: pydantic==2.12.5 in ./artifacts/audit/.venv/lib/python3.12/site-packages (from bnsyn==0.2.0) (2.12.5)
Requirement already satisfied: scipy==1.17.0 in ./artifacts/audit/.venv/lib/python3.12/site-packages (from bnsyn==0.2.0) (1.17.0)
Requirement already satisfied: jsonschema==4.26.0 in ./artifacts/audit/.venv/lib/python3.12/site-packages (from bnsyn==0.2.0) (4.26.0)
Requirement already satisfied: joblib==1.4.2 in ./artifacts/audit/.venv/lib/python3.12/site-packages (from bnsyn==0.2.0) (1.4.2)
Requirement already satisfied: pyyaml==6.0.3 in ./artifacts/audit/.venv/lib/python3.12/site-packages (from bnsyn==0.2.0) (6.0.3)
Requirement already satisfied: attrs>=22.2.0 in ./artifacts/audit/.venv/lib/python3.12/site-packages (from jsonschema==4.26.0->bnsyn==0.2.0) (25.4.0)
Requirement already satisfied: jsonschema-specifications>=2023.03.6 in ./artifacts/audit/.venv/lib/python3.12/site-packages (from jsonschema==4.26.0->bnsyn==0.2.0) (2025.9.1)
Requirement already satisfied: referencing>=0.28.4 in ./artifacts/audit/.venv/lib/python3.12/site-packages (from jsonschema==4.26.0->bnsyn==0.2.0) (0.37.0)
Requirement already satisfied: rpds-py>=0.25.0 in ./artifacts/audit/.venv/lib/python3.12/site-packages (from jsonschema==4.26.0->bnsyn==0.2.0) (0.30.0)
Requirement already satisfied: annotated-types>=0.6.0 in ./artifacts/audit/.venv/lib/python3.12/site-packages (from pydantic==2.12.5->bnsyn==0.2.0) (0.7.0)
Requirement already satisfied: pydantic-core==2.41.5 in ./artifacts/audit/.venv/lib/python3.12/site-packages (from pydantic==2.12.5->bnsyn==0.2.0) (2.41.5)
Requirement already satisfied: typing-extensions>=4.14.1 in ./artifacts/audit/.venv/lib/python3.12/site-packages (from pydantic==2.12.5->bnsyn==0.2.0) (4.15.0)
Requirement already satisfied: typing-inspection>=0.4.2 in ./artifacts/audit/.venv/lib/python3.12/site-packages (from pydantic==2.12.5->bnsyn==0.2.0) (0.4.2)
Building wheels for collected packages: bnsyn
  Building editable for bnsyn (pyproject.toml): started
  Building editable for bnsyn (pyproject.toml): finished with status 'done'
  Created wheel for bnsyn: filename=bnsyn-0.2.0-0.editable-py3-none-any.whl size=4106 sha256=3c647ff902d81a2a06927ec4c1c4f42c8d53d4f3680b1eb49c380c9a244a02cb
  Stored in directory: /tmp/pip-ephem-wheel-cache-8b76w21a/wheels/b6/1a/09/a1d36e07ea304f8c95ab88d866597d5b760d5b91c4e13d9643
Successfully built bnsyn
Installing collected packages: bnsyn
  Attempting uninstall: bnsyn
    Found existing installation: bnsyn 0.2.0
    Uninstalling bnsyn-0.2.0:
      Successfully uninstalled bnsyn-0.2.0
Successfully installed bnsyn-0.2.0
python -m pip show bnsyn
Name: bnsyn
Version: 0.2.0
Summary: BN-Syn Thermostated Bio-AI System: AdEx + conductances + 3-factor plasticity + criticality control + temperature-gated consolidation
Home-page: 
Author: BN-Syn Contributors
Author-email: 
License-Expression: MIT
Location: /workspace/bnsyn-phase-controlled-emergent-dynamics/artifacts/audit/.venv/lib/python3.12/site-packages
Editable project location: /workspace/bnsyn-phase-controlled-emergent-dynamics
Requires: joblib, jsonschema, numpy, pydantic, pyyaml, scipy
Required-by: 
bnsyn --help
usage: bnsyn [-h] {demo,run,dtcheck,sleep-stack} ...

BN-Syn CLI

positional arguments:
  {demo,run,dtcheck,sleep-stack}
    demo                Run a small deterministic demo simulation
    run                 Run experiment from YAML config
    dtcheck             Run dt vs dt/2 invariance harness
    sleep-stack         Run sleep-stack demo with emergence tracking

options:
  -h, --help            show this help message and exit
bnsyn sleep-stack --help
usage: bnsyn sleep-stack [-h] [--seed SEED] [--N N]
                         [--backend {reference,accelerated}]
                         [--steps-wake STEPS_WAKE] [--steps-sleep STEPS_SLEEP]
                         [--out OUT]

options:
  -h, --help            show this help message and exit
  --seed SEED           RNG seed
  --N N                 Number of neurons
  --backend {reference,accelerated}
                        Simulation backend
  --steps-wake STEPS_WAKE
                        Wake phase steps
  --steps-sleep STEPS_SLEEP
                        Sleep phase steps
  --out OUT             Output directory for results
bnsyn demo --steps 120 --dt-ms 0.1 --seed 123 --N 32 | python -c "import json,sys; data=json.load(sys.stdin); assert 'demo' in data, 'missing demo key'; print('quickstart demo output validated')"
quickstart demo output validated
[exit:0]
$ bash -lc source artifacts/audit/.venv/bin/activate && make docs
python -m sphinx -b html docs docs/_build/html
/workspace/bnsyn-phase-controlled-emergent-dynamics/artifacts/audit/.venv/bin/python: No module named sphinx
make: *** [Makefile:172: docs] Error 1
[exit:2]
