[2026-02-16T11:39:15Z]
CMD: git status --porcelain=v1
EXIT: 0
STDOUT:
?? proof_bundle/logs/01_git_status.log
?? proof_bundle/logs/02_git_rev.log
?? proof_bundle/logs/03_git_branch.log
?? proof_bundle/logs/04_git_remote.log
?? proof_bundle/logs/05_python_v.log
?? proof_bundle/logs/06_pip_v.log
?? proof_bundle/logs/07_pytest_v.log
?? proof_bundle/logs/08_ruff_v.log
?? proof_bundle/logs/093_baseline_git_status.log
?? proof_bundle/logs/094_baseline_head.log
?? proof_bundle/logs/095_baseline_branch.log
?? proof_bundle/logs/096_baseline_remote.log
?? proof_bundle/logs/097_baseline_python.log
?? proof_bundle/logs/098_baseline_pip.log
?? proof_bundle/logs/099_baseline_pytest_ver.log
?? proof_bundle/logs/09_mypy_v.log
?? proof_bundle/logs/100_baseline_ruff_ver.log
?? proof_bundle/logs/101_baseline_mypy_ver.log
STDERR:
