python -m sphinx -b html docs docs/_build/html
Running Sphinx v9.0.4
loading translations [en]... done
loading pickled environment... The configuration has changed (1 option: 'pygments_dark_style')
done
myst v5.0.0: MdParserConfig(commonmark_only=False, gfm_only=False, enable_extensions={'colon_fence', 'deflist', 'fieldlist'}, disable_syntax=[], all_links_external=False, links_external_new_tab=False, url_schemes=('http', 'https', 'mailto', 'ftp'), ref_domains=None, fence_as_directive=set(), number_code_blocks=[], title_to_header=False, heading_anchors=0, heading_slug_func=None, html_meta={}, footnote_sort=True, footnote_transition=True, words_per_minute=200, substitutions={}, linkify_fuzzy_links=True, dmath_allow_labels=True, dmath_allow_space=True, dmath_allow_digits=True, dmath_double_inline=False, update_mathjax=True, mathjax_classes='tex2jax_process|mathjax_process|math|output_area', enable_checkboxes=False, suppress_warnings=[], highlight_code_blocks=True)
[autosummary] generating autosummary for: ACTIONS_TEST_PROTOCOL.md, API_CONTRACT.md, ARCHITECTURE.md, ARCHITECTURE_INVARIANTS.md, AUDIT_FINDINGS.md, AUDIT_LEDGER.md, AUDIT_TASKS_2026-02-15.md, BENCHMARKS.md, BENCHMARK_MAP.md, BIBLIOGRAPHY.md, ..., scripts/validate-required-checks.md, scripts/validate-required-status-contexts.md, scripts/validate-status-claims.md, scripts/validate-workflow-contracts.md, scripts/verify-equivalence.md, scripts/verify-formal-constants.md, scripts/verify-reproducible-artifacts.md, scripts/visualize-experiment.md, sleep_stack.md, usage_workflows.md
building [mo]: targets for 0 po files that are out of date
writing output... 
building [html]: targets for 0 source files that are out of date
updating environment: 0 added, 2 changed, 0 removed
reading sources... [ 50%] api/generated/contracts
/root/.pyenv/versions/3.12.12/lib/python3.12/site-packages/sphinx_autodoc_typehints/_parser.py:30: RemovedInSphinx10Warning: 'sphinx_autodoc_typehints._parser._RstSnippetParser.set_application' is deprecated. Check CHANGES for Sphinx API modifications.
  parser.set_application(settings.env.app)
/root/.pyenv/versions/3.12.12/lib/python3.12/site-packages/sphinx_autodoc_typehints/_parser.py:30: RemovedInSphinx10Warning: 'sphinx_autodoc_typehints._parser._RstSnippetParser.set_application' is deprecated. Check CHANGES for Sphinx API modifications.
  parser.set_application(settings.env.app)
/root/.pyenv/versions/3.12.12/lib/python3.12/site-packages/sphinx_autodoc_typehints/_parser.py:30: RemovedInSphinx10Warning: 'sphinx_autodoc_typehints._parser._RstSnippetParser.set_application' is deprecated. Check CHANGES for Sphinx API modifications.
  parser.set_application(settings.env.app)
/root/.pyenv/versions/3.12.12/lib/python3.12/site-packages/sphinx_autodoc_typehints/_parser.py:30: RemovedInSphinx10Warning: 'sphinx_autodoc_typehints._parser._RstSnippetParser.set_application' is deprecated. Check CHANGES for Sphinx API modifications.
  parser.set_application(settings.env.app)
/root/.pyenv/versions/3.12.12/lib/python3.12/site-packages/sphinx_autodoc_typehints/_parser.py:30: RemovedInSphinx10Warning: 'sphinx_autodoc_typehints._parser._RstSnippetParser.set_application' is deprecated. Check CHANGES for Sphinx API modifications.
  parser.set_application(settings.env.app)
/root/.pyenv/versions/3.12.12/lib/python3.12/site-packages/sphinx_autodoc_typehints/_parser.py:30: RemovedInSphinx10Warning: 'sphinx_autodoc_typehints._parser._RstSnippetParser.set_application' is deprecated. Check CHANGES for Sphinx API modifications.
  parser.set_application(settings.env.app)
/root/.pyenv/versions/3.12.12/lib/python3.12/site-packages/sphinx_autodoc_typehints/_parser.py:30: RemovedInSphinx10Warning: 'sphinx_autodoc_typehints._parser._RstSnippetParser.set_application' is deprecated. Check CHANGES for Sphinx API modifications.
  parser.set_application(settings.env.app)
/root/.pyenv/versions/3.12.12/lib/python3.12/site-packages/sphinx_autodoc_typehints/_parser.py:30: RemovedInSphinx10Warning: 'sphinx_autodoc_typehints._parser._RstSnippetParser.set_application' is deprecated. Check CHANGES for Sphinx API modifications.
  parser.set_application(settings.env.app)
/root/.pyenv/versions/3.12.12/lib/python3.12/site-packages/sphinx_autodoc_typehints/_parser.py:30: RemovedInSphinx10Warning: 'sphinx_autodoc_typehints._parser._RstSnippetParser.set_application' is deprecated. Check CHANGES for Sphinx API modifications.
  parser.set_application(settings.env.app)
/root/.pyenv/versions/3.12.12/lib/python3.12/site-packages/sphinx_autodoc_typehints/_parser.py:30: RemovedInSphinx10Warning: 'sphinx_autodoc_typehints._parser._RstSnippetParser.set_application' is deprecated. Check CHANGES for Sphinx API modifications.
  parser.set_application(settings.env.app)
/root/.pyenv/versions/3.12.12/lib/python3.12/site-packages/sphinx_autodoc_typehints/_parser.py:30: RemovedInSphinx10Warning: 'sphinx_autodoc_typehints._parser._RstSnippetParser.set_application' is deprecated. Check CHANGES for Sphinx API modifications.
  parser.set_application(settings.env.app)
/root/.pyenv/versions/3.12.12/lib/python3.12/site-packages/sphinx_autodoc_typehints/_parser.py:30: RemovedInSphinx10Warning: 'sphinx_autodoc_typehints._parser._RstSnippetParser.set_application' is deprecated. Check CHANGES for Sphinx API modifications.
  parser.set_application(settings.env.app)
/root/.pyenv/versions/3.12.12/lib/python3.12/site-packages/sphinx_autodoc_typehints/_parser.py:30: RemovedInSphinx10Warning: 'sphinx_autodoc_typehints._parser._RstSnippetParser.set_application' is deprecated. Check CHANGES for Sphinx API modifications.
  parser.set_application(settings.env.app)
/root/.pyenv/versions/3.12.12/lib/python3.12/site-packages/sphinx_autodoc_typehints/_parser.py:30: RemovedInSphinx10Warning: 'sphinx_autodoc_typehints._parser._RstSnippetParser.set_application' is deprecated. Check CHANGES for Sphinx API modifications.
  parser.set_application(settings.env.app)
/root/.pyenv/versions/3.12.12/lib/python3.12/site-packages/sphinx_autodoc_typehints/_parser.py:30: RemovedInSphinx10Warning: 'sphinx_autodoc_typehints._parser._RstSnippetParser.set_application' is deprecated. Check CHANGES for Sphinx API modifications.
  parser.set_application(settings.env.app)
/root/.pyenv/versions/3.12.12/lib/python3.12/site-packages/sphinx_autodoc_typehints/_parser.py:30: RemovedInSphinx10Warning: 'sphinx_autodoc_typehints._parser._RstSnippetParser.set_application' is deprecated. Check CHANGES for Sphinx API modifications.
  parser.set_application(settings.env.app)
/root/.pyenv/versions/3.12.12/lib/python3.12/site-packages/sphinx_autodoc_typehints/_parser.py:30: RemovedInSphinx10Warning: 'sphinx_autodoc_typehints._parser._RstSnippetParser.set_application' is deprecated. Check CHANGES for Sphinx API modifications.
  parser.set_application(settings.env.app)
/root/.pyenv/versions/3.12.12/lib/python3.12/site-packages/sphinx_autodoc_typehints/_parser.py:30: RemovedInSphinx10Warning: 'sphinx_autodoc_typehints._parser._RstSnippetParser.set_application' is deprecated. Check CHANGES for Sphinx API modifications.
  parser.set_application(settings.env.app)
/root/.pyenv/versions/3.12.12/lib/python3.12/site-packages/sphinx_autodoc_typehints/_parser.py:30: RemovedInSphinx10Warning: 'sphinx_autodoc_typehints._parser._RstSnippetParser.set_application' is deprecated. Check CHANGES for Sphinx API modifications.
  parser.set_application(settings.env.app)
/root/.pyenv/versions/3.12.12/lib/python3.12/site-packages/sphinx_autodoc_typehints/_parser.py:30: RemovedInSphinx10Warning: 'sphinx_autodoc_typehints._parser._RstSnippetParser.set_application' is deprecated. Check CHANGES for Sphinx API modifications.
  parser.set_application(settings.env.app)
/root/.pyenv/versions/3.12.12/lib/python3.12/site-packages/sphinx_autodoc_typehints/_parser.py:30: RemovedInSphinx10Warning: 'sphinx_autodoc_typehints._parser._RstSnippetParser.set_application' is deprecated. Check CHANGES for Sphinx API modifications.
  parser.set_application(settings.env.app)
/root/.pyenv/versions/3.12.12/lib/python3.12/site-packages/sphinx_autodoc_typehints/_parser.py:30: RemovedInSphinx10Warning: 'sphinx_autodoc_typehints._parser._RstSnippetParser.set_application' is deprecated. Check CHANGES for Sphinx API modifications.
  parser.set_application(settings.env.app)
/root/.pyenv/versions/3.12.12/lib/python3.12/site-packages/sphinx_autodoc_typehints/_parser.py:30: RemovedInSphinx10Warning: 'sphinx_autodoc_typehints._parser._RstSnippetParser.set_application' is deprecated. Check CHANGES for Sphinx API modifications.
  parser.set_application(settings.env.app)
reading sources... [100%] api/generated/contracts.math_contracts
/root/.pyenv/versions/3.12.12/lib/python3.12/site-packages/sphinx_autodoc_typehints/_parser.py:30: RemovedInSphinx10Warning: 'sphinx_autodoc_typehints._parser._RstSnippetParser.set_application' is deprecated. Check CHANGES for Sphinx API modifications.
  parser.set_application(settings.env.app)
/root/.pyenv/versions/3.12.12/lib/python3.12/site-packages/sphinx_autodoc_typehints/_parser.py:30: RemovedInSphinx10Warning: 'sphinx_autodoc_typehints._parser._RstSnippetParser.set_application' is deprecated. Check CHANGES for Sphinx API modifications.
  parser.set_application(settings.env.app)
/root/.pyenv/versions/3.12.12/lib/python3.12/site-packages/sphinx_autodoc_typehints/_parser.py:30: RemovedInSphinx10Warning: 'sphinx_autodoc_typehints._parser._RstSnippetParser.set_application' is deprecated. Check CHANGES for Sphinx API modifications.
  parser.set_application(settings.env.app)
/root/.pyenv/versions/3.12.12/lib/python3.12/site-packages/sphinx_autodoc_typehints/_parser.py:30: RemovedInSphinx10Warning: 'sphinx_autodoc_typehints._parser._RstSnippetParser.set_application' is deprecated. Check CHANGES for Sphinx API modifications.
  parser.set_application(settings.env.app)
/root/.pyenv/versions/3.12.12/lib/python3.12/site-packages/sphinx_autodoc_typehints/_parser.py:30: RemovedInSphinx10Warning: 'sphinx_autodoc_typehints._parser._RstSnippetParser.set_application' is deprecated. Check CHANGES for Sphinx API modifications.
  parser.set_application(settings.env.app)
/root/.pyenv/versions/3.12.12/lib/python3.12/site-packages/sphinx_autodoc_typehints/_parser.py:30: RemovedInSphinx10Warning: 'sphinx_autodoc_typehints._parser._RstSnippetParser.set_application' is deprecated. Check CHANGES for Sphinx API modifications.
  parser.set_application(settings.env.app)
/root/.pyenv/versions/3.12.12/lib/python3.12/site-packages/sphinx_autodoc_typehints/_parser.py:30: RemovedInSphinx10Warning: 'sphinx_autodoc_typehints._parser._RstSnippetParser.set_application' is deprecated. Check CHANGES for Sphinx API modifications.
  parser.set_application(settings.env.app)
/root/.pyenv/versions/3.12.12/lib/python3.12/site-packages/sphinx_autodoc_typehints/_parser.py:30: RemovedInSphinx10Warning: 'sphinx_autodoc_typehints._parser._RstSnippetParser.set_application' is deprecated. Check CHANGES for Sphinx API modifications.
  parser.set_application(settings.env.app)
/root/.pyenv/versions/3.12.12/lib/python3.12/site-packages/sphinx_autodoc_typehints/_parser.py:30: RemovedInSphinx10Warning: 'sphinx_autodoc_typehints._parser._RstSnippetParser.set_application' is deprecated. Check CHANGES for Sphinx API modifications.
  parser.set_application(settings.env.app)
/root/.pyenv/versions/3.12.12/lib/python3.12/site-packages/sphinx_autodoc_typehints/_parser.py:30: RemovedInSphinx10Warning: 'sphinx_autodoc_typehints._parser._RstSnippetParser.set_application' is deprecated. Check CHANGES for Sphinx API modifications.
  parser.set_application(settings.env.app)
/root/.pyenv/versions/3.12.12/lib/python3.12/site-packages/sphinx_autodoc_typehints/_parser.py:30: RemovedInSphinx10Warning: 'sphinx_autodoc_typehints._parser._RstSnippetParser.set_application' is deprecated. Check CHANGES for Sphinx API modifications.
  parser.set_application(settings.env.app)
/root/.pyenv/versions/3.12.12/lib/python3.12/site-packages/sphinx_autodoc_typehints/_parser.py:30: RemovedInSphinx10Warning: 'sphinx_autodoc_typehints._parser._RstSnippetParser.set_application' is deprecated. Check CHANGES for Sphinx API modifications.
  parser.set_application(settings.env.app)
/root/.pyenv/versions/3.12.12/lib/python3.12/site-packages/sphinx_autodoc_typehints/_parser.py:30: RemovedInSphinx10Warning: 'sphinx_autodoc_typehints._parser._RstSnippetParser.set_application' is deprecated. Check CHANGES for Sphinx API modifications.
  parser.set_application(settings.env.app)
/root/.pyenv/versions/3.12.12/lib/python3.12/site-packages/sphinx_autodoc_typehints/_parser.py:30: RemovedInSphinx10Warning: 'sphinx_autodoc_typehints._parser._RstSnippetParser.set_application' is deprecated. Check CHANGES for Sphinx API modifications.
  parser.set_application(settings.env.app)
/root/.pyenv/versions/3.12.12/lib/python3.12/site-packages/sphinx_autodoc_typehints/_parser.py:30: RemovedInSphinx10Warning: 'sphinx_autodoc_typehints._parser._RstSnippetParser.set_application' is deprecated. Check CHANGES for Sphinx API modifications.
  parser.set_application(settings.env.app)
/root/.pyenv/versions/3.12.12/lib/python3.12/site-packages/sphinx_autodoc_typehints/_parser.py:30: RemovedInSphinx10Warning: 'sphinx_autodoc_typehints._parser._RstSnippetParser.set_application' is deprecated. Check CHANGES for Sphinx API modifications.
  parser.set_application(settings.env.app)
/root/.pyenv/versions/3.12.12/lib/python3.12/site-packages/sphinx_autodoc_typehints/_parser.py:30: RemovedInSphinx10Warning: 'sphinx_autodoc_typehints._parser._RstSnippetParser.set_application' is deprecated. Check CHANGES for Sphinx API modifications.
  parser.set_application(settings.env.app)
/root/.pyenv/versions/3.12.12/lib/python3.12/site-packages/sphinx_autodoc_typehints/_parser.py:30: RemovedInSphinx10Warning: 'sphinx_autodoc_typehints._parser._RstSnippetParser.set_application' is deprecated. Check CHANGES for Sphinx API modifications.
  parser.set_application(settings.env.app)
/root/.pyenv/versions/3.12.12/lib/python3.12/site-packages/sphinx_autodoc_typehints/_parser.py:30: RemovedInSphinx10Warning: 'sphinx_autodoc_typehints._parser._RstSnippetParser.set_application' is deprecated. Check CHANGES for Sphinx API modifications.
  parser.set_application(settings.env.app)
/root/.pyenv/versions/3.12.12/lib/python3.12/site-packages/sphinx_autodoc_typehints/_parser.py:30: RemovedInSphinx10Warning: 'sphinx_autodoc_typehints._parser._RstSnippetParser.set_application' is deprecated. Check CHANGES for Sphinx API modifications.
  parser.set_application(settings.env.app)
/root/.pyenv/versions/3.12.12/lib/python3.12/site-packages/sphinx_autodoc_typehints/_parser.py:30: RemovedInSphinx10Warning: 'sphinx_autodoc_typehints._parser._RstSnippetParser.set_application' is deprecated. Check CHANGES for Sphinx API modifications.
  parser.set_application(settings.env.app)
/root/.pyenv/versions/3.12.12/lib/python3.12/site-packages/sphinx_autodoc_typehints/_parser.py:30: RemovedInSphinx10Warning: 'sphinx_autodoc_typehints._parser._RstSnippetParser.set_application' is deprecated. Check CHANGES for Sphinx API modifications.
  parser.set_application(settings.env.app)
/root/.pyenv/versions/3.12.12/lib/python3.12/site-packages/sphinx_autodoc_typehints/_parser.py:30: RemovedInSphinx10Warning: 'sphinx_autodoc_typehints._parser._RstSnippetParser.set_application' is deprecated. Check CHANGES for Sphinx API modifications.
  parser.set_application(settings.env.app)
/root/.pyenv/versions/3.12.12/lib/python3.12/site-packages/sphinx_autodoc_typehints/_parser.py:30: RemovedInSphinx10Warning: 'sphinx_autodoc_typehints._parser._RstSnippetParser.set_application' is deprecated. Check CHANGES for Sphinx API modifications.
  parser.set_application(settings.env.app)
/root/.pyenv/versions/3.12.12/lib/python3.12/site-packages/sphinx_autodoc_typehints/_parser.py:30: RemovedInSphinx10Warning: 'sphinx_autodoc_typehints._parser._RstSnippetParser.set_application' is deprecated. Check CHANGES for Sphinx API modifications.
  parser.set_application(settings.env.app)
/root/.pyenv/versions/3.12.12/lib/python3.12/site-packages/sphinx_autodoc_typehints/_parser.py:30: RemovedInSphinx10Warning: 'sphinx_autodoc_typehints._parser._RstSnippetParser.set_application' is deprecated. Check CHANGES for Sphinx API modifications.
  parser.set_application(settings.env.app)
/root/.pyenv/versions/3.12.12/lib/python3.12/site-packages/sphinx_autodoc_typehints/_parser.py:30: RemovedInSphinx10Warning: 'sphinx_autodoc_typehints._parser._RstSnippetParser.set_application' is deprecated. Check CHANGES for Sphinx API modifications.
  parser.set_application(settings.env.app)
/root/.pyenv/versions/3.12.12/lib/python3.12/site-packages/sphinx_autodoc_typehints/_parser.py:30: RemovedInSphinx10Warning: 'sphinx_autodoc_typehints._parser._RstSnippetParser.set_application' is deprecated. Check CHANGES for Sphinx API modifications.
  parser.set_application(settings.env.app)
/root/.pyenv/versions/3.12.12/lib/python3.12/site-packages/sphinx_autodoc_typehints/_parser.py:30: RemovedInSphinx10Warning: 'sphinx_autodoc_typehints._parser._RstSnippetParser.set_application' is deprecated. Check CHANGES for Sphinx API modifications.
  parser.set_application(settings.env.app)
/root/.pyenv/versions/3.12.12/lib/python3.12/site-packages/sphinx_autodoc_typehints/_parser.py:30: RemovedInSphinx10Warning: 'sphinx_autodoc_typehints._parser._RstSnippetParser.set_application' is deprecated. Check CHANGES for Sphinx API modifications.
  parser.set_application(settings.env.app)
/root/.pyenv/versions/3.12.12/lib/python3.12/site-packages/sphinx_autodoc_typehints/_parser.py:30: RemovedInSphinx10Warning: 'sphinx_autodoc_typehints._parser._RstSnippetParser.set_application' is deprecated. Check CHANGES for Sphinx API modifications.
  parser.set_application(settings.env.app)
/root/.pyenv/versions/3.12.12/lib/python3.12/site-packages/sphinx_autodoc_typehints/_parser.py:30: RemovedInSphinx10Warning: 'sphinx_autodoc_typehints._parser._RstSnippetParser.set_application' is deprecated. Check CHANGES for Sphinx API modifications.
  parser.set_application(settings.env.app)
/root/.pyenv/versions/3.12.12/lib/python3.12/site-packages/sphinx_autodoc_typehints/_parser.py:30: RemovedInSphinx10Warning: 'sphinx_autodoc_typehints._parser._RstSnippetParser.set_application' is deprecated. Check CHANGES for Sphinx API modifications.
  parser.set_application(settings.env.app)
/root/.pyenv/versions/3.12.12/lib/python3.12/site-packages/sphinx_autodoc_typehints/_parser.py:30: RemovedInSphinx10Warning: 'sphinx_autodoc_typehints._parser._RstSnippetParser.set_application' is deprecated. Check CHANGES for Sphinx API modifications.
  parser.set_application(settings.env.app)
/root/.pyenv/versions/3.12.12/lib/python3.12/site-packages/sphinx_autodoc_typehints/_parser.py:30: RemovedInSphinx10Warning: 'sphinx_autodoc_typehints._parser._RstSnippetParser.set_application' is deprecated. Check CHANGES for Sphinx API modifications.
  parser.set_application(settings.env.app)
/root/.pyenv/versions/3.12.12/lib/python3.12/site-packages/sphinx_autodoc_typehints/_parser.py:30: RemovedInSphinx10Warning: 'sphinx_autodoc_typehints._parser._RstSnippetParser.set_application' is deprecated. Check CHANGES for Sphinx API modifications.
  parser.set_application(settings.env.app)
/root/.pyenv/versions/3.12.12/lib/python3.12/site-packages/sphinx_autodoc_typehints/_parser.py:30: RemovedInSphinx10Warning: 'sphinx_autodoc_typehints._parser._RstSnippetParser.set_application' is deprecated. Check CHANGES for Sphinx API modifications.
  parser.set_application(settings.env.app)
/root/.pyenv/versions/3.12.12/lib/python3.12/site-packages/sphinx_autodoc_typehints/_parser.py:30: RemovedInSphinx10Warning: 'sphinx_autodoc_typehints._parser._RstSnippetParser.set_application' is deprecated. Check CHANGES for Sphinx API modifications.
  parser.set_application(settings.env.app)
/root/.pyenv/versions/3.12.12/lib/python3.12/site-packages/sphinx_autodoc_typehints/_parser.py:30: RemovedInSphinx10Warning: 'sphinx_autodoc_typehints._parser._RstSnippetParser.set_application' is deprecated. Check CHANGES for Sphinx API modifications.
  parser.set_application(settings.env.app)
/root/.pyenv/versions/3.12.12/lib/python3.12/site-packages/sphinx_autodoc_typehints/_parser.py:30: RemovedInSphinx10Warning: 'sphinx_autodoc_typehints._parser._RstSnippetParser.set_application' is deprecated. Check CHANGES for Sphinx API modifications.
  parser.set_application(settings.env.app)
/root/.pyenv/versions/3.12.12/lib/python3.12/site-packages/sphinx_autodoc_typehints/_parser.py:30: RemovedInSphinx10Warning: 'sphinx_autodoc_typehints._parser._RstSnippetParser.set_application' is deprecated. Check CHANGES for Sphinx API modifications.
  parser.set_application(settings.env.app)
/root/.pyenv/versions/3.12.12/lib/python3.12/site-packages/sphinx_autodoc_typehints/_parser.py:30: RemovedInSphinx10Warning: 'sphinx_autodoc_typehints._parser._RstSnippetParser.set_application' is deprecated. Check CHANGES for Sphinx API modifications.
  parser.set_application(settings.env.app)
/root/.pyenv/versions/3.12.12/lib/python3.12/site-packages/sphinx_autodoc_typehints/_parser.py:30: RemovedInSphinx10Warning: 'sphinx_autodoc_typehints._parser._RstSnippetParser.set_application' is deprecated. Check CHANGES for Sphinx API modifications.
  parser.set_application(settings.env.app)
/root/.pyenv/versions/3.12.12/lib/python3.12/site-packages/sphinx_autodoc_typehints/_parser.py:30: RemovedInSphinx10Warning: 'sphinx_autodoc_typehints._parser._RstSnippetParser.set_application' is deprecated. Check CHANGES for Sphinx API modifications.
  parser.set_application(settings.env.app)
/root/.pyenv/versions/3.12.12/lib/python3.12/site-packages/sphinx_autodoc_typehints/_parser.py:30: RemovedInSphinx10Warning: 'sphinx_autodoc_typehints._parser._RstSnippetParser.set_application' is deprecated. Check CHANGES for Sphinx API modifications.
  parser.set_application(settings.env.app)
/root/.pyenv/versions/3.12.12/lib/python3.12/site-packages/sphinx_autodoc_typehints/_parser.py:30: RemovedInSphinx10Warning: 'sphinx_autodoc_typehints._parser._RstSnippetParser.set_application' is deprecated. Check CHANGES for Sphinx API modifications.
  parser.set_application(settings.env.app)

looking for now-outdated files... none found
pickling environment... done
checking consistency... /workspace/bnsyn-phase-controlled-emergent-dynamics/docs/ACTIONS_TEST_PROTOCOL.md: WARNING: document isn't included in any toctree [toc.not_included]
/workspace/bnsyn-phase-controlled-emergent-dynamics/docs/API_CONTRACT.md: WARNING: document isn't included in any toctree [toc.not_included]
/workspace/bnsyn-phase-controlled-emergent-dynamics/docs/ARCHITECTURE_INVARIANTS.md: WARNING: document isn't included in any toctree [toc.not_included]
/workspace/bnsyn-phase-controlled-emergent-dynamics/docs/AUDIT_FINDINGS.md: WARNING: document isn't included in any toctree [toc.not_included]
/workspace/bnsyn-phase-controlled-emergent-dynamics/docs/AUDIT_LEDGER.md: WARNING: document isn't included in any toctree [toc.not_included]
/workspace/bnsyn-phase-controlled-emergent-dynamics/docs/AUDIT_TASKS_2026-02-15.md: WARNING: document isn't included in any toctree [toc.not_included]
/workspace/bnsyn-phase-controlled-emergent-dynamics/docs/BENCHMARKS.md: WARNING: document isn't included in any toctree [toc.not_included]
/workspace/bnsyn-phase-controlled-emergent-dynamics/docs/BENCHMARK_MAP.md: WARNING: document isn't included in any toctree [toc.not_included]
/workspace/bnsyn-phase-controlled-emergent-dynamics/docs/BIBLIOGRAPHY.md: WARNING: document isn't included in any toctree [toc.not_included]
/workspace/bnsyn-phase-controlled-emergent-dynamics/docs/CI_BATTLE_USAGE_AUDIT_2026-02-07.md: WARNING: document isn't included in any toctree [toc.not_included]
/workspace/bnsyn-phase-controlled-emergent-dynamics/docs/CI_GATES.md: WARNING: document isn't included in any toctree [toc.not_included]
/workspace/bnsyn-phase-controlled-emergent-dynamics/docs/COMPONENT_AUDIT.md: WARNING: document isn't included in any toctree [toc.not_included]
/workspace/bnsyn-phase-controlled-emergent-dynamics/docs/CONFERENCE_RUNBOOK.md: WARNING: document isn't included in any toctree [toc.not_included]
/workspace/bnsyn-phase-controlled-emergent-dynamics/docs/CONSTITUTIONAL_AUDIT.md: WARNING: document isn't included in any toctree [toc.not_included]
/workspace/bnsyn-phase-controlled-emergent-dynamics/docs/CRITICALITY_CONTROL_VS_MEASUREMENT.md: WARNING: document isn't included in any toctree [toc.not_included]
/workspace/bnsyn-phase-controlled-emergent-dynamics/docs/DEMO.md: WARNING: document isn't included in any toctree [toc.not_included]
/workspace/bnsyn-phase-controlled-emergent-dynamics/docs/DOCUMENTATION_FORMALIZATION.md: WARNING: document isn't included in any toctree [toc.not_included]
/workspace/bnsyn-phase-controlled-emergent-dynamics/docs/ENTROPY_LEDGER.md: WARNING: document isn't included in any toctree [toc.not_included]
/workspace/bnsyn-phase-controlled-emergent-dynamics/docs/EVIDENCE_COVERAGE.md: WARNING: document isn't included in any toctree [toc.not_included]
/workspace/bnsyn-phase-controlled-emergent-dynamics/docs/GOVERNANCE.md: WARNING: document isn't included in any toctree [toc.not_included]
/workspace/bnsyn-phase-controlled-emergent-dynamics/docs/HYPOTHESIS.md: WARNING: document isn't included in any toctree [toc.not_included]
/workspace/bnsyn-phase-controlled-emergent-dynamics/docs/INTEGRATION.md: WARNING: document isn't included in any toctree [toc.not_included]
/workspace/bnsyn-phase-controlled-emergent-dynamics/docs/INVENTORY.md: WARNING: document isn't included in any toctree [toc.not_included]
/workspace/bnsyn-phase-controlled-emergent-dynamics/docs/LEGENDARY_QUICKSTART.md: WARNING: document isn't included in any toctree [toc.not_included]
/workspace/bnsyn-phase-controlled-emergent-dynamics/docs/MUTATION_GATE.md: WARNING: document isn't included in any toctree [toc.not_included]
/workspace/bnsyn-phase-controlled-emergent-dynamics/docs/NORMATIVE_LABELING.md: WARNING: document isn't included in any toctree [toc.not_included]
/workspace/bnsyn-phase-controlled-emergent-dynamics/docs/PERFORMANCE.md: WARNING: document isn't included in any toctree [toc.not_included]
/workspace/bnsyn-phase-controlled-emergent-dynamics/docs/PERFORMANCE_REPORT.md: WARNING: document isn't included in any toctree [toc.not_included]
/workspace/bnsyn-phase-controlled-emergent-dynamics/docs/PHYSICAL_VALIDITY.md: WARNING: document isn't included in any toctree [toc.not_included]
/workspace/bnsyn-phase-controlled-emergent-dynamics/docs/PLACEHOLDER_BASELINE_CYCLE0.md: WARNING: document isn't included in any toctree [toc.not_included]
/workspace/bnsyn-phase-controlled-emergent-dynamics/docs/PLACEHOLDER_REGISTRY.md: WARNING: document isn't included in any toctree [toc.not_included]
/workspace/bnsyn-phase-controlled-emergent-dynamics/docs/PR40_EVIDENCE_REPORT.md: WARNING: document isn't included in any toctree [toc.not_included]
/workspace/bnsyn-phase-controlled-emergent-dynamics/docs/PR_AUTOMATION_VECTORS.md: WARNING: document isn't included in any toctree [toc.not_included]
/workspace/bnsyn-phase-controlled-emergent-dynamics/docs/QUALITY_INDEX.md: WARNING: document isn't included in any toctree [toc.not_included]
/workspace/bnsyn-phase-controlled-emergent-dynamics/docs/QUALITY_INFRASTRUCTURE.md: WARNING: document isn't included in any toctree [toc.not_included]
/workspace/bnsyn-phase-controlled-emergent-dynamics/docs/RELEASE_NOTES.md: WARNING: document isn't included in any toctree [toc.not_included]
/workspace/bnsyn-phase-controlled-emergent-dynamics/docs/RELEASE_PIPELINE.md: WARNING: document isn't included in any toctree [toc.not_included]
/workspace/bnsyn-phase-controlled-emergent-dynamics/docs/RELEASE_READINESS.md: WARNING: document isn't included in any toctree [toc.not_included]
/workspace/bnsyn-phase-controlled-emergent-dynamics/docs/REPO_STRUCTURE.md: WARNING: document isn't included in any toctree [toc.not_included]
/workspace/bnsyn-phase-controlled-emergent-dynamics/docs/REPRODUCIBILITY.md: WARNING: document isn't included in any toctree [toc.not_included]
/workspace/bnsyn-phase-controlled-emergent-dynamics/docs/REPRODUCIBILITY_ENVELOPE.md: WARNING: document isn't included in any toctree [toc.not_included]
/workspace/bnsyn-phase-controlled-emergent-dynamics/docs/SCALABILITY.md: WARNING: document isn't included in any toctree [toc.not_included]
/workspace/bnsyn-phase-controlled-emergent-dynamics/docs/SCALABILITY_REPORT.md: WARNING: document isn't included in any toctree [toc.not_included]
/workspace/bnsyn-phase-controlled-emergent-dynamics/docs/SCRIPTS/index.md: WARNING: document isn't included in any toctree [toc.not_included]
/workspace/bnsyn-phase-controlled-emergent-dynamics/docs/SECURITY_GITLEAKS.md: WARNING: document isn't included in any toctree [toc.not_included]
/workspace/bnsyn-phase-controlled-emergent-dynamics/docs/SPEC.md: WARNING: document isn't included in any toctree [toc.not_included]
/workspace/bnsyn-phase-controlled-emergent-dynamics/docs/SSOT.md: WARNING: document isn't included in any toctree [toc.not_included]
/workspace/bnsyn-phase-controlled-emergent-dynamics/docs/SSOT_RULES.md: WARNING: document isn't included in any toctree [toc.not_included]
/workspace/bnsyn-phase-controlled-emergent-dynamics/docs/STATUS.md: WARNING: document isn't included in any toctree [toc.not_included]
/workspace/bnsyn-phase-controlled-emergent-dynamics/docs/TESTING_MUTATION.md: WARNING: document isn't included in any toctree [toc.not_included]
/workspace/bnsyn-phase-controlled-emergent-dynamics/docs/THROUGHPUT_SCALING.md: WARNING: document isn't included in any toctree [toc.not_included]
/workspace/bnsyn-phase-controlled-emergent-dynamics/docs/TRACEABILITY_MAP.md: WARNING: document isn't included in any toctree [toc.not_included]
/workspace/bnsyn-phase-controlled-emergent-dynamics/docs/TROUBLESHOOTING.md: WARNING: document isn't included in any toctree [toc.not_included]
/workspace/bnsyn-phase-controlled-emergent-dynamics/docs/VCG.md: WARNING: document isn't included in any toctree [toc.not_included]
/workspace/bnsyn-phase-controlled-emergent-dynamics/docs/appendix/CODEX_PROJECT_FEEDBACK_UA.md: WARNING: document isn't included in any toctree [toc.not_included]
/workspace/bnsyn-phase-controlled-emergent-dynamics/docs/appendix/EXECUTIVE_SUMMARY.md: WARNING: document isn't included in any toctree [toc.not_included]
/workspace/bnsyn-phase-controlled-emergent-dynamics/docs/appendix/PRODUCTION_AUDIT.md: WARNING: document isn't included in any toctree [toc.not_included]
/workspace/bnsyn-phase-controlled-emergent-dynamics/docs/appendix/PRODUCTION_ROADMAP.md: WARNING: document isn't included in any toctree [toc.not_included]
/workspace/bnsyn-phase-controlled-emergent-dynamics/docs/appendix/additional_audit_2026.md: WARNING: document isn't included in any toctree [toc.not_included]
/workspace/bnsyn-phase-controlled-emergent-dynamics/docs/benchmarks/PROTOCOL.md: WARNING: document isn't included in any toctree [toc.not_included]
/workspace/bnsyn-phase-controlled-emergent-dynamics/docs/benchmarks/README.md: WARNING: document isn't included in any toctree [toc.not_included]
/workspace/bnsyn-phase-controlled-emergent-dynamics/docs/benchmarks/SCHEMA.md: WARNING: document isn't included in any toctree [toc.not_included]
/workspace/bnsyn-phase-controlled-emergent-dynamics/docs/benchmarks/threshold_derivation_alloc_v2.md: WARNING: document isn't included in any toctree [toc.not_included]
/workspace/bnsyn-phase-controlled-emergent-dynamics/docs/emergence_tracking.md: WARNING: document isn't included in any toctree [toc.not_included]
/workspace/bnsyn-phase-controlled-emergent-dynamics/docs/math/CONTRACTS.md: WARNING: document isn't included in any toctree [toc.not_included]
/workspace/bnsyn-phase-controlled-emergent-dynamics/docs/math/PROVENANCE.md: WARNING: document isn't included in any toctree [toc.not_included]
/workspace/bnsyn-phase-controlled-emergent-dynamics/docs/modules.rst: WARNING: document isn't included in any toctree [toc.not_included]
/workspace/bnsyn-phase-controlled-emergent-dynamics/docs/placeholder_cycles/cycle1/plan.md: WARNING: document isn't included in any toctree [toc.not_included]
/workspace/bnsyn-phase-controlled-emergent-dynamics/docs/safety/deferred_gates.md: WARNING: document isn't included in any toctree [toc.not_included]
/workspace/bnsyn-phase-controlled-emergent-dynamics/docs/safety/followups.md: WARNING: document isn't included in any toctree [toc.not_included]
/workspace/bnsyn-phase-controlled-emergent-dynamics/docs/safety/stpa.md: WARNING: document isn't included in any toctree [toc.not_included]
/workspace/bnsyn-phase-controlled-emergent-dynamics/docs/scripts/--init--.md: WARNING: document isn't included in any toctree [toc.not_included]
/workspace/bnsyn-phase-controlled-emergent-dynamics/docs/scripts/-audit-metrics-pr40.md: WARNING: document isn't included in any toctree [toc.not_included]
/workspace/bnsyn-phase-controlled-emergent-dynamics/docs/scripts/audit-spec-implementation.md: WARNING: document isn't included in any toctree [toc.not_included]
/workspace/bnsyn-phase-controlled-emergent-dynamics/docs/scripts/bench-ci-smoke.md: WARNING: document isn't included in any toctree [toc.not_included]
/workspace/bnsyn-phase-controlled-emergent-dynamics/docs/scripts/benchmark-physics.md: WARNING: document isn't included in any toctree [toc.not_included]
/workspace/bnsyn-phase-controlled-emergent-dynamics/docs/scripts/benchmark-production.md: WARNING: document isn't included in any toctree [toc.not_included]
/workspace/bnsyn-phase-controlled-emergent-dynamics/docs/scripts/benchmark-sleep-stack-scale.md: WARNING: document isn't included in any toctree [toc.not_included]
/workspace/bnsyn-phase-controlled-emergent-dynamics/docs/scripts/build-readiness-artifacts.md: WARNING: document isn't included in any toctree [toc.not_included]
/workspace/bnsyn-phase-controlled-emergent-dynamics/docs/scripts/build-wheelhouse.md: WARNING: document isn't included in any toctree [toc.not_included]
/workspace/bnsyn-phase-controlled-emergent-dynamics/docs/scripts/calculate-throughput-gain.md: WARNING: document isn't included in any toctree [toc.not_included]
/workspace/bnsyn-phase-controlled-emergent-dynamics/docs/scripts/check-api-contract.md: WARNING: document isn't included in any toctree [toc.not_included]
/workspace/bnsyn-phase-controlled-emergent-dynamics/docs/scripts/check-benchmark-regressions.md: WARNING: document isn't included in any toctree [toc.not_included]
/workspace/bnsyn-phase-controlled-emergent-dynamics/docs/scripts/check-coverage-gate.md: WARNING: document isn't included in any toctree [toc.not_included]
/workspace/bnsyn-phase-controlled-emergent-dynamics/docs/scripts/check-mutation-score.md: WARNING: document isn't included in any toctree [toc.not_included]
/workspace/bnsyn-phase-controlled-emergent-dynamics/docs/scripts/check-quickstart-consistency.md: WARNING: document isn't included in any toctree [toc.not_included]
/workspace/bnsyn-phase-controlled-emergent-dynamics/docs/scripts/collect-ci-run-urls.md: WARNING: document isn't included in any toctree [toc.not_included]
/workspace/bnsyn-phase-controlled-emergent-dynamics/docs/scripts/compare-benchmarks.md: WARNING: document isn't included in any toctree [toc.not_included]
/workspace/bnsyn-phase-controlled-emergent-dynamics/docs/scripts/generate-benchmark-baseline.md: WARNING: document isn't included in any toctree [toc.not_included]
/workspace/bnsyn-phase-controlled-emergent-dynamics/docs/scripts/generate-coverage-baseline.md: WARNING: document isn't included in any toctree [toc.not_included]
/workspace/bnsyn-phase-controlled-emergent-dynamics/docs/scripts/generate-coverage-trend.md: WARNING: document isn't included in any toctree [toc.not_included]
/workspace/bnsyn-phase-controlled-emergent-dynamics/docs/scripts/generate-evidence-coverage.md: WARNING: document isn't included in any toctree [toc.not_included]
/workspace/bnsyn-phase-controlled-emergent-dynamics/docs/scripts/generate-math-data.md: WARNING: document isn't included in any toctree [toc.not_included]
/workspace/bnsyn-phase-controlled-emergent-dynamics/docs/scripts/generate-mutation-baseline.md: WARNING: document isn't included in any toctree [toc.not_included]
/workspace/bnsyn-phase-controlled-emergent-dynamics/docs/scripts/generate-tests-inventory.md: WARNING: document isn't included in any toctree [toc.not_included]
/workspace/bnsyn-phase-controlled-emergent-dynamics/docs/scripts/intelligence-cycle.md: WARNING: document isn't included in any toctree [toc.not_included]
/workspace/bnsyn-phase-controlled-emergent-dynamics/docs/scripts/lint-ci-truthfulness.md: WARNING: document isn't included in any toctree [toc.not_included]
/workspace/bnsyn-phase-controlled-emergent-dynamics/docs/scripts/math-validate.md: WARNING: document isn't included in any toctree [toc.not_included]
/workspace/bnsyn-phase-controlled-emergent-dynamics/docs/scripts/mutation-ci-summary.md: WARNING: document isn't included in any toctree [toc.not_included]
/workspace/bnsyn-phase-controlled-emergent-dynamics/docs/scripts/mutation-counts.md: WARNING: document isn't included in any toctree [toc.not_included]
/workspace/bnsyn-phase-controlled-emergent-dynamics/docs/scripts/mutation-survivors-summary.md: WARNING: document isn't included in any toctree [toc.not_included]
/workspace/bnsyn-phase-controlled-emergent-dynamics/docs/scripts/orchestrate-throughput-scaling.md: WARNING: document isn't included in any toctree [toc.not_included]
/workspace/bnsyn-phase-controlled-emergent-dynamics/docs/scripts/pre-push.md: WARNING: document isn't included in any toctree [toc.not_included]
/workspace/bnsyn-phase-controlled-emergent-dynamics/docs/scripts/profile-kernels.md: WARNING: document isn't included in any toctree [toc.not_included]
/workspace/bnsyn-phase-controlled-emergent-dynamics/docs/scripts/rebuild-sources-lock.md: WARNING: document isn't included in any toctree [toc.not_included]
/workspace/bnsyn-phase-controlled-emergent-dynamics/docs/scripts/release-pipeline.md: WARNING: document isn't included in any toctree [toc.not_included]
/workspace/bnsyn-phase-controlled-emergent-dynamics/docs/scripts/release-readiness.md: WARNING: document isn't included in any toctree [toc.not_included]
/workspace/bnsyn-phase-controlled-emergent-dynamics/docs/scripts/render-workflow-policy-docs.md: WARNING: document isn't included in any toctree [toc.not_included]
/workspace/bnsyn-phase-controlled-emergent-dynamics/docs/scripts/run-benchmarks.md: WARNING: document isn't included in any toctree [toc.not_included]
/workspace/bnsyn-phase-controlled-emergent-dynamics/docs/scripts/run-mutation-pipeline.md: WARNING: document isn't included in any toctree [toc.not_included]
/workspace/bnsyn-phase-controlled-emergent-dynamics/docs/scripts/run-scaled-sleep-stack.md: WARNING: document isn't included in any toctree [toc.not_included]
/workspace/bnsyn-phase-controlled-emergent-dynamics/docs/scripts/scan-governed-docs.md: WARNING: document isn't included in any toctree [toc.not_included]
/workspace/bnsyn-phase-controlled-emergent-dynamics/docs/scripts/scan-normative-tags.md: WARNING: document isn't included in any toctree [toc.not_included]
/workspace/bnsyn-phase-controlled-emergent-dynamics/docs/scripts/scan-placeholders.md: WARNING: document isn't included in any toctree [toc.not_included]
/workspace/bnsyn-phase-controlled-emergent-dynamics/docs/scripts/scan-tierS-misuse.md: WARNING: document isn't included in any toctree [toc.not_included]
/workspace/bnsyn-phase-controlled-emergent-dynamics/docs/scripts/ssot-rules.md: WARNING: document isn't included in any toctree [toc.not_included]
/workspace/bnsyn-phase-controlled-emergent-dynamics/docs/scripts/sync-required-status-contexts.md: WARNING: document isn't included in any toctree [toc.not_included]
/workspace/bnsyn-phase-controlled-emergent-dynamics/docs/scripts/track-quality.md: WARNING: document isn't included in any toctree [toc.not_included]
/workspace/bnsyn-phase-controlled-emergent-dynamics/docs/scripts/validate-api-maturity.md: WARNING: document isn't included in any toctree [toc.not_included]
/workspace/bnsyn-phase-controlled-emergent-dynamics/docs/scripts/validate-bibliography.md: WARNING: document isn't included in any toctree [toc.not_included]
/workspace/bnsyn-phase-controlled-emergent-dynamics/docs/scripts/validate-branch-protection-governance.md: WARNING: document isn't included in any toctree [toc.not_included]
/workspace/bnsyn-phase-controlled-emergent-dynamics/docs/scripts/validate-claims.md: WARNING: document isn't included in any toctree [toc.not_included]
/workspace/bnsyn-phase-controlled-emergent-dynamics/docs/scripts/validate-claims-coverage.md: WARNING: document isn't included in any toctree [toc.not_included]
/workspace/bnsyn-phase-controlled-emergent-dynamics/docs/scripts/validate-codebase-readiness-audit.md: WARNING: document isn't included in any toctree [toc.not_included]
/workspace/bnsyn-phase-controlled-emergent-dynamics/docs/scripts/validate-long-running-triggers.md: WARNING: document isn't included in any toctree [toc.not_included]
/workspace/bnsyn-phase-controlled-emergent-dynamics/docs/scripts/validate-mutation-baseline.md: WARNING: document isn't included in any toctree [toc.not_included]
/workspace/bnsyn-phase-controlled-emergent-dynamics/docs/scripts/validate-pr-gates.md: WARNING: document isn't included in any toctree [toc.not_included]
/workspace/bnsyn-phase-controlled-emergent-dynamics/docs/scripts/validate-required-checks.md: WARNING: document isn't included in any toctree [toc.not_included]
/workspace/bnsyn-phase-controlled-emergent-dynamics/docs/scripts/validate-required-status-contexts.md: WARNING: document isn't included in any toctree [toc.not_included]
/workspace/bnsyn-phase-controlled-emergent-dynamics/docs/scripts/validate-status-claims.md: WARNING: document isn't included in any toctree [toc.not_included]
/workspace/bnsyn-phase-controlled-emergent-dynamics/docs/scripts/validate-workflow-contracts.md: WARNING: document isn't included in any toctree [toc.not_included]
/workspace/bnsyn-phase-controlled-emergent-dynamics/docs/scripts/verify-equivalence.md: WARNING: document isn't included in any toctree [toc.not_included]
/workspace/bnsyn-phase-controlled-emergent-dynamics/docs/scripts/verify-formal-constants.md: WARNING: document isn't included in any toctree [toc.not_included]
/workspace/bnsyn-phase-controlled-emergent-dynamics/docs/scripts/verify-reproducible-artifacts.md: WARNING: document isn't included in any toctree [toc.not_included]
/workspace/bnsyn-phase-controlled-emergent-dynamics/docs/scripts/visualize-experiment.md: WARNING: document isn't included in any toctree [toc.not_included]
/workspace/bnsyn-phase-controlled-emergent-dynamics/docs/sleep_stack.md: WARNING: document isn't included in any toctree [toc.not_included]
/workspace/bnsyn-phase-controlled-emergent-dynamics/docs/api/generated/bnsyn.cli.rst: document is referenced in multiple toctrees: ['api/api_bnsyn', 'api/generated/bnsyn', 'modules'], selecting: modules <- api/generated/bnsyn.cli
/workspace/bnsyn-phase-controlled-emergent-dynamics/docs/api/generated/bnsyn.config.rst: document is referenced in multiple toctrees: ['api/api_bnsyn', 'api/generated/bnsyn', 'modules'], selecting: modules <- api/generated/bnsyn.config
/workspace/bnsyn-phase-controlled-emergent-dynamics/docs/api/generated/bnsyn.connectivity.sparse.rst: document is referenced in multiple toctrees: ['api/api_bnsyn', 'api/generated/bnsyn.connectivity'], selecting: api/generated/bnsyn.connectivity <- api/generated/bnsyn.connectivity.sparse
/workspace/bnsyn-phase-controlled-emergent-dynamics/docs/api/generated/bnsyn.control.rst: document is referenced in multiple toctrees: ['api/api_bnsyn', 'api/generated/bnsyn', 'modules'], selecting: modules <- api/generated/bnsyn.control
/workspace/bnsyn-phase-controlled-emergent-dynamics/docs/api/generated/bnsyn.criticality.branching.rst: document is referenced in multiple toctrees: ['api/api_bnsyn', 'api/generated/bnsyn.criticality'], selecting: api/generated/bnsyn.criticality <- api/generated/bnsyn.criticality.branching
/workspace/bnsyn-phase-controlled-emergent-dynamics/docs/api/generated/bnsyn.incremental.rst: document is referenced in multiple toctrees: ['api/generated/bnsyn', 'modules'], selecting: modules <- api/generated/bnsyn.incremental
/workspace/bnsyn-phase-controlled-emergent-dynamics/docs/api/generated/bnsyn.neuron.adex.rst: document is referenced in multiple toctrees: ['api/api_bnsyn', 'api/generated/bnsyn.neuron'], selecting: api/generated/bnsyn.neuron <- api/generated/bnsyn.neuron.adex
/workspace/bnsyn-phase-controlled-emergent-dynamics/docs/api/generated/bnsyn.neurons.rst: document is referenced in multiple toctrees: ['api/api_bnsyn', 'api/generated/bnsyn', 'modules'], selecting: modules <- api/generated/bnsyn.neurons
/workspace/bnsyn-phase-controlled-emergent-dynamics/docs/api/generated/bnsyn.plasticity.three_factor.rst: document is referenced in multiple toctrees: ['api/api_bnsyn', 'api/generated/bnsyn.plasticity'], selecting: api/generated/bnsyn.plasticity <- api/generated/bnsyn.plasticity.three_factor
/workspace/bnsyn-phase-controlled-emergent-dynamics/docs/api/generated/bnsyn.rng.rst: document is referenced in multiple toctrees: ['api/api_bnsyn', 'api/generated/bnsyn', 'modules'], selecting: modules <- api/generated/bnsyn.rng
/workspace/bnsyn-phase-controlled-emergent-dynamics/docs/api/generated/bnsyn.sim.network.rst: document is referenced in multiple toctrees: ['api/api_bnsyn', 'api/generated/bnsyn.sim'], selecting: api/generated/bnsyn.sim <- api/generated/bnsyn.sim.network
/workspace/bnsyn-phase-controlled-emergent-dynamics/docs/api/generated/bnsyn.simulation.rst: document is referenced in multiple toctrees: ['api/api_bnsyn', 'api/generated/bnsyn', 'modules'], selecting: modules <- api/generated/bnsyn.simulation
/workspace/bnsyn-phase-controlled-emergent-dynamics/docs/api/generated/bnsyn.synapse.conductance.rst: document is referenced in multiple toctrees: ['api/api_bnsyn', 'api/generated/bnsyn.synapse'], selecting: api/generated/bnsyn.synapse <- api/generated/bnsyn.synapse.conductance
/workspace/bnsyn-phase-controlled-emergent-dynamics/docs/api/generated/bnsyn.synapses.rst: document is referenced in multiple toctrees: ['api/api_bnsyn', 'api/generated/bnsyn', 'modules'], selecting: modules <- api/generated/bnsyn.synapses
/workspace/bnsyn-phase-controlled-emergent-dynamics/docs/api/generated/bnsyn.temperature.schedule.rst: document is referenced in multiple toctrees: ['api/api_bnsyn', 'api/generated/bnsyn.temperature'], selecting: api/generated/bnsyn.temperature <- api/generated/bnsyn.temperature.schedule
/workspace/bnsyn-phase-controlled-emergent-dynamics/docs/api/generated/bnsyn.vcg.rst: document is referenced in multiple toctrees: ['api/generated/bnsyn', 'modules'], selecting: modules <- api/generated/bnsyn.vcg
/workspace/bnsyn-phase-controlled-emergent-dynamics/docs/api/generated/contracts.math_contracts.rst: document is referenced in multiple toctrees: ['modules', 'api/generated/contracts'], selecting: modules <- api/generated/contracts.math_contracts
done
preparing documents... done
copying assets... 
copying downloadable files... [ 12%] ../../claims/claims.yml
copying downloadable files... [ 25%] ../../bibliography/mapping.yml
copying downloadable files... [ 38%] ../../bibliography/sources.lock
copying downloadable files... [ 50%] ../../.github/workflows/ci-smoke.yml
copying downloadable files... [ 62%] ../../.github/workflows/ci-validation.yml
copying downloadable files... [ 75%] safety/hazard_log.yml
copying downloadable files... [ 88%] safety/traceability.yml
copying downloadable files... [100%] ../../bibliography/bnsyn.bib

copying static files... 
Writing evaluated template result to /workspace/bnsyn-phase-controlled-emergent-dynamics/docs/_build/html/_static/language_data.js
Writing evaluated template result to /workspace/bnsyn-phase-controlled-emergent-dynamics/docs/_build/html/_static/documentation_options.js
Writing evaluated template result to /workspace/bnsyn-phase-controlled-emergent-dynamics/docs/_build/html/_static/basic.css
copying static files: done
copying extra files... 
copying extra files: done
copying assets: done
writing output... [ 33%] api/generated/contracts
writing output... [ 67%] api/generated/contracts.math_contracts
writing output... [100%] modules

generating indices... genindex py-modindex done
highlighting module code... [  2%] bnsyn.calibration.accuracy_speed
highlighting module code... [  5%] bnsyn.calibration.fit
highlighting module code... [  7%] bnsyn.cli
highlighting module code... [ 10%] bnsyn.config
highlighting module code... [ 12%] bnsyn.connectivity.sparse
highlighting module code... [ 15%] bnsyn.consolidation.dual_weight
highlighting module code... [ 17%] bnsyn.criticality.analysis
highlighting module code... [ 20%] bnsyn.criticality.branching
highlighting module code... [ 22%] bnsyn.criticality.phase_transition
highlighting module code... [ 24%] bnsyn.emergence.crystallizer
highlighting module code... [ 27%] bnsyn.energy.regularization
highlighting module code... [ 29%] bnsyn.experiments.declarative
highlighting module code... [ 32%] bnsyn.incremental
highlighting module code... [ 34%] bnsyn.memory.consolidator
highlighting module code... [ 37%] bnsyn.memory.ledger
highlighting module code... [ 39%] bnsyn.memory.trace
highlighting module code... [ 41%] bnsyn.neuron.adex
highlighting module code... [ 44%] bnsyn.numerics.integrators
highlighting module code... [ 46%] bnsyn.plasticity.stdp
highlighting module code... [ 49%] bnsyn.plasticity.three_factor
highlighting module code... [ 51%] bnsyn.production.adex
highlighting module code... [ 54%] bnsyn.production.connectivity
highlighting module code... [ 56%] bnsyn.production.jax_backend
highlighting module code... [ 59%] bnsyn.provenance.manifest
highlighting module code... [ 61%] bnsyn.provenance.manifest_builder
highlighting module code... [ 63%] bnsyn.rng
highlighting module code... [ 66%] bnsyn.schemas.experiment
highlighting module code... [ 68%] bnsyn.sim.network
highlighting module code... [ 71%] bnsyn.sleep.cycle
highlighting module code... [ 73%] bnsyn.sleep.replay
highlighting module code... [ 76%] bnsyn.sleep.stages
highlighting module code... [ 78%] bnsyn.synapse.conductance
highlighting module code... [ 80%] bnsyn.temperature.schedule
highlighting module code... [ 83%] bnsyn.testing.faults
highlighting module code... [ 85%] bnsyn.tools.benchmark_sleep_stack_scale
highlighting module code... [ 88%] bnsyn.tools.run_scaled_sleep_stack
highlighting module code... [ 90%] bnsyn.validation.inputs
highlighting module code... [ 93%] bnsyn.vcg
highlighting module code... [ 95%] bnsyn.viz.dashboard
highlighting module code... [ 98%] bnsyn.viz.interactive
highlighting module code... [100%] contracts.math_contracts

writing additional pages... search done
dumping search index in English (code: en)... done
dumping object inventory... done
build succeeded, 136 warnings.

The HTML pages are in docs/_build/html.
Docs built at docs/_build/html
