[2026-02-16T11:41:12Z]
CMD: git commit -m "chore(hygiene): refresh digital-noise audit artifacts"
EXIT: 0
STDOUT:
[work 7f3e107] chore(hygiene): refresh digital-noise audit artifacts
 30 files changed, 1289 insertions(+), 255 deletions(-)
 create mode 100644 proof_bundle/logs/093_baseline_git_status.log
 create mode 100644 proof_bundle/logs/094_baseline_head.log
 create mode 100644 proof_bundle/logs/095_baseline_branch.log
 create mode 100644 proof_bundle/logs/096_baseline_remote.log
 create mode 100644 proof_bundle/logs/097_baseline_python.log
 create mode 100644 proof_bundle/logs/098_baseline_pip.log
 create mode 100644 proof_bundle/logs/099_baseline_pytest_ver.log
 create mode 100644 proof_bundle/logs/100_baseline_ruff_ver.log
 create mode 100644 proof_bundle/logs/101_baseline_mypy_ver.log
 create mode 100644 proof_bundle/logs/102_status_porcelain.log
 create mode 100644 proof_bundle/logs/103_ls_untracked_ignored.log
 create mode 100644 proof_bundle/logs/104_find_cache_dirs.log
 create mode 100644 proof_bundle/logs/105_find_noise_files.log
 create mode 100644 proof_bundle/logs/106_dryrun_clean_ignored.log
 create mode 100644 proof_bundle/logs/107_dryrun_clean_all.log
 create mode 100644 proof_bundle/logs/108_test_cmd.log
 create mode 100644 proof_bundle/logs/109_lint_ruff.log
 create mode 100644 proof_bundle/logs/110_lint_pylint.log
 create mode 100644 proof_bundle/logs/111_typecheck_mypy.log
 create mode 100644 proof_bundle/logs/112_build_cmd.log
 create mode 100644 proof_bundle/logs/113_final_noise_scan.log
 create mode 100644 proof_bundle/logs/114_final_status.log
 create mode 100644 proof_bundle/logs/115_cleanup_temp_logs.log
 create mode 100644 proof_bundle/logs/116_artifact_refresh.log
 create mode 100644 proof_bundle/logs/117_final_status.log
STDERR:
