$ python -m pip install -e .[dev,test]
Obtaining file:///workspace/bnsyn-phase-controlled-emergent-dynamics
  Installing build dependencies: started
  Installing build dependencies: finished with status 'done'
  Checking if build backend supports build_editable: started
  Checking if build backend supports build_editable: finished with status 'done'
  Getting requirements to build editable: started
  Getting requirements to build editable: finished with status 'done'
  Preparing editable metadata (pyproject.toml): started
  Preparing editable metadata (pyproject.toml): finished with status 'done'
Requirement already satisfied: numpy==2.4.1 in /root/.pyenv/versions/3.12.12/lib/python3.12/site-packages (from bnsyn==0.2.0) (2.4.1)
Requirement already satisfied: pydantic==2.12.5 in /root/.pyenv/versions/3.12.12/lib/python3.12/site-packages (from bnsyn==0.2.0) (2.12.5)
Requirement already satisfied: scipy==1.17.0 in /root/.pyenv/versions/3.12.12/lib/python3.12/site-packages (from bnsyn==0.2.0) (1.17.0)
Requirement already satisfied: jsonschema==4.26.0 in /root/.pyenv/versions/3.12.12/lib/python3.12/site-packages (from bnsyn==0.2.0) (4.26.0)
Requirement already satisfied: joblib==1.4.2 in /root/.pyenv/versions/3.12.12/lib/python3.12/site-packages (from bnsyn==0.2.0) (1.4.2)
Collecting pyyaml==6.0.3 (from bnsyn==0.2.0)
  Using cached pyyaml-6.0.3-cp312-cp312-manylinux2014_x86_64.manylinux_2_17_x86_64.manylinux_2_28_x86_64.whl.metadata (2.4 kB)
Collecting hypothesis==6.151.5 (from bnsyn==0.2.0)
  Using cached hypothesis-6.151.5-py3-none-any.whl.metadata (5.6 kB)
Requirement already satisfied: pytest==9.0.2 in /root/.pyenv/versions/3.12.12/lib/python3.12/site-packages (from bnsyn==0.2.0) (9.0.2)
Collecting pytest-cov==7.0.0 (from bnsyn==0.2.0)
  Using cached pytest_cov-7.0.0-py3-none-any.whl.metadata (31 kB)
Collecting ruff==0.15.0 (from bnsyn==0.2.0)
  Using cached ruff-0.15.0-py3-none-manylinux_2_17_x86_64.manylinux2014_x86_64.whl.metadata (26 kB)
Requirement already satisfied: mypy==1.19.1 in /root/.pyenv/versions/3.12.12/lib/python3.12/site-packages (from bnsyn==0.2.0) (1.19.1)
Collecting pylint==3.3.5 (from bnsyn==0.2.0)
  Using cached pylint-3.3.5-py3-none-any.whl.metadata (12 kB)
Collecting pydocstyle==6.3.0 (from bnsyn==0.2.0)
  Using cached pydocstyle-6.3.0-py3-none-any.whl.metadata (3.7 kB)
Collecting bandit==1.9.3 (from bnsyn==0.2.0)
  Using cached bandit-1.9.3-py3-none-any.whl.metadata (7.1 kB)
Collecting validate-pyproject==0.25 (from bnsyn==0.2.0)
  Using cached validate_pyproject-0.25-py3-none-any.whl.metadata (9.8 kB)
Collecting pre-commit==4.5.1 (from bnsyn==0.2.0)
  Using cached pre_commit-4.5.1-py2.py3-none-any.whl.metadata (1.2 kB)
Collecting pip-audit==2.10.0 (from bnsyn==0.2.0)
  Using cached pip_audit-2.10.0-py3-none-any.whl.metadata (28 kB)
Collecting psutil==7.2.2 (from bnsyn==0.2.0)
  Using cached psutil-7.2.2-cp36-abi3-manylinux2010_x86_64.manylinux_2_12_x86_64.manylinux_2_28_x86_64.whl.metadata (22 kB)
Requirement already satisfied: packaging==25.0 in /root/.pyenv/versions/3.12.12/lib/python3.12/site-packages (from bnsyn==0.2.0) (25.0)
Collecting stevedore>=1.20.0 (from bandit==1.9.3->bnsyn==0.2.0)
  Using cached stevedore-5.6.0-py3-none-any.whl.metadata (2.3 kB)
Collecting rich (from bandit==1.9.3->bnsyn==0.2.0)
  Using cached rich-14.3.2-py3-none-any.whl.metadata (18 kB)
Collecting sortedcontainers<3.0.0,>=2.1.0 (from hypothesis==6.151.5->bnsyn==0.2.0)
  Using cached sortedcontainers-2.4.0-py2.py3-none-any.whl.metadata (10 kB)
Requirement already satisfied: attrs>=22.2.0 in /root/.pyenv/versions/3.12.12/lib/python3.12/site-packages (from jsonschema==4.26.0->bnsyn==0.2.0) (25.4.0)
Requirement already satisfied: jsonschema-specifications>=2023.03.6 in /root/.pyenv/versions/3.12.12/lib/python3.12/site-packages (from jsonschema==4.26.0->bnsyn==0.2.0) (2025.9.1)
Requirement already satisfied: referencing>=0.28.4 in /root/.pyenv/versions/3.12.12/lib/python3.12/site-packages (from jsonschema==4.26.0->bnsyn==0.2.0) (0.37.0)
Requirement already satisfied: rpds-py>=0.25.0 in /root/.pyenv/versions/3.12.12/lib/python3.12/site-packages (from jsonschema==4.26.0->bnsyn==0.2.0) (0.30.0)
Requirement already satisfied: typing_extensions>=4.6.0 in /root/.pyenv/versions/3.12.12/lib/python3.12/site-packages (from mypy==1.19.1->bnsyn==0.2.0) (4.15.0)
Requirement already satisfied: mypy_extensions>=1.0.0 in /root/.pyenv/versions/3.12.12/lib/python3.12/site-packages (from mypy==1.19.1->bnsyn==0.2.0) (1.1.0)
Requirement already satisfied: pathspec>=0.9.0 in /root/.pyenv/versions/3.12.12/lib/python3.12/site-packages (from mypy==1.19.1->bnsyn==0.2.0) (1.0.3)
Requirement already satisfied: librt>=0.6.2 in /root/.pyenv/versions/3.12.12/lib/python3.12/site-packages (from mypy==1.19.1->bnsyn==0.2.0) (0.7.7)
Collecting CacheControl>=0.13.0 (from CacheControl[filecache]>=0.13.0->pip-audit==2.10.0->bnsyn==0.2.0)
  Using cached cachecontrol-0.14.4-py3-none-any.whl.metadata (3.1 kB)
Collecting cyclonedx-python-lib<12,>=5 (from pip-audit==2.10.0->bnsyn==0.2.0)
  Using cached cyclonedx_python_lib-11.6.0-py3-none-any.whl.metadata (6.8 kB)
Collecting pip-api>=0.0.28 (from pip-audit==2.10.0->bnsyn==0.2.0)
  Using cached pip_api-0.0.34-py3-none-any.whl.metadata (6.6 kB)
Collecting pip-requirements-parser>=32.0.0 (from pip-audit==2.10.0->bnsyn==0.2.0)
  Using cached pip_requirements_parser-32.0.1-py3-none-any.whl.metadata (9.3 kB)
Collecting requests>=2.31.0 (from pip-audit==2.10.0->bnsyn==0.2.0)
  Using cached requests-2.32.5-py3-none-any.whl.metadata (4.9 kB)
Collecting tomli>=2.2.1 (from pip-audit==2.10.0->bnsyn==0.2.0)
  Using cached tomli-2.4.0-cp312-cp312-manylinux2014_x86_64.manylinux_2_17_x86_64.manylinux_2_28_x86_64.whl.metadata (10 kB)
Collecting tomli-w>=1.2.0 (from pip-audit==2.10.0->bnsyn==0.2.0)
  Using cached tomli_w-1.2.0-py3-none-any.whl.metadata (5.7 kB)
Requirement already satisfied: platformdirs>=4.2.0 in /root/.pyenv/versions/3.12.12/lib/python3.12/site-packages (from pip-audit==2.10.0->bnsyn==0.2.0) (4.5.1)
Collecting cfgv>=2.0.0 (from pre-commit==4.5.1->bnsyn==0.2.0)
  Using cached cfgv-3.5.0-py2.py3-none-any.whl.metadata (8.9 kB)
Collecting identify>=1.0.0 (from pre-commit==4.5.1->bnsyn==0.2.0)
  Using cached identify-2.6.16-py2.py3-none-any.whl.metadata (4.4 kB)
Requirement already satisfied: nodeenv>=0.11.1 in /root/.pyenv/versions/3.12.12/lib/python3.12/site-packages (from pre-commit==4.5.1->bnsyn==0.2.0) (1.10.0)
Collecting virtualenv>=20.10.0 (from pre-commit==4.5.1->bnsyn==0.2.0)
  Using cached virtualenv-20.37.0-py3-none-any.whl.metadata (5.1 kB)
Requirement already satisfied: annotated-types>=0.6.0 in /root/.pyenv/versions/3.12.12/lib/python3.12/site-packages (from pydantic==2.12.5->bnsyn==0.2.0) (0.7.0)
Requirement already satisfied: pydantic-core==2.41.5 in /root/.pyenv/versions/3.12.12/lib/python3.12/site-packages (from pydantic==2.12.5->bnsyn==0.2.0) (2.41.5)
Requirement already satisfied: typing-inspection>=0.4.2 in /root/.pyenv/versions/3.12.12/lib/python3.12/site-packages (from pydantic==2.12.5->bnsyn==0.2.0) (0.4.2)
Collecting snowballstemmer>=2.2.0 (from pydocstyle==6.3.0->bnsyn==0.2.0)
  Using cached snowballstemmer-3.0.1-py3-none-any.whl.metadata (7.9 kB)
Collecting dill>=0.3.6 (from pylint==3.3.5->bnsyn==0.2.0)
  Using cached dill-0.4.1-py3-none-any.whl.metadata (10 kB)
Collecting astroid<=3.4.0-dev0,>=3.3.8 (from pylint==3.3.5->bnsyn==0.2.0)
  Using cached astroid-3.3.11-py3-none-any.whl.metadata (4.4 kB)
Collecting isort!=5.13.0,<7,>=4.2.5 (from pylint==3.3.5->bnsyn==0.2.0)
  Using cached isort-6.1.0-py3-none-any.whl.metadata (12 kB)
Collecting mccabe<0.8,>=0.6 (from pylint==3.3.5->bnsyn==0.2.0)
  Using cached mccabe-0.7.0-py2.py3-none-any.whl.metadata (5.0 kB)
Collecting tomlkit>=0.10.1 (from pylint==3.3.5->bnsyn==0.2.0)
  Using cached tomlkit-0.14.0-py3-none-any.whl.metadata (2.8 kB)
Requirement already satisfied: iniconfig>=1.0.1 in /root/.pyenv/versions/3.12.12/lib/python3.12/site-packages (from pytest==9.0.2->bnsyn==0.2.0) (2.3.0)
Requirement already satisfied: pluggy<2,>=1.5 in /root/.pyenv/versions/3.12.12/lib/python3.12/site-packages (from pytest==9.0.2->bnsyn==0.2.0) (1.6.0)
Requirement already satisfied: pygments>=2.7.2 in /root/.pyenv/versions/3.12.12/lib/python3.12/site-packages (from pytest==9.0.2->bnsyn==0.2.0) (2.19.2)
Collecting coverage>=7.10.6 (from coverage[toml]>=7.10.6->pytest-cov==7.0.0->bnsyn==0.2.0)
  Using cached coverage-7.13.4-cp312-cp312-manylinux1_x86_64.manylinux_2_28_x86_64.manylinux_2_5_x86_64.whl.metadata (8.5 kB)
Collecting fastjsonschema<=3,>=2.16.2 (from validate-pyproject==0.25->bnsyn==0.2.0)
  Using cached fastjsonschema-2.21.2-py3-none-any.whl.metadata (2.3 kB)
Collecting license-expression<31,>=30 (from cyclonedx-python-lib<12,>=5->pip-audit==2.10.0->bnsyn==0.2.0)
  Using cached license_expression-30.4.4-py3-none-any.whl.metadata (11 kB)
Collecting packageurl-python<2,>=0.11 (from cyclonedx-python-lib<12,>=5->pip-audit==2.10.0->bnsyn==0.2.0)
  Using cached packageurl_python-0.17.6-py3-none-any.whl.metadata (5.1 kB)
Collecting py-serializable<3.0.0,>=2.1.0 (from cyclonedx-python-lib<12,>=5->pip-audit==2.10.0->bnsyn==0.2.0)
  Using cached py_serializable-2.1.0-py3-none-any.whl.metadata (4.3 kB)
Collecting boolean.py>=4.0 (from license-expression<31,>=30->cyclonedx-python-lib<12,>=5->pip-audit==2.10.0->bnsyn==0.2.0)
  Using cached boolean_py-5.0-py3-none-any.whl.metadata (2.3 kB)
Collecting defusedxml<0.8.0,>=0.7.1 (from py-serializable<3.0.0,>=2.1.0->cyclonedx-python-lib<12,>=5->pip-audit==2.10.0->bnsyn==0.2.0)
  Using cached defusedxml-0.7.1-py2.py3-none-any.whl.metadata (32 kB)
Collecting msgpack<2.0.0,>=0.5.2 (from CacheControl>=0.13.0->CacheControl[filecache]>=0.13.0->pip-audit==2.10.0->bnsyn==0.2.0)
  Using cached msgpack-1.1.2-cp312-cp312-manylinux2014_x86_64.manylinux_2_17_x86_64.manylinux_2_28_x86_64.whl.metadata (8.1 kB)
Collecting filelock>=3.8.0 (from CacheControl[filecache]>=0.13.0->pip-audit==2.10.0->bnsyn==0.2.0)
  Using cached filelock-3.24.2-py3-none-any.whl.metadata (2.0 kB)
Requirement already satisfied: pip in /root/.pyenv/versions/3.12.12/lib/python3.12/site-packages (from pip-api>=0.0.28->pip-audit==2.10.0->bnsyn==0.2.0) (25.3)
Collecting pyparsing (from pip-requirements-parser>=32.0.0->pip-audit==2.10.0->bnsyn==0.2.0)
  Using cached pyparsing-3.3.2-py3-none-any.whl.metadata (5.8 kB)
Collecting charset_normalizer<4,>=2 (from requests>=2.31.0->pip-audit==2.10.0->bnsyn==0.2.0)
  Using cached charset_normalizer-3.4.4-cp312-cp312-manylinux2014_x86_64.manylinux_2_17_x86_64.manylinux_2_28_x86_64.whl.metadata (37 kB)
Collecting idna<4,>=2.5 (from requests>=2.31.0->pip-audit==2.10.0->bnsyn==0.2.0)
  Using cached idna-3.11-py3-none-any.whl.metadata (8.4 kB)
Collecting urllib3<3,>=1.21.1 (from requests>=2.31.0->pip-audit==2.10.0->bnsyn==0.2.0)
  Using cached urllib3-2.6.3-py3-none-any.whl.metadata (6.9 kB)
Collecting certifi>=2017.4.17 (from requests>=2.31.0->pip-audit==2.10.0->bnsyn==0.2.0)
  Using cached certifi-2026.1.4-py3-none-any.whl.metadata (2.5 kB)
Collecting markdown-it-py>=2.2.0 (from rich->bandit==1.9.3->bnsyn==0.2.0)
  Using cached markdown_it_py-4.0.0-py3-none-any.whl.metadata (7.3 kB)
Collecting mdurl~=0.1 (from markdown-it-py>=2.2.0->rich->bandit==1.9.3->bnsyn==0.2.0)
  Using cached mdurl-0.1.2-py3-none-any.whl.metadata (1.6 kB)
Collecting distlib<1,>=0.3.7 (from virtualenv>=20.10.0->pre-commit==4.5.1->bnsyn==0.2.0)
  Using cached distlib-0.4.0-py2.py3-none-any.whl.metadata (5.2 kB)
Using cached bandit-1.9.3-py3-none-any.whl (134 kB)
Using cached hypothesis-6.151.5-py3-none-any.whl (543 kB)
Using cached pip_audit-2.10.0-py3-none-any.whl (61 kB)
Using cached pre_commit-4.5.1-py2.py3-none-any.whl (226 kB)
Using cached psutil-7.2.2-cp36-abi3-manylinux2010_x86_64.manylinux_2_12_x86_64.manylinux_2_28_x86_64.whl (155 kB)
Using cached pydocstyle-6.3.0-py3-none-any.whl (38 kB)
Using cached pylint-3.3.5-py3-none-any.whl (522 kB)
Using cached pytest_cov-7.0.0-py3-none-any.whl (22 kB)
Using cached pyyaml-6.0.3-cp312-cp312-manylinux2014_x86_64.manylinux_2_17_x86_64.manylinux_2_28_x86_64.whl (807 kB)
Using cached ruff-0.15.0-py3-none-manylinux_2_17_x86_64.manylinux2014_x86_64.whl (11.1 MB)
Using cached validate_pyproject-0.25-py3-none-any.whl (54 kB)
Using cached astroid-3.3.11-py3-none-any.whl (275 kB)
Using cached cyclonedx_python_lib-11.6.0-py3-none-any.whl (511 kB)
Using cached fastjsonschema-2.21.2-py3-none-any.whl (24 kB)
Using cached isort-6.1.0-py3-none-any.whl (94 kB)
Using cached license_expression-30.4.4-py3-none-any.whl (120 kB)
Using cached mccabe-0.7.0-py2.py3-none-any.whl (7.3 kB)
Using cached packageurl_python-0.17.6-py3-none-any.whl (36 kB)
Using cached py_serializable-2.1.0-py3-none-any.whl (23 kB)
Using cached defusedxml-0.7.1-py2.py3-none-any.whl (25 kB)
Using cached sortedcontainers-2.4.0-py2.py3-none-any.whl (29 kB)
Using cached boolean_py-5.0-py3-none-any.whl (26 kB)
Using cached cachecontrol-0.14.4-py3-none-any.whl (22 kB)
Using cached msgpack-1.1.2-cp312-cp312-manylinux2014_x86_64.manylinux_2_17_x86_64.manylinux_2_28_x86_64.whl (427 kB)
Using cached cfgv-3.5.0-py2.py3-none-any.whl (7.4 kB)
Using cached coverage-7.13.4-cp312-cp312-manylinux1_x86_64.manylinux_2_28_x86_64.manylinux_2_5_x86_64.whl (254 kB)
Using cached dill-0.4.1-py3-none-any.whl (120 kB)
Using cached filelock-3.24.2-py3-none-any.whl (24 kB)
Using cached identify-2.6.16-py2.py3-none-any.whl (99 kB)
Using cached pip_api-0.0.34-py3-none-any.whl (120 kB)
Using cached pip_requirements_parser-32.0.1-py3-none-any.whl (35 kB)
Using cached requests-2.32.5-py3-none-any.whl (64 kB)
Using cached charset_normalizer-3.4.4-cp312-cp312-manylinux2014_x86_64.manylinux_2_17_x86_64.manylinux_2_28_x86_64.whl (153 kB)
Using cached idna-3.11-py3-none-any.whl (71 kB)
Using cached urllib3-2.6.3-py3-none-any.whl (131 kB)
Using cached certifi-2026.1.4-py3-none-any.whl (152 kB)
Using cached rich-14.3.2-py3-none-any.whl (309 kB)
Using cached markdown_it_py-4.0.0-py3-none-any.whl (87 kB)
Using cached mdurl-0.1.2-py3-none-any.whl (10.0 kB)
Using cached snowballstemmer-3.0.1-py3-none-any.whl (103 kB)
Using cached stevedore-5.6.0-py3-none-any.whl (54 kB)
Using cached tomli-2.4.0-cp312-cp312-manylinux2014_x86_64.manylinux_2_17_x86_64.manylinux_2_28_x86_64.whl (251 kB)
Using cached tomli_w-1.2.0-py3-none-any.whl (6.7 kB)
Using cached tomlkit-0.14.0-py3-none-any.whl (39 kB)
Using cached virtualenv-20.37.0-py3-none-any.whl (5.8 MB)
Using cached distlib-0.4.0-py2.py3-none-any.whl (469 kB)
Using cached pyparsing-3.3.2-py3-none-any.whl (122 kB)
Building wheels for collected packages: bnsyn
  Building editable for bnsyn (pyproject.toml): started
  Building editable for bnsyn (pyproject.toml): finished with status 'done'
  Created wheel for bnsyn: filename=bnsyn-0.2.0-0.editable-py3-none-any.whl size=4146 sha256=066999f387fbf99eabcd297538826373568c2c06ff627b9f3c435e4e683ef592
  Stored in directory: /tmp/pip-ephem-wheel-cache-rtrdwx4j/wheels/b6/1a/09/a1d36e07ea304f8c95ab88d866597d5b760d5b91c4e13d9643
Successfully built bnsyn
Installing collected packages: sortedcontainers, fastjsonschema, distlib, boolean.py, validate-pyproject, urllib3, tomlkit, tomli-w, tomli, stevedore, snowballstemmer, ruff, pyyaml, pyparsing, psutil, pip-api, packageurl-python, msgpack, mdurl, mccabe, license-expression, isort, idna, identify, hypothesis, filelock, dill, defusedxml, coverage, charset_normalizer, cfgv, certifi, astroid, virtualenv, requests, pylint, pydocstyle, py-serializable, pip-requirements-parser, markdown-it-py, rich, pytest-cov, pre-commit, cyclonedx-python-lib, CacheControl, bnsyn, bandit, pip-audit
  Attempting uninstall: ruff
    Found existing installation: ruff 0.14.11
    Uninstalling ruff-0.14.11:
      Successfully uninstalled ruff-0.14.11
  Attempting uninstall: isort
    Found existing installation: isort 7.0.0
    Uninstalling isort-7.0.0:
      Successfully uninstalled isort-7.0.0

Successfully installed CacheControl-0.14.4 astroid-3.3.11 bandit-1.9.3 bnsyn-0.2.0 boolean.py-5.0 certifi-2026.1.4 cfgv-3.5.0 charset_normalizer-3.4.4 coverage-7.13.4 cyclonedx-python-lib-11.6.0 defusedxml-0.7.1 dill-0.4.1 distlib-0.4.0 fastjsonschema-2.21.2 filelock-3.24.2 hypothesis-6.151.5 identify-2.6.16 idna-3.11 isort-6.1.0 license-expression-30.4.4 markdown-it-py-4.0.0 mccabe-0.7.0 mdurl-0.1.2 msgpack-1.1.2 packageurl-python-0.17.6 pip-api-0.0.34 pip-audit-2.10.0 pip-requirements-parser-32.0.1 pre-commit-4.5.1 psutil-7.2.2 py-serializable-2.1.0 pydocstyle-6.3.0 pylint-3.3.5 pyparsing-3.3.2 pytest-cov-7.0.0 pyyaml-6.0.3 requests-2.32.5 rich-14.3.2 ruff-0.15.0 snowballstemmer-3.0.1 sortedcontainers-2.4.0 stevedore-5.6.0 tomli-2.4.0 tomli-w-1.2.0 tomlkit-0.14.0 urllib3-2.6.3 validate-pyproject-0.25 virtualenv-20.37.0
WARNING: Running pip as the 'root' user can result in broken permissions and conflicting behaviour with the system package manager, possibly rendering your system unusable. It is recommended to use a virtual environment instead: https://pip.pypa.io/warnings/venv. Use the --root-user-action option if you know what you are doing and want to suppress this warning.

[notice] A new release of pip is available: 25.3 -> 26.0.1
[notice] To update, run: pip install --upgrade pip
[exit:0]
$ python -m scripts.validate_workflow_contracts
Workflow contracts validation passed.
[exit:0]
$ python -m scripts.scan_governed_docs
[governed-docs] Governed docs listed: 32
[governed-docs] Files scanned: 32
[governed-docs] Normative lines: 6
[governed-docs] Orphan normative lines: 0
[governed-docs] Missing governed files: 0
[governed-docs] OK: governed docs have no orphan normative statements.
[exit:0]
$ python -m build
/root/.pyenv/versions/3.12.12/bin/python: No module named build
[exit:1]
