     1	# Recursive Integrity Check (PASS 0)
     2	
     3	- Scope: commands truth, policy truth, code truth, state truth.
     4	- Commit: `35bd4e8aa77e343e7c37470fdbd5a54bb38f6461`.
     5	
     6	## Contradictions
     7	- Total: 1
     8	
     9	### §RIS:contradiction:test-marker-contract#0cb50848744f45fb
    10	- Severity: P0
    11	- Type: command_mismatch
    12	- Summary: AGENTS.md test command excludes only validation, while Makefile/docs exclude both validation and property.
    13	- Evidence:
    14	  - `file:AGENTS.md:L30-L33`
    15	  - `file:Makefile:L8-L8`
    16	  - `file:docs/TESTING.md:L21-L25`
    17	- Sync Patch Plan: Compressor artifacts treat Makefile+docs/TESTING as runtime truth; AGENTS mismatch recorded for human sync patch.
    18	
    19	## Determinism
    20	- Stable IDs computed from `TYPE:STABLE_KEY` using sha256 first 64 bits.
    21	- Node/edge ordering sorted lexicographically by ID.
    22	
    23	## PASS 6 Proofs
    24	- KG.json sha256: `eb69220432b9741d5b3cb69a816a7d67d9bba8791908e691c3940abe9e9ac123`
    25	- Missing evidence: `0`
    26	- Broken refs: `0`
    27	- Contradictions: `1`
    28	- Verdict: `PASS`
