$ git add .github/REPO_MANIFEST.md manifest/repo_manifest.computed.json
[exit:0]
$ make ssot
python -m scripts.validate_bibliography
OK: bibliography SSOT validated.
  Bibkeys: 31
  Mapping entries: 26
  Claim IDs: 26
  Lock entries: 31
python -m scripts.validate_claims
[claims-gate] OK: 26 claims validated; 22 normative.
python -m scripts.scan_normative_tags
OK: normative tag scan passed.
python -m scripts.validate_pr_gates
OK: pr_gates=4 workflows=29 validated
python -m scripts.validate_required_status_contexts
OK: required_status_contexts=13 validated
python -m scripts.sync_required_status_contexts --check
OK: /workspace/bnsyn-phase-controlled-emergent-dynamics/.github/REQUIRED_STATUS_CONTEXTS.yml already up to date (13 contexts)
make inventory-check
make[1]: Entering directory '/workspace/bnsyn-phase-controlled-emergent-dynamics'
python tools/generate_inventory.py --check
OK: INVENTORY.json is up to date
make[1]: Leaving directory '/workspace/bnsyn-phase-controlled-emergent-dynamics'
python -m scripts.validate_api_maturity
api_maturity validation passed
make api-contract
make[1]: Entering directory '/workspace/bnsyn-phase-controlled-emergent-dynamics'
python -m scripts.check_api_contract --baseline quality/api_contract_baseline.json
API contract check passed
make[1]: Leaving directory '/workspace/bnsyn-phase-controlled-emergent-dynamics'
make manifest-check
make[1]: Entering directory '/workspace/bnsyn-phase-controlled-emergent-dynamics'
python -m tools.manifest generate
manifest.generate computed_sha256=f42e985d4955e7ab2079a9b543de21d31a5a6a8753d5aeffddfda6b30c786228 rendered_sha256=c39f1e150011af49d256879fa5969308c79badc33b835952c815f20caef24cbd workflow_total=29 workflow_call_total=11 ci_manifest_reference_count=0
python -m tools.manifest validate
Manifest validation passed.
git diff --exit-code -- .github/REPO_MANIFEST.md manifest/repo_manifest.computed.json
make[1]: Leaving directory '/workspace/bnsyn-phase-controlled-emergent-dynamics'
make traceability-check
make[1]: Entering directory '/workspace/bnsyn-phase-controlled-emergent-dynamics'
python -m scripts.validate_traceability
TRACEABILITY_OK
make[1]: Leaving directory '/workspace/bnsyn-phase-controlled-emergent-dynamics'
[exit:0]
$ python -m pip install -e .[dev,test] build
Obtaining file:///workspace/bnsyn-phase-controlled-emergent-dynamics
  Installing build dependencies: started
  Installing build dependencies: finished with status 'done'
  Checking if build backend supports build_editable: started
  Checking if build backend supports build_editable: finished with status 'done'
  Getting requirements to build editable: started
  Getting requirements to build editable: finished with status 'done'
  Preparing editable metadata (pyproject.toml): started
  Preparing editable metadata (pyproject.toml): finished with status 'done'
Requirement already satisfied: build in /root/.pyenv/versions/3.12.12/lib/python3.12/site-packages (1.4.0)
Requirement already satisfied: numpy==2.4.1 in /root/.pyenv/versions/3.12.12/lib/python3.12/site-packages (from bnsyn==0.2.0) (2.4.1)
Requirement already satisfied: pydantic==2.12.5 in /root/.pyenv/versions/3.12.12/lib/python3.12/site-packages (from bnsyn==0.2.0) (2.12.5)
Requirement already satisfied: scipy==1.17.0 in /root/.pyenv/versions/3.12.12/lib/python3.12/site-packages (from bnsyn==0.2.0) (1.17.0)
Requirement already satisfied: jsonschema==4.26.0 in /root/.pyenv/versions/3.12.12/lib/python3.12/site-packages (from bnsyn==0.2.0) (4.26.0)
Requirement already satisfied: joblib==1.4.2 in /root/.pyenv/versions/3.12.12/lib/python3.12/site-packages (from bnsyn==0.2.0) (1.4.2)
Requirement already satisfied: pyyaml==6.0.3 in /root/.pyenv/versions/3.12.12/lib/python3.12/site-packages (from bnsyn==0.2.0) (6.0.3)
Requirement already satisfied: hypothesis==6.151.5 in /root/.pyenv/versions/3.12.12/lib/python3.12/site-packages (from bnsyn==0.2.0) (6.151.5)
Requirement already satisfied: pytest==9.0.2 in /root/.pyenv/versions/3.12.12/lib/python3.12/site-packages (from bnsyn==0.2.0) (9.0.2)
Requirement already satisfied: pytest-cov==7.0.0 in /root/.pyenv/versions/3.12.12/lib/python3.12/site-packages (from bnsyn==0.2.0) (7.0.0)
Requirement already satisfied: ruff==0.15.0 in /root/.pyenv/versions/3.12.12/lib/python3.12/site-packages (from bnsyn==0.2.0) (0.15.0)
Requirement already satisfied: mypy==1.19.1 in /root/.pyenv/versions/3.12.12/lib/python3.12/site-packages (from bnsyn==0.2.0) (1.19.1)
Requirement already satisfied: pylint==3.3.5 in /root/.pyenv/versions/3.12.12/lib/python3.12/site-packages (from bnsyn==0.2.0) (3.3.5)
Requirement already satisfied: pydocstyle==6.3.0 in /root/.pyenv/versions/3.12.12/lib/python3.12/site-packages (from bnsyn==0.2.0) (6.3.0)
Requirement already satisfied: bandit==1.9.3 in /root/.pyenv/versions/3.12.12/lib/python3.12/site-packages (from bnsyn==0.2.0) (1.9.3)
Requirement already satisfied: validate-pyproject==0.25 in /root/.pyenv/versions/3.12.12/lib/python3.12/site-packages (from bnsyn==0.2.0) (0.25)
Requirement already satisfied: pre-commit==4.5.1 in /root/.pyenv/versions/3.12.12/lib/python3.12/site-packages (from bnsyn==0.2.0) (4.5.1)
Requirement already satisfied: pip-audit==2.10.0 in /root/.pyenv/versions/3.12.12/lib/python3.12/site-packages (from bnsyn==0.2.0) (2.10.0)
Requirement already satisfied: psutil==7.2.2 in /root/.pyenv/versions/3.12.12/lib/python3.12/site-packages (from bnsyn==0.2.0) (7.2.2)
Requirement already satisfied: packaging==25.0 in /root/.pyenv/versions/3.12.12/lib/python3.12/site-packages (from bnsyn==0.2.0) (25.0)
Requirement already satisfied: stevedore>=1.20.0 in /root/.pyenv/versions/3.12.12/lib/python3.12/site-packages (from bandit==1.9.3->bnsyn==0.2.0) (5.6.0)
Requirement already satisfied: rich in /root/.pyenv/versions/3.12.12/lib/python3.12/site-packages (from bandit==1.9.3->bnsyn==0.2.0) (14.3.2)
Requirement already satisfied: sortedcontainers<3.0.0,>=2.1.0 in /root/.pyenv/versions/3.12.12/lib/python3.12/site-packages (from hypothesis==6.151.5->bnsyn==0.2.0) (2.4.0)
Requirement already satisfied: attrs>=22.2.0 in /root/.pyenv/versions/3.12.12/lib/python3.12/site-packages (from jsonschema==4.26.0->bnsyn==0.2.0) (25.4.0)
Requirement already satisfied: jsonschema-specifications>=2023.03.6 in /root/.pyenv/versions/3.12.12/lib/python3.12/site-packages (from jsonschema==4.26.0->bnsyn==0.2.0) (2025.9.1)
Requirement already satisfied: referencing>=0.28.4 in /root/.pyenv/versions/3.12.12/lib/python3.12/site-packages (from jsonschema==4.26.0->bnsyn==0.2.0) (0.37.0)
Requirement already satisfied: rpds-py>=0.25.0 in /root/.pyenv/versions/3.12.12/lib/python3.12/site-packages (from jsonschema==4.26.0->bnsyn==0.2.0) (0.30.0)
Requirement already satisfied: typing_extensions>=4.6.0 in /root/.pyenv/versions/3.12.12/lib/python3.12/site-packages (from mypy==1.19.1->bnsyn==0.2.0) (4.15.0)
Requirement already satisfied: mypy_extensions>=1.0.0 in /root/.pyenv/versions/3.12.12/lib/python3.12/site-packages (from mypy==1.19.1->bnsyn==0.2.0) (1.1.0)
Requirement already satisfied: pathspec>=0.9.0 in /root/.pyenv/versions/3.12.12/lib/python3.12/site-packages (from mypy==1.19.1->bnsyn==0.2.0) (1.0.3)
Requirement already satisfied: librt>=0.6.2 in /root/.pyenv/versions/3.12.12/lib/python3.12/site-packages (from mypy==1.19.1->bnsyn==0.2.0) (0.7.7)
Requirement already satisfied: CacheControl>=0.13.0 in /root/.pyenv/versions/3.12.12/lib/python3.12/site-packages (from CacheControl[filecache]>=0.13.0->pip-audit==2.10.0->bnsyn==0.2.0) (0.14.4)
Requirement already satisfied: cyclonedx-python-lib<12,>=5 in /root/.pyenv/versions/3.12.12/lib/python3.12/site-packages (from pip-audit==2.10.0->bnsyn==0.2.0) (11.6.0)
Requirement already satisfied: pip-api>=0.0.28 in /root/.pyenv/versions/3.12.12/lib/python3.12/site-packages (from pip-audit==2.10.0->bnsyn==0.2.0) (0.0.34)
Requirement already satisfied: pip-requirements-parser>=32.0.0 in /root/.pyenv/versions/3.12.12/lib/python3.12/site-packages (from pip-audit==2.10.0->bnsyn==0.2.0) (32.0.1)
Requirement already satisfied: requests>=2.31.0 in /root/.pyenv/versions/3.12.12/lib/python3.12/site-packages (from pip-audit==2.10.0->bnsyn==0.2.0) (2.32.5)
Requirement already satisfied: tomli>=2.2.1 in /root/.pyenv/versions/3.12.12/lib/python3.12/site-packages (from pip-audit==2.10.0->bnsyn==0.2.0) (2.4.0)
Requirement already satisfied: tomli-w>=1.2.0 in /root/.pyenv/versions/3.12.12/lib/python3.12/site-packages (from pip-audit==2.10.0->bnsyn==0.2.0) (1.2.0)
Requirement already satisfied: platformdirs>=4.2.0 in /root/.pyenv/versions/3.12.12/lib/python3.12/site-packages (from pip-audit==2.10.0->bnsyn==0.2.0) (4.5.1)
Requirement already satisfied: cfgv>=2.0.0 in /root/.pyenv/versions/3.12.12/lib/python3.12/site-packages (from pre-commit==4.5.1->bnsyn==0.2.0) (3.5.0)
Requirement already satisfied: identify>=1.0.0 in /root/.pyenv/versions/3.12.12/lib/python3.12/site-packages (from pre-commit==4.5.1->bnsyn==0.2.0) (2.6.16)
Requirement already satisfied: nodeenv>=0.11.1 in /root/.pyenv/versions/3.12.12/lib/python3.12/site-packages (from pre-commit==4.5.1->bnsyn==0.2.0) (1.10.0)
Requirement already satisfied: virtualenv>=20.10.0 in /root/.pyenv/versions/3.12.12/lib/python3.12/site-packages (from pre-commit==4.5.1->bnsyn==0.2.0) (20.37.0)
Requirement already satisfied: annotated-types>=0.6.0 in /root/.pyenv/versions/3.12.12/lib/python3.12/site-packages (from pydantic==2.12.5->bnsyn==0.2.0) (0.7.0)
Requirement already satisfied: pydantic-core==2.41.5 in /root/.pyenv/versions/3.12.12/lib/python3.12/site-packages (from pydantic==2.12.5->bnsyn==0.2.0) (2.41.5)
Requirement already satisfied: typing-inspection>=0.4.2 in /root/.pyenv/versions/3.12.12/lib/python3.12/site-packages (from pydantic==2.12.5->bnsyn==0.2.0) (0.4.2)
Requirement already satisfied: snowballstemmer>=2.2.0 in /root/.pyenv/versions/3.12.12/lib/python3.12/site-packages (from pydocstyle==6.3.0->bnsyn==0.2.0) (3.0.1)
Requirement already satisfied: dill>=0.3.6 in /root/.pyenv/versions/3.12.12/lib/python3.12/site-packages (from pylint==3.3.5->bnsyn==0.2.0) (0.4.1)
Requirement already satisfied: astroid<=3.4.0-dev0,>=3.3.8 in /root/.pyenv/versions/3.12.12/lib/python3.12/site-packages (from pylint==3.3.5->bnsyn==0.2.0) (3.3.11)
Requirement already satisfied: isort!=5.13.0,<7,>=4.2.5 in /root/.pyenv/versions/3.12.12/lib/python3.12/site-packages (from pylint==3.3.5->bnsyn==0.2.0) (6.1.0)
Requirement already satisfied: mccabe<0.8,>=0.6 in /root/.pyenv/versions/3.12.12/lib/python3.12/site-packages (from pylint==3.3.5->bnsyn==0.2.0) (0.7.0)
Requirement already satisfied: tomlkit>=0.10.1 in /root/.pyenv/versions/3.12.12/lib/python3.12/site-packages (from pylint==3.3.5->bnsyn==0.2.0) (0.14.0)
Requirement already satisfied: iniconfig>=1.0.1 in /root/.pyenv/versions/3.12.12/lib/python3.12/site-packages (from pytest==9.0.2->bnsyn==0.2.0) (2.3.0)
Requirement already satisfied: pluggy<2,>=1.5 in /root/.pyenv/versions/3.12.12/lib/python3.12/site-packages (from pytest==9.0.2->bnsyn==0.2.0) (1.6.0)
Requirement already satisfied: pygments>=2.7.2 in /root/.pyenv/versions/3.12.12/lib/python3.12/site-packages (from pytest==9.0.2->bnsyn==0.2.0) (2.19.2)
Requirement already satisfied: coverage>=7.10.6 in /root/.pyenv/versions/3.12.12/lib/python3.12/site-packages (from coverage[toml]>=7.10.6->pytest-cov==7.0.0->bnsyn==0.2.0) (7.13.4)
Requirement already satisfied: fastjsonschema<=3,>=2.16.2 in /root/.pyenv/versions/3.12.12/lib/python3.12/site-packages (from validate-pyproject==0.25->bnsyn==0.2.0) (2.21.2)
Requirement already satisfied: license-expression<31,>=30 in /root/.pyenv/versions/3.12.12/lib/python3.12/site-packages (from cyclonedx-python-lib<12,>=5->pip-audit==2.10.0->bnsyn==0.2.0) (30.4.4)
Requirement already satisfied: packageurl-python<2,>=0.11 in /root/.pyenv/versions/3.12.12/lib/python3.12/site-packages (from cyclonedx-python-lib<12,>=5->pip-audit==2.10.0->bnsyn==0.2.0) (0.17.6)
Requirement already satisfied: py-serializable<3.0.0,>=2.1.0 in /root/.pyenv/versions/3.12.12/lib/python3.12/site-packages (from cyclonedx-python-lib<12,>=5->pip-audit==2.10.0->bnsyn==0.2.0) (2.1.0)
Requirement already satisfied: boolean.py>=4.0 in /root/.pyenv/versions/3.12.12/lib/python3.12/site-packages (from license-expression<31,>=30->cyclonedx-python-lib<12,>=5->pip-audit==2.10.0->bnsyn==0.2.0) (5.0)
Requirement already satisfied: defusedxml<0.8.0,>=0.7.1 in /root/.pyenv/versions/3.12.12/lib/python3.12/site-packages (from py-serializable<3.0.0,>=2.1.0->cyclonedx-python-lib<12,>=5->pip-audit==2.10.0->bnsyn==0.2.0) (0.7.1)
Requirement already satisfied: pyproject_hooks in /root/.pyenv/versions/3.12.12/lib/python3.12/site-packages (from build) (1.2.0)
Requirement already satisfied: msgpack<2.0.0,>=0.5.2 in /root/.pyenv/versions/3.12.12/lib/python3.12/site-packages (from CacheControl>=0.13.0->CacheControl[filecache]>=0.13.0->pip-audit==2.10.0->bnsyn==0.2.0) (1.1.2)
Requirement already satisfied: filelock>=3.8.0 in /root/.pyenv/versions/3.12.12/lib/python3.12/site-packages (from CacheControl[filecache]>=0.13.0->pip-audit==2.10.0->bnsyn==0.2.0) (3.24.2)
Requirement already satisfied: pip in /root/.pyenv/versions/3.12.12/lib/python3.12/site-packages (from pip-api>=0.0.28->pip-audit==2.10.0->bnsyn==0.2.0) (25.3)
Requirement already satisfied: pyparsing in /root/.pyenv/versions/3.12.12/lib/python3.12/site-packages (from pip-requirements-parser>=32.0.0->pip-audit==2.10.0->bnsyn==0.2.0) (3.3.2)
Requirement already satisfied: charset_normalizer<4,>=2 in /root/.pyenv/versions/3.12.12/lib/python3.12/site-packages (from requests>=2.31.0->pip-audit==2.10.0->bnsyn==0.2.0) (3.4.4)
Requirement already satisfied: idna<4,>=2.5 in /root/.pyenv/versions/3.12.12/lib/python3.12/site-packages (from requests>=2.31.0->pip-audit==2.10.0->bnsyn==0.2.0) (3.11)
Requirement already satisfied: urllib3<3,>=1.21.1 in /root/.pyenv/versions/3.12.12/lib/python3.12/site-packages (from requests>=2.31.0->pip-audit==2.10.0->bnsyn==0.2.0) (2.6.3)
Requirement already satisfied: certifi>=2017.4.17 in /root/.pyenv/versions/3.12.12/lib/python3.12/site-packages (from requests>=2.31.0->pip-audit==2.10.0->bnsyn==0.2.0) (2026.1.4)
Requirement already satisfied: markdown-it-py>=2.2.0 in /root/.pyenv/versions/3.12.12/lib/python3.12/site-packages (from rich->bandit==1.9.3->bnsyn==0.2.0) (4.0.0)
Requirement already satisfied: mdurl~=0.1 in /root/.pyenv/versions/3.12.12/lib/python3.12/site-packages (from markdown-it-py>=2.2.0->rich->bandit==1.9.3->bnsyn==0.2.0) (0.1.2)
Requirement already satisfied: distlib<1,>=0.3.7 in /root/.pyenv/versions/3.12.12/lib/python3.12/site-packages (from virtualenv>=20.10.0->pre-commit==4.5.1->bnsyn==0.2.0) (0.4.0)
Building wheels for collected packages: bnsyn
  Building editable for bnsyn (pyproject.toml): started
  Building editable for bnsyn (pyproject.toml): finished with status 'done'
  Created wheel for bnsyn: filename=bnsyn-0.2.0-0.editable-py3-none-any.whl size=4146 sha256=550cc77c3ee3b86d84d0bccedb6e06974b684ad9da266297ec1f30709f0e0170
  Stored in directory: /tmp/pip-ephem-wheel-cache-xwedlcua/wheels/b6/1a/09/a1d36e07ea304f8c95ab88d866597d5b760d5b91c4e13d9643
Successfully built bnsyn
Installing collected packages: bnsyn
  Attempting uninstall: bnsyn
    Found existing installation: bnsyn 0.2.0
    Uninstalling bnsyn-0.2.0:
      Successfully uninstalled bnsyn-0.2.0
Successfully installed bnsyn-0.2.0
WARNING: Running pip as the 'root' user can result in broken permissions and conflicting behaviour with the system package manager, possibly rendering your system unusable. It is recommended to use a virtual environment instead: https://pip.pypa.io/warnings/venv. Use the --root-user-action option if you know what you are doing and want to suppress this warning.

[notice] A new release of pip is available: 25.3 -> 26.0.1
[notice] To update, run: pip install --upgrade pip
[exit:0]
$ python -m build
* Creating isolated environment: venv+pip...
* Installing packages in isolated environment:
  - setuptools==79.0.1
* Getting build dependencies for sdist...
running egg_info
writing src/bnsyn.egg-info/PKG-INFO
writing dependency_links to src/bnsyn.egg-info/dependency_links.txt
writing entry points to src/bnsyn.egg-info/entry_points.txt
writing requirements to src/bnsyn.egg-info/requires.txt
writing top-level names to src/bnsyn.egg-info/top_level.txt
reading manifest file 'src/bnsyn.egg-info/SOURCES.txt'
adding license file 'LICENSE'
writing manifest file 'src/bnsyn.egg-info/SOURCES.txt'
* Building sdist...
running sdist
running egg_info
writing src/bnsyn.egg-info/PKG-INFO
writing dependency_links to src/bnsyn.egg-info/dependency_links.txt
writing entry points to src/bnsyn.egg-info/entry_points.txt
writing requirements to src/bnsyn.egg-info/requires.txt
writing top-level names to src/bnsyn.egg-info/top_level.txt
reading manifest file 'src/bnsyn.egg-info/SOURCES.txt'
adding license file 'LICENSE'
writing manifest file 'src/bnsyn.egg-info/SOURCES.txt'
running check
creating bnsyn-0.2.0
creating bnsyn-0.2.0/src/bnsyn
creating bnsyn-0.2.0/src/bnsyn.egg-info
creating bnsyn-0.2.0/src/bnsyn/benchmarks
creating bnsyn-0.2.0/src/bnsyn/calibration
creating bnsyn-0.2.0/src/bnsyn/connectivity
creating bnsyn-0.2.0/src/bnsyn/consolidation
creating bnsyn-0.2.0/src/bnsyn/criticality
creating bnsyn-0.2.0/src/bnsyn/emergence
creating bnsyn-0.2.0/src/bnsyn/energy
creating bnsyn-0.2.0/src/bnsyn/experiments
creating bnsyn-0.2.0/src/bnsyn/memory
creating bnsyn-0.2.0/src/bnsyn/neuron
creating bnsyn-0.2.0/src/bnsyn/numerics
creating bnsyn-0.2.0/src/bnsyn/plasticity
creating bnsyn-0.2.0/src/bnsyn/production
creating bnsyn-0.2.0/src/bnsyn/provenance
creating bnsyn-0.2.0/src/bnsyn/schemas
creating bnsyn-0.2.0/src/bnsyn/sim
creating bnsyn-0.2.0/src/bnsyn/sleep
creating bnsyn-0.2.0/src/bnsyn/synapse
creating bnsyn-0.2.0/src/bnsyn/temperature
creating bnsyn-0.2.0/src/bnsyn/testing
creating bnsyn-0.2.0/src/bnsyn/tools
creating bnsyn-0.2.0/src/bnsyn/validation
creating bnsyn-0.2.0/src/bnsyn/viz
creating bnsyn-0.2.0/src/contracts
creating bnsyn-0.2.0/tests
copying files to bnsyn-0.2.0...
copying LICENSE -> bnsyn-0.2.0
copying README.md -> bnsyn-0.2.0
copying pyproject.toml -> bnsyn-0.2.0
copying src/bnsyn/__init__.py -> bnsyn-0.2.0/src/bnsyn
copying src/bnsyn/__main__.py -> bnsyn-0.2.0/src/bnsyn
copying src/bnsyn/cli.py -> bnsyn-0.2.0/src/bnsyn
copying src/bnsyn/config.py -> bnsyn-0.2.0/src/bnsyn
copying src/bnsyn/control.py -> bnsyn-0.2.0/src/bnsyn
copying src/bnsyn/incremental.py -> bnsyn-0.2.0/src/bnsyn
copying src/bnsyn/neurons.py -> bnsyn-0.2.0/src/bnsyn
copying src/bnsyn/py.typed -> bnsyn-0.2.0/src/bnsyn
copying src/bnsyn/rng.py -> bnsyn-0.2.0/src/bnsyn
copying src/bnsyn/simulation.py -> bnsyn-0.2.0/src/bnsyn
copying src/bnsyn/synapses.py -> bnsyn-0.2.0/src/bnsyn
copying src/bnsyn/vcg.py -> bnsyn-0.2.0/src/bnsyn
copying src/bnsyn.egg-info/PKG-INFO -> bnsyn-0.2.0/src/bnsyn.egg-info
copying src/bnsyn.egg-info/SOURCES.txt -> bnsyn-0.2.0/src/bnsyn.egg-info
copying src/bnsyn.egg-info/dependency_links.txt -> bnsyn-0.2.0/src/bnsyn.egg-info
copying src/bnsyn.egg-info/entry_points.txt -> bnsyn-0.2.0/src/bnsyn.egg-info
copying src/bnsyn.egg-info/requires.txt -> bnsyn-0.2.0/src/bnsyn.egg-info
copying src/bnsyn.egg-info/top_level.txt -> bnsyn-0.2.0/src/bnsyn.egg-info
copying src/bnsyn/benchmarks/__init__.py -> bnsyn-0.2.0/src/bnsyn/benchmarks
copying src/bnsyn/benchmarks/regime.py -> bnsyn-0.2.0/src/bnsyn/benchmarks
copying src/bnsyn/calibration/__init__.py -> bnsyn-0.2.0/src/bnsyn/calibration
copying src/bnsyn/calibration/accuracy_speed.py -> bnsyn-0.2.0/src/bnsyn/calibration
copying src/bnsyn/calibration/fit.py -> bnsyn-0.2.0/src/bnsyn/calibration
copying src/bnsyn/connectivity/__init__.py -> bnsyn-0.2.0/src/bnsyn/connectivity
copying src/bnsyn/connectivity/sparse.py -> bnsyn-0.2.0/src/bnsyn/connectivity
copying src/bnsyn/consolidation/__init__.py -> bnsyn-0.2.0/src/bnsyn/consolidation
copying src/bnsyn/consolidation/dual_weight.py -> bnsyn-0.2.0/src/bnsyn/consolidation
copying src/bnsyn/criticality/__init__.py -> bnsyn-0.2.0/src/bnsyn/criticality
copying src/bnsyn/criticality/analysis.py -> bnsyn-0.2.0/src/bnsyn/criticality
copying src/bnsyn/criticality/branching.py -> bnsyn-0.2.0/src/bnsyn/criticality
copying src/bnsyn/criticality/phase_transition.py -> bnsyn-0.2.0/src/bnsyn/criticality
copying src/bnsyn/emergence/__init__.py -> bnsyn-0.2.0/src/bnsyn/emergence
copying src/bnsyn/emergence/crystallizer.py -> bnsyn-0.2.0/src/bnsyn/emergence
copying src/bnsyn/energy/__init__.py -> bnsyn-0.2.0/src/bnsyn/energy
copying src/bnsyn/energy/regularization.py -> bnsyn-0.2.0/src/bnsyn/energy
copying src/bnsyn/experiments/__init__.py -> bnsyn-0.2.0/src/bnsyn/experiments
copying src/bnsyn/experiments/declarative.py -> bnsyn-0.2.0/src/bnsyn/experiments
copying src/bnsyn/memory/__init__.py -> bnsyn-0.2.0/src/bnsyn/memory
copying src/bnsyn/memory/consolidator.py -> bnsyn-0.2.0/src/bnsyn/memory
copying src/bnsyn/memory/ledger.py -> bnsyn-0.2.0/src/bnsyn/memory
copying src/bnsyn/memory/trace.py -> bnsyn-0.2.0/src/bnsyn/memory
copying src/bnsyn/neuron/__init__.py -> bnsyn-0.2.0/src/bnsyn/neuron
copying src/bnsyn/neuron/adex.py -> bnsyn-0.2.0/src/bnsyn/neuron
copying src/bnsyn/numerics/__init__.py -> bnsyn-0.2.0/src/bnsyn/numerics
copying src/bnsyn/numerics/integrators.py -> bnsyn-0.2.0/src/bnsyn/numerics
copying src/bnsyn/plasticity/__init__.py -> bnsyn-0.2.0/src/bnsyn/plasticity
copying src/bnsyn/plasticity/stdp.py -> bnsyn-0.2.0/src/bnsyn/plasticity
copying src/bnsyn/plasticity/three_factor.py -> bnsyn-0.2.0/src/bnsyn/plasticity
copying src/bnsyn/production/__init__.py -> bnsyn-0.2.0/src/bnsyn/production
copying src/bnsyn/production/adex.py -> bnsyn-0.2.0/src/bnsyn/production
copying src/bnsyn/production/connectivity.py -> bnsyn-0.2.0/src/bnsyn/production
copying src/bnsyn/production/jax_backend.py -> bnsyn-0.2.0/src/bnsyn/production
copying src/bnsyn/provenance/__init__.py -> bnsyn-0.2.0/src/bnsyn/provenance
copying src/bnsyn/provenance/manifest.py -> bnsyn-0.2.0/src/bnsyn/provenance
copying src/bnsyn/provenance/manifest_builder.py -> bnsyn-0.2.0/src/bnsyn/provenance
copying src/bnsyn/schemas/__init__.py -> bnsyn-0.2.0/src/bnsyn/schemas
copying src/bnsyn/schemas/experiment.py -> bnsyn-0.2.0/src/bnsyn/schemas
copying src/bnsyn/sim/__init__.py -> bnsyn-0.2.0/src/bnsyn/sim
copying src/bnsyn/sim/network.py -> bnsyn-0.2.0/src/bnsyn/sim
copying src/bnsyn/sleep/__init__.py -> bnsyn-0.2.0/src/bnsyn/sleep
copying src/bnsyn/sleep/cycle.py -> bnsyn-0.2.0/src/bnsyn/sleep
copying src/bnsyn/sleep/replay.py -> bnsyn-0.2.0/src/bnsyn/sleep
copying src/bnsyn/sleep/stages.py -> bnsyn-0.2.0/src/bnsyn/sleep
copying src/bnsyn/synapse/__init__.py -> bnsyn-0.2.0/src/bnsyn/synapse
copying src/bnsyn/synapse/conductance.py -> bnsyn-0.2.0/src/bnsyn/synapse
copying src/bnsyn/temperature/__init__.py -> bnsyn-0.2.0/src/bnsyn/temperature
copying src/bnsyn/temperature/schedule.py -> bnsyn-0.2.0/src/bnsyn/temperature
copying src/bnsyn/testing/__init__.py -> bnsyn-0.2.0/src/bnsyn/testing
copying src/bnsyn/testing/faults.py -> bnsyn-0.2.0/src/bnsyn/testing
copying src/bnsyn/tools/__init__.py -> bnsyn-0.2.0/src/bnsyn/tools
copying src/bnsyn/tools/benchmark_sleep_stack_scale.py -> bnsyn-0.2.0/src/bnsyn/tools
copying src/bnsyn/tools/run_scaled_sleep_stack.py -> bnsyn-0.2.0/src/bnsyn/tools
copying src/bnsyn/validation/__init__.py -> bnsyn-0.2.0/src/bnsyn/validation
copying src/bnsyn/validation/inputs.py -> bnsyn-0.2.0/src/bnsyn/validation
copying src/bnsyn/viz/__init__.py -> bnsyn-0.2.0/src/bnsyn/viz
copying src/bnsyn/viz/dashboard.py -> bnsyn-0.2.0/src/bnsyn/viz
copying src/bnsyn/viz/interactive.py -> bnsyn-0.2.0/src/bnsyn/viz
copying src/contracts/__init__.py -> bnsyn-0.2.0/src/contracts
copying src/contracts/math_contracts.py -> bnsyn-0.2.0/src/contracts
copying tests/test_actions_pinning.py -> bnsyn-0.2.0/tests
copying tests/test_adex_smoke.py -> bnsyn-0.2.0/tests
copying tests/test_api_contract_command.py -> bnsyn-0.2.0/tests
copying tests/test_api_contract_semver.py -> bnsyn-0.2.0/tests
copying tests/test_api_maturity.py -> bnsyn-0.2.0/tests
copying tests/test_api_surface_reexports.py -> bnsyn-0.2.0/tests
copying tests/test_attractor_crystallizer.py -> bnsyn-0.2.0/tests
copying tests/test_audit_suite_artifacts.py -> bnsyn-0.2.0/tests
copying tests/test_benchmark_regression_gate.py -> bnsyn-0.2.0/tests
copying tests/test_benchmarks_smoke.py -> bnsyn-0.2.0/tests
copying tests/test_calibration_accuracy_speed.py -> bnsyn-0.2.0/tests
copying tests/test_calibration_fit_edge.py -> bnsyn-0.2.0/tests
copying tests/test_calibration_smoke.py -> bnsyn-0.2.0/tests
copying tests/test_check_internal_links.py -> bnsyn-0.2.0/tests
copying tests/test_claims_enforcement.py -> bnsyn-0.2.0/tests
copying tests/test_cli_interactive.py -> bnsyn-0.2.0/tests
copying tests/test_cli_sleep_stack_backend_and_N_unit.py -> bnsyn-0.2.0/tests
copying tests/test_cli_sleep_stack_branches.py -> bnsyn-0.2.0/tests
copying tests/test_cli_sleep_stack_figure.py -> bnsyn-0.2.0/tests
copying tests/test_cli_smoke.py -> bnsyn-0.2.0/tests
copying tests/test_cli_unit.py -> bnsyn-0.2.0/tests
copying tests/test_cli_versioning.py -> bnsyn-0.2.0/tests
copying tests/test_connectivity_sparse.py -> bnsyn-0.2.0/tests
copying tests/test_consolidation_smoke.py -> bnsyn-0.2.0/tests
copying tests/test_coverage_gap_extensions.py -> bnsyn-0.2.0/tests
copying tests/test_coverage_gate.py -> bnsyn-0.2.0/tests
copying tests/test_coverage_paths.py -> bnsyn-0.2.0/tests
copying tests/test_criticality_analysis_edge.py -> bnsyn-0.2.0/tests
copying tests/test_criticality_smoke.py -> bnsyn-0.2.0/tests
copying tests/test_crystallizer_edge_cases.py -> bnsyn-0.2.0/tests
copying tests/test_determinism.py -> bnsyn-0.2.0/tests
copying tests/test_dt_invariance.py -> bnsyn-0.2.0/tests
copying tests/test_edge_cases_adex.py -> bnsyn-0.2.0/tests
copying tests/test_edge_cases_criticality.py -> bnsyn-0.2.0/tests
copying tests/test_edge_cases_synapse.py -> bnsyn-0.2.0/tests
copying tests/test_edge_cases_temperature.py -> bnsyn-0.2.0/tests
copying tests/test_energy_smoke.py -> bnsyn-0.2.0/tests
copying tests/test_entropy_artifacts_guard.py -> bnsyn-0.2.0/tests
copying tests/test_entropy_gate.py -> bnsyn-0.2.0/tests
copying tests/test_experiment_manifest.py -> bnsyn-0.2.0/tests
copying tests/test_experiments_declarative.py -> bnsyn-0.2.0/tests
copying tests/test_experiments_temperature_ablation.py -> bnsyn-0.2.0/tests
copying tests/test_faults.py -> bnsyn-0.2.0/tests
copying tests/test_generate_coverage_trend.py -> bnsyn-0.2.0/tests
copying tests/test_generate_inventory.py -> bnsyn-0.2.0/tests
copying tests/test_imports.py -> bnsyn-0.2.0/tests
copying tests/test_incremental_cache.py -> bnsyn-0.2.0/tests
copying tests/test_integration_examples.py -> bnsyn-0.2.0/tests
copying tests/test_integration_experiment_flow.py -> bnsyn-0.2.0/tests
copying tests/test_intelligence_cycle.py -> bnsyn-0.2.0/tests
copying tests/test_interactive_smoke.py -> bnsyn-0.2.0/tests
copying tests/test_jax_backend.py -> bnsyn-0.2.0/tests
copying tests/test_manifest_builder.py -> bnsyn-0.2.0/tests
copying tests/test_manifest_consistency.py -> bnsyn-0.2.0/tests
copying tests/test_manifest_tooling.py -> bnsyn-0.2.0/tests
copying tests/test_manifest_tooling_regression.py -> bnsyn-0.2.0/tests
copying tests/test_manifest_tools.py -> bnsyn-0.2.0/tests
copying tests/test_math_core_hardening.py -> bnsyn-0.2.0/tests
copying tests/test_math_invariants.py -> bnsyn-0.2.0/tests
copying tests/test_memory.py -> bnsyn-0.2.0/tests
copying tests/test_memory_consolidator.py -> bnsyn-0.2.0/tests
copying tests/test_memory_ledger_unit.py -> bnsyn-0.2.0/tests
copying tests/test_memory_trace_unit.py -> bnsyn-0.2.0/tests
copying tests/test_mutation_ci_summary_contract.py -> bnsyn-0.2.0/tests
copying tests/test_mutation_counts_contract.py -> bnsyn-0.2.0/tests
copying tests/test_mutation_killers.py -> bnsyn-0.2.0/tests
copying tests/test_mutation_run_pipeline_contract.py -> bnsyn-0.2.0/tests
copying tests/test_mutation_survivors_summary.py -> bnsyn-0.2.0/tests
copying tests/test_network_allocation_buffers.py -> bnsyn-0.2.0/tests
copying tests/test_network_external_input.py -> bnsyn-0.2.0/tests
copying tests/test_network_smoke.py -> bnsyn-0.2.0/tests
copying tests/test_network_validation_edges.py -> bnsyn-0.2.0/tests
copying tests/test_neuron_adex_validation.py -> bnsyn-0.2.0/tests
copying tests/test_no_escape_tripwires.py -> bnsyn-0.2.0/tests
copying tests/test_performance.py -> bnsyn-0.2.0/tests
copying tests/test_phase_transition.py -> bnsyn-0.2.0/tests
copying tests/test_phase_transition_detector.py -> bnsyn-0.2.0/tests
copying tests/test_plasticity_smoke.py -> bnsyn-0.2.0/tests
copying tests/test_plasticity_three_factor_edge.py -> bnsyn-0.2.0/tests
copying tests/test_pr_description_policy_template.py -> bnsyn-0.2.0/tests
copying tests/test_pr_description_policy_workflow.py -> bnsyn-0.2.0/tests
copying tests/test_principal_test_hardening.py -> bnsyn-0.2.0/tests
copying tests/test_production_adex_spike.py -> bnsyn-0.2.0/tests
copying tests/test_provenance_manifest.py -> bnsyn-0.2.0/tests
copying tests/test_pytest_collection_contract.py -> bnsyn-0.2.0/tests
copying tests/test_quickstart_consistency_script.py -> bnsyn-0.2.0/tests
copying tests/test_quickstart_contract.py -> bnsyn-0.2.0/tests
copying tests/test_quickstart_contract_validator.py -> bnsyn-0.2.0/tests
copying tests/test_readiness_artifact_schemas.py -> bnsyn-0.2.0/tests
copying tests/test_readme_quickstart_contract.py -> bnsyn-0.2.0/tests
copying tests/test_release_pipeline.py -> bnsyn-0.2.0/tests
copying tests/test_release_readiness.py -> bnsyn-0.2.0/tests
copying tests/test_run_simulation_external_current.py -> bnsyn-0.2.0/tests
copying tests/test_run_simulation_validation.py -> bnsyn-0.2.0/tests
copying tests/test_scan_governed_docs_script.py -> bnsyn-0.2.0/tests
copying tests/test_scan_placeholders.py -> bnsyn-0.2.0/tests
copying tests/test_schema_contracts.py -> bnsyn-0.2.0/tests
copying tests/test_schema_experiment_contracts.py -> bnsyn-0.2.0/tests
copying tests/test_sleep_cycle.py -> bnsyn-0.2.0/tests
copying tests/test_sleep_cycle_integration.py -> bnsyn-0.2.0/tests
copying tests/test_sleep_replay.py -> bnsyn-0.2.0/tests
copying tests/test_sleep_stage_validation.py -> bnsyn-0.2.0/tests
copying tests/test_spec_mapping_guard.py -> bnsyn-0.2.0/tests
copying tests/test_synapse_conductance_edge.py -> bnsyn-0.2.0/tests
copying tests/test_synapse_smoke.py -> bnsyn-0.2.0/tests
copying tests/test_sync_required_status_contexts.py -> bnsyn-0.2.0/tests
copying tests/test_temperature_smoke.py -> bnsyn-0.2.0/tests
copying tests/test_tla_invariants_guard.py -> bnsyn-0.2.0/tests
copying tests/test_tools_benchmark_sleep_stack_scale_unit.py -> bnsyn-0.2.0/tests
copying tests/test_tools_run_scaled_sleep_stack_unit.py -> bnsyn-0.2.0/tests
copying tests/test_tools_scaled_sleep_stack_smoke.py -> bnsyn-0.2.0/tests
copying tests/test_update_manifest_tools.py -> bnsyn-0.2.0/tests
copying tests/test_validate_bibliography_script.py -> bnsyn-0.2.0/tests
copying tests/test_validate_calibration_summary.py -> bnsyn-0.2.0/tests
copying tests/test_validate_codebase_readiness_audit.py -> bnsyn-0.2.0/tests
copying tests/test_validate_long_running_triggers.py -> bnsyn-0.2.0/tests
copying tests/test_validate_pr_gates.py -> bnsyn-0.2.0/tests
copying tests/test_validate_required_checks.py -> bnsyn-0.2.0/tests
copying tests/test_validate_status_claims.py -> bnsyn-0.2.0/tests
copying tests/test_validate_workflow_contracts.py -> bnsyn-0.2.0/tests
copying tests/test_validation_inputs.py -> bnsyn-0.2.0/tests
copying tests/test_vcg_invariants_guard.py -> bnsyn-0.2.0/tests
copying tests/test_vcg_smoke.py -> bnsyn-0.2.0/tests
copying tests/test_vcg_validation.py -> bnsyn-0.2.0/tests
copying tests/test_verify_reproducible_artifacts.py -> bnsyn-0.2.0/tests
copying tests/test_viz_interactive.py -> bnsyn-0.2.0/tests
copying tests/test_viz_interactive_main.py -> bnsyn-0.2.0/tests
copying tests/test_viz_optional_import.py -> bnsyn-0.2.0/tests
copying tests/test_viz_smoke_coverage.py -> bnsyn-0.2.0/tests
copying tests/test_wheelhouse_tools.py -> bnsyn-0.2.0/tests
copying src/bnsyn.egg-info/SOURCES.txt -> bnsyn-0.2.0/src/bnsyn.egg-info
Writing bnsyn-0.2.0/setup.cfg
Creating tar archive
removing 'bnsyn-0.2.0' (and everything under it)
* Building wheel from sdist
* Creating isolated environment: venv+pip...
* Installing packages in isolated environment:
  - setuptools==79.0.1
* Getting build dependencies for wheel...
running egg_info
writing src/bnsyn.egg-info/PKG-INFO
writing dependency_links to src/bnsyn.egg-info/dependency_links.txt
writing entry points to src/bnsyn.egg-info/entry_points.txt
writing requirements to src/bnsyn.egg-info/requires.txt
writing top-level names to src/bnsyn.egg-info/top_level.txt
reading manifest file 'src/bnsyn.egg-info/SOURCES.txt'
adding license file 'LICENSE'
writing manifest file 'src/bnsyn.egg-info/SOURCES.txt'
* Building wheel...
running bdist_wheel
running build
running build_py
creating build/lib/bnsyn
copying src/bnsyn/config.py -> build/lib/bnsyn
copying src/bnsyn/simulation.py -> build/lib/bnsyn
copying src/bnsyn/__main__.py -> build/lib/bnsyn
copying src/bnsyn/synapses.py -> build/lib/bnsyn
copying src/bnsyn/incremental.py -> build/lib/bnsyn
copying src/bnsyn/__init__.py -> build/lib/bnsyn
copying src/bnsyn/rng.py -> build/lib/bnsyn
copying src/bnsyn/control.py -> build/lib/bnsyn
copying src/bnsyn/vcg.py -> build/lib/bnsyn
copying src/bnsyn/cli.py -> build/lib/bnsyn
copying src/bnsyn/neurons.py -> build/lib/bnsyn
creating build/lib/contracts
copying src/contracts/math_contracts.py -> build/lib/contracts
copying src/contracts/__init__.py -> build/lib/contracts
creating build/lib/bnsyn/criticality
copying src/bnsyn/criticality/phase_transition.py -> build/lib/bnsyn/criticality
copying src/bnsyn/criticality/__init__.py -> build/lib/bnsyn/criticality
copying src/bnsyn/criticality/branching.py -> build/lib/bnsyn/criticality
copying src/bnsyn/criticality/analysis.py -> build/lib/bnsyn/criticality
creating build/lib/bnsyn/sim
copying src/bnsyn/sim/__init__.py -> build/lib/bnsyn/sim
copying src/bnsyn/sim/network.py -> build/lib/bnsyn/sim
creating build/lib/bnsyn/synapse
copying src/bnsyn/synapse/conductance.py -> build/lib/bnsyn/synapse
copying src/bnsyn/synapse/__init__.py -> build/lib/bnsyn/synapse
creating build/lib/bnsyn/temperature
copying src/bnsyn/temperature/schedule.py -> build/lib/bnsyn/temperature
copying src/bnsyn/temperature/__init__.py -> build/lib/bnsyn/temperature
creating build/lib/bnsyn/tools
copying src/bnsyn/tools/run_scaled_sleep_stack.py -> build/lib/bnsyn/tools
copying src/bnsyn/tools/__init__.py -> build/lib/bnsyn/tools
copying src/bnsyn/tools/benchmark_sleep_stack_scale.py -> build/lib/bnsyn/tools
creating build/lib/bnsyn/plasticity
copying src/bnsyn/plasticity/__init__.py -> build/lib/bnsyn/plasticity
copying src/bnsyn/plasticity/stdp.py -> build/lib/bnsyn/plasticity
copying src/bnsyn/plasticity/three_factor.py -> build/lib/bnsyn/plasticity
creating build/lib/bnsyn/neuron
copying src/bnsyn/neuron/adex.py -> build/lib/bnsyn/neuron
copying src/bnsyn/neuron/__init__.py -> build/lib/bnsyn/neuron
creating build/lib/bnsyn/validation
copying src/bnsyn/validation/__init__.py -> build/lib/bnsyn/validation
copying src/bnsyn/validation/inputs.py -> build/lib/bnsyn/validation
creating build/lib/bnsyn/experiments
copying src/bnsyn/experiments/__init__.py -> build/lib/bnsyn/experiments
copying src/bnsyn/experiments/declarative.py -> build/lib/bnsyn/experiments
creating build/lib/bnsyn/production
copying src/bnsyn/production/jax_backend.py -> build/lib/bnsyn/production
copying src/bnsyn/production/connectivity.py -> build/lib/bnsyn/production
copying src/bnsyn/production/adex.py -> build/lib/bnsyn/production
copying src/bnsyn/production/__init__.py -> build/lib/bnsyn/production
creating build/lib/bnsyn/connectivity
copying src/bnsyn/connectivity/sparse.py -> build/lib/bnsyn/connectivity
copying src/bnsyn/connectivity/__init__.py -> build/lib/bnsyn/connectivity
creating build/lib/bnsyn/viz
copying src/bnsyn/viz/dashboard.py -> build/lib/bnsyn/viz
copying src/bnsyn/viz/interactive.py -> build/lib/bnsyn/viz
copying src/bnsyn/viz/__init__.py -> build/lib/bnsyn/viz
creating build/lib/bnsyn/consolidation
copying src/bnsyn/consolidation/dual_weight.py -> build/lib/bnsyn/consolidation
copying src/bnsyn/consolidation/__init__.py -> build/lib/bnsyn/consolidation
creating build/lib/bnsyn/memory
copying src/bnsyn/memory/ledger.py -> build/lib/bnsyn/memory
copying src/bnsyn/memory/__init__.py -> build/lib/bnsyn/memory
copying src/bnsyn/memory/trace.py -> build/lib/bnsyn/memory
copying src/bnsyn/memory/consolidator.py -> build/lib/bnsyn/memory
creating build/lib/bnsyn/calibration
copying src/bnsyn/calibration/accuracy_speed.py -> build/lib/bnsyn/calibration
copying src/bnsyn/calibration/fit.py -> build/lib/bnsyn/calibration
copying src/bnsyn/calibration/__init__.py -> build/lib/bnsyn/calibration
creating build/lib/bnsyn/benchmarks
copying src/bnsyn/benchmarks/__init__.py -> build/lib/bnsyn/benchmarks
copying src/bnsyn/benchmarks/regime.py -> build/lib/bnsyn/benchmarks
creating build/lib/bnsyn/numerics
copying src/bnsyn/numerics/integrators.py -> build/lib/bnsyn/numerics
copying src/bnsyn/numerics/__init__.py -> build/lib/bnsyn/numerics
creating build/lib/bnsyn/emergence
copying src/bnsyn/emergence/__init__.py -> build/lib/bnsyn/emergence
copying src/bnsyn/emergence/crystallizer.py -> build/lib/bnsyn/emergence
creating build/lib/bnsyn/testing
copying src/bnsyn/testing/faults.py -> build/lib/bnsyn/testing
copying src/bnsyn/testing/__init__.py -> build/lib/bnsyn/testing
creating build/lib/bnsyn/energy
copying src/bnsyn/energy/regularization.py -> build/lib/bnsyn/energy
copying src/bnsyn/energy/__init__.py -> build/lib/bnsyn/energy
creating build/lib/bnsyn/schemas
copying src/bnsyn/schemas/experiment.py -> build/lib/bnsyn/schemas
copying src/bnsyn/schemas/__init__.py -> build/lib/bnsyn/schemas
creating build/lib/bnsyn/provenance
copying src/bnsyn/provenance/manifest_builder.py -> build/lib/bnsyn/provenance
copying src/bnsyn/provenance/__init__.py -> build/lib/bnsyn/provenance
copying src/bnsyn/provenance/manifest.py -> build/lib/bnsyn/provenance
creating build/lib/bnsyn/sleep
copying src/bnsyn/sleep/stages.py -> build/lib/bnsyn/sleep
copying src/bnsyn/sleep/replay.py -> build/lib/bnsyn/sleep
copying src/bnsyn/sleep/__init__.py -> build/lib/bnsyn/sleep
copying src/bnsyn/sleep/cycle.py -> build/lib/bnsyn/sleep
running egg_info
writing src/bnsyn.egg-info/PKG-INFO
writing dependency_links to src/bnsyn.egg-info/dependency_links.txt
writing entry points to src/bnsyn.egg-info/entry_points.txt
writing requirements to src/bnsyn.egg-info/requires.txt
writing top-level names to src/bnsyn.egg-info/top_level.txt
reading manifest file 'src/bnsyn.egg-info/SOURCES.txt'
adding license file 'LICENSE'
writing manifest file 'src/bnsyn.egg-info/SOURCES.txt'
copying src/bnsyn/py.typed -> build/lib/bnsyn
installing to build/bdist.linux-x86_64/wheel
running install
running install_lib
creating build/bdist.linux-x86_64/wheel
creating build/bdist.linux-x86_64/wheel/bnsyn
copying build/lib/bnsyn/config.py -> build/bdist.linux-x86_64/wheel/./bnsyn
creating build/bdist.linux-x86_64/wheel/bnsyn/criticality
copying build/lib/bnsyn/criticality/phase_transition.py -> build/bdist.linux-x86_64/wheel/./bnsyn/criticality
copying build/lib/bnsyn/criticality/__init__.py -> build/bdist.linux-x86_64/wheel/./bnsyn/criticality
copying build/lib/bnsyn/criticality/branching.py -> build/bdist.linux-x86_64/wheel/./bnsyn/criticality
copying build/lib/bnsyn/criticality/analysis.py -> build/bdist.linux-x86_64/wheel/./bnsyn/criticality
creating build/bdist.linux-x86_64/wheel/bnsyn/sim
copying build/lib/bnsyn/sim/__init__.py -> build/bdist.linux-x86_64/wheel/./bnsyn/sim
copying build/lib/bnsyn/sim/network.py -> build/bdist.linux-x86_64/wheel/./bnsyn/sim
creating build/bdist.linux-x86_64/wheel/bnsyn/synapse
copying build/lib/bnsyn/synapse/conductance.py -> build/bdist.linux-x86_64/wheel/./bnsyn/synapse
copying build/lib/bnsyn/synapse/__init__.py -> build/bdist.linux-x86_64/wheel/./bnsyn/synapse
creating build/bdist.linux-x86_64/wheel/bnsyn/temperature
copying build/lib/bnsyn/temperature/schedule.py -> build/bdist.linux-x86_64/wheel/./bnsyn/temperature
copying build/lib/bnsyn/temperature/__init__.py -> build/bdist.linux-x86_64/wheel/./bnsyn/temperature
creating build/bdist.linux-x86_64/wheel/bnsyn/tools
copying build/lib/bnsyn/tools/run_scaled_sleep_stack.py -> build/bdist.linux-x86_64/wheel/./bnsyn/tools
copying build/lib/bnsyn/tools/__init__.py -> build/bdist.linux-x86_64/wheel/./bnsyn/tools
copying build/lib/bnsyn/tools/benchmark_sleep_stack_scale.py -> build/bdist.linux-x86_64/wheel/./bnsyn/tools
copying build/lib/bnsyn/simulation.py -> build/bdist.linux-x86_64/wheel/./bnsyn
creating build/bdist.linux-x86_64/wheel/bnsyn/plasticity
copying build/lib/bnsyn/plasticity/__init__.py -> build/bdist.linux-x86_64/wheel/./bnsyn/plasticity
copying build/lib/bnsyn/plasticity/stdp.py -> build/bdist.linux-x86_64/wheel/./bnsyn/plasticity
copying build/lib/bnsyn/plasticity/three_factor.py -> build/bdist.linux-x86_64/wheel/./bnsyn/plasticity
creating build/bdist.linux-x86_64/wheel/bnsyn/neuron
copying build/lib/bnsyn/neuron/adex.py -> build/bdist.linux-x86_64/wheel/./bnsyn/neuron
copying build/lib/bnsyn/neuron/__init__.py -> build/bdist.linux-x86_64/wheel/./bnsyn/neuron
copying build/lib/bnsyn/__main__.py -> build/bdist.linux-x86_64/wheel/./bnsyn
copying build/lib/bnsyn/synapses.py -> build/bdist.linux-x86_64/wheel/./bnsyn
copying build/lib/bnsyn/incremental.py -> build/bdist.linux-x86_64/wheel/./bnsyn
copying build/lib/bnsyn/__init__.py -> build/bdist.linux-x86_64/wheel/./bnsyn
creating build/bdist.linux-x86_64/wheel/bnsyn/validation
copying build/lib/bnsyn/validation/__init__.py -> build/bdist.linux-x86_64/wheel/./bnsyn/validation
copying build/lib/bnsyn/validation/inputs.py -> build/bdist.linux-x86_64/wheel/./bnsyn/validation
creating build/bdist.linux-x86_64/wheel/bnsyn/experiments
copying build/lib/bnsyn/experiments/__init__.py -> build/bdist.linux-x86_64/wheel/./bnsyn/experiments
copying build/lib/bnsyn/experiments/declarative.py -> build/bdist.linux-x86_64/wheel/./bnsyn/experiments
creating build/bdist.linux-x86_64/wheel/bnsyn/production
copying build/lib/bnsyn/production/jax_backend.py -> build/bdist.linux-x86_64/wheel/./bnsyn/production
copying build/lib/bnsyn/production/connectivity.py -> build/bdist.linux-x86_64/wheel/./bnsyn/production
copying build/lib/bnsyn/production/adex.py -> build/bdist.linux-x86_64/wheel/./bnsyn/production
copying build/lib/bnsyn/production/__init__.py -> build/bdist.linux-x86_64/wheel/./bnsyn/production
creating build/bdist.linux-x86_64/wheel/bnsyn/connectivity
copying build/lib/bnsyn/connectivity/sparse.py -> build/bdist.linux-x86_64/wheel/./bnsyn/connectivity
copying build/lib/bnsyn/connectivity/__init__.py -> build/bdist.linux-x86_64/wheel/./bnsyn/connectivity
copying build/lib/bnsyn/rng.py -> build/bdist.linux-x86_64/wheel/./bnsyn
creating build/bdist.linux-x86_64/wheel/bnsyn/viz
copying build/lib/bnsyn/viz/dashboard.py -> build/bdist.linux-x86_64/wheel/./bnsyn/viz
copying build/lib/bnsyn/viz/interactive.py -> build/bdist.linux-x86_64/wheel/./bnsyn/viz
copying build/lib/bnsyn/viz/__init__.py -> build/bdist.linux-x86_64/wheel/./bnsyn/viz
creating build/bdist.linux-x86_64/wheel/bnsyn/consolidation
copying build/lib/bnsyn/consolidation/dual_weight.py -> build/bdist.linux-x86_64/wheel/./bnsyn/consolidation
copying build/lib/bnsyn/consolidation/__init__.py -> build/bdist.linux-x86_64/wheel/./bnsyn/consolidation
creating build/bdist.linux-x86_64/wheel/bnsyn/memory
copying build/lib/bnsyn/memory/ledger.py -> build/bdist.linux-x86_64/wheel/./bnsyn/memory
copying build/lib/bnsyn/memory/__init__.py -> build/bdist.linux-x86_64/wheel/./bnsyn/memory
copying build/lib/bnsyn/memory/trace.py -> build/bdist.linux-x86_64/wheel/./bnsyn/memory
copying build/lib/bnsyn/memory/consolidator.py -> build/bdist.linux-x86_64/wheel/./bnsyn/memory
copying build/lib/bnsyn/control.py -> build/bdist.linux-x86_64/wheel/./bnsyn
creating build/bdist.linux-x86_64/wheel/bnsyn/calibration
copying build/lib/bnsyn/calibration/accuracy_speed.py -> build/bdist.linux-x86_64/wheel/./bnsyn/calibration
copying build/lib/bnsyn/calibration/fit.py -> build/bdist.linux-x86_64/wheel/./bnsyn/calibration
copying build/lib/bnsyn/calibration/__init__.py -> build/bdist.linux-x86_64/wheel/./bnsyn/calibration
creating build/bdist.linux-x86_64/wheel/bnsyn/benchmarks
copying build/lib/bnsyn/benchmarks/__init__.py -> build/bdist.linux-x86_64/wheel/./bnsyn/benchmarks
copying build/lib/bnsyn/benchmarks/regime.py -> build/bdist.linux-x86_64/wheel/./bnsyn/benchmarks
copying build/lib/bnsyn/vcg.py -> build/bdist.linux-x86_64/wheel/./bnsyn
creating build/bdist.linux-x86_64/wheel/bnsyn/numerics
copying build/lib/bnsyn/numerics/integrators.py -> build/bdist.linux-x86_64/wheel/./bnsyn/numerics
copying build/lib/bnsyn/numerics/__init__.py -> build/bdist.linux-x86_64/wheel/./bnsyn/numerics
creating build/bdist.linux-x86_64/wheel/bnsyn/emergence
copying build/lib/bnsyn/emergence/__init__.py -> build/bdist.linux-x86_64/wheel/./bnsyn/emergence
copying build/lib/bnsyn/emergence/crystallizer.py -> build/bdist.linux-x86_64/wheel/./bnsyn/emergence
copying build/lib/bnsyn/cli.py -> build/bdist.linux-x86_64/wheel/./bnsyn
creating build/bdist.linux-x86_64/wheel/bnsyn/testing
copying build/lib/bnsyn/testing/faults.py -> build/bdist.linux-x86_64/wheel/./bnsyn/testing
copying build/lib/bnsyn/testing/__init__.py -> build/bdist.linux-x86_64/wheel/./bnsyn/testing
creating build/bdist.linux-x86_64/wheel/bnsyn/energy
copying build/lib/bnsyn/energy/regularization.py -> build/bdist.linux-x86_64/wheel/./bnsyn/energy
copying build/lib/bnsyn/energy/__init__.py -> build/bdist.linux-x86_64/wheel/./bnsyn/energy
copying build/lib/bnsyn/py.typed -> build/bdist.linux-x86_64/wheel/./bnsyn
copying build/lib/bnsyn/neurons.py -> build/bdist.linux-x86_64/wheel/./bnsyn
creating build/bdist.linux-x86_64/wheel/bnsyn/schemas
copying build/lib/bnsyn/schemas/experiment.py -> build/bdist.linux-x86_64/wheel/./bnsyn/schemas
copying build/lib/bnsyn/schemas/__init__.py -> build/bdist.linux-x86_64/wheel/./bnsyn/schemas
creating build/bdist.linux-x86_64/wheel/bnsyn/provenance
copying build/lib/bnsyn/provenance/manifest_builder.py -> build/bdist.linux-x86_64/wheel/./bnsyn/provenance
copying build/lib/bnsyn/provenance/__init__.py -> build/bdist.linux-x86_64/wheel/./bnsyn/provenance
copying build/lib/bnsyn/provenance/manifest.py -> build/bdist.linux-x86_64/wheel/./bnsyn/provenance
creating build/bdist.linux-x86_64/wheel/bnsyn/sleep
copying build/lib/bnsyn/sleep/stages.py -> build/bdist.linux-x86_64/wheel/./bnsyn/sleep
copying build/lib/bnsyn/sleep/replay.py -> build/bdist.linux-x86_64/wheel/./bnsyn/sleep
copying build/lib/bnsyn/sleep/__init__.py -> build/bdist.linux-x86_64/wheel/./bnsyn/sleep
copying build/lib/bnsyn/sleep/cycle.py -> build/bdist.linux-x86_64/wheel/./bnsyn/sleep
creating build/bdist.linux-x86_64/wheel/contracts
copying build/lib/contracts/math_contracts.py -> build/bdist.linux-x86_64/wheel/./contracts
copying build/lib/contracts/__init__.py -> build/bdist.linux-x86_64/wheel/./contracts
running install_egg_info
Copying src/bnsyn.egg-info to build/bdist.linux-x86_64/wheel/./bnsyn-0.2.0-py3.12.egg-info
running install_scripts
creating build/bdist.linux-x86_64/wheel/bnsyn-0.2.0.dist-info/WHEEL
creating '/workspace/bnsyn-phase-controlled-emergent-dynamics/dist/.tmp-0_f465tt/bnsyn-0.2.0-py3-none-any.whl' and adding 'build/bdist.linux-x86_64/wheel' to it
adding 'bnsyn/__init__.py'
adding 'bnsyn/__main__.py'
adding 'bnsyn/cli.py'
adding 'bnsyn/config.py'
adding 'bnsyn/control.py'
adding 'bnsyn/incremental.py'
adding 'bnsyn/neurons.py'
adding 'bnsyn/py.typed'
adding 'bnsyn/rng.py'
adding 'bnsyn/simulation.py'
adding 'bnsyn/synapses.py'
adding 'bnsyn/vcg.py'
adding 'bnsyn/benchmarks/__init__.py'
adding 'bnsyn/benchmarks/regime.py'
adding 'bnsyn/calibration/__init__.py'
adding 'bnsyn/calibration/accuracy_speed.py'
adding 'bnsyn/calibration/fit.py'
adding 'bnsyn/connectivity/__init__.py'
adding 'bnsyn/connectivity/sparse.py'
adding 'bnsyn/consolidation/__init__.py'
adding 'bnsyn/consolidation/dual_weight.py'
adding 'bnsyn/criticality/__init__.py'
adding 'bnsyn/criticality/analysis.py'
adding 'bnsyn/criticality/branching.py'
adding 'bnsyn/criticality/phase_transition.py'
adding 'bnsyn/emergence/__init__.py'
adding 'bnsyn/emergence/crystallizer.py'
adding 'bnsyn/energy/__init__.py'
adding 'bnsyn/energy/regularization.py'
adding 'bnsyn/experiments/__init__.py'
adding 'bnsyn/experiments/declarative.py'
adding 'bnsyn/memory/__init__.py'
adding 'bnsyn/memory/consolidator.py'
adding 'bnsyn/memory/ledger.py'
adding 'bnsyn/memory/trace.py'
adding 'bnsyn/neuron/__init__.py'
adding 'bnsyn/neuron/adex.py'
adding 'bnsyn/numerics/__init__.py'
adding 'bnsyn/numerics/integrators.py'
adding 'bnsyn/plasticity/__init__.py'
adding 'bnsyn/plasticity/stdp.py'
adding 'bnsyn/plasticity/three_factor.py'
adding 'bnsyn/production/__init__.py'
adding 'bnsyn/production/adex.py'
adding 'bnsyn/production/connectivity.py'
adding 'bnsyn/production/jax_backend.py'
adding 'bnsyn/provenance/__init__.py'
adding 'bnsyn/provenance/manifest.py'
adding 'bnsyn/provenance/manifest_builder.py'
adding 'bnsyn/schemas/__init__.py'
adding 'bnsyn/schemas/experiment.py'
adding 'bnsyn/sim/__init__.py'
adding 'bnsyn/sim/network.py'
adding 'bnsyn/sleep/__init__.py'
adding 'bnsyn/sleep/cycle.py'
adding 'bnsyn/sleep/replay.py'
adding 'bnsyn/sleep/stages.py'
adding 'bnsyn/synapse/__init__.py'
adding 'bnsyn/synapse/conductance.py'
adding 'bnsyn/temperature/__init__.py'
adding 'bnsyn/temperature/schedule.py'
adding 'bnsyn/testing/__init__.py'
adding 'bnsyn/testing/faults.py'
adding 'bnsyn/tools/__init__.py'
adding 'bnsyn/tools/benchmark_sleep_stack_scale.py'
adding 'bnsyn/tools/run_scaled_sleep_stack.py'
adding 'bnsyn/validation/__init__.py'
adding 'bnsyn/validation/inputs.py'
adding 'bnsyn/viz/__init__.py'
adding 'bnsyn/viz/dashboard.py'
adding 'bnsyn/viz/interactive.py'
adding 'bnsyn-0.2.0.dist-info/licenses/LICENSE'
adding 'contracts/__init__.py'
adding 'contracts/math_contracts.py'
adding 'bnsyn-0.2.0.dist-info/METADATA'
adding 'bnsyn-0.2.0.dist-info/WHEEL'
adding 'bnsyn-0.2.0.dist-info/entry_points.txt'
adding 'bnsyn-0.2.0.dist-info/top_level.txt'
adding 'bnsyn-0.2.0.dist-info/RECORD'
removing build/bdist.linux-x86_64/wheel
Successfully built bnsyn-0.2.0.tar.gz and bnsyn-0.2.0-py3-none-any.whl
[exit:0]
