cmd: python -m pip install -e ".[ci]"
Obtaining file:///workspace/bnsyn-phase-controlled-emergent-dynamics
  Installing build dependencies: started
  Installing build dependencies: finished with status 'done'
  Checking if build backend supports build_editable: started
  Checking if build backend supports build_editable: finished with status 'done'
  Getting requirements to build editable: started
  Getting requirements to build editable: finished with status 'done'
  Preparing editable metadata (pyproject.toml): started
  Preparing editable metadata (pyproject.toml): finished with status 'done'
Requirement already satisfied: numpy==2.4.1 in /root/.pyenv/versions/3.12.12/lib/python3.12/site-packages (from bnsyn==0.2.0) (2.4.1)
Requirement already satisfied: pydantic==2.12.5 in /root/.pyenv/versions/3.12.12/lib/python3.12/site-packages (from bnsyn==0.2.0) (2.12.5)
Requirement already satisfied: scipy==1.17.0 in /root/.pyenv/versions/3.12.12/lib/python3.12/site-packages (from bnsyn==0.2.0) (1.17.0)
Requirement already satisfied: jsonschema==4.26.0 in /root/.pyenv/versions/3.12.12/lib/python3.12/site-packages (from bnsyn==0.2.0) (4.26.0)
Requirement already satisfied: joblib==1.4.2 in /root/.pyenv/versions/3.12.12/lib/python3.12/site-packages (from bnsyn==0.2.0) (1.4.2)
Requirement already satisfied: pyyaml==6.0.3 in /root/.pyenv/versions/3.12.12/lib/python3.12/site-packages (from bnsyn==0.2.0) (6.0.3)
Requirement already satisfied: pytest==9.0.2 in /root/.pyenv/versions/3.12.12/lib/python3.12/site-packages (from bnsyn==0.2.0) (9.0.2)
Collecting ruff==0.15.0 (from bnsyn==0.2.0)
  Downloading ruff-0.15.0-py3-none-manylinux_2_17_x86_64.manylinux2014_x86_64.whl.metadata (26 kB)
Requirement already satisfied: mypy==1.19.1 in /root/.pyenv/versions/3.12.12/lib/python3.12/site-packages (from bnsyn==0.2.0) (1.19.1)
Collecting pylint==3.3.5 (from bnsyn==0.2.0)
  Downloading pylint-3.3.5-py3-none-any.whl.metadata (12 kB)
Collecting pip-audit==2.10.0 (from bnsyn==0.2.0)
  Downloading pip_audit-2.10.0-py3-none-any.whl.metadata (28 kB)
Collecting build==1.3.0 (from bnsyn==0.2.0)
  Downloading build-1.3.0-py3-none-any.whl.metadata (5.6 kB)
Requirement already satisfied: packaging>=19.1 in /root/.pyenv/versions/3.12.12/lib/python3.12/site-packages (from build==1.3.0->bnsyn==0.2.0) (25.0)
Collecting pyproject_hooks (from build==1.3.0->bnsyn==0.2.0)
  Downloading pyproject_hooks-1.2.0-py3-none-any.whl.metadata (1.3 kB)
Requirement already satisfied: attrs>=22.2.0 in /root/.pyenv/versions/3.12.12/lib/python3.12/site-packages (from jsonschema==4.26.0->bnsyn==0.2.0) (25.4.0)
Requirement already satisfied: jsonschema-specifications>=2023.03.6 in /root/.pyenv/versions/3.12.12/lib/python3.12/site-packages (from jsonschema==4.26.0->bnsyn==0.2.0) (2025.9.1)
Requirement already satisfied: referencing>=0.28.4 in /root/.pyenv/versions/3.12.12/lib/python3.12/site-packages (from jsonschema==4.26.0->bnsyn==0.2.0) (0.37.0)
Requirement already satisfied: rpds-py>=0.25.0 in /root/.pyenv/versions/3.12.12/lib/python3.12/site-packages (from jsonschema==4.26.0->bnsyn==0.2.0) (0.30.0)
Requirement already satisfied: typing_extensions>=4.6.0 in /root/.pyenv/versions/3.12.12/lib/python3.12/site-packages (from mypy==1.19.1->bnsyn==0.2.0) (4.15.0)
Requirement already satisfied: mypy_extensions>=1.0.0 in /root/.pyenv/versions/3.12.12/lib/python3.12/site-packages (from mypy==1.19.1->bnsyn==0.2.0) (1.1.0)
Requirement already satisfied: pathspec>=0.9.0 in /root/.pyenv/versions/3.12.12/lib/python3.12/site-packages (from mypy==1.19.1->bnsyn==0.2.0) (1.0.3)
Requirement already satisfied: librt>=0.6.2 in /root/.pyenv/versions/3.12.12/lib/python3.12/site-packages (from mypy==1.19.1->bnsyn==0.2.0) (0.7.7)
Collecting CacheControl>=0.13.0 (from CacheControl[filecache]>=0.13.0->pip-audit==2.10.0->bnsyn==0.2.0)
  Downloading cachecontrol-0.14.4-py3-none-any.whl.metadata (3.1 kB)
Collecting cyclonedx-python-lib<12,>=5 (from pip-audit==2.10.0->bnsyn==0.2.0)
  Downloading cyclonedx_python_lib-11.6.0-py3-none-any.whl.metadata (6.8 kB)
Collecting pip-api>=0.0.28 (from pip-audit==2.10.0->bnsyn==0.2.0)
  Downloading pip_api-0.0.34-py3-none-any.whl.metadata (6.6 kB)
Collecting pip-requirements-parser>=32.0.0 (from pip-audit==2.10.0->bnsyn==0.2.0)
  Downloading pip_requirements_parser-32.0.1-py3-none-any.whl.metadata (9.3 kB)
Collecting requests>=2.31.0 (from pip-audit==2.10.0->bnsyn==0.2.0)
  Downloading requests-2.32.5-py3-none-any.whl.metadata (4.9 kB)
Collecting rich>=12.4 (from pip-audit==2.10.0->bnsyn==0.2.0)
  Downloading rich-14.3.2-py3-none-any.whl.metadata (18 kB)
Collecting tomli>=2.2.1 (from pip-audit==2.10.0->bnsyn==0.2.0)
  Downloading tomli-2.4.0-cp312-cp312-manylinux2014_x86_64.manylinux_2_17_x86_64.manylinux_2_28_x86_64.whl.metadata (10 kB)
Collecting tomli-w>=1.2.0 (from pip-audit==2.10.0->bnsyn==0.2.0)
  Downloading tomli_w-1.2.0-py3-none-any.whl.metadata (5.7 kB)
Requirement already satisfied: platformdirs>=4.2.0 in /root/.pyenv/versions/3.12.12/lib/python3.12/site-packages (from pip-audit==2.10.0->bnsyn==0.2.0) (4.5.1)
Requirement already satisfied: annotated-types>=0.6.0 in /root/.pyenv/versions/3.12.12/lib/python3.12/site-packages (from pydantic==2.12.5->bnsyn==0.2.0) (0.7.0)
Requirement already satisfied: pydantic-core==2.41.5 in /root/.pyenv/versions/3.12.12/lib/python3.12/site-packages (from pydantic==2.12.5->bnsyn==0.2.0) (2.41.5)
Requirement already satisfied: typing-inspection>=0.4.2 in /root/.pyenv/versions/3.12.12/lib/python3.12/site-packages (from pydantic==2.12.5->bnsyn==0.2.0) (0.4.2)
Collecting dill>=0.3.6 (from pylint==3.3.5->bnsyn==0.2.0)
  Downloading dill-0.4.1-py3-none-any.whl.metadata (10 kB)
Collecting astroid<=3.4.0-dev0,>=3.3.8 (from pylint==3.3.5->bnsyn==0.2.0)
  Downloading astroid-3.3.11-py3-none-any.whl.metadata (4.4 kB)
Collecting isort!=5.13.0,<7,>=4.2.5 (from pylint==3.3.5->bnsyn==0.2.0)
  Downloading isort-6.1.0-py3-none-any.whl.metadata (12 kB)
Collecting mccabe<0.8,>=0.6 (from pylint==3.3.5->bnsyn==0.2.0)
  Downloading mccabe-0.7.0-py2.py3-none-any.whl.metadata (5.0 kB)
Collecting tomlkit>=0.10.1 (from pylint==3.3.5->bnsyn==0.2.0)
  Downloading tomlkit-0.14.0-py3-none-any.whl.metadata (2.8 kB)
Requirement already satisfied: iniconfig>=1.0.1 in /root/.pyenv/versions/3.12.12/lib/python3.12/site-packages (from pytest==9.0.2->bnsyn==0.2.0) (2.3.0)
Requirement already satisfied: pluggy<2,>=1.5 in /root/.pyenv/versions/3.12.12/lib/python3.12/site-packages (from pytest==9.0.2->bnsyn==0.2.0) (1.6.0)
Requirement already satisfied: pygments>=2.7.2 in /root/.pyenv/versions/3.12.12/lib/python3.12/site-packages (from pytest==9.0.2->bnsyn==0.2.0) (2.19.2)
Collecting license-expression<31,>=30 (from cyclonedx-python-lib<12,>=5->pip-audit==2.10.0->bnsyn==0.2.0)
  Downloading license_expression-30.4.4-py3-none-any.whl.metadata (11 kB)
Collecting packageurl-python<2,>=0.11 (from cyclonedx-python-lib<12,>=5->pip-audit==2.10.0->bnsyn==0.2.0)
  Downloading packageurl_python-0.17.6-py3-none-any.whl.metadata (5.1 kB)
Collecting py-serializable<3.0.0,>=2.1.0 (from cyclonedx-python-lib<12,>=5->pip-audit==2.10.0->bnsyn==0.2.0)
  Downloading py_serializable-2.1.0-py3-none-any.whl.metadata (4.3 kB)
Collecting sortedcontainers<3.0.0,>=2.4.0 (from cyclonedx-python-lib<12,>=5->pip-audit==2.10.0->bnsyn==0.2.0)
  Downloading sortedcontainers-2.4.0-py2.py3-none-any.whl.metadata (10 kB)
Collecting boolean.py>=4.0 (from license-expression<31,>=30->cyclonedx-python-lib<12,>=5->pip-audit==2.10.0->bnsyn==0.2.0)
  Downloading boolean_py-5.0-py3-none-any.whl.metadata (2.3 kB)
Collecting defusedxml<0.8.0,>=0.7.1 (from py-serializable<3.0.0,>=2.1.0->cyclonedx-python-lib<12,>=5->pip-audit==2.10.0->bnsyn==0.2.0)
  Downloading defusedxml-0.7.1-py2.py3-none-any.whl.metadata (32 kB)
Collecting msgpack<2.0.0,>=0.5.2 (from CacheControl>=0.13.0->CacheControl[filecache]>=0.13.0->pip-audit==2.10.0->bnsyn==0.2.0)
  Downloading msgpack-1.1.2-cp312-cp312-manylinux2014_x86_64.manylinux_2_17_x86_64.manylinux_2_28_x86_64.whl.metadata (8.1 kB)
Collecting filelock>=3.8.0 (from CacheControl[filecache]>=0.13.0->pip-audit==2.10.0->bnsyn==0.2.0)
  Downloading filelock-3.24.2-py3-none-any.whl.metadata (2.0 kB)
Requirement already satisfied: pip in /root/.pyenv/versions/3.12.12/lib/python3.12/site-packages (from pip-api>=0.0.28->pip-audit==2.10.0->bnsyn==0.2.0) (25.3)
Collecting pyparsing (from pip-requirements-parser>=32.0.0->pip-audit==2.10.0->bnsyn==0.2.0)
  Downloading pyparsing-3.3.2-py3-none-any.whl.metadata (5.8 kB)
Collecting charset_normalizer<4,>=2 (from requests>=2.31.0->pip-audit==2.10.0->bnsyn==0.2.0)
  Downloading charset_normalizer-3.4.4-cp312-cp312-manylinux2014_x86_64.manylinux_2_17_x86_64.manylinux_2_28_x86_64.whl.metadata (37 kB)
Collecting idna<4,>=2.5 (from requests>=2.31.0->pip-audit==2.10.0->bnsyn==0.2.0)
  Downloading idna-3.11-py3-none-any.whl.metadata (8.4 kB)
Collecting urllib3<3,>=1.21.1 (from requests>=2.31.0->pip-audit==2.10.0->bnsyn==0.2.0)
  Downloading urllib3-2.6.3-py3-none-any.whl.metadata (6.9 kB)
Collecting certifi>=2017.4.17 (from requests>=2.31.0->pip-audit==2.10.0->bnsyn==0.2.0)
  Downloading certifi-2026.1.4-py3-none-any.whl.metadata (2.5 kB)
Collecting markdown-it-py>=2.2.0 (from rich>=12.4->pip-audit==2.10.0->bnsyn==0.2.0)
  Downloading markdown_it_py-4.0.0-py3-none-any.whl.metadata (7.3 kB)
Collecting mdurl~=0.1 (from markdown-it-py>=2.2.0->rich>=12.4->pip-audit==2.10.0->bnsyn==0.2.0)
  Downloading mdurl-0.1.2-py3-none-any.whl.metadata (1.6 kB)
Downloading build-1.3.0-py3-none-any.whl (23 kB)
Downloading pip_audit-2.10.0-py3-none-any.whl (61 kB)
Downloading pylint-3.3.5-py3-none-any.whl (522 kB)
Downloading ruff-0.15.0-py3-none-manylinux_2_17_x86_64.manylinux2014_x86_64.whl (11.1 MB)
   ━━━━━━━━━━━━━━━━━━━━━━━━━━━━━━━━━━━━━━━━ 11.1/11.1 MB 31.4 MB/s  0:00:00
Downloading astroid-3.3.11-py3-none-any.whl (275 kB)
Downloading cyclonedx_python_lib-11.6.0-py3-none-any.whl (511 kB)
Downloading isort-6.1.0-py3-none-any.whl (94 kB)
Downloading license_expression-30.4.4-py3-none-any.whl (120 kB)
Downloading mccabe-0.7.0-py2.py3-none-any.whl (7.3 kB)
Downloading packageurl_python-0.17.6-py3-none-any.whl (36 kB)
Downloading py_serializable-2.1.0-py3-none-any.whl (23 kB)
Downloading defusedxml-0.7.1-py2.py3-none-any.whl (25 kB)
Downloading sortedcontainers-2.4.0-py2.py3-none-any.whl (29 kB)
Downloading boolean_py-5.0-py3-none-any.whl (26 kB)
Downloading cachecontrol-0.14.4-py3-none-any.whl (22 kB)
Downloading msgpack-1.1.2-cp312-cp312-manylinux2014_x86_64.manylinux_2_17_x86_64.manylinux_2_28_x86_64.whl (427 kB)
Downloading dill-0.4.1-py3-none-any.whl (120 kB)
Downloading filelock-3.24.2-py3-none-any.whl (24 kB)
Downloading pip_api-0.0.34-py3-none-any.whl (120 kB)
Downloading pip_requirements_parser-32.0.1-py3-none-any.whl (35 kB)
Downloading requests-2.32.5-py3-none-any.whl (64 kB)
Downloading charset_normalizer-3.4.4-cp312-cp312-manylinux2014_x86_64.manylinux_2_17_x86_64.manylinux_2_28_x86_64.whl (153 kB)
Downloading idna-3.11-py3-none-any.whl (71 kB)
Downloading urllib3-2.6.3-py3-none-any.whl (131 kB)
Downloading certifi-2026.1.4-py3-none-any.whl (152 kB)
Downloading rich-14.3.2-py3-none-any.whl (309 kB)
Downloading markdown_it_py-4.0.0-py3-none-any.whl (87 kB)
Downloading mdurl-0.1.2-py3-none-any.whl (10.0 kB)
Downloading tomli-2.4.0-cp312-cp312-manylinux2014_x86_64.manylinux_2_17_x86_64.manylinux_2_28_x86_64.whl (251 kB)
Downloading tomli_w-1.2.0-py3-none-any.whl (6.7 kB)
Downloading tomlkit-0.14.0-py3-none-any.whl (39 kB)
Downloading pyparsing-3.3.2-py3-none-any.whl (122 kB)
Downloading pyproject_hooks-1.2.0-py3-none-any.whl (10 kB)
Building wheels for collected packages: bnsyn
  Building editable for bnsyn (pyproject.toml): started
  Building editable for bnsyn (pyproject.toml): finished with status 'done'
  Created wheel for bnsyn: filename=bnsyn-0.2.0-0.editable-py3-none-any.whl size=4186 sha256=e43fc481d568408a5b3819f815668068ff95bd32cdb9d242978459519e1be04c
  Stored in directory: /tmp/pip-ephem-wheel-cache-0rnd_7pf/wheels/b6/1a/09/a1d36e07ea304f8c95ab88d866597d5b760d5b91c4e13d9643
Successfully built bnsyn
Installing collected packages: sortedcontainers, boolean.py, urllib3, tomlkit, tomli-w, tomli, ruff, pyproject_hooks, pyparsing, pip-api, packageurl-python, msgpack, mdurl, mccabe, license-expression, isort, idna, filelock, dill, defusedxml, charset_normalizer, certifi, astroid, requests, pylint, py-serializable, pip-requirements-parser, markdown-it-py, build, rich, cyclonedx-python-lib, CacheControl, bnsyn, pip-audit
  Attempting uninstall: ruff
    Found existing installation: ruff 0.14.11
    Uninstalling ruff-0.14.11:
      Successfully uninstalled ruff-0.14.11
  Attempting uninstall: isort
    Found existing installation: isort 7.0.0
    Uninstalling isort-7.0.0:
      Successfully uninstalled isort-7.0.0

Successfully installed CacheControl-0.14.4 astroid-3.3.11 bnsyn-0.2.0 boolean.py-5.0 build-1.3.0 certifi-2026.1.4 charset_normalizer-3.4.4 cyclonedx-python-lib-11.6.0 defusedxml-0.7.1 dill-0.4.1 filelock-3.24.2 idna-3.11 isort-6.1.0 license-expression-30.4.4 markdown-it-py-4.0.0 mccabe-0.7.0 mdurl-0.1.2 msgpack-1.1.2 packageurl-python-0.17.6 pip-api-0.0.34 pip-audit-2.10.0 pip-requirements-parser-32.0.1 py-serializable-2.1.0 pylint-3.3.5 pyparsing-3.3.2 pyproject_hooks-1.2.0 requests-2.32.5 rich-14.3.2 ruff-0.15.0 sortedcontainers-2.4.0 tomli-2.4.0 tomli-w-1.2.0 tomlkit-0.14.0 urllib3-2.6.3
