timestamp_utc: 2026-02-16T12:08:11.086063+00:00
cmd: find . -maxdepth 1 -mindepth 1 -printf '%P
' | sort
exit: 0
stdout:
.cache
.git
.github
.gitignore
.gitleaks.toml
.hypothesis
.mypy_cache
.pre-commit-config.yaml
.pytest_cache
.ruff_cache
AGENTS.md
ARCH_ASSESSMENT.md
BENCHMARK_PROTOCOL.md
CALIBRATION_REPORT.json
CALIBRATION_SUMMARY.md
CHANGELOG.md
CHANGESET_PLAN.yaml
CITATION.cff
CODEBASE_READINESS.md
CONTRIBUTING.md
DECISION_MEMO.md
DOC_CHANGELOG.md
Dockerfile
EVIDENCE_INDEX.md
EXECUTION_PLAN.md
EXEC_SUMMARY.md
FINAL_REPORT.md
GAP_TABLE.md
GOVERNANCE_VERIFICATION_REPORT.md
HARDENING_SUMMARY.md
IMPLEMENTATION_SUMMARY.md
INVENTORY.json
LICENSE
Makefile
PROOF_BUNDLE
PR_DESCRIPTION.md
PR_DESCRIPTION_EVIDENCE.md
PR_FINAL_DESCRIPTION.md
PR_READY_CHECKLIST.md
README.md
README_CLAIMS_GATE.md
RISK_REGISTER.md
SECURITY.md
VERIFICATION_REPORT.md
acceptance_map.yaml
artifacts
assessment_logs
attack_paths_graph.json
audit_reproducibility.json
audit_suite_report.json
benchmarks
bibliography
calibration_pack
claims
docker-compose.yml
docs
entropy
evidence
examples
executive_summary.md
experiments
figures
manifest
noise_cleanup_manifest.json
noise_cleanup_report.md
plan.md
proof_bundle
pseudostructure_inventory.json
pyproject.toml
quality
readiness_report.json
readiness_summary.md
reports
requirements-lock.txt
results
schemas
scripts
specs
src
tests
tests_inventory.json
tools
worklist.json

stderr:
