cmd: git status --short
 M INVENTORY.json
 M pyproject.toml
 M tests_inventory.json
?? .github/ci_policy.yml
?? .github/required_checks.json
?? .github/workflows/pr_gate.yml
?? proof_bundle/logs/00_inventory.log
?? proof_bundle/logs/01_git_status.log
?? proof_bundle/logs/02_target_files_scan.log
?? proof_bundle/logs/03_pyproject.log
?? proof_bundle/logs/04_workflows_list.log
?? proof_bundle/logs/05_scripts_list.log
?? proof_bundle/logs/06_github_dir.log
?? proof_bundle/logs/07_existing_test_actions_pinning.log
?? proof_bundle/logs/08_ci_pr_atomic.log
?? proof_bundle/logs/09_ensure_gitleaks.log
?? proof_bundle/logs/10_write_ci_policy.log
?? proof_bundle/logs/11_write_required_checks.log
?? proof_bundle/logs/12_write_ci_policy_py.log
?? proof_bundle/logs/13_write_ci_inventory_py.log
?? proof_bundle/logs/14_write_ci_gate_runner_py.log
?? proof_bundle/logs/15_update_ci_policy_py.log
?? proof_bundle/logs/16_update_ci_inventory_py.log
?? proof_bundle/logs/17_write_test_ci_policy_contract.log
?? proof_bundle/logs/18_write_test_required_checks_manifest.log
?? proof_bundle/logs/19_write_test_actions_pinned.log
?? proof_bundle/logs/20_write_test_ci_pr_gate_completeness.log
?? proof_bundle/logs/21_write_pr_gate_workflow.log
?? proof_bundle/logs/22_update_pyproject_ci_extra.log
?? proof_bundle/logs/23_targeted_pytest.log
?? proof_bundle/logs/24_install_ci_extra.log
?? proof_bundle/logs/25_targeted_pytest_rerun.log
?? proof_bundle/logs/26_ruff_check.log
?? proof_bundle/logs/27_ci_policy_contents.log
?? proof_bundle/logs/28_ci_inventory_contents.log
?? proof_bundle/logs/29_rewrite_policy_inventory.log
?? proof_bundle/logs/30_fix_unused_import.log
?? proof_bundle/logs/31_ruff_check_rerun.log
?? proof_bundle/logs/32_mypy_strict.log
?? proof_bundle/logs/33_pytest_not_validation_property.log
?? proof_bundle/logs/34_add_timeout_pr_gate.log
?? proof_bundle/logs/35_generate_inventory.log
?? proof_bundle/logs/36_subset_pytest_after_fixes.log
?? proof_bundle/logs/37_python_build.log
?? proof_bundle/logs/38_run_ci_policy.log
?? proof_bundle/logs/39_run_ci_inventory.log
?? proof_bundle/logs/40_run_ci_gate_runner.log
?? proof_bundle/logs/41_gate_failures_summary.log
?? proof_bundle/logs/42_inspect_failing_gate_logs.log
?? proof_bundle/logs/43_patch_ci_gate_runner.log
?? proof_bundle/logs/44_targeted_tests_after_gate_patch.log
?? proof_bundle/logs/45_run_ci_gate_runner_rerun.log
?? proof_bundle/logs/46_ruff_new_files.log
?? proof_bundle/logs/47_git_status_before_cleanup.log
?? scripts/ci_gate_runner.py
?? scripts/ci_inventory.py
?? scripts/ci_policy.py
?? tests/test_actions_pinned.py
?? tests/test_ci_policy_contract.py
?? tests/test_ci_pr_gate_completeness.py
?? tests/test_required_checks_manifest.py
