A  .github/ci_policy.yml
A  .github/required_checks.json
A  .github/workflows/pr_gate.yml
M  INVENTORY.json
A  proof_bundle/logs/00_inventory.log
A  proof_bundle/logs/01_git_status.log
A  proof_bundle/logs/02_target_files_scan.log
A  proof_bundle/logs/03_pyproject.log
A  proof_bundle/logs/04_workflows_list.log
A  proof_bundle/logs/05_scripts_list.log
A  proof_bundle/logs/06_github_dir.log
A  proof_bundle/logs/07_existing_test_actions_pinning.log
A  proof_bundle/logs/08_ci_pr_atomic.log
A  proof_bundle/logs/09_ensure_gitleaks.log
A  proof_bundle/logs/10_write_ci_policy.log
A  proof_bundle/logs/11_write_required_checks.log
A  proof_bundle/logs/12_write_ci_policy_py.log
A  proof_bundle/logs/13_write_ci_inventory_py.log
A  proof_bundle/logs/14_write_ci_gate_runner_py.log
A  proof_bundle/logs/15_update_ci_policy_py.log
A  proof_bundle/logs/16_update_ci_inventory_py.log
A  proof_bundle/logs/17_write_test_ci_policy_contract.log
A  proof_bundle/logs/18_write_test_required_checks_manifest.log
A  proof_bundle/logs/19_write_test_actions_pinned.log
A  proof_bundle/logs/20_write_test_ci_pr_gate_completeness.log
A  proof_bundle/logs/21_write_pr_gate_workflow.log
A  proof_bundle/logs/22_update_pyproject_ci_extra.log
A  proof_bundle/logs/23_targeted_pytest.log
A  proof_bundle/logs/24_install_ci_extra.log
A  proof_bundle/logs/25_targeted_pytest_rerun.log
A  proof_bundle/logs/26_ruff_check.log
A  proof_bundle/logs/27_ci_policy_contents.log
A  proof_bundle/logs/28_ci_inventory_contents.log
A  proof_bundle/logs/29_rewrite_policy_inventory.log
A  proof_bundle/logs/30_fix_unused_import.log
A  proof_bundle/logs/31_ruff_check_rerun.log
A  proof_bundle/logs/32_mypy_strict.log
A  proof_bundle/logs/33_pytest_not_validation_property.log
A  proof_bundle/logs/34_add_timeout_pr_gate.log
A  proof_bundle/logs/35_generate_inventory.log
A  proof_bundle/logs/36_subset_pytest_after_fixes.log
A  proof_bundle/logs/37_python_build.log
A  proof_bundle/logs/38_run_ci_policy.log
A  proof_bundle/logs/39_run_ci_inventory.log
A  proof_bundle/logs/40_run_ci_gate_runner.log
A  proof_bundle/logs/41_gate_failures_summary.log
A  proof_bundle/logs/42_inspect_failing_gate_logs.log
A  proof_bundle/logs/43_patch_ci_gate_runner.log
A  proof_bundle/logs/44_targeted_tests_after_gate_patch.log
A  proof_bundle/logs/45_run_ci_gate_runner_rerun.log
A  proof_bundle/logs/46_ruff_new_files.log
A  proof_bundle/logs/47_git_status_before_cleanup.log
A  proof_bundle/logs/48_git_diff_stat.log
A  proof_bundle/logs/49_git_add_and_status.log
A  proof_bundle/logs/50_git_status_staged.log
M  pyproject.toml
A  scripts/ci_gate_runner.py
A  scripts/ci_inventory.py
A  scripts/ci_policy.py
A  tests/test_actions_pinned.py
A  tests/test_ci_policy_contract.py
A  tests/test_ci_pr_gate_completeness.py
A  tests/test_required_checks_manifest.py
M  tests_inventory.json
?? proof_bundle/logs/51_git_status_after_add.log
