.
quality
reports
schemas
benchmarks
benchmarks/baselines
benchmarks/scenarios
artifacts
artifacts/ci_logs
artifacts/audit
artifacts/manifest
artifacts/readiness
artifacts/math_audit
artifacts/release_rc
docs
docs/benchmarks
docs/scripts
docs/_generated
docs/contracts
docs/SCRIPTS
docs/api
docs/math
docs/safety
docs/appendix
docs/placeholder_cycles
.git
.git/logs
.git/hooks
.git/refs
.git/objects
.git/info
.git/branches
experiments
scripts
calibration_pack
calibration_pack/golden
calibration_pack/logs
calibration_pack/schemas
calibration_pack/prompts
calibration_pack/harness
figures
figures/temp_ablation_v2
manifest
claims
entropy
entropy/guards
PROOF_BUNDLE
PROOF_BUNDLE/logs
.github
.github/workflows
.github/actions
specs
specs/coq
specs/tla
proof_bundle
proof_bundle/command_logs
proof_bundle/hashes
proof_bundle/logs
proof_bundle/excerpts
proof_bundle/generated
assessment_logs
evidence
evidence/manifest_fix
evidence/inventory_fix
evidence/zqsg_2026_02_12
evidence/entropy_gate
evidence/placeholder_closure
evidence/pr_216
evidence/entropy
evidence/tests_upgrade
tools
tools/entropy_gate
tools/manifest
tools/safety
examples
examples/integration
examples/configs
results
results/temp_ablation_v1
results/temp_ablation_v2
tests
tests/benchmarks
tests/properties
tests/validation
src
src/contracts
src/bnsyn
bibliography
