diff --git a/README.md b/README.md
index 96cabfc..221f796 100644
--- a/README.md
+++ b/README.md
@@ -1,43 +1,52 @@
 # BN-Syn Thermostated Bio-AI System
 
-Deterministic research-grade simulator and governance repository for phase-controlled emergent dynamics.
+![BN-Syn hero](docs/assets/hero.svg)
 
-## Status
-- **Maturity:** research-grade / pre-production.
-- **Missing product/ops layers:** deployment SLOs, runtime service API compatibility policy, and formal release semver governance are not fully defined in SSOT docs.
+[![CI PR](https://github.com/neuron7x/bnsyn-phase-controlled-emergent-dynamics/actions/workflows/ci-pr.yml/badge.svg)](https://github.com/neuron7x/bnsyn-phase-controlled-emergent-dynamics/actions/workflows/ci-pr.yml)
+[![CI Validation](https://github.com/neuron7x/bnsyn-phase-controlled-emergent-dynamics/actions/workflows/ci-validation.yml/badge.svg)](https://github.com/neuron7x/bnsyn-phase-controlled-emergent-dynamics/actions/workflows/ci-validation.yml)
+[![Atomic PR Gate](https://github.com/neuron7x/bnsyn-phase-controlled-emergent-dynamics/actions/workflows/ci-pr-atomic.yml/badge.svg)](https://github.com/neuron7x/bnsyn-phase-controlled-emergent-dynamics/actions/workflows/ci-pr-atomic.yml)
+[![Docs](https://github.com/neuron7x/bnsyn-phase-controlled-emergent-dynamics/actions/workflows/docs.yml/badge.svg)](https://github.com/neuron7x/bnsyn-phase-controlled-emergent-dynamics/actions/workflows/docs.yml)
 
-## Canonical onboarding
-- [docs/STATUS.md](docs/STATUS.md)
-- [docs/INDEX.md](docs/INDEX.md)
-- [docs/ARCHITECTURE.md](docs/ARCHITECTURE.md)
-- [docs/PROJECT_SURFACES.md](docs/PROJECT_SURFACES.md)
-- [docs/ENFORCEMENT_MATRIX.md](docs/ENFORCEMENT_MATRIX.md)
+Deterministic research runtime for phase-controlled emergent dynamics, with repository-native governance and evidence validation.
+The repository couples simulation code (`src/bnsyn/**`) with SSOT enforcement and CI-verifiable traceability (`scripts/**`, `docs/**`, `claims/**`, `bibliography/**`).
+
+## 60-second Quickstart
 
-## Canonical commands
 ```bash
-python -m pip install -e "."
-python -m bnsyn --help
-python -m pytest -m "not validation" -q
-ruff check .
-pylint src/bnsyn
-mypy src --strict --config-file pyproject.toml
-python -m build
-python -m scripts.validate_traceability
-python -m scripts.discover_public_surfaces
-python -m scripts.check_internal_links
+make quickstart-smoke
 ```
 
-## Public surface summary
-- CLI entrypoint: `bnsyn` (`pyproject.toml`)
-- Python package exports: `src/bnsyn/__init__.py::__all__`
-- Artifact schemas: `schemas/*.json`
-
-For stability labels and compatibility commitments, see [docs/API_STABILITY.md](docs/API_STABILITY.md) and [docs/VERSIONING.md](docs/VERSIONING.md).
+If you prefer direct commands:
 
-## Quickstart contract
 ```bash
-make quickstart-smoke
 python -m pip install -e .
 python -m bnsyn --help
 bnsyn demo --steps 120 --dt-ms 0.1 --seed 123 --N 32
 ```
+
+## Navigation
+
+- **Authoritative documentation hub:** [docs/INDEX.md](docs/INDEX.md)
+- Architecture: [docs/ARCHITECTURE.md](docs/ARCHITECTURE.md)
+- Public surfaces: [docs/PROJECT_SURFACES.md](docs/PROJECT_SURFACES.md)
+- Enforcement mapping: [docs/ENFORCEMENT_MATRIX.md](docs/ENFORCEMENT_MATRIX.md)
+- Status statement: [docs/STATUS.md](docs/STATUS.md)
+
+## Architecture at a glance
+
+```mermaid
+flowchart TD
+  U[User / CI] --> CLI[src/bnsyn/cli.py]
+  CLI --> RT[src/bnsyn/** runtime modules]
+  CLI --> EXP[experiments/**]
+  RT --> ART[results/** + figures/**]
+  EXP --> ART
+  SSOT[docs/** + schemas/** + claims/** + bibliography/**] --> VAL[scripts/** validators]
+  VAL --> CI[.github/workflows/**]
+  CI --> VAL
+```
+
+## Status
+
+- **Maturity:** research-grade / pre-production.
+- **Productization gap (explicit):** missing full product/ops layer (SRE runbooks under SLA, external integration contracts, stabilized public API/semver as product, perf budgets as must, support/release cadence as product).
diff --git a/docs/ARCHITECTURE.md b/docs/ARCHITECTURE.md
index 977f067..2a6898a 100644
--- a/docs/ARCHITECTURE.md
+++ b/docs/ARCHITECTURE.md
@@ -1,89 +1,63 @@
-# Architecture
-
-This document binds the BN-Syn architecture to the formal specification (`docs/SPEC.md`)
-and the SSOT evidence registry (`bibliography/*`, `claims/claims.yml`). It is a
-traceability index, not an independent source of truth. The authoritative definition
-of behavior remains the specification, while evidence provenance is governed by SSOT.
-
-**Navigation**: [INDEX.md](INDEX.md) | [GOVERNANCE.md](GOVERNANCE.md) | [SPEC.md](SPEC.md) | [MODULE_RESPONSIBILITY_MATRIX.md](MODULE_RESPONSIBILITY_MATRIX.md)
-
-## Scope and traceability
-
-- **Spec authority**: equations, invariants, and parameters are defined in `docs/SPEC.md`.
-- **Evidence authority**: claim IDs and bibliographic provenance are defined in
-  `claims/claims.yml` and `bibliography/*`.
-- **Purpose**: expose the mapping between architecture components and their formal
-  references without introducing new semantics.
-- **Audit artifacts**: component mappings live in `docs/spec_to_code.yml` and the
-  verification table is tracked in `docs/COMPONENT_AUDIT.md`.
-
-## Control loops (timescale-segregated)
-
-- **Micro (per timestep)**: AdEx + conductance synapses update neuron and synapse state.
-- **Meso (per learning event)**: three-factor plasticity accumulates eligibility and
-  applies neuromodulated updates.
-- **Macro (slow control)**: criticality controller adjusts global gain to keep σ near target.
-- **Meta (schedule)**: temperature gating switches exploration ↔ consolidation phases.
-
-## Evidence crosswalk (core components)
-
-| Component | SPEC section | Claim IDs |
-| --- | --- | --- |
-| AdEx neuron dynamics | P0-1 | CLM-0001, CLM-0002 |
-| Conductance synapses + NMDA Mg²⁺ block | P0-2 | CLM-0003 |
-| Three-factor learning | P0-3 | CLM-0004 |
-| Neuromodulated STDP + eligibility traces | P0-3 | CLM-0005 |
-| Criticality σ tracking | P0-4 | CLM-0006, CLM-0007 |
-| Subsampling-corrected σ estimation | P0-4 | CLM-0008 |
-| Power-law validation for avalanches | P0-4 | CLM-0009 |
-| Temperature schedule + gating | P1-5 | CLM-0019 |
-| Dual-weight consolidation | P1-6 | CLM-0010 |
-| Governance SSOT policy | P2-8..P2-12 | CLM-0011 |
-| Reproducibility process anchors | P2-8..P2-12 | CLM-0012, CLM-0013, CLM-0014 |
-
-The table is intentionally minimal: it enumerates the canonical components and
-the authoritative claim IDs that substantiate them. For full equations and
-parameterization, consult the cited SPEC sections.
-
-## State layout (reference simulator)
-
-- neuron state: (V, w, spiked)
-- synapse state: (g_ampa, g_nmda, g_gabaa)
-- criticality: (σ estimator, gain controller)
-
-## Optional governance extension: Verified Contribution Gating (VCG)
-
-VCG is an **engineering-contract** module that enforces result-based reciprocity at the system boundary:
-agents that repeatedly match a social/interaction pattern without measurable contribution are
-deprioritized by withdrawing future routing priority and resource budget. VCG is specified
-as a non-core extension (does not change the 12 core neurodynamics components) and is documented
-in `docs/VCG.md`.
-
-## Related Work / Bio-Inspired & Neuromorphic Context (Tier-S)
-
-**⚠️ NON-NORMATIVE SECTION**: The following sources provide contextual inspiration and design vocabulary
-for bio-inspired, neuromorphic, and embodied AI research directions. These Tier-S materials are NOT used
-to justify equations, parameters, or normative claims in the BN-Syn system specification.
-
-The 2026 landscape of bio-inspired and neuromorphic computing offers diverse perspectives on energy
-efficiency, physical embodiment, and biomimetic design principles:
-
-- **SPIE BIMPS 2026** provides context on biologically inspired materials and processes, motivating
-  exploration of how material properties can inform computational architectures.
-- **3Bs Materials Tech 2026** informs design vocabulary for biomimetic approaches, offering insights
-  into how biological structures inspire synthetic systems.
-- **BioINSP 2026** explores bioinspired hierarchical structures and biomineralisation-inspired systems,
-  providing context for multi-scale organizational principles.
-- **ACM Neuromorphic Computing 2026** offers a broader neuromorphic computing landscape, informing
-  perspectives on brain-inspired computation beyond the specific neuron models used in BN-Syn.
-- **CEC GMU Energy-Efficient AI** provides context on how brainpower inspires energy-efficient AI,
-  motivating but not prescribing efficiency considerations.
-- **MDPI Bio-Inspired AI Special Issue** explores intersections of generative AI and biomimicry,
-  offering perspectives on bio-inspired learning mechanisms.
-- **Frontiers Embodied AI** informs thinking about physical and embodied artificial intelligence,
-  providing context for embodied computation paradigms.
-
-These sources contribute to the intellectual context and motivation for exploring bio-inspired approaches
-but do NOT constitute evidence for any specific parameter choice, equation, or algorithmic decision in
-the BN-Syn architecture. For normative references that substantiate the system specification, see the
-evidence crosswalk table above and consult `claims/claims.yml` for Tier-A claims.
+# Architecture (repo-aligned)
+
+This page is a structural map of runnable surfaces and governance gates in this repository.
+For public surfaces and SSOT enforcement details, see [PROJECT_SURFACES.md](PROJECT_SURFACES.md) and [ENFORCEMENT_MATRIX.md](ENFORCEMENT_MATRIX.md).
+
+## Diagram A — System flow (CLI → runtime → experiments → artifacts → validators/CI)
+
+```mermaid
+flowchart LR
+  CLI[src/bnsyn/cli.py] --> RUNTIME[src/bnsyn/**]
+  CLI --> EXP[experiments/**]
+  RUNTIME --> ART1[results/**]
+  RUNTIME --> ART2[figures/**]
+  EXP --> ART1
+  EXP --> ART2
+  DOCS[docs/**]
+  CLAIMS[claims/claims.yml]
+  BIB[bibliography/**]
+  SCHEMAS[schemas/*.json]
+  DOCS --> VAL[scripts/validate_traceability.py\nscripts/check_internal_links.py\nscripts/discover_public_surfaces.py]
+  CLAIMS --> VAL
+  BIB --> VAL
+  SCHEMAS --> VAL
+  VAL --> CI[.github/workflows/ci-pr.yml\n.github/workflows/ci-validation.yml\n.github/workflows/ci-pr-atomic.yml]
+  CI --> VAL
+```
+
+## Diagram B — Governance / SSOT enforcement flow
+
+```mermaid
+flowchart TD
+  SSOT1[docs/TRACEABILITY.md]
+  SSOT2[docs/ENFORCEMENT_MATRIX.md]
+  SSOT3[docs/PROJECT_SURFACES.md]
+  SSOT4[claims/claims.yml + bibliography/**]
+  RULES[scripts/ssot_rules.py]
+  V1[scripts/validate_traceability.py]
+  V2[scripts/check_internal_links.py]
+  V3[scripts/discover_public_surfaces.py --check]
+  G1[.github/workflows/ci-pr.yml]
+  G2[.github/workflows/ci-validation.yml]
+  G3[.github/workflows/ci-pr-atomic.yml]
+
+  SSOT1 --> V1
+  SSOT2 --> RULES
+  SSOT3 --> V3
+  SSOT4 --> V1
+  RULES --> G1
+  V1 --> G2
+  V2 --> G2
+  V3 --> G3
+```
+
+## How to read these diagrams
+
+- Nodes are concrete repo paths, never conceptual-only components.
+- Solid arrows mean dependency or enforcement direction.
+- `src/bnsyn/cli.py` is the documented command entry surface.
+- `src/bnsyn/**` and `experiments/**` feed generated artifacts in `results/**` and `figures/**`.
+- SSOT inputs are documentation, schemas, and claim/evidence files.
+- Validators under `scripts/**` are the executable enforcement layer.
+- CI workflows under `.github/workflows/**` are gate runners, not alternate policy definitions.
+- `docs/INDEX.md` remains the canonical navigation hub for all docs.
diff --git a/docs/INDEX.md b/docs/INDEX.md
index 7791e82..e42ac0c 100644
--- a/docs/INDEX.md
+++ b/docs/INDEX.md
@@ -1,31 +1,31 @@
 # Documentation Index (Authoritative Hub)
 
-Single navigation hub for repository-facing docs.
+Single authoritative navigation hub for repository-facing documentation.
+
+## Start here
 
-## Start
 1. [README.md](../README.md)
-2. [START_HERE.md](START_HERE.md)
+2. [STATUS.md](STATUS.md)
 3. [ARCHITECTURE.md](ARCHITECTURE.md)
 
-## Governance and SSOT
-- [SSOT.md](SSOT.md)
+## Core architecture + governance surfaces
+
+- [ARCHITECTURE.md](ARCHITECTURE.md)
+- [PROJECT_SURFACES.md](PROJECT_SURFACES.md)
 - [ENFORCEMENT_MATRIX.md](ENFORCEMENT_MATRIX.md)
 - [TRACEABILITY.md](TRACEABILITY.md)
-- [PROJECT_SURFACES.md](PROJECT_SURFACES.md)
-- [API_STABILITY.md](API_STABILITY.md)
-- [VERSIONING.md](VERSIONING.md)
-- [DETERMINISM.md](DETERMINISM.md)
-
-## Operational docs
-- [INPUTS.md](INPUTS.md)
-- [ASSUMPTIONS.md](ASSUMPTIONS.md)
-- [RISKS.md](RISKS.md)
-- [DOC_DEBT.md](DOC_DEBT.md)
-- [MAINTENANCE.md](MAINTENANCE.md)
+- [SSOT.md](SSOT.md)
+
+## Operational and quality docs
+
 - [TESTING.md](TESTING.md)
 - [CI_GATES.md](CI_GATES.md)
+- [REPRODUCIBILITY.md](REPRODUCIBILITY.md)
+- [MAINTENANCE.md](MAINTENANCE.md)
+- [DOC_DEBT.md](DOC_DEBT.md)
 
 ## Canonical commands
+
 ```bash
 python -m pytest -m "not validation" -q
 ruff check .
@@ -33,6 +33,6 @@ pylint src/bnsyn
 mypy src --strict --config-file pyproject.toml
 python -m build
 python -m scripts.validate_traceability
-python -m scripts.discover_public_surfaces
+python -m scripts.discover_public_surfaces --check
 python -m scripts.check_internal_links
 ```
diff --git a/docs/PROJECT_SURFACES.md b/docs/PROJECT_SURFACES.md
index 320542e..99b9e7f 100644
--- a/docs/PROJECT_SURFACES.md
+++ b/docs/PROJECT_SURFACES.md
@@ -23,7 +23,6 @@ Generated by `python -m scripts.discover_public_surfaces`.
 | `Schema:audit_reproducibility.schema.json` | `stable` | `schemas/audit_reproducibility.schema.json` | JSON Schema artifact contract |
 | `Schema:experiment.schema.json` | `stable` | `schemas/experiment.schema.json` | JSON Schema artifact contract |
 | `Schema:readiness_report.schema.json` | `stable` | `schemas/readiness_report.schema.json` | JSON Schema artifact contract |
-| `Doc Surface:README.md` | `stable` | `README.md` | Contains canonical usage/gate guidance |
 | `Doc Surface:docs/START_HERE.md` | `stable` | `docs/START_HERE.md` | Contains canonical usage/gate guidance |
 | `Doc Surface:docs/TESTING.md` | `stable` | `docs/TESTING.md` | Contains canonical usage/gate guidance |
 
