docs/ACTIONS_TEST_PROTOCOL.md
docs/API_CONTRACT.md
docs/ARCHITECTURE.md
docs/ARCHITECTURE_INVARIANTS.md
docs/AUDIT_FINDINGS.md
docs/AUDIT_LEDGER.md
docs/AUDIT_TASKS_2026-02-15.md
docs/BENCHMARKS.md
docs/BENCHMARK_MAP.md
docs/BIBLIOGRAPHY.md
docs/BUILD_DOCS.md
docs/CI_BATTLE_USAGE_AUDIT_2026-02-07.md
docs/CI_GATES.md
docs/COMPONENT_AUDIT.md
docs/CONFERENCE_RUNBOOK.md
docs/CONSTITUTIONAL_AUDIT.md
docs/CRITICALITY_CONTROL_VS_MEASUREMENT.md
docs/DEMO.md
docs/DOCUMENTATION_FORMALIZATION.md
docs/ENTROPY_LEDGER.md
docs/EVIDENCE_COVERAGE.md
docs/GOVERNANCE.md
docs/HYPOTHESIS.md
docs/INDEX.md
docs/INTEGRATION.md
docs/INVENTORY.md
docs/LEGENDARY_QUICKSTART.md
docs/MODULE_RESPONSIBILITY_MATRIX.md
docs/MUTATION_GATE.md
docs/NORMATIVE_LABELING.md
docs/PERFORMANCE.md
docs/PERFORMANCE_REPORT.md
docs/PHYSICAL_VALIDITY.md
docs/PLACEHOLDER_BASELINE_CYCLE0.md
docs/PLACEHOLDER_REGISTRY.md
docs/PR40_EVIDENCE_REPORT.md
docs/PR_AUTOMATION_VECTORS.md
docs/QUALITY_INDEX.md
docs/QUALITY_INFRASTRUCTURE.md
docs/QUICKSTART.md
docs/RELEASE_NOTES.md
docs/RELEASE_PIPELINE.md
docs/RELEASE_READINESS.md
docs/REPO_STRUCTURE.md
docs/REPRODUCIBILITY.md
docs/REPRODUCIBILITY_ENVELOPE.md
docs/SCALABILITY.md
docs/SCALABILITY_REPORT.md
docs/SCRIPTS/index.md
docs/SECURITY_GITLEAKS.md
docs/SPEC.md
docs/SSOT.md
docs/SSOT_RULES.md
docs/START_HERE.md
docs/STATUS.md
docs/TESTING.md
docs/TESTING_MUTATION.md
docs/THROUGHPUT_SCALING.md
docs/TRACEABILITY_MAP.md
docs/TROUBLESHOOTING.md
docs/VCG.md
docs/_generated/script_help/bench_ci_smoke.txt
docs/_generated/script_help/build_wheelhouse.txt
docs/_generated/script_help/calculate_throughput_gain.txt
docs/_generated/script_help/check_api_contract.txt
docs/_generated/script_help/check_coverage_gate.txt
docs/_generated/script_help/check_mutation_score.txt
docs/_generated/script_help/check_quickstart_consistency.txt
docs/_generated/script_help/collect_ci_run_urls.txt
docs/_generated/script_help/generate_coverage_baseline.txt
docs/_generated/script_help/generate_coverage_trend.txt
docs/_generated/script_help/generate_math_data.txt
docs/_generated/script_help/generate_mutation_baseline.txt
docs/_generated/script_help/intelligence_cycle.txt
docs/_generated/script_help/mutation_ci_summary.txt
docs/_generated/script_help/release_pipeline.txt
docs/_generated/script_help/release_readiness.txt
docs/_generated/script_help/render_workflow_policy_docs.txt
docs/_generated/script_help/run_mutation_pipeline.txt
docs/_generated/script_help/scan_placeholders.txt
docs/_generated/script_help/track_quality.txt
docs/_generated/script_help/validate_api_maturity.txt
docs/_generated/script_help/validate_codebase_readiness_audit.txt
docs/_generated/script_help/validate_mutation_baseline.txt
docs/_generated/script_help/validate_status_claims.txt
docs/_generated/script_help/verify_formal_constants.txt
docs/_generated/script_help/verify_reproducible_artifacts.txt
docs/api/_static/README.md
docs/api/_static/manifest.json
docs/api/_templates/README.md
docs/api/_templates/manifest.json
docs/api/api_bnsyn.md
docs/api/conf.py
docs/api/generated/bnsyn.benchmarks.regime.rst
docs/api/generated/bnsyn.benchmarks.rst
docs/api/generated/bnsyn.calibration.accuracy_speed.rst
docs/api/generated/bnsyn.calibration.fit.rst
docs/api/generated/bnsyn.calibration.rst
docs/api/generated/bnsyn.cli.rst
docs/api/generated/bnsyn.config.rst
docs/api/generated/bnsyn.connectivity.rst
docs/api/generated/bnsyn.connectivity.sparse.rst
docs/api/generated/bnsyn.consolidation.dual_weight.rst
docs/api/generated/bnsyn.consolidation.rst
docs/api/generated/bnsyn.control.rst
docs/api/generated/bnsyn.criticality.analysis.rst
docs/api/generated/bnsyn.criticality.branching.rst
docs/api/generated/bnsyn.criticality.phase_transition.rst
docs/api/generated/bnsyn.criticality.rst
docs/api/generated/bnsyn.emergence.crystallizer.rst
docs/api/generated/bnsyn.emergence.rst
docs/api/generated/bnsyn.energy.regularization.rst
docs/api/generated/bnsyn.energy.rst
docs/api/generated/bnsyn.experiments.declarative.rst
docs/api/generated/bnsyn.experiments.rst
docs/api/generated/bnsyn.incremental.rst
docs/api/generated/bnsyn.memory.consolidator.rst
docs/api/generated/bnsyn.memory.ledger.rst
docs/api/generated/bnsyn.memory.rst
docs/api/generated/bnsyn.memory.trace.rst
docs/api/generated/bnsyn.neuron.adex.rst
docs/api/generated/bnsyn.neuron.rst
docs/api/generated/bnsyn.neurons.rst
docs/api/generated/bnsyn.numerics.integrators.rst
docs/api/generated/bnsyn.numerics.rst
docs/api/generated/bnsyn.plasticity.rst
docs/api/generated/bnsyn.plasticity.stdp.rst
docs/api/generated/bnsyn.plasticity.three_factor.rst
docs/api/generated/bnsyn.production.adex.rst
docs/api/generated/bnsyn.production.connectivity.rst
docs/api/generated/bnsyn.production.jax_backend.rst
docs/api/generated/bnsyn.production.rst
docs/api/generated/bnsyn.provenance.manifest.rst
docs/api/generated/bnsyn.provenance.manifest_builder.rst
docs/api/generated/bnsyn.provenance.rst
docs/api/generated/bnsyn.rng.rst
docs/api/generated/bnsyn.rst
docs/api/generated/bnsyn.schemas.experiment.rst
docs/api/generated/bnsyn.schemas.rst
docs/api/generated/bnsyn.sim.network.rst
docs/api/generated/bnsyn.sim.rst
docs/api/generated/bnsyn.simulation.rst
docs/api/generated/bnsyn.sleep.cycle.rst
docs/api/generated/bnsyn.sleep.replay.rst
docs/api/generated/bnsyn.sleep.rst
docs/api/generated/bnsyn.sleep.stages.rst
docs/api/generated/bnsyn.synapse.conductance.rst
docs/api/generated/bnsyn.synapse.rst
docs/api/generated/bnsyn.synapses.rst
docs/api/generated/bnsyn.temperature.rst
docs/api/generated/bnsyn.temperature.schedule.rst
docs/api/generated/bnsyn.testing.faults.rst
docs/api/generated/bnsyn.testing.rst
docs/api/generated/bnsyn.tools.benchmark_sleep_stack_scale.rst
docs/api/generated/bnsyn.tools.rst
docs/api/generated/bnsyn.tools.run_scaled_sleep_stack.rst
docs/api/generated/bnsyn.validation.inputs.rst
docs/api/generated/bnsyn.validation.rst
docs/api/generated/bnsyn.vcg.rst
docs/api/generated/bnsyn.viz.dashboard.rst
docs/api/generated/bnsyn.viz.interactive.rst
docs/api/generated/bnsyn.viz.rst
docs/api/generated/contracts.math_contracts.rst
docs/api/generated/contracts.rst
docs/api/index.md
docs/api/modules.md
docs/api_maturity.json
docs/appendix/CODEX_PROJECT_FEEDBACK_UA.md
docs/appendix/EXECUTIVE_SUMMARY.md
docs/appendix/PRODUCTION_AUDIT.md
docs/appendix/PRODUCTION_ROADMAP.md
docs/appendix/additional_audit_2026.md
docs/appendix/codebase_readiness_audit_2026-02-15.json
docs/appendix/intelligence_cycle_report.json
docs/audit_merge_readiness.md
docs/benchmarks/PROTOCOL.md
docs/benchmarks/README.md
docs/benchmarks/SCHEMA.md
docs/benchmarks/ci_comparison_report_alloc_v2.txt
docs/benchmarks/threshold_derivation_alloc_v2.md
docs/conf.py
docs/contracts/index.md
docs/emergence_tracking.md
docs/index.rst
docs/math/CONTRACTS.md
docs/math/PROVENANCE.md
docs/modules.rst
docs/placeholder_cycles/cycle1/acceptance_map.yaml
docs/placeholder_cycles/cycle1/plan.md
docs/placeholder_cycles/cycle1/worklist.json
docs/repo_map.md
docs/safety/deferred_gates.md
docs/safety/followups.md
docs/safety/hazard_log.yml
docs/safety/stpa.md
docs/safety/traceability.yml
docs/scripts/--init--.md
docs/scripts/-audit-metrics-pr40.md
docs/scripts/audit-spec-implementation.md
docs/scripts/bench-ci-smoke.md
docs/scripts/benchmark-physics.md
docs/scripts/benchmark-production.md
docs/scripts/benchmark-sleep-stack-scale.md
docs/scripts/build-readiness-artifacts.md
docs/scripts/build-wheelhouse.md
docs/scripts/calculate-throughput-gain.md
docs/scripts/check-api-contract.md
docs/scripts/check-benchmark-regressions.md
docs/scripts/check-coverage-gate.md
docs/scripts/check-mutation-score.md
docs/scripts/check-quickstart-consistency.md
docs/scripts/collect-ci-run-urls.md
docs/scripts/compare-benchmarks.md
docs/scripts/generate-benchmark-baseline.md
docs/scripts/generate-coverage-baseline.md
docs/scripts/generate-coverage-trend.md
docs/scripts/generate-evidence-coverage.md
docs/scripts/generate-math-data.md
docs/scripts/generate-mutation-baseline.md
docs/scripts/generate-tests-inventory.md
docs/scripts/index.md
docs/scripts/intelligence-cycle.md
docs/scripts/lint-ci-truthfulness.md
docs/scripts/math-validate.md
docs/scripts/mutation-ci-summary.md
docs/scripts/mutation-counts.md
docs/scripts/mutation-survivors-summary.md
docs/scripts/orchestrate-throughput-scaling.md
docs/scripts/pre-push.md
docs/scripts/profile-kernels.md
docs/scripts/rebuild-sources-lock.md
docs/scripts/release-pipeline.md
docs/scripts/release-readiness.md
docs/scripts/render-workflow-policy-docs.md
docs/scripts/run-benchmarks.md
docs/scripts/run-mutation-pipeline.md
docs/scripts/run-scaled-sleep-stack.md
docs/scripts/scan-governed-docs.md
docs/scripts/scan-normative-tags.md
docs/scripts/scan-placeholders.md
docs/scripts/scan-tierS-misuse.md
docs/scripts/ssot-rules.md
docs/scripts/sync-required-status-contexts.md
docs/scripts/track-quality.md
docs/scripts/validate-api-maturity.md
docs/scripts/validate-bibliography.md
docs/scripts/validate-branch-protection-governance.md
docs/scripts/validate-claims-coverage.md
docs/scripts/validate-claims.md
docs/scripts/validate-codebase-readiness-audit.md
docs/scripts/validate-long-running-triggers.md
docs/scripts/validate-mutation-baseline.md
docs/scripts/validate-pr-gates.md
docs/scripts/validate-required-checks.md
docs/scripts/validate-required-status-contexts.md
docs/scripts/validate-status-claims.md
docs/scripts/validate-workflow-contracts.md
docs/scripts/verify-equivalence.md
docs/scripts/verify-formal-constants.md
docs/scripts/verify-reproducible-artifacts.md
docs/scripts/visualize-experiment.md
docs/sleep_stack.md
docs/spec_to_code.yml
docs/usage_workflows.md
