docs/CRITICALITY_CONTROL_VS_MEASUREMENT.md
docs/PLACEHOLDER_REGISTRY.md
docs/TRACEABILITY_MAP.md
docs/NORMATIVE_LABELING.md
docs/contracts/index.md
docs/MAINTENANCE.md
docs/INVENTORY.md
docs/MODULE_RESPONSIBILITY_MATRIX.md
docs/BUILD_DOCS.md
docs/RELEASE_READINESS.md
docs/TESTING_MUTATION.md
docs/COMPONENT_AUDIT.md
docs/VERSIONING.md
docs/MUTATION_GATE.md
docs/AUDIT_FINDINGS.md
docs/CONSTITUTIONAL_AUDIT.md
docs/PERFORMANCE.md
docs/INDEX.md
docs/PLACEHOLDER_BASELINE_CYCLE0.md
docs/INTEGRATION.md
docs/safety/hazard_log.yml
docs/safety/stpa.md
docs/safety/followups.md
docs/safety/deferred_gates.md
docs/safety/traceability.yml
docs/SSOT_RULES.md
docs/_inventory.md
docs/SCALABILITY_REPORT.md
docs/INPUTS.md
docs/GOVERNANCE.md
docs/_generated/script_help/mutation_ci_summary.txt
docs/_generated/script_help/run_mutation_pipeline.txt
docs/_generated/script_help/release_pipeline.txt
docs/_generated/script_help/check_quickstart_consistency.txt
docs/_generated/script_help/generate_coverage_baseline.txt
docs/_generated/script_help/validate_api_maturity.txt
docs/_generated/script_help/scan_placeholders.txt
docs/_generated/script_help/bench_ci_smoke.txt
docs/_generated/script_help/generate_math_data.txt
docs/_generated/script_help/check_mutation_score.txt
