$ make setup
python -V
Python 3.12.12
python -m pip --version
pip 25.3 from /root/.pyenv/versions/3.12.12/lib/python3.12/site-packages/pip (python 3.12)
python -m pip install -e ".[test]"
Obtaining file:///workspace/bnsyn-phase-controlled-emergent-dynamics
  Installing build dependencies: started
  Installing build dependencies: finished with status 'done'
  Checking if build backend supports build_editable: started
  Checking if build backend supports build_editable: finished with status 'done'
  Getting requirements to build editable: started
  Getting requirements to build editable: finished with status 'done'
  Preparing editable metadata (pyproject.toml): started
  Preparing editable metadata (pyproject.toml): finished with status 'done'
Requirement already satisfied: numpy==2.4.1 in /root/.pyenv/versions/3.12.12/lib/python3.12/site-packages (from bnsyn==0.2.0) (2.4.1)
Requirement already satisfied: pydantic==2.12.5 in /root/.pyenv/versions/3.12.12/lib/python3.12/site-packages (from bnsyn==0.2.0) (2.12.5)
Requirement already satisfied: scipy==1.17.0 in /root/.pyenv/versions/3.12.12/lib/python3.12/site-packages (from bnsyn==0.2.0) (1.17.0)
Requirement already satisfied: jsonschema==4.26.0 in /root/.pyenv/versions/3.12.12/lib/python3.12/site-packages (from bnsyn==0.2.0) (4.26.0)
Requirement already satisfied: joblib==1.4.2 in /root/.pyenv/versions/3.12.12/lib/python3.12/site-packages (from bnsyn==0.2.0) (1.4.2)
Requirement already satisfied: pyyaml==6.0.3 in /root/.pyenv/versions/3.12.12/lib/python3.12/site-packages (from bnsyn==0.2.0) (6.0.3)
Collecting hypothesis==6.151.5 (from bnsyn==0.2.0)
  Downloading hypothesis-6.151.5-py3-none-any.whl.metadata (5.6 kB)
Requirement already satisfied: pytest==9.0.2 in /root/.pyenv/versions/3.12.12/lib/python3.12/site-packages (from bnsyn==0.2.0) (9.0.2)
Collecting pytest-cov==7.0.0 (from bnsyn==0.2.0)
  Downloading pytest_cov-7.0.0-py3-none-any.whl.metadata (31 kB)
Collecting psutil==7.2.2 (from bnsyn==0.2.0)
  Downloading psutil-7.2.2-cp36-abi3-manylinux2010_x86_64.manylinux_2_12_x86_64.manylinux_2_28_x86_64.whl.metadata (22 kB)
Requirement already satisfied: packaging==25.0 in /root/.pyenv/versions/3.12.12/lib/python3.12/site-packages (from bnsyn==0.2.0) (25.0)
Collecting sortedcontainers<3.0.0,>=2.1.0 (from hypothesis==6.151.5->bnsyn==0.2.0)
  Downloading sortedcontainers-2.4.0-py2.py3-none-any.whl.metadata (10 kB)
Requirement already satisfied: attrs>=22.2.0 in /root/.pyenv/versions/3.12.12/lib/python3.12/site-packages (from jsonschema==4.26.0->bnsyn==0.2.0) (25.4.0)
Requirement already satisfied: jsonschema-specifications>=2023.03.6 in /root/.pyenv/versions/3.12.12/lib/python3.12/site-packages (from jsonschema==4.26.0->bnsyn==0.2.0) (2025.9.1)
Requirement already satisfied: referencing>=0.28.4 in /root/.pyenv/versions/3.12.12/lib/python3.12/site-packages (from jsonschema==4.26.0->bnsyn==0.2.0) (0.37.0)
Requirement already satisfied: rpds-py>=0.25.0 in /root/.pyenv/versions/3.12.12/lib/python3.12/site-packages (from jsonschema==4.26.0->bnsyn==0.2.0) (0.30.0)
Requirement already satisfied: annotated-types>=0.6.0 in /root/.pyenv/versions/3.12.12/lib/python3.12/site-packages (from pydantic==2.12.5->bnsyn==0.2.0) (0.7.0)
Requirement already satisfied: pydantic-core==2.41.5 in /root/.pyenv/versions/3.12.12/lib/python3.12/site-packages (from pydantic==2.12.5->bnsyn==0.2.0) (2.41.5)
Requirement already satisfied: typing-extensions>=4.14.1 in /root/.pyenv/versions/3.12.12/lib/python3.12/site-packages (from pydantic==2.12.5->bnsyn==0.2.0) (4.15.0)
Requirement already satisfied: typing-inspection>=0.4.2 in /root/.pyenv/versions/3.12.12/lib/python3.12/site-packages (from pydantic==2.12.5->bnsyn==0.2.0) (0.4.2)
Requirement already satisfied: iniconfig>=1.0.1 in /root/.pyenv/versions/3.12.12/lib/python3.12/site-packages (from pytest==9.0.2->bnsyn==0.2.0) (2.3.0)
Requirement already satisfied: pluggy<2,>=1.5 in /root/.pyenv/versions/3.12.12/lib/python3.12/site-packages (from pytest==9.0.2->bnsyn==0.2.0) (1.6.0)
Requirement already satisfied: pygments>=2.7.2 in /root/.pyenv/versions/3.12.12/lib/python3.12/site-packages (from pytest==9.0.2->bnsyn==0.2.0) (2.19.2)
Collecting coverage>=7.10.6 (from coverage[toml]>=7.10.6->pytest-cov==7.0.0->bnsyn==0.2.0)
  Downloading coverage-7.13.4-cp312-cp312-manylinux1_x86_64.manylinux_2_28_x86_64.manylinux_2_5_x86_64.whl.metadata (8.5 kB)
Downloading hypothesis-6.151.5-py3-none-any.whl (543 kB)
   ━━━━━━━━━━━━━━━━━━━━━━━━━━━━━━━━━━━━━━━━ 543.3/543.3 kB 30.2 MB/s  0:00:00
Downloading psutil-7.2.2-cp36-abi3-manylinux2010_x86_64.manylinux_2_12_x86_64.manylinux_2_28_x86_64.whl (155 kB)
Downloading pytest_cov-7.0.0-py3-none-any.whl (22 kB)
Downloading sortedcontainers-2.4.0-py2.py3-none-any.whl (29 kB)
Downloading coverage-7.13.4-cp312-cp312-manylinux1_x86_64.manylinux_2_28_x86_64.manylinux_2_5_x86_64.whl (254 kB)
Building wheels for collected packages: bnsyn
  Building editable for bnsyn (pyproject.toml): started
  Building editable for bnsyn (pyproject.toml): finished with status 'done'
  Created wheel for bnsyn: filename=bnsyn-0.2.0-0.editable-py3-none-any.whl size=4146 sha256=02608480593f0d3b939fe085257ca5c0a4400dd8f70e14053d3fe432dda628f0
  Stored in directory: /tmp/pip-ephem-wheel-cache-ap2l0jry/wheels/b6/1a/09/a1d36e07ea304f8c95ab88d866597d5b760d5b91c4e13d9643
Successfully built bnsyn
Installing collected packages: sortedcontainers, psutil, hypothesis, coverage, pytest-cov, bnsyn

Successfully installed bnsyn-0.2.0 coverage-7.13.4 hypothesis-6.151.5 psutil-7.2.2 pytest-cov-7.0.0 sortedcontainers-2.4.0
python -m pip check
No broken requirements found.
