.github/workflows/codeql.yml
.github/workflows/quality-mutation.yml
.github/workflows/_reusable_validation_tests.yml
.github/workflows/codecov-health.yml
.github/workflows/_reusable_gate_profile.yml
.github/workflows/_reusable_benchmarks.yml
.github/workflows/formal-tla.yml
.github/workflows/_reusable_ssot.yml
.github/workflows/science.yml
.github/workflows/_reusable_chaos_tests.yml
.github/workflows/ci-smoke.yml
.github/workflows/formal-coq.yml
.github/workflows/ci-benchmarks-elite.yml
.github/workflows/release-pipeline.yml
.github/workflows/_reusable_quality.yml
.github/workflows/ci-pr.yml
.github/workflows/_reusable_property_tests.yml
.github/workflows/math-quality-gate.yml
.github/workflows/ci-benchmarks.yml
.github/workflows/ci-validation.yml
.github/workflows/benchmarks.yml
.github/workflows/dependency-watch.yml
.github/workflows/physics-equivalence.yml
.github/workflows/_reusable_formal_science.yml
.github/workflows/docs.yml
.github/workflows/dependency-review.yml
.github/workflows/workflow-integrity.yml
.github/workflows/_reusable_pytest.yml
.github/workflows/ci-pr-atomic.yml
README.md
scripts/check_mutation_score.py
docs/audit_merge_readiness.md
docs/REPRODUCIBILITY.md
docs/CRITICALITY_CONTROL_VS_MEASUREMENT.md
docs/GOVERNANCE.md
docs/TRACEABILITY_MAP.md
docs/ACTIONS_TEST_PROTOCOL.md
scripts/validate_claims.py
scripts/lint_ci_truthfulness.py
scripts/validate_traceability.py
scripts/README.md
scripts/render_workflow_policy_docs.py
scripts/build_readiness_artifacts.py
scripts/calculate_throughput_gain.py
scripts/verify_equivalence.py
scripts/mutation_counts.py
scripts/mutation_survivors_summary.py
scripts/audit_spec_implementation.py
scripts/validate_branch_protection_governance.py
scripts/benchmark_production.py
scripts/orchestrate_throughput_scaling.py
scripts/scan_placeholders.py
scripts/yaml_contracts.py
scripts/check_internal_links.py
scripts/validate_required_checks.py
scripts/__init__.py
scripts/validate_long_running_triggers.py
scripts/collect_ci_run_urls.py
scripts/release_pipeline.py
scripts/generate_benchmark_baseline.py
scripts/build_wheelhouse.py
scripts/validate_status_claims.py
scripts/check_api_contract.py
scripts/generate_mutation_baseline.py
scripts/verify_reproducible_artifacts.py
scripts/validate_bibliography.py
scripts/generate_coverage_trend.py
scripts/visualize_experiment.py
scripts/validate_mutation_baseline.py
scripts/check_coverage_gate.py
scripts/verify_formal_constants.py
scripts/scan_normative_tags.py
scripts/validate_api_maturity.py
docs/math/CONTRACTS.md
docs/math/PROVENANCE.md
docs/math/MATH_SURFACES.md
docs/api/index.md
docs/api/_templates/README.md
scripts/benchmark_sleep_stack_scale.py
scripts/generate_evidence_coverage.py
scripts/scan_governed_docs.py
scripts/run_benchmarks.py
scripts/validate_pr_gates.py
scripts/mutation_ci_summary.py
scripts/generate_tests_inventory.py
scripts/validate_required_status_contexts.py
scripts/validate_workflow_contracts.py
scripts/validate_claims_coverage.py
docs/api/_templates/tools/update_manifest.py
scripts/math_validate.py
scripts/generate_coverage_baseline.py
scripts/discover_public_surfaces.py
docs/api/_templates/manifest.json
scripts/release_readiness.py
scripts/ssot_rules.py
scripts/benchmark_physics.py
scripts/generate_math_data.py
scripts/run_mutation_pipeline.py
scripts/sync_required_status_contexts.py
scripts/bench_ci_smoke.py
scripts/run_scaled_sleep_stack.py
scripts/track_quality.py
scripts/check_quickstart_consistency.py
scripts/pre-push.sh
scripts/scan_tierS_misuse.py
scripts/_audit_metrics_pr40.py
scripts/profile_kernels.py
scripts/compare_benchmarks.py
scripts/rebuild_sources_lock.py
scripts/validate_codebase_readiness_audit.py
scripts/check_benchmark_regressions.py
scripts/intelligence_cycle.py
docs/API_CONTRACT.md
docs/TROUBLESHOOTING.md
docs/CI_BATTLE_USAGE_AUDIT_2026-02-07.md
docs/LEGENDARY_QUICKSTART.md
docs/_generated/script_help/check_api_contract.txt
docs/_generated/script_help/generate_coverage_baseline.txt
docs/_generated/script_help/validate_status_claims.txt
docs/_generated/script_help/validate_mutation_baseline.txt
docs/_generated/script_help/track_quality.txt
docs/_generated/script_help/mutation_ci_summary.txt
docs/_generated/script_help/check_mutation_score.txt
docs/_generated/script_help/generate_math_data.txt
docs/_generated/script_help/release_pipeline.txt
docs/_generated/script_help/render_workflow_policy_docs.txt
docs/_generated/script_help/run_mutation_pipeline.txt
docs/_generated/script_help/validate_api_maturity.txt
docs/_generated/script_help/release_readiness.txt
docs/_generated/script_help/scan_placeholders.txt
docs/_generated/script_help/verify_formal_constants.txt
docs/_generated/script_help/build_wheelhouse.txt
docs/_generated/script_help/generate_coverage_trend.txt
docs/_generated/script_help/generate_mutation_baseline.txt
docs/_generated/script_help/check_coverage_gate.txt
docs/_generated/script_help/verify_reproducible_artifacts.txt
docs/_generated/script_help/collect_ci_run_urls.txt
docs/_generated/script_help/check_quickstart_consistency.txt
docs/_generated/script_help/bench_ci_smoke.txt
docs/_generated/script_help/intelligence_cycle.txt
docs/_generated/script_help/calculate_throughput_gain.txt
docs/_generated/script_help/validate_codebase_readiness_audit.txt
docs/THROUGHPUT_SCALING.md
docs/PERFORMANCE.md
docs/conf.py
docs/adr/0001-math-integrator-guardrails.md
docs/ENTROPY_LEDGER.md
docs/MODULE_RESPONSIBILITY_MATRIX.md
docs/MAINTENANCE.md
docs/api/generated/bnsyn.memory.consolidator.rst
docs/TESTING_MUTATION.md
docs/MUTATION_GATE.md
docs/REPRODUCIBILITY_ENVELOPE.md
docs/api/generated/bnsyn.calibration.fit.rst
docs/api/generated/bnsyn.viz.rst
docs/api/generated/bnsyn.energy.rst
docs/api/generated/bnsyn.simulation.rst
docs/api/generated/contracts.math_contracts.rst
docs/api/generated/bnsyn.schemas.experiment.rst
docs/api/generated/bnsyn.consolidation.rst
docs/api/generated/bnsyn.connectivity.rst
docs/api/generated/bnsyn.cli.rst
docs/api/generated/bnsyn.neurons.rst
docs/api/generated/bnsyn.provenance.manifest_builder.rst
docs/api/generated/bnsyn.connectivity.sparse.rst
docs/api/generated/bnsyn.production.connectivity.rst
docs/api/generated/bnsyn.tools.benchmark_sleep_stack_scale.rst
docs/api/generated/bnsyn.numerics.rst
docs/api/generated/bnsyn.testing.rst
docs/api/generated/bnsyn.sleep.stages.rst
docs/api/generated/bnsyn.control.rst
docs/api/generated/bnsyn.memory.trace.rst
docs/api/generated/bnsyn.production.rst
docs/api/generated/bnsyn.plasticity.three_factor.rst
docs/api/generated/bnsyn.sim.network.rst
docs/api/generated/bnsyn.tools.run_scaled_sleep_stack.rst
docs/api/generated/bnsyn.validation.rst
docs/api/generated/bnsyn.config.rst
docs/api/generated/bnsyn.production.adex.rst
docs/api/generated/bnsyn.sleep.cycle.rst
docs/api/generated/bnsyn.rng.rst
docs/api/generated/bnsyn.criticality.branching.rst
docs/api/generated/bnsyn.emergence.rst
docs/api/generated/bnsyn.neuron.adex.rst
docs/api/generated/bnsyn.benchmarks.rst
docs/TESTING.md
docs/RELEASE_READINESS.md
docs/DETERMINISM.md
docs/DOC_DEBT.md
docs/QUALITY_INDEX.md
docs/sleep_stack.md
docs/INVENTORY.md
docs/ASSUMPTIONS.md
docs/api/generated/bnsyn.sleep.rst
docs/api/generated/bnsyn.provenance.manifest.rst
docs/api/generated/bnsyn.criticality.rst
docs/api/generated/bnsyn.viz.interactive.rst
docs/api/generated/bnsyn.synapses.rst
docs/api/generated/bnsyn.experiments.declarative.rst
docs/api/generated/bnsyn.plasticity.stdp.rst
