F401 [*] `pathlib.Path` imported but unused
 --> scripts/validate_changed_paths.py:6:21
  |
5 | import subprocess
6 | from pathlib import Path
  |                     ^^^^
7 |
8 | ALLOWED_PREFIXES = (
  |
help: Remove unused import: `pathlib.Path`

F401 [*] `sys` imported but unused
 --> scripts/validate_test_integrity.py:7:8
  |
5 | import re
6 | import subprocess
7 | import sys
  |        ^^^
8 | from pathlib import Path
  |
help: Remove unused import: `sys`

Found 2 errors.
[*] 2 fixable with the `--fix` option.
