CMD: source .venv_prr/bin/activate && python -m pip install cyclonedx-bom && cyclonedx-py environment -o artifacts/prod_ready/reports/sbom.json
CWD: /workspace/bnsyn-phase-controlled-emergent-dynamics
START: 2026-02-17T22:41:51Z
Collecting cyclonedx-bom
  Downloading cyclonedx_bom-7.2.1-py3-none-any.whl.metadata (9.3 kB)
Collecting chardet<6.0,>=5.1 (from cyclonedx-bom)
  Downloading chardet-5.2.0-py3-none-any.whl.metadata (3.4 kB)
Collecting cyclonedx-python-lib<12,>=8.0 (from cyclonedx-python-lib[validation]<12,>=8.0->cyclonedx-bom)
  Downloading cyclonedx_python_lib-11.6.0-py3-none-any.whl.metadata (6.8 kB)
Collecting packageurl-python<2,>=0.11 (from cyclonedx-bom)
  Downloading packageurl_python-0.17.6-py3-none-any.whl.metadata (5.1 kB)
Requirement already satisfied: packaging<26,>=22 in ./.venv_prr/lib/python3.12/site-packages (from cyclonedx-bom) (25.0)
Collecting pip-requirements-parser<33.0,>=32.0 (from cyclonedx-bom)
  Downloading pip_requirements_parser-32.0.1-py3-none-any.whl.metadata (9.3 kB)
Collecting license-expression<31,>=30 (from cyclonedx-python-lib<12,>=8.0->cyclonedx-python-lib[validation]<12,>=8.0->cyclonedx-bom)
  Downloading license_expression-30.4.4-py3-none-any.whl.metadata (11 kB)
Collecting py-serializable<3.0.0,>=2.1.0 (from cyclonedx-python-lib<12,>=8.0->cyclonedx-python-lib[validation]<12,>=8.0->cyclonedx-bom)
  Downloading py_serializable-2.1.0-py3-none-any.whl.metadata (4.3 kB)
Requirement already satisfied: sortedcontainers<3.0.0,>=2.4.0 in ./.venv_prr/lib/python3.12/site-packages (from cyclonedx-python-lib<12,>=8.0->cyclonedx-python-lib[validation]<12,>=8.0->cyclonedx-bom) (2.4.0)
Requirement already satisfied: typing_extensions<5.0,>=4.6 in ./.venv_prr/lib/python3.12/site-packages (from cyclonedx-python-lib<12,>=8.0->cyclonedx-python-lib[validation]<12,>=8.0->cyclonedx-bom) (4.15.0)
Requirement already satisfied: jsonschema<5.0,>=4.25 in ./.venv_prr/lib/python3.12/site-packages (from jsonschema[format-nongpl]<5.0,>=4.25; extra == "validation" or extra == "json-validation"->cyclonedx-python-lib[validation]<12,>=8.0->cyclonedx-bom) (4.26.0)
Collecting lxml<7,>=4 (from cyclonedx-python-lib[validation]<12,>=8.0->cyclonedx-bom)
  Downloading lxml-6.0.2-cp312-cp312-manylinux_2_26_x86_64.manylinux_2_28_x86_64.whl.metadata (3.6 kB)
Requirement already satisfied: referencing>=0.28.4 in ./.venv_prr/lib/python3.12/site-packages (from cyclonedx-python-lib[validation]<12,>=8.0->cyclonedx-bom) (0.37.0)
Requirement already satisfied: attrs>=22.2.0 in ./.venv_prr/lib/python3.12/site-packages (from jsonschema<5.0,>=4.25->jsonschema[format-nongpl]<5.0,>=4.25; extra == "validation" or extra == "json-validation"->cyclonedx-python-lib[validation]<12,>=8.0->cyclonedx-bom) (25.4.0)
Requirement already satisfied: jsonschema-specifications>=2023.03.6 in ./.venv_prr/lib/python3.12/site-packages (from jsonschema<5.0,>=4.25->jsonschema[format-nongpl]<5.0,>=4.25; extra == "validation" or extra == "json-validation"->cyclonedx-python-lib[validation]<12,>=8.0->cyclonedx-bom) (2025.9.1)
Requirement already satisfied: rpds-py>=0.25.0 in ./.venv_prr/lib/python3.12/site-packages (from jsonschema<5.0,>=4.25->jsonschema[format-nongpl]<5.0,>=4.25; extra == "validation" or extra == "json-validation"->cyclonedx-python-lib[validation]<12,>=8.0->cyclonedx-bom) (0.30.0)
Collecting fqdn (from jsonschema[format-nongpl]<5.0,>=4.25; extra == "validation" or extra == "json-validation"->cyclonedx-python-lib[validation]<12,>=8.0->cyclonedx-bom)
  Downloading fqdn-1.5.1-py3-none-any.whl.metadata (1.4 kB)
Requirement already satisfied: idna in ./.venv_prr/lib/python3.12/site-packages (from jsonschema[format-nongpl]<5.0,>=4.25; extra == "validation" or extra == "json-validation"->cyclonedx-python-lib[validation]<12,>=8.0->cyclonedx-bom) (3.11)
Collecting isoduration (from jsonschema[format-nongpl]<5.0,>=4.25; extra == "validation" or extra == "json-validation"->cyclonedx-python-lib[validation]<12,>=8.0->cyclonedx-bom)
  Downloading isoduration-20.11.0-py3-none-any.whl.metadata (5.7 kB)
Collecting jsonpointer>1.13 (from jsonschema[format-nongpl]<5.0,>=4.25; extra == "validation" or extra == "json-validation"->cyclonedx-python-lib[validation]<12,>=8.0->cyclonedx-bom)
  Downloading jsonpointer-3.0.0-py2.py3-none-any.whl.metadata (2.3 kB)
Collecting rfc3339-validator (from jsonschema[format-nongpl]<5.0,>=4.25; extra == "validation" or extra == "json-validation"->cyclonedx-python-lib[validation]<12,>=8.0->cyclonedx-bom)
  Downloading rfc3339_validator-0.1.4-py2.py3-none-any.whl.metadata (1.5 kB)
Collecting rfc3986-validator>0.1.0 (from jsonschema[format-nongpl]<5.0,>=4.25; extra == "validation" or extra == "json-validation"->cyclonedx-python-lib[validation]<12,>=8.0->cyclonedx-bom)
  Downloading rfc3986_validator-0.1.1-py2.py3-none-any.whl.metadata (1.7 kB)
Collecting rfc3987-syntax>=1.1.0 (from jsonschema[format-nongpl]<5.0,>=4.25; extra == "validation" or extra == "json-validation"->cyclonedx-python-lib[validation]<12,>=8.0->cyclonedx-bom)
  Downloading rfc3987_syntax-1.1.0-py3-none-any.whl.metadata (7.7 kB)
Collecting uri-template (from jsonschema[format-nongpl]<5.0,>=4.25; extra == "validation" or extra == "json-validation"->cyclonedx-python-lib[validation]<12,>=8.0->cyclonedx-bom)
  Downloading uri_template-1.3.0-py3-none-any.whl.metadata (8.8 kB)
Collecting webcolors>=24.6.0 (from jsonschema[format-nongpl]<5.0,>=4.25; extra == "validation" or extra == "json-validation"->cyclonedx-python-lib[validation]<12,>=8.0->cyclonedx-bom)
  Downloading webcolors-25.10.0-py3-none-any.whl.metadata (2.2 kB)
Collecting boolean.py>=4.0 (from license-expression<31,>=30->cyclonedx-python-lib<12,>=8.0->cyclonedx-python-lib[validation]<12,>=8.0->cyclonedx-bom)
  Downloading boolean_py-5.0-py3-none-any.whl.metadata (2.3 kB)
Collecting pyparsing (from pip-requirements-parser<33.0,>=32.0->cyclonedx-bom)
  Downloading pyparsing-3.3.2-py3-none-any.whl.metadata (5.8 kB)
Collecting defusedxml<0.8.0,>=0.7.1 (from py-serializable<3.0.0,>=2.1.0->cyclonedx-python-lib<12,>=8.0->cyclonedx-python-lib[validation]<12,>=8.0->cyclonedx-bom)
  Downloading defusedxml-0.7.1-py2.py3-none-any.whl.metadata (32 kB)
Collecting lark>=1.2.2 (from rfc3987-syntax>=1.1.0->jsonschema[format-nongpl]<5.0,>=4.25; extra == "validation" or extra == "json-validation"->cyclonedx-python-lib[validation]<12,>=8.0->cyclonedx-bom)
  Downloading lark-1.3.1-py3-none-any.whl.metadata (1.8 kB)
Collecting arrow>=0.15.0 (from isoduration->jsonschema[format-nongpl]<5.0,>=4.25; extra == "validation" or extra == "json-validation"->cyclonedx-python-lib[validation]<12,>=8.0->cyclonedx-bom)
  Downloading arrow-1.4.0-py3-none-any.whl.metadata (7.7 kB)
Collecting python-dateutil>=2.7.0 (from arrow>=0.15.0->isoduration->jsonschema[format-nongpl]<5.0,>=4.25; extra == "validation" or extra == "json-validation"->cyclonedx-python-lib[validation]<12,>=8.0->cyclonedx-bom)
  Downloading python_dateutil-2.9.0.post0-py2.py3-none-any.whl.metadata (8.4 kB)
Collecting tzdata (from arrow>=0.15.0->isoduration->jsonschema[format-nongpl]<5.0,>=4.25; extra == "validation" or extra == "json-validation"->cyclonedx-python-lib[validation]<12,>=8.0->cyclonedx-bom)
  Downloading tzdata-2025.3-py2.py3-none-any.whl.metadata (1.4 kB)
Collecting six>=1.5 (from python-dateutil>=2.7.0->arrow>=0.15.0->isoduration->jsonschema[format-nongpl]<5.0,>=4.25; extra == "validation" or extra == "json-validation"->cyclonedx-python-lib[validation]<12,>=8.0->cyclonedx-bom)
  Downloading six-1.17.0-py2.py3-none-any.whl.metadata (1.7 kB)
Downloading cyclonedx_bom-7.2.1-py3-none-any.whl (60 kB)
Downloading chardet-5.2.0-py3-none-any.whl (199 kB)
Downloading cyclonedx_python_lib-11.6.0-py3-none-any.whl (511 kB)
Downloading license_expression-30.4.4-py3-none-any.whl (120 kB)
Downloading lxml-6.0.2-cp312-cp312-manylinux_2_26_x86_64.manylinux_2_28_x86_64.whl (5.3 MB)
   ━━━━━━━━━━━━━━━━━━━━━━━━━━━━━━━━━━━━━━━━ 5.3/5.3 MB 48.1 MB/s  0:00:00
Downloading packageurl_python-0.17.6-py3-none-any.whl (36 kB)
Downloading pip_requirements_parser-32.0.1-py3-none-any.whl (35 kB)
Downloading py_serializable-2.1.0-py3-none-any.whl (23 kB)
Downloading defusedxml-0.7.1-py2.py3-none-any.whl (25 kB)
Downloading boolean_py-5.0-py3-none-any.whl (26 kB)
Downloading jsonpointer-3.0.0-py2.py3-none-any.whl (7.6 kB)
Downloading rfc3986_validator-0.1.1-py2.py3-none-any.whl (4.2 kB)
Downloading rfc3987_syntax-1.1.0-py3-none-any.whl (8.0 kB)
Downloading lark-1.3.1-py3-none-any.whl (113 kB)
Downloading webcolors-25.10.0-py3-none-any.whl (14 kB)
Downloading fqdn-1.5.1-py3-none-any.whl (9.1 kB)
Downloading isoduration-20.11.0-py3-none-any.whl (11 kB)
Downloading arrow-1.4.0-py3-none-any.whl (68 kB)
Downloading python_dateutil-2.9.0.post0-py2.py3-none-any.whl (229 kB)
Downloading six-1.17.0-py2.py3-none-any.whl (11 kB)
Downloading pyparsing-3.3.2-py3-none-any.whl (122 kB)
Downloading rfc3339_validator-0.1.4-py2.py3-none-any.whl (3.5 kB)
Downloading tzdata-2025.3-py2.py3-none-any.whl (348 kB)
Downloading uri_template-1.3.0-py3-none-any.whl (11 kB)
Installing collected packages: boolean.py, webcolors, uri-template, tzdata, six, rfc3986-validator, pyparsing, packageurl-python, lxml, license-expression, lark, jsonpointer, fqdn, defusedxml, chardet, rfc3987-syntax, rfc3339-validator, python-dateutil, py-serializable, pip-requirements-parser, cyclonedx-python-lib, arrow, isoduration, cyclonedx-bom

Successfully installed arrow-1.4.0 boolean.py-5.0 chardet-5.2.0 cyclonedx-bom-7.2.1 cyclonedx-python-lib-11.6.0 defusedxml-0.7.1 fqdn-1.5.1 isoduration-20.11.0 jsonpointer-3.0.0 lark-1.3.1 license-expression-30.4.4 lxml-6.0.2 packageurl-python-0.17.6 pip-requirements-parser-32.0.1 py-serializable-2.1.0 pyparsing-3.3.2 python-dateutil-2.9.0.post0 rfc3339-validator-0.1.4 rfc3986-validator-0.1.1 rfc3987-syntax-1.1.0 six-1.17.0 tzdata-2025.3 uri-template-1.3.0 webcolors-25.10.0
END: 2026-02-17T22:42:09Z
EXIT:0
