 M src/bnsyn/numerics/integrators.py
 M tests/test_determinism.py
 M tests_inventory.json
?? docs/adr/
?? docs/math/MATH_SURFACES.md
?? proof_bundle/logs/dirs_maxdepth2.log
?? proof_bundle/logs/docs_adr_files.log
?? proof_bundle/logs/docs_dirs.log
?? proof_bundle/logs/docs_files.log
?? proof_bundle/logs/git_status_short.log
?? proof_bundle/logs/list_math_tests.log
?? proof_bundle/logs/mypy_src_strict.log
?? proof_bundle/logs/pip_install_build.log
?? proof_bundle/logs/pip_install_dev_test.log
?? proof_bundle/logs/pylint_src_bnsyn.log
?? proof_bundle/logs/pytest_math_core_subset.log
?? proof_bundle/logs/pytest_not_validation.log
?? proof_bundle/logs/python_build.log
?? proof_bundle/logs/read_MATH_SURFACES_before.log
?? proof_bundle/logs/read_adex.log
?? proof_bundle/logs/read_adex_2.log
?? proof_bundle/logs/read_ci_pr_atomic.log
?? proof_bundle/logs/read_conductance.log
?? proof_bundle/logs/read_docs_SPEC.log
?? proof_bundle/logs/read_docs_math_contracts.log
?? proof_bundle/logs/read_docs_math_provenance.log
?? proof_bundle/logs/read_docs_repro.log
?? proof_bundle/logs/read_integrators.log
?? proof_bundle/logs/read_integrators_after.log
?? proof_bundle/logs/read_network.log
?? proof_bundle/logs/read_network_2.log
?? proof_bundle/logs/read_network_3.log
?? proof_bundle/logs/read_pyproject.log
?? proof_bundle/logs/read_rng.log
?? proof_bundle/logs/read_test_adex_smoke.log
?? proof_bundle/logs/read_test_determinism.log
?? proof_bundle/logs/read_test_dt_invariance.log
?? proof_bundle/logs/read_test_math_invariants.log
?? proof_bundle/logs/read_test_numerics_integrators.log
?? proof_bundle/logs/read_test_numerics_validation.log
?? proof_bundle/logs/read_tests_tolerances.log
?? proof_bundle/logs/read_workflow_contracts.log
?? proof_bundle/logs/rg_files.log
?? proof_bundle/logs/rg_hash_manifest.log
?? proof_bundle/logs/rg_noise.log
?? proof_bundle/logs/rg_pseudo.log
?? proof_bundle/logs/ruff_check.log
?? proof_bundle/logs/schemas_files.log
?? tests/test_math_core_hardening.py
