A  docs/adr/0001-math-integrator-guardrails.md
A  docs/math/MATH_SURFACES.md
A  proof_bundle/logs/diff_tests_inventory.log
A  proof_bundle/logs/dirs_maxdepth2.log
A  proof_bundle/logs/docs_adr_files.log
A  proof_bundle/logs/docs_dirs.log
A  proof_bundle/logs/docs_files.log
A  proof_bundle/logs/git_status_short.log
A  proof_bundle/logs/list_math_tests.log
A  proof_bundle/logs/mypy_src_strict.log
A  proof_bundle/logs/nl_MATH_SURFACES.log
A  proof_bundle/logs/nl_adr_0001.log
A  proof_bundle/logs/nl_integrators.log
A  proof_bundle/logs/nl_test_determinism.log
A  proof_bundle/logs/nl_test_math_core_hardening.log
A  proof_bundle/logs/nl_tests_inventory.log
A  proof_bundle/logs/pip_install_build.log
A  proof_bundle/logs/pip_install_dev_test.log
A  proof_bundle/logs/pylint_src_bnsyn.log
A  proof_bundle/logs/pytest_math_core_subset.log
A  proof_bundle/logs/pytest_not_validation.log
A  proof_bundle/logs/python_build.log
A  proof_bundle/logs/read_MATH_SURFACES_before.log
A  proof_bundle/logs/read_adex.log
A  proof_bundle/logs/read_adex_2.log
A  proof_bundle/logs/read_ci_pr_atomic.log
A  proof_bundle/logs/read_conductance.log
A  proof_bundle/logs/read_docs_SPEC.log
A  proof_bundle/logs/read_docs_math_contracts.log
A  proof_bundle/logs/read_docs_math_provenance.log
A  proof_bundle/logs/read_docs_repro.log
A  proof_bundle/logs/read_integrators.log
A  proof_bundle/logs/read_integrators_after.log
A  proof_bundle/logs/read_network.log
A  proof_bundle/logs/read_network_2.log
A  proof_bundle/logs/read_network_3.log
A  proof_bundle/logs/read_pyproject.log
A  proof_bundle/logs/read_rng.log
A  proof_bundle/logs/read_test_adex_smoke.log
A  proof_bundle/logs/read_test_determinism.log
A  proof_bundle/logs/read_test_dt_invariance.log
A  proof_bundle/logs/read_test_math_invariants.log
A  proof_bundle/logs/read_test_numerics_integrators.log
A  proof_bundle/logs/read_test_numerics_validation.log
A  proof_bundle/logs/read_tests_tolerances.log
A  proof_bundle/logs/read_workflow_contracts.log
A  proof_bundle/logs/rg_files.log
A  proof_bundle/logs/rg_hash_manifest.log
A  proof_bundle/logs/rg_noise.log
A  proof_bundle/logs/rg_pseudo.log
A  proof_bundle/logs/ruff_check.log
A  proof_bundle/logs/schemas_files.log
M  src/bnsyn/numerics/integrators.py
M  tests/test_determinism.py
A  tests/test_math_core_hardening.py
M  tests_inventory.json
?? proof_bundle/logs/git_status_staged.log
