M  .github/PR_GATES.yml
M  .github/REQUIRED_CHECKS.yml
M  .github/REQUIRED_STATUS_CONTEXTS.yml
M  .github/WORKFLOW_CONTRACTS.md
M  .github/workflows/workflow-integrity.yml
M  INVENTORY.json
A  proof_bundle/logs/fix_workflow_contracts_discovery.log
A  proof_bundle/logs/git_status_after_fixes.log
A  proof_bundle/logs/git_status_before_commit_fix2.log
 M proof_bundle/logs/git_status_staged_fix2.log
A  proof_bundle/logs/install_hypothesis_and_regen_inventory.log
A  proof_bundle/logs/nl_changed_files_for_citations.log
A  proof_bundle/logs/pip_install_psutil_again.log
A  proof_bundle/logs/pytest_fast_after_contract_fix.log
A  proof_bundle/logs/pytest_inventory_and_collection.log
A  proof_bundle/logs/pytest_scientific_product_after_fix.log
A  proof_bundle/logs/pytest_workflow_contract_suite.log
A  proof_bundle/logs/read_context_quality_current.log
A  proof_bundle/logs/read_makefile_ssot.log
A  proof_bundle/logs/read_pr_gates_and_required_checks.log
A  proof_bundle/logs/read_render_workflow_policy_docs.log
A  proof_bundle/logs/read_required_checks_files.log
A  proof_bundle/logs/read_scientific_product_workflow.log
A  proof_bundle/logs/read_validate_long_running.log
A  proof_bundle/logs/read_validate_pr_gates.log
A  proof_bundle/logs/read_validate_workflow_contracts.log
A  proof_bundle/logs/read_validate_workflow_contracts_rules.log
A  proof_bundle/logs/read_workflow_contracts_top.log
A  proof_bundle/logs/read_workflow_integrity_yml.log
A  proof_bundle/logs/rg_tests_workflow_contracts.log
A  proof_bundle/logs/sync_required_status_contexts_apply.log
A  proof_bundle/logs/sync_required_status_contexts_check.log
A  proof_bundle/logs/validate_long_running_triggers.log
A  proof_bundle/logs/validate_pr_and_required_plain.log
A  proof_bundle/logs/validate_pr_gate_family.log
A  proof_bundle/logs/validate_workflow_contract_family_after_fix.log
A  proof_bundle/logs/validate_workflow_contracts_after_fix.log
A  proof_bundle/logs/validate_workflow_contracts_before_fix.log
A  proof_bundle/logs/validate_workflow_contracts_plain.log
