## repo snapshot
?? proof_bundle/logs/initial_assessment.log

## top-level
manifests/ric_failures.json
manifests/jtb/jtb_C.json
manifests/jtb/jtb_H.json
manifests/jtb/jtb_I.json
manifests/jtb/jtb_G.json
manifests/jtb/jtb_E.json
manifests/jtb/jtb_D.json
manifests/jtb/jtb_F.json
manifests/jtb/jtb_A.json
manifests/jtb/jtb_B.json
BENCHMARK_PROTOCOL.md
manifests/prs/prs_F.json
manifests/prs/prs_E.json
manifests/prs/prs_C.json
manifests/prs/prs_A.json
manifests/prs/prs_I.json
manifests/prs/prs_G.json
manifests/prs/prs_H.json
manifests/prs/prs_B.json
manifests/prs/prs_D.json
PR_FINAL_DESCRIPTION.md
CONTRIBUTING.md
README.md
pseudostructure_inventory.json
noise_cleanup_report.md
inventory.json
MERGE_READINESS.md
claims/README.md
claims/claims.yml
entropy/guards/check_entropy_artifacts.py
entropy/guards/__init__.py
entropy/commands.log
entropy/baseline.json
entropy/metrics.json
entropy/__init__.py
entropy/current.json
entropy/policy.json
entropy/acceptance_map.yaml
SECURITY.md
assumptions.json
tools/generate_inventory.py
tools/safety/check_safety_artifacts.py
tools/__init__.py
tools/manifest/__init__.py
tools/manifest/generate.py
tools/manifest/validate.py
tools/manifest/__main__.py
tools/manifest/render.py
tools/entropy_gate/__init__.py
tools/entropy_gate/__main__.py
tools/entropy_gate/compute_metrics.py
tests_inventory.json
noise_cleanup_manifest.json
manifest/repo_manifest.schema.json
manifest/repo_manifest.computed.json
manifest/repo_manifest.yml
PR_DESCRIPTION.md
specs/coq/README.md
specs/coq/BNsyn_Sigma.v
GAP_TABLE.md
