artifacts/launch_gate/EVIDENCE_INDEX.md
artifacts/launch_gate/GO_NO_GO.md
artifacts/launch_gate/RELEASE_DOSSIER.md
artifacts/launch_gate/install_smoke/SMOKE_REPORT.json
artifacts/launch_gate/logs/bandit.log
artifacts/launch_gate/logs/build.log
artifacts/launch_gate/logs/deps.log
artifacts/launch_gate/logs/determinism.log
artifacts/launch_gate/logs/docs.log
artifacts/launch_gate/logs/entropy_refresh.log
artifacts/launch_gate/logs/fingerprint.log
artifacts/launch_gate/logs/gitleaks.log
artifacts/launch_gate/logs/install_smoke.log
artifacts/launch_gate/logs/inventory_refresh.log
artifacts/launch_gate/logs/lint.log
artifacts/launch_gate/logs/mypy.log
artifacts/launch_gate/logs/pip_audit.log
artifacts/launch_gate/logs/release_dry_run.log
artifacts/launch_gate/logs/sbom.log
artifacts/launch_gate/logs/tests.log
artifacts/launch_gate/proofs/DIST_HASHES.json
artifacts/launch_gate/proofs/REPO_FINGERPRINT.json
artifacts/launch_gate/quality.json
artifacts/launch_gate/release/SBOM.cdx.json
artifacts/launch_gate/release/pip_audit.json
artifacts/launch_gate/reports/RIC_REPORT.md
artifacts/launch_gate/reports/RIC_TRUTH_MAP.json
