Obtaining file:///workspace/bnsyn-phase-controlled-emergent-dynamics
  Installing build dependencies: started
  Installing build dependencies: finished with status 'done'
  Checking if build backend supports build_editable: started
  Checking if build backend supports build_editable: finished with status 'done'
  Getting requirements to build editable: started
  Getting requirements to build editable: finished with status 'done'
  Preparing editable metadata (pyproject.toml): started
  Preparing editable metadata (pyproject.toml): finished with status 'done'
Collecting numpy==2.4.1 (from bnsyn==0.2.0)
  Downloading numpy-2.4.1-cp312-cp312-manylinux_2_27_x86_64.manylinux_2_28_x86_64.whl.metadata (6.6 kB)
Collecting pydantic==2.12.5 (from bnsyn==0.2.0)
  Downloading pydantic-2.12.5-py3-none-any.whl.metadata (90 kB)
Collecting scipy==1.17.0 (from bnsyn==0.2.0)
  Downloading scipy-1.17.0-cp312-cp312-manylinux_2_27_x86_64.manylinux_2_28_x86_64.whl.metadata (62 kB)
Collecting jsonschema==4.26.0 (from bnsyn==0.2.0)
  Downloading jsonschema-4.26.0-py3-none-any.whl.metadata (7.6 kB)
Collecting joblib==1.4.2 (from bnsyn==0.2.0)
  Downloading joblib-1.4.2-py3-none-any.whl.metadata (5.4 kB)
Collecting pyyaml==6.0.3 (from bnsyn==0.2.0)
  Downloading pyyaml-6.0.3-cp312-cp312-manylinux2014_x86_64.manylinux_2_17_x86_64.manylinux_2_28_x86_64.whl.metadata (2.4 kB)
Collecting hypothesis==6.151.5 (from bnsyn==0.2.0)
  Downloading hypothesis-6.151.5-py3-none-any.whl.metadata (5.6 kB)
Collecting pytest==9.0.2 (from bnsyn==0.2.0)
  Downloading pytest-9.0.2-py3-none-any.whl.metadata (7.6 kB)
Collecting pytest-cov==7.0.0 (from bnsyn==0.2.0)
  Downloading pytest_cov-7.0.0-py3-none-any.whl.metadata (31 kB)
Collecting ruff==0.15.0 (from bnsyn==0.2.0)
  Downloading ruff-0.15.0-py3-none-manylinux_2_17_x86_64.manylinux2014_x86_64.whl.metadata (26 kB)
Collecting mypy==1.19.1 (from bnsyn==0.2.0)
  Downloading mypy-1.19.1-cp312-cp312-manylinux2014_x86_64.manylinux_2_17_x86_64.manylinux_2_28_x86_64.whl.metadata (2.2 kB)
Collecting pylint==3.3.5 (from bnsyn==0.2.0)
  Downloading pylint-3.3.5-py3-none-any.whl.metadata (12 kB)
Collecting pydocstyle==6.3.0 (from bnsyn==0.2.0)
  Downloading pydocstyle-6.3.0-py3-none-any.whl.metadata (3.7 kB)
Collecting bandit==1.9.3 (from bnsyn==0.2.0)
  Downloading bandit-1.9.3-py3-none-any.whl.metadata (7.1 kB)
Collecting validate-pyproject==0.25 (from bnsyn==0.2.0)
  Downloading validate_pyproject-0.25-py3-none-any.whl.metadata (9.8 kB)
Collecting pre-commit==4.5.1 (from bnsyn==0.2.0)
  Downloading pre_commit-4.5.1-py2.py3-none-any.whl.metadata (1.2 kB)
Collecting pip-audit==2.10.0 (from bnsyn==0.2.0)
  Downloading pip_audit-2.10.0-py3-none-any.whl.metadata (28 kB)
Collecting psutil==7.2.2 (from bnsyn==0.2.0)
  Downloading psutil-7.2.2-cp36-abi3-manylinux2010_x86_64.manylinux_2_12_x86_64.manylinux_2_28_x86_64.whl.metadata (22 kB)
Collecting packaging==25.0 (from bnsyn==0.2.0)
  Downloading packaging-25.0-py3-none-any.whl.metadata (3.3 kB)
Collecting stevedore>=1.20.0 (from bandit==1.9.3->bnsyn==0.2.0)
  Downloading stevedore-5.6.0-py3-none-any.whl.metadata (2.3 kB)
Collecting rich (from bandit==1.9.3->bnsyn==0.2.0)
  Downloading rich-14.3.2-py3-none-any.whl.metadata (18 kB)
Collecting sortedcontainers<3.0.0,>=2.1.0 (from hypothesis==6.151.5->bnsyn==0.2.0)
  Downloading sortedcontainers-2.4.0-py2.py3-none-any.whl.metadata (10 kB)
Collecting attrs>=22.2.0 (from jsonschema==4.26.0->bnsyn==0.2.0)
  Downloading attrs-25.4.0-py3-none-any.whl.metadata (10 kB)
Collecting jsonschema-specifications>=2023.03.6 (from jsonschema==4.26.0->bnsyn==0.2.0)
  Downloading jsonschema_specifications-2025.9.1-py3-none-any.whl.metadata (2.9 kB)
Collecting referencing>=0.28.4 (from jsonschema==4.26.0->bnsyn==0.2.0)
  Downloading referencing-0.37.0-py3-none-any.whl.metadata (2.8 kB)
Collecting rpds-py>=0.25.0 (from jsonschema==4.26.0->bnsyn==0.2.0)
  Downloading rpds_py-0.30.0-cp312-cp312-manylinux_2_17_x86_64.manylinux2014_x86_64.whl.metadata (4.1 kB)
Collecting typing_extensions>=4.6.0 (from mypy==1.19.1->bnsyn==0.2.0)
  Downloading typing_extensions-4.15.0-py3-none-any.whl.metadata (3.3 kB)
Collecting mypy_extensions>=1.0.0 (from mypy==1.19.1->bnsyn==0.2.0)
  Downloading mypy_extensions-1.1.0-py3-none-any.whl.metadata (1.1 kB)
Collecting pathspec>=0.9.0 (from mypy==1.19.1->bnsyn==0.2.0)
  Downloading pathspec-1.0.4-py3-none-any.whl.metadata (13 kB)
Collecting librt>=0.6.2 (from mypy==1.19.1->bnsyn==0.2.0)
  Downloading librt-0.8.1-cp312-cp312-manylinux2014_x86_64.manylinux_2_17_x86_64.manylinux_2_28_x86_64.whl.metadata (1.3 kB)
Collecting CacheControl>=0.13.0 (from CacheControl[filecache]>=0.13.0->pip-audit==2.10.0->bnsyn==0.2.0)
  Downloading cachecontrol-0.14.4-py3-none-any.whl.metadata (3.1 kB)
Collecting cyclonedx-python-lib<12,>=5 (from pip-audit==2.10.0->bnsyn==0.2.0)
  Downloading cyclonedx_python_lib-11.6.0-py3-none-any.whl.metadata (6.8 kB)
Collecting pip-api>=0.0.28 (from pip-audit==2.10.0->bnsyn==0.2.0)
  Downloading pip_api-0.0.34-py3-none-any.whl.metadata (6.6 kB)
Collecting pip-requirements-parser>=32.0.0 (from pip-audit==2.10.0->bnsyn==0.2.0)
  Downloading pip_requirements_parser-32.0.1-py3-none-any.whl.metadata (9.3 kB)
Collecting requests>=2.31.0 (from pip-audit==2.10.0->bnsyn==0.2.0)
  Downloading requests-2.32.5-py3-none-any.whl.metadata (4.9 kB)
Collecting tomli>=2.2.1 (from pip-audit==2.10.0->bnsyn==0.2.0)
  Downloading tomli-2.4.0-cp312-cp312-manylinux2014_x86_64.manylinux_2_17_x86_64.manylinux_2_28_x86_64.whl.metadata (10 kB)
Collecting tomli-w>=1.2.0 (from pip-audit==2.10.0->bnsyn==0.2.0)
  Downloading tomli_w-1.2.0-py3-none-any.whl.metadata (5.7 kB)
Collecting platformdirs>=4.2.0 (from pip-audit==2.10.0->bnsyn==0.2.0)
  Downloading platformdirs-4.9.2-py3-none-any.whl.metadata (4.7 kB)
Collecting cfgv>=2.0.0 (from pre-commit==4.5.1->bnsyn==0.2.0)
  Downloading cfgv-3.5.0-py2.py3-none-any.whl.metadata (8.9 kB)
Collecting identify>=1.0.0 (from pre-commit==4.5.1->bnsyn==0.2.0)
  Downloading identify-2.6.16-py2.py3-none-any.whl.metadata (4.4 kB)
Collecting nodeenv>=0.11.1 (from pre-commit==4.5.1->bnsyn==0.2.0)
  Downloading nodeenv-1.10.0-py2.py3-none-any.whl.metadata (24 kB)
Collecting virtualenv>=20.10.0 (from pre-commit==4.5.1->bnsyn==0.2.0)
  Downloading virtualenv-20.37.0-py3-none-any.whl.metadata (5.1 kB)
Collecting annotated-types>=0.6.0 (from pydantic==2.12.5->bnsyn==0.2.0)
  Downloading annotated_types-0.7.0-py3-none-any.whl.metadata (15 kB)
Collecting pydantic-core==2.41.5 (from pydantic==2.12.5->bnsyn==0.2.0)
  Downloading pydantic_core-2.41.5-cp312-cp312-manylinux_2_17_x86_64.manylinux2014_x86_64.whl.metadata (7.3 kB)
Collecting typing-inspection>=0.4.2 (from pydantic==2.12.5->bnsyn==0.2.0)
  Downloading typing_inspection-0.4.2-py3-none-any.whl.metadata (2.6 kB)
Collecting snowballstemmer>=2.2.0 (from pydocstyle==6.3.0->bnsyn==0.2.0)
  Downloading snowballstemmer-3.0.1-py3-none-any.whl.metadata (7.9 kB)
Collecting dill>=0.3.6 (from pylint==3.3.5->bnsyn==0.2.0)
  Downloading dill-0.4.1-py3-none-any.whl.metadata (10 kB)
Collecting astroid<=3.4.0-dev0,>=3.3.8 (from pylint==3.3.5->bnsyn==0.2.0)
  Downloading astroid-3.3.11-py3-none-any.whl.metadata (4.4 kB)
Collecting isort!=5.13.0,<7,>=4.2.5 (from pylint==3.3.5->bnsyn==0.2.0)
  Downloading isort-6.1.0-py3-none-any.whl.metadata (12 kB)
Collecting mccabe<0.8,>=0.6 (from pylint==3.3.5->bnsyn==0.2.0)
  Downloading mccabe-0.7.0-py2.py3-none-any.whl.metadata (5.0 kB)
Collecting tomlkit>=0.10.1 (from pylint==3.3.5->bnsyn==0.2.0)
  Downloading tomlkit-0.14.0-py3-none-any.whl.metadata (2.8 kB)
Collecting iniconfig>=1.0.1 (from pytest==9.0.2->bnsyn==0.2.0)
  Downloading iniconfig-2.3.0-py3-none-any.whl.metadata (2.5 kB)
Collecting pluggy<2,>=1.5 (from pytest==9.0.2->bnsyn==0.2.0)
  Downloading pluggy-1.6.0-py3-none-any.whl.metadata (4.8 kB)
Collecting pygments>=2.7.2 (from pytest==9.0.2->bnsyn==0.2.0)
  Downloading pygments-2.19.2-py3-none-any.whl.metadata (2.5 kB)
Collecting coverage>=7.10.6 (from coverage[toml]>=7.10.6->pytest-cov==7.0.0->bnsyn==0.2.0)
  Downloading coverage-7.13.4-cp312-cp312-manylinux1_x86_64.manylinux_2_28_x86_64.manylinux_2_5_x86_64.whl.metadata (8.5 kB)
Collecting fastjsonschema<=3,>=2.16.2 (from validate-pyproject==0.25->bnsyn==0.2.0)
  Downloading fastjsonschema-2.21.2-py3-none-any.whl.metadata (2.3 kB)
Collecting license-expression<31,>=30 (from cyclonedx-python-lib<12,>=5->pip-audit==2.10.0->bnsyn==0.2.0)
  Downloading license_expression-30.4.4-py3-none-any.whl.metadata (11 kB)
Collecting packageurl-python<2,>=0.11 (from cyclonedx-python-lib<12,>=5->pip-audit==2.10.0->bnsyn==0.2.0)
  Downloading packageurl_python-0.17.6-py3-none-any.whl.metadata (5.1 kB)
Collecting py-serializable<3.0.0,>=2.1.0 (from cyclonedx-python-lib<12,>=5->pip-audit==2.10.0->bnsyn==0.2.0)
  Downloading py_serializable-2.1.0-py3-none-any.whl.metadata (4.3 kB)
Collecting boolean.py>=4.0 (from license-expression<31,>=30->cyclonedx-python-lib<12,>=5->pip-audit==2.10.0->bnsyn==0.2.0)
  Downloading boolean_py-5.0-py3-none-any.whl.metadata (2.3 kB)
Collecting defusedxml<0.8.0,>=0.7.1 (from py-serializable<3.0.0,>=2.1.0->cyclonedx-python-lib<12,>=5->pip-audit==2.10.0->bnsyn==0.2.0)
  Downloading defusedxml-0.7.1-py2.py3-none-any.whl.metadata (32 kB)
Collecting msgpack<2.0.0,>=0.5.2 (from CacheControl>=0.13.0->CacheControl[filecache]>=0.13.0->pip-audit==2.10.0->bnsyn==0.2.0)
  Downloading msgpack-1.1.2-cp312-cp312-manylinux2014_x86_64.manylinux_2_17_x86_64.manylinux_2_28_x86_64.whl.metadata (8.1 kB)
Collecting filelock>=3.8.0 (from CacheControl[filecache]>=0.13.0->pip-audit==2.10.0->bnsyn==0.2.0)
  Downloading filelock-3.24.2-py3-none-any.whl.metadata (2.0 kB)
Requirement already satisfied: pip in ./.venv_lpro/lib/python3.12/site-packages (from pip-api>=0.0.28->pip-audit==2.10.0->bnsyn==0.2.0) (26.0.1)
Collecting pyparsing (from pip-requirements-parser>=32.0.0->pip-audit==2.10.0->bnsyn==0.2.0)
  Downloading pyparsing-3.3.2-py3-none-any.whl.metadata (5.8 kB)
Collecting charset_normalizer<4,>=2 (from requests>=2.31.0->pip-audit==2.10.0->bnsyn==0.2.0)
  Downloading charset_normalizer-3.4.4-cp312-cp312-manylinux2014_x86_64.manylinux_2_17_x86_64.manylinux_2_28_x86_64.whl.metadata (37 kB)
Collecting idna<4,>=2.5 (from requests>=2.31.0->pip-audit==2.10.0->bnsyn==0.2.0)
  Downloading idna-3.11-py3-none-any.whl.metadata (8.4 kB)
Collecting urllib3<3,>=1.21.1 (from requests>=2.31.0->pip-audit==2.10.0->bnsyn==0.2.0)
  Downloading urllib3-2.6.3-py3-none-any.whl.metadata (6.9 kB)
Collecting certifi>=2017.4.17 (from requests>=2.31.0->pip-audit==2.10.0->bnsyn==0.2.0)
  Downloading certifi-2026.1.4-py3-none-any.whl.metadata (2.5 kB)
Collecting markdown-it-py>=2.2.0 (from rich->bandit==1.9.3->bnsyn==0.2.0)
  Downloading markdown_it_py-4.0.0-py3-none-any.whl.metadata (7.3 kB)
Collecting mdurl~=0.1 (from markdown-it-py>=2.2.0->rich->bandit==1.9.3->bnsyn==0.2.0)
  Downloading mdurl-0.1.2-py3-none-any.whl.metadata (1.6 kB)
Collecting distlib<1,>=0.3.7 (from virtualenv>=20.10.0->pre-commit==4.5.1->bnsyn==0.2.0)
  Downloading distlib-0.4.0-py2.py3-none-any.whl.metadata (5.2 kB)
Downloading bandit-1.9.3-py3-none-any.whl (134 kB)
Downloading hypothesis-6.151.5-py3-none-any.whl (543 kB)
   ━━━━━━━━━━━━━━━━━━━━━━━━━━━━━━━━━━━━━━━━ 543.3/543.3 kB 18.8 MB/s  0:00:00
Downloading joblib-1.4.2-py3-none-any.whl (301 kB)
Downloading jsonschema-4.26.0-py3-none-any.whl (90 kB)
Downloading mypy-1.19.1-cp312-cp312-manylinux2014_x86_64.manylinux_2_17_x86_64.manylinux_2_28_x86_64.whl (13.6 MB)
   ━━━━━━━━━━━━━━━━━━━━━━━━━━━━━━━━━━━━━━━━ 13.6/13.6 MB 42.1 MB/s  0:00:00
Downloading numpy-2.4.1-cp312-cp312-manylinux_2_27_x86_64.manylinux_2_28_x86_64.whl (16.4 MB)
   ━━━━━━━━━━━━━━━━━━━━━━━━━━━━━━━━━━━━━━━━ 16.4/16.4 MB 45.2 MB/s  0:00:00
Downloading packaging-25.0-py3-none-any.whl (66 kB)
Downloading pip_audit-2.10.0-py3-none-any.whl (61 kB)
Downloading pre_commit-4.5.1-py2.py3-none-any.whl (226 kB)
Downloading psutil-7.2.2-cp36-abi3-manylinux2010_x86_64.manylinux_2_12_x86_64.manylinux_2_28_x86_64.whl (155 kB)
Downloading pydantic-2.12.5-py3-none-any.whl (463 kB)
Downloading pydantic_core-2.41.5-cp312-cp312-manylinux_2_17_x86_64.manylinux2014_x86_64.whl (2.1 MB)
   ━━━━━━━━━━━━━━━━━━━━━━━━━━━━━━━━━━━━━━━━ 2.1/2.1 MB 47.8 MB/s  0:00:00
Downloading pydocstyle-6.3.0-py3-none-any.whl (38 kB)
Downloading pylint-3.3.5-py3-none-any.whl (522 kB)
Downloading pytest-9.0.2-py3-none-any.whl (374 kB)
Downloading pytest_cov-7.0.0-py3-none-any.whl (22 kB)
Downloading pyyaml-6.0.3-cp312-cp312-manylinux2014_x86_64.manylinux_2_17_x86_64.manylinux_2_28_x86_64.whl (807 kB)
   ━━━━━━━━━━━━━━━━━━━━━━━━━━━━━━━━━━━━━━━━ 807.9/807.9 kB 44.5 MB/s  0:00:00
Downloading ruff-0.15.0-py3-none-manylinux_2_17_x86_64.manylinux2014_x86_64.whl (11.1 MB)
   ━━━━━━━━━━━━━━━━━━━━━━━━━━━━━━━━━━━━━━━━ 11.1/11.1 MB 34.6 MB/s  0:00:00
Downloading scipy-1.17.0-cp312-cp312-manylinux_2_27_x86_64.manylinux_2_28_x86_64.whl (35.0 MB)
   ━━━━━━━━━━━━━━━━━━━━━━━━━━━━━━━━━━━━━━━━ 35.0/35.0 MB 36.0 MB/s  0:00:00
Downloading validate_pyproject-0.25-py3-none-any.whl (54 kB)
Downloading astroid-3.3.11-py3-none-any.whl (275 kB)
Downloading cyclonedx_python_lib-11.6.0-py3-none-any.whl (511 kB)
Downloading fastjsonschema-2.21.2-py3-none-any.whl (24 kB)
Downloading isort-6.1.0-py3-none-any.whl (94 kB)
Downloading license_expression-30.4.4-py3-none-any.whl (120 kB)
Downloading mccabe-0.7.0-py2.py3-none-any.whl (7.3 kB)
Downloading packageurl_python-0.17.6-py3-none-any.whl (36 kB)
Downloading pluggy-1.6.0-py3-none-any.whl (20 kB)
Downloading py_serializable-2.1.0-py3-none-any.whl (23 kB)
Downloading defusedxml-0.7.1-py2.py3-none-any.whl (25 kB)
Downloading sortedcontainers-2.4.0-py2.py3-none-any.whl (29 kB)
Downloading typing_extensions-4.15.0-py3-none-any.whl (44 kB)
Downloading annotated_types-0.7.0-py3-none-any.whl (13 kB)
Downloading attrs-25.4.0-py3-none-any.whl (67 kB)
Downloading boolean_py-5.0-py3-none-any.whl (26 kB)
Downloading cachecontrol-0.14.4-py3-none-any.whl (22 kB)
Downloading msgpack-1.1.2-cp312-cp312-manylinux2014_x86_64.manylinux_2_17_x86_64.manylinux_2_28_x86_64.whl (427 kB)
Downloading cfgv-3.5.0-py2.py3-none-any.whl (7.4 kB)
Downloading coverage-7.13.4-cp312-cp312-manylinux1_x86_64.manylinux_2_28_x86_64.manylinux_2_5_x86_64.whl (254 kB)
Downloading dill-0.4.1-py3-none-any.whl (120 kB)
Downloading filelock-3.24.2-py3-none-any.whl (24 kB)
Downloading identify-2.6.16-py2.py3-none-any.whl (99 kB)
Downloading iniconfig-2.3.0-py3-none-any.whl (7.5 kB)
Downloading jsonschema_specifications-2025.9.1-py3-none-any.whl (18 kB)
Downloading librt-0.8.1-cp312-cp312-manylinux2014_x86_64.manylinux_2_17_x86_64.manylinux_2_28_x86_64.whl (224 kB)
Downloading mypy_extensions-1.1.0-py3-none-any.whl (5.0 kB)
Downloading nodeenv-1.10.0-py2.py3-none-any.whl (23 kB)
Downloading pathspec-1.0.4-py3-none-any.whl (55 kB)
Downloading pip_api-0.0.34-py3-none-any.whl (120 kB)
Downloading pip_requirements_parser-32.0.1-py3-none-any.whl (35 kB)
Downloading platformdirs-4.9.2-py3-none-any.whl (21 kB)
Downloading pygments-2.19.2-py3-none-any.whl (1.2 MB)
   ━━━━━━━━━━━━━━━━━━━━━━━━━━━━━━━━━━━━━━━━ 1.2/1.2 MB 25.9 MB/s  0:00:00
Downloading referencing-0.37.0-py3-none-any.whl (26 kB)
Downloading requests-2.32.5-py3-none-any.whl (64 kB)
Downloading charset_normalizer-3.4.4-cp312-cp312-manylinux2014_x86_64.manylinux_2_17_x86_64.manylinux_2_28_x86_64.whl (153 kB)
Downloading idna-3.11-py3-none-any.whl (71 kB)
Downloading urllib3-2.6.3-py3-none-any.whl (131 kB)
Downloading certifi-2026.1.4-py3-none-any.whl (152 kB)
Downloading rich-14.3.2-py3-none-any.whl (309 kB)
Downloading markdown_it_py-4.0.0-py3-none-any.whl (87 kB)
Downloading mdurl-0.1.2-py3-none-any.whl (10.0 kB)
Downloading rpds_py-0.30.0-cp312-cp312-manylinux_2_17_x86_64.manylinux2014_x86_64.whl (394 kB)
Downloading snowballstemmer-3.0.1-py3-none-any.whl (103 kB)
Downloading stevedore-5.6.0-py3-none-any.whl (54 kB)
Downloading tomli-2.4.0-cp312-cp312-manylinux2014_x86_64.manylinux_2_17_x86_64.manylinux_2_28_x86_64.whl (251 kB)
Downloading tomli_w-1.2.0-py3-none-any.whl (6.7 kB)
Downloading tomlkit-0.14.0-py3-none-any.whl (39 kB)
Downloading typing_inspection-0.4.2-py3-none-any.whl (14 kB)
Downloading virtualenv-20.37.0-py3-none-any.whl (5.8 MB)
   ━━━━━━━━━━━━━━━━━━━━━━━━━━━━━━━━━━━━━━━━ 5.8/5.8 MB 30.7 MB/s  0:00:00
Downloading distlib-0.4.0-py2.py3-none-any.whl (469 kB)
Downloading pyparsing-3.3.2-py3-none-any.whl (122 kB)
Building wheels for collected packages: bnsyn
  Building editable for bnsyn (pyproject.toml): started
  Building editable for bnsyn (pyproject.toml): finished with status 'done'
  Created wheel for bnsyn: filename=bnsyn-0.2.0-0.editable-py3-none-any.whl size=4146 sha256=09c370b89fc0cb185b893aeb9ff852ee32de5ea00cf6979a1170055e8f4f0c17
  Stored in directory: /tmp/pip-ephem-wheel-cache-sy5m5kmv/wheels/b6/1a/09/a1d36e07ea304f8c95ab88d866597d5b760d5b91c4e13d9643
Successfully built bnsyn
Installing collected packages: sortedcontainers, fastjsonschema, distlib, boolean.py, validate-pyproject, urllib3, typing_extensions, tomlkit, tomli-w, tomli, stevedore, snowballstemmer, ruff, rpds-py, pyyaml, pyparsing, pygments, psutil, pluggy, platformdirs, pip-api, pathspec, packaging, packageurl-python, numpy, nodeenv, mypy_extensions, msgpack, mdurl, mccabe, license-expression, librt, joblib, isort, iniconfig, idna, identify, hypothesis, filelock, dill, defusedxml, coverage, charset_normalizer, cfgv, certifi, attrs, astroid, annotated-types, virtualenv, typing-inspection, scipy, requests, referencing, pytest, pylint, pydocstyle, pydantic-core, py-serializable, pip-requirements-parser, mypy, markdown-it-py, rich, pytest-cov, pydantic, pre-commit, jsonschema-specifications, cyclonedx-python-lib, CacheControl, jsonschema, bandit, pip-audit, bnsyn

Successfully installed CacheControl-0.14.4 annotated-types-0.7.0 astroid-3.3.11 attrs-25.4.0 bandit-1.9.3 bnsyn-0.2.0 boolean.py-5.0 certifi-2026.1.4 cfgv-3.5.0 charset_normalizer-3.4.4 coverage-7.13.4 cyclonedx-python-lib-11.6.0 defusedxml-0.7.1 dill-0.4.1 distlib-0.4.0 fastjsonschema-2.21.2 filelock-3.24.2 hypothesis-6.151.5 identify-2.6.16 idna-3.11 iniconfig-2.3.0 isort-6.1.0 joblib-1.4.2 jsonschema-4.26.0 jsonschema-specifications-2025.9.1 librt-0.8.1 license-expression-30.4.4 markdown-it-py-4.0.0 mccabe-0.7.0 mdurl-0.1.2 msgpack-1.1.2 mypy-1.19.1 mypy_extensions-1.1.0 nodeenv-1.10.0 numpy-2.4.1 packageurl-python-0.17.6 packaging-25.0 pathspec-1.0.4 pip-api-0.0.34 pip-audit-2.10.0 pip-requirements-parser-32.0.1 platformdirs-4.9.2 pluggy-1.6.0 pre-commit-4.5.1 psutil-7.2.2 py-serializable-2.1.0 pydantic-2.12.5 pydantic-core-2.41.5 pydocstyle-6.3.0 pygments-2.19.2 pylint-3.3.5 pyparsing-3.3.2 pytest-9.0.2 pytest-cov-7.0.0 pyyaml-6.0.3 referencing-0.37.0 requests-2.32.5 rich-14.3.2 rpds-py-0.30.0 ruff-0.15.0 scipy-1.17.0 snowballstemmer-3.0.1 sortedcontainers-2.4.0 stevedore-5.6.0 tomli-2.4.0 tomli-w-1.2.0 tomlkit-0.14.0 typing-inspection-0.4.2 typing_extensions-4.15.0 urllib3-2.6.3 validate-pyproject-0.25 virtualenv-20.37.0
