[2026-02-18T09:57:20+00:00] start remediation
?? proof_bundle/logs/remediation.log
[Hypothesis] Using default profile
........................................................................ [  7%]
........................................................................ [ 14%]
........................................................................ [ 22%]
...............................................................ss....ss. [ 29%]
........................................................................ [ 37%]
........................................................................ [ 44%]
........................................................................ [ 52%]
........................................................................ [ 59%]
........................................................................ [ 66%]
........................................................................ [ 74%]
........................................................................ [ 81%]
........................................................................ [ 89%]
........................................................................ [ 96%]
.............................ss.                                         [100%]
=============================== warnings summary ===============================
tests/test_cli_interactive.py::test_cli_module_main_executes
  <frozen runpy>:128: RuntimeWarning: 'bnsyn.cli' found in sys.modules after import of package 'bnsyn', but prior to execution of 'bnsyn.cli'; this may result in unpredictable behaviour

tests/test_coverage_gap_extensions.py::test_viz_interactive_optional_dependency_errors
  <frozen runpy>:128: RuntimeWarning: 'bnsyn.viz.interactive' found in sys.modules after import of package 'bnsyn.viz', but prior to execution of 'bnsyn.viz.interactive'; this may result in unpredictable behaviour

tests/test_manifest_builder.py::test_build_experiment_manifest_filters_manifest_json
  /workspace/bnsyn-phase-controlled-emergent-dynamics/src/bnsyn/provenance/manifest_builder.py:145: UserWarning: Failed to capture git SHA: Command '['/usr/bin/git', 'rev-parse', 'HEAD']' returned non-zero exit status 128.
    "git_commit": _get_git_commit(resolved_root, resolved_version),

tests/test_manifest_builder.py::test_build_experiment_manifest_filters_manifest_json
  /workspace/bnsyn-phase-controlled-emergent-dynamics/src/bnsyn/provenance/manifest_builder.py:145: UserWarning: Using fallback git identifier: release-0.2.0
    "git_commit": _get_git_commit(resolved_root, resolved_version),

-- Docs: https://docs.pytest.org/en/stable/how-to/capture-warnings.html
================================ tests coverage ================================
_______________ coverage: platform linux, python 3.12.12-final-0 _______________

Coverage XML written to file coverage.xml
Metric: coverage.xml line-rate
Current coverage: 99.47%
Baseline coverage: 99.57%
Minimum coverage: 99.00%
FAIL: coverage dropped below baseline by more than 0.05% (current=99.47%, baseline=99.57%)
All checks passed!
..............                                                           [100%]
=============================== warnings summary ===============================
tests/test_cli_interactive.py::test_cli_module_main_executes
  <frozen runpy>:128: RuntimeWarning: 'bnsyn.cli' found in sys.modules after import of package 'bnsyn', but prior to execution of 'bnsyn.cli'; this may result in unpredictable behaviour

-- Docs: https://docs.pytest.org/en/stable/how-to/capture-warnings.html
[Hypothesis] Using default profile
........................................................................ [  7%]
........................................................................ [ 14%]
........................................................................ [ 22%]
..................................................................ss.... [ 29%]
ss...................................................................... [ 37%]
........................................................................ [ 44%]
........................................................................ [ 51%]
........................................................................ [ 59%]
........................................................................ [ 66%]
........................................................................ [ 74%]
........................................................................ [ 81%]
........................................................................ [ 88%]
........................................................................ [ 96%]
................................ss.                                      [100%]
=============================== warnings summary ===============================
tests/test_cli_interactive.py::test_cli_module_main_executes
  <frozen runpy>:128: RuntimeWarning: 'bnsyn.cli' found in sys.modules after import of package 'bnsyn', but prior to execution of 'bnsyn.cli'; this may result in unpredictable behaviour

tests/test_coverage_gap_extensions.py::test_viz_interactive_optional_dependency_errors
  <frozen runpy>:128: RuntimeWarning: 'bnsyn.viz.interactive' found in sys.modules after import of package 'bnsyn.viz', but prior to execution of 'bnsyn.viz.interactive'; this may result in unpredictable behaviour

tests/test_manifest_builder.py::test_build_experiment_manifest_filters_manifest_json
  /workspace/bnsyn-phase-controlled-emergent-dynamics/src/bnsyn/provenance/manifest_builder.py:145: UserWarning: Failed to capture git SHA: Command '['/usr/bin/git', 'rev-parse', 'HEAD']' returned non-zero exit status 128.
    "git_commit": _get_git_commit(resolved_root, resolved_version),

tests/test_manifest_builder.py::test_build_experiment_manifest_filters_manifest_json
  /workspace/bnsyn-phase-controlled-emergent-dynamics/src/bnsyn/provenance/manifest_builder.py:145: UserWarning: Using fallback git identifier: release-0.2.0
    "git_commit": _get_git_commit(resolved_root, resolved_version),

-- Docs: https://docs.pytest.org/en/stable/how-to/capture-warnings.html
================================ tests coverage ================================
_______________ coverage: platform linux, python 3.12.12-final-0 _______________

Coverage XML written to file coverage.xml
Metric: coverage.xml line-rate
Current coverage: 99.64%
Baseline coverage: 99.57%
Minimum coverage: 99.00%
PASS: coverage gate satisfied
