.github/REPO_MANIFEST.md
.github/REQUIRED_CHECKS.yml
.github/PR_GATES.yml
quality/mutation_baseline.json
quality/coverage_gate.json
quality/api_contract_baseline.json
claims/claims.yml
claims/README.md
.github/actions/pin-pip/action.yml
.github/dependabot.yml
.github/REQUIRED_STATUS_CONTEXTS.yml
.github/CODEOWNERS
.github/CI_SLO.md
.github/QUALITY_LEDGER.md
.github/BRANCH_PROTECTION_GOVERNANCE.md
.github/WORKFLOW_CONTRACTS.md
.github/workflows/physics-equivalence.yml
.github/workflows/ci-pr.yml
.github/workflows/formal-coq.yml
.github/workflows/formal-tla.yml
.github/workflows/codecov-health.yml
.github/workflows/ci-pr-atomic.yml
.github/workflows/ci-benchmarks-elite.yml
.github/workflows/release-pipeline.yml
.github/workflows/science.yml
.github/workflows/ci-validation.yml
.github/workflows/_reusable_chaos_tests.yml
.github/workflows/_reusable_benchmarks.yml
.github/workflows/codeql.yml
.github/workflows/math-quality-gate.yml
.github/workflows/quality-mutation.yml
.github/workflows/workflow-integrity.yml
.github/workflows/_reusable_validation_tests.yml
.github/workflows/_reusable_quality.yml
.github/workflows/dependency-watch.yml
.github/workflows/_reusable_gate_profile.yml
.github/workflows/dependency-review.yml
.github/workflows/docs.yml
.github/workflows/_reusable_pytest.yml
.github/workflows/_reusable_formal_science.yml
.github/workflows/_reusable_ssot.yml
.github/workflows/ci-benchmarks.yml
.github/workflows/benchmarks.yml
.github/workflows/ci-smoke.yml
.github/workflows/_reusable_property_tests.yml
.github/pull_request_template.md
bibliography/bnsyn.bib
bibliography/mapping.yml
bibliography/sources.lock
schemas/audit_reproducibility.schema.json
schemas/readiness_report.schema.json
schemas/attack_paths_graph.schema.json
schemas/experiment.schema.json
src/bnsyn/consolidation/dual_weight.py
src/bnsyn/consolidation/__init__.py
src/bnsyn/criticality/branching.py
src/bnsyn/criticality/phase_transition.py
src/bnsyn/criticality/__init__.py
src/bnsyn/criticality/analysis.py
src/bnsyn/neuron/adex.py
src/bnsyn/neuron/__init__.py
src/bnsyn/control.py
src/bnsyn/memory/__init__.py
src/bnsyn/memory/consolidator.py
src/bnsyn/memory/trace.py
src/bnsyn/memory/ledger.py
src/bnsyn/simulation.py
src/bnsyn/tools/benchmark_sleep_stack_scale.py
src/bnsyn/tools/__init__.py
src/bnsyn/tools/run_scaled_sleep_stack.py
src/bnsyn/__init__.py
src/bnsyn/viz/__init__.py
src/bnsyn/viz/interactive.py
src/bnsyn/viz/dashboard.py
src/bnsyn/testing/__init__.py
src/bnsyn/testing/faults.py
src/bnsyn/incremental.py
src/bnsyn/energy/__init__.py
src/bnsyn/energy/regularization.py
src/bnsyn/emergence/__init__.py
src/bnsyn/emergence/crystallizer.py
src/bnsyn/py.typed
src/bnsyn/provenance/__init__.py
src/bnsyn/provenance/manifest.py
src/bnsyn/provenance/manifest_builder.py
src/bnsyn/connectivity/__init__.py
src/bnsyn/connectivity/sparse.py
src/bnsyn/temperature/__init__.py
src/bnsyn/temperature/schedule.py
src/bnsyn/__main__.py
src/bnsyn/synapses.py
src/bnsyn/vcg.py
src/bnsyn/validation/__init__.py
src/bnsyn/validation/inputs.py
src/bnsyn/production/adex.py
src/bnsyn/production/jax_backend.py
src/bnsyn/production/__init__.py
src/bnsyn/production/connectivity.py
src/bnsyn/experiments/__init__.py
src/bnsyn/experiments/declarative.py
src/bnsyn/neurons.py
src/bnsyn/sleep/cycle.py
src/bnsyn/sleep/__init__.py
src/bnsyn/sleep/replay.py
src/bnsyn/sleep/stages.py
src/bnsyn/rng.py
src/bnsyn/config.py
src/bnsyn/benchmarks/__init__.py
src/bnsyn/benchmarks/regime.py
src/bnsyn/schemas/experiment.py
src/bnsyn/schemas/__init__.py
src/bnsyn/calibration/__init__.py
src/bnsyn/calibration/accuracy_speed.py
src/bnsyn/calibration/fit.py
src/bnsyn/synapse/__init__.py
tests/test_jax_backend.py
src/bnsyn/synapse/conductance.py
tests/test_network_smoke.py
tests/test_adex_smoke.py
tests/test_release_readiness.py
tests/test_sleep_replay.py
tests/test_faults.py
tests/tolerances.py
tests/test_attractor_crystallizer.py
tests/test_manifest_builder.py
tests/test_memory_trace_unit.py
tests/test_dt_invariance.py
tests/test_api_surface_reexports.py
tests/test_tla_invariants_guard.py
tests/test_readme_quickstart_contract.py
tests/test_calibration_smoke.py
tests/test_edge_cases_synapse.py
tests/test_viz_interactive_main.py
tests/test_manifest_consistency.py
tests/test_validate_pr_gates.py
tests/test_benchmarks_smoke.py
tests/test_network_external_input.py
tests/test_actions_pinning.py
tests/test_quickstart_contract.py
tests/test_integration_examples.py
tests/test_coverage_paths.py
tests/__init__.py
tests/test_update_manifest_tools.py
tests/test_memory_consolidator.py
tests/test_crystallizer_edge_cases.py
tests/test_cli_versioning.py
tests/test_generate_coverage_trend.py
tests/test_cli_interactive.py
tests/test_experiments_temperature_ablation.py
tests/test_integration_experiment_flow.py
tests/test_benchmark_regression_gate.py
tests/test_sleep_stage_validation.py
tests/test_phase_transition_detector.py
tests/test_claims_enforcement.py
tests/test_api_maturity.py
tests/test_sleep_cycle.py
tests/test_viz_smoke_coverage.py
tests/test_imports.py
tests/test_cli_sleep_stack_backend_and_N_unit.py
tests/test_experiments_declarative.py
tests/conftest.py
tests/test_plasticity_three_factor_edge.py
tests/test_coverage_gate.py
tests/test_plasticity_smoke.py
tests/test_consolidation_smoke.py
tests/test_api_contract_semver.py
tests/test_cli_sleep_stack_figure.py
tests/test_tools_benchmark_sleep_stack_scale_unit.py
tests/test_edge_cases_temperature.py
tests/test_entropy_artifacts_guard.py
tests/test_synapse_smoke.py
tests/test_viz_interactive.py
tests/test_entropy_gate.py
tests/test_validate_required_checks.py
tests/test_mutation_run_pipeline_contract.py
tests/test_schema_contracts.py
tests/test_validate_workflow_contracts.py
tests/test_tools_run_scaled_sleep_stack_unit.py
tests/test_run_simulation_external_current.py
tests/test_energy_smoke.py
tests/test_wheelhouse_tools.py
tests/test_experiment_manifest.py
tests/test_pr_description_policy_workflow.py
tests/test_verify_hypothesis_v2.py
tests/test_mutation_ci_summary_contract.py
tests/test_interactive_smoke.py
src/bnsyn/numerics/integrators.py
src/bnsyn/numerics/__init__.py
src/bnsyn/sim/__init__.py
src/bnsyn/sim/network.py
src/bnsyn/cli.py
src/bnsyn/plasticity/__init__.py
src/bnsyn/plasticity/three_factor.py
src/bnsyn/plasticity/stdp.py
src/contracts/__init__.py
src/contracts/math_contracts.py
tests/test_edge_cases_criticality.py
tests/test_incremental_cache.py
tests/test_temperature_smoke.py
tests/test_synapse_conductance_edge.py
tests/test_validate_long_running_triggers.py
tests/test_principal_test_hardening.py
tests/test_validate_codebase_readiness_audit.py
tests/test_edge_cases_adex.py
tests/test_manifest_tooling.py
tests/test_manifest_tooling_regression.py
tests/test_validate_status_claims.py
tests/test_mutation_survivors_summary.py
docs/REPRODUCIBILITY_ENVELOPE.md
docs/COMPONENT_AUDIT.md
docs/SCALABILITY_REPORT.md
docs/REPRODUCIBILITY.md
docs/repo_map.md
tests/validation/test_calibration_validation.py
tests/validation/test_crystallizer_real.py
tests/validation/test_network_validation.py
tests/validation/test_numerics_validation.py
tests/validation/test_integration_validation.py
tests/validation/test_chaos_integration.py
tests/validation/__init__.py
tests/validation/test_largeN_validation.py
tests/validation/test_chaos_timing.py
tests/validation/test_determinism_validation.py
tests/validation/test_chaos_stochastic.py
tests/validation/test_temperature_validation.py
tests/validation/test_energy_validation.py
tests/validation/test_synapse_validation.py
tests/validation/test_validation.py
tests/validation/test_consolidation_validation.py
tests/validation/test_sleep_cycle_long.py
tests/validation/test_experiments_temperature_ablation_stats.py
tests/validation/test_claims_validation.py
tests/validation/test_plasticity_validation.py
tests/validation/test_criticality_validation.py
tests/validation/test_chaos_numeric.py
tests/validation/test_sleep_stack_effectiveness.py
tests/validation/test_chaos_io.py
tests/validation/test_cli_validation.py
tests/validation/test_adex_validation.py
tests/validation/test_memory_validation.py
tests/validation/test_production_properties.py
tests/validation/test_viz_dashboard.py
tests/test_cli_sleep_stack_branches.py
tests/test_validate_bibliography_script.py
tests/test_no_escape_tripwires.py
tests/test_scan_placeholders.py
tests/test_schema_experiment_contracts.py
tests/test_pr_description_policy_template.py
tests/test_performance.py
tests/test_determinism.py
tests/test_spec_mapping_guard.py
tests/test_memory_ledger_unit.py
docs/placeholder_cycles/cycle1/worklist.json
docs/placeholder_cycles/cycle1/plan.md
docs/placeholder_cycles/cycle1/acceptance_map.yaml
docs/AUDIT_FINDINGS.md
docs/appendix/PRODUCTION_AUDIT.md
docs/appendix/intelligence_cycle_report.json
docs/appendix/EXECUTIVE_SUMMARY.md
docs/appendix/codebase_readiness_audit_2026-02-15.json
docs/appendix/CODEX_PROJECT_FEEDBACK_UA.md
docs/appendix/PRODUCTION_ROADMAP.md
docs/appendix/additional_audit_2026.md
docs/safety/hazard_log.yml
docs/safety/followups.md
docs/safety/deferred_gates.md
docs/safety/stpa.md
docs/safety/traceability.yml
docs/QUALITY_INFRASTRUCTURE.md
docs/SSOT_RULES.md
docs/usage_workflows.md
docs/ACTIONS_TEST_PROTOCOL.md
docs/VCG.md
docs/RELEASE_PIPELINE.md
docs/BUILD_DOCS.md
docs/math/PROVENANCE.md
docs/math/CONTRACTS.md
docs/STATUS.md
docs/spec_to_code.yml
docs/SSOT.md
docs/CONFERENCE_RUNBOOK.md
docs/SPEC.md
docs/audit_merge_readiness.md
docs/BENCHMARK_MAP.md
docs/PERFORMANCE_REPORT.md
tests/properties/test_manifest_tooling_properties.py
tests/properties/__init__.py
tests/properties/conftest.py
tests/properties/test_validation_inputs_properties.py
tests/properties/test_hypothesis_profiles.py
tests/properties/test_properties_bnsyn.py
tests/properties/test_properties_determinism.py
tests/properties/test_adex_properties.py
tests/test_readiness_artifact_schemas.py
tests/test_tools_scaled_sleep_stack_smoke.py
tests/test_provenance_manifest.py
tests/test_vcg_smoke.py
tests/test_audit_suite_artifacts.py
tests/test_pytest_collection_contract.py
tests/test_manifest_tools.py
tests/test_sync_required_status_contexts.py
tests/test_calibration_accuracy_speed.py
tests/test_cli_unit.py
tests/test_release_pipeline.py
tests/test_cli_smoke.py
tests/test_run_simulation_validation.py
tests/test_mutation_counts_contract.py
tests/test_production_adex_spike.py
tests/test_sleep_cycle_integration.py
tests/test_neuron_adex_validation.py
tests/test_coverage_gap_extensions.py
tests/test_scan_governed_docs_script.py
tests/test_network_validation_edges.py
tests/test_generate_inventory.py
tests/benchmarks/test_regression.py
tests/test_vcg_invariants_guard.py
tests/test_mutation_killers.py
tests/test_network_allocation_buffers.py
tests/test_api_contract_command.py
tests/test_criticality_analysis_edge.py
tests/test_calibration_fit_edge.py
tests/test_validation_inputs.py
tests/test_phase_transition.py
tests/test_connectivity_sparse.py
tests/test_criticality_smoke.py
tests/test_vcg_validation.py
tests/test_viz_optional_import.py
tests/test_quickstart_consistency_script.py
tests/test_math_invariants.py
tests/test_verify_reproducible_artifacts.py
tests/test_memory.py
tests/test_intelligence_cycle.py
specs/tla/BNsyn.cfg
specs/tla/BNsyn.tla
specs/tla/README.md
specs/coq/BNsyn_Sigma.v
specs/coq/README.md
docs/CONSTITUTIONAL_AUDIT.md
docs/MUTATION_GATE.md
docs/HYPOTHESIS.md
docs/api/generated/bnsyn.experiments.rst
docs/api/generated/bnsyn.consolidation.dual_weight.rst
docs/api/generated/contracts.math_contracts.rst
docs/api/generated/bnsyn.incremental.rst
docs/api/generated/bnsyn.energy.regularization.rst
docs/api/generated/bnsyn.control.rst
docs/api/generated/bnsyn.simulation.rst
docs/api/generated/bnsyn.production.rst
docs/api/generated/bnsyn.emergence.rst
docs/api/generated/bnsyn.tools.rst
docs/api/generated/bnsyn.energy.rst
docs/api/generated/bnsyn.sim.rst
docs/api/generated/bnsyn.memory.consolidator.rst
docs/api/generated/bnsyn.tools.run_scaled_sleep_stack.rst
docs/api/generated/bnsyn.sleep.replay.rst
docs/api/generated/bnsyn.benchmarks.regime.rst
docs/api/generated/bnsyn.rng.rst
docs/api/generated/bnsyn.criticality.analysis.rst
docs/api/generated/bnsyn.testing.faults.rst
docs/api/generated/bnsyn.schemas.rst
docs/api/generated/bnsyn.calibration.accuracy_speed.rst
docs/api/generated/bnsyn.connectivity.rst
docs/api/generated/bnsyn.provenance.rst
docs/api/generated/bnsyn.cli.rst
docs/api/generated/bnsyn.neurons.rst
docs/api/generated/bnsyn.config.rst
docs/api/generated/bnsyn.emergence.crystallizer.rst
docs/api/generated/bnsyn.schemas.experiment.rst
docs/api/generated/bnsyn.memory.ledger.rst
docs/api/generated/bnsyn.numerics.rst
docs/api/generated/bnsyn.neuron.rst
docs/api/generated/bnsyn.connectivity.sparse.rst
docs/api/generated/bnsyn.neuron.adex.rst
docs/api/generated/bnsyn.synapses.rst
docs/api/generated/bnsyn.calibration.rst
docs/api/generated/bnsyn.sim.network.rst
docs/api/generated/bnsyn.criticality.phase_transition.rst
docs/api/generated/bnsyn.viz.interactive.rst
docs/api/generated/bnsyn.vcg.rst
docs/api/generated/bnsyn.benchmarks.rst
docs/api/generated/bnsyn.criticality.branching.rst
docs/api/generated/bnsyn.plasticity.three_factor.rst
docs/api/generated/bnsyn.validation.inputs.rst
docs/api/generated/bnsyn.temperature.rst
docs/api/generated/bnsyn.memory.trace.rst
docs/api/generated/bnsyn.sleep.rst
docs/api/generated/bnsyn.sleep.stages.rst
docs/api/generated/bnsyn.tools.benchmark_sleep_stack_scale.rst
docs/api/generated/bnsyn.provenance.manifest.rst
docs/api/generated/bnsyn.plasticity.rst
docs/api/generated/bnsyn.testing.rst
docs/api/generated/bnsyn.synapse.conductance.rst
docs/api/generated/bnsyn.production.connectivity.rst
docs/api/generated/bnsyn.criticality.rst
docs/api/generated/bnsyn.sleep.cycle.rst
docs/api/generated/bnsyn.plasticity.stdp.rst
docs/api/generated/bnsyn.numerics.integrators.rst
docs/api/generated/bnsyn.provenance.manifest_builder.rst
docs/api/generated/bnsyn.production.jax_backend.rst
docs/api/generated/bnsyn.temperature.schedule.rst
docs/api/generated/bnsyn.production.adex.rst
docs/api/generated/bnsyn.viz.dashboard.rst
docs/api/generated/bnsyn.rst
docs/api/generated/bnsyn.experiments.declarative.rst
docs/api/generated/bnsyn.memory.rst
docs/api/generated/bnsyn.calibration.fit.rst
docs/api/generated/bnsyn.synapse.rst
docs/api/generated/bnsyn.viz.rst
docs/api/generated/contracts.rst
docs/api/generated/bnsyn.validation.rst
docs/api/generated/bnsyn.consolidation.rst
docs/api/modules.md
docs/api/index.md
docs/api/_static/manifest.json
docs/api/_static/tools/update_manifest.py
docs/api/_static/README.md
docs/api/_templates/manifest.json
docs/scripts/validate-bibliography.md
docs/api/_templates/tools/update_manifest.py
docs/scripts/ssot-rules.md
docs/scripts/generate-math-data.md
docs/scripts/bench-ci-smoke.md
docs/scripts/generate-coverage-trend.md
docs/scripts/verify-formal-constants.md
docs/scripts/validate-mutation-baseline.md
docs/scripts/run-mutation-pipeline.md
docs/scripts/track-quality.md
docs/scripts/index.md
docs/scripts/audit-spec-implementation.md
docs/scripts/visualize-experiment.md
docs/scripts/validate-claims.md
docs/scripts/validate-required-checks.md
docs/scripts/mutation-ci-summary.md
docs/scripts/scan-normative-tags.md
docs/scripts/render-workflow-policy-docs.md
docs/scripts/pre-push.md
docs/scripts/orchestrate-throughput-scaling.md
docs/scripts/check-coverage-gate.md
docs/scripts/generate-evidence-coverage.md
docs/scripts/validate-api-maturity.md
docs/scripts/compare-benchmarks.md
docs/scripts/collect-ci-run-urls.md
docs/scripts/scan-placeholders.md
docs/scripts/sync-required-status-contexts.md
docs/scripts/validate-workflow-contracts.md
docs/scripts/validate-required-status-contexts.md
docs/scripts/-audit-metrics-pr40.md
docs/scripts/run-benchmarks.md
docs/scripts/scan-governed-docs.md
docs/scripts/validate-claims-coverage.md
docs/scripts/check-mutation-score.md
docs/scripts/profile-kernels.md
docs/scripts/scan-tierS-misuse.md
docs/scripts/rebuild-sources-lock.md
docs/scripts/run-scaled-sleep-stack.md
docs/scripts/generate-tests-inventory.md
docs/scripts/generate-mutation-baseline.md
docs/scripts/validate-branch-protection-governance.md
docs/scripts/benchmark-sleep-stack-scale.md
docs/scripts/lint-ci-truthfulness.md
docs/scripts/validate-status-claims.md
docs/scripts/generate-benchmark-baseline.md
docs/scripts/validate-codebase-readiness-audit.md
docs/scripts/check-api-contract.md
docs/scripts/verify-reproducible-artifacts.md
docs/scripts/validate-pr-gates.md
docs/scripts/benchmark-physics.md
docs/scripts/release-readiness.md
docs/scripts/mutation-counts.md
docs/scripts/check-quickstart-consistency.md
docs/scripts/validate-long-running-triggers.md
docs/scripts/intelligence-cycle.md
docs/api/_templates/README.md
docs/scripts/release-pipeline.md
docs/scripts/build-readiness-artifacts.md
docs/scripts/benchmark-production.md
docs/scripts/mutation-survivors-summary.md
docs/scripts/verify-equivalence.md
docs/scripts/check-benchmark-regressions.md
docs/scripts/math-validate.md
docs/api/conf.py
docs/api/api_bnsyn.md
docs/modules.rst
docs/CRITICALITY_CONTROL_VS_MEASUREMENT.md
docs/AUDIT_LEDGER.md
docs/PR_AUTOMATION_VECTORS.md
docs/SCALABILITY.md
docs/QUALITY_INDEX.md
docs/scripts/build-wheelhouse.md
docs/NORMATIVE_LABELING.md
docs/scripts/--init--.md
docs/TROUBLESHOOTING.md
docs/scripts/generate-coverage-baseline.md
docs/scripts/calculate-throughput-gain.md
docs/SECURITY_GITLEAKS.md
docs/GOVERNANCE.md
docs/THROUGHPUT_SCALING.md
docs/BENCHMARKS.md
docs/PHYSICAL_VALIDITY.md
docs/TRACEABILITY_MAP.md
docs/AUDIT_TASKS_2026-02-15.md
docs/ENTROPY_LEDGER.md
docs/BIBLIOGRAPHY.md
docs/CI_BATTLE_USAGE_AUDIT_2026-02-07.md
docs/API_CONTRACT.md
docs/api_maturity.json
docs/PR40_EVIDENCE_REPORT.md
docs/LEGENDARY_QUICKSTART.md
docs/REPO_STRUCTURE.md
docs/QUICKSTART.md
docs/EVIDENCE_COVERAGE.md
docs/CI_GATES.md
docs/INVENTORY.md
docs/SCRIPTS/index.md
docs/PLACEHOLDER_BASELINE_CYCLE0.md
docs/RELEASE_NOTES.md
docs/START_HERE.md
docs/INTEGRATION.md
docs/ARCHITECTURE_INVARIANTS.md
docs/PERFORMANCE.md
docs/sleep_stack.md
docs/RELEASE_READINESS.md
docs/PLACEHOLDER_REGISTRY.md
docs/contracts/index.md
docs/benchmarks/SCHEMA.md
docs/benchmarks/ci_comparison_report_alloc_v2.txt
docs/benchmarks/threshold_derivation_alloc_v2.md
docs/_generated/script_help/generate_math_data.txt
docs/benchmarks/README.md
docs/benchmarks/PROTOCOL.md
docs/TESTING_MUTATION.md
docs/TESTING.md
docs/conf.py
docs/ARCHITECTURE.md
docs/INDEX.md
docs/index.rst
docs/DEMO.md
docs/DOCUMENTATION_FORMALIZATION.md
docs/_generated/script_help/scan_placeholders.txt
docs/_generated/script_help/generate_coverage_baseline.txt
docs/_generated/script_help/check_coverage_gate.txt
docs/_generated/script_help/collect_ci_run_urls.txt
docs/_generated/script_help/verify_formal_constants.txt
docs/_generated/script_help/render_workflow_policy_docs.txt
docs/_generated/script_help/release_readiness.txt
docs/_generated/script_help/release_pipeline.txt
docs/_generated/script_help/generate_mutation_baseline.txt
docs/_generated/script_help/check_api_contract.txt
docs/_generated/script_help/mutation_ci_summary.txt
docs/_generated/script_help/check_quickstart_consistency.txt
docs/MODULE_RESPONSIBILITY_MATRIX.md
docs/emergence_tracking.md
docs/_generated/script_help/intelligence_cycle.txt
docs/_generated/script_help/validate_api_maturity.txt
docs/_generated/script_help/calculate_throughput_gain.txt
docs/_generated/script_help/generate_coverage_trend.txt
docs/_generated/script_help/run_mutation_pipeline.txt
docs/_generated/script_help/bench_ci_smoke.txt
docs/_generated/script_help/check_mutation_score.txt
docs/_generated/script_help/track_quality.txt
docs/_generated/script_help/verify_reproducible_artifacts.txt
docs/_generated/script_help/validate_mutation_baseline.txt
docs/_generated/script_help/validate_codebase_readiness_audit.txt
docs/_generated/script_help/validate_status_claims.txt
docs/_generated/script_help/build_wheelhouse.txt
