Collecting pip-audit
  Downloading pip_audit-2.10.0-py3-none-any.whl.metadata (28 kB)
Collecting bandit
  Downloading bandit-1.9.3-py3-none-any.whl.metadata (7.1 kB)
Collecting CacheControl>=0.13.0 (from CacheControl[filecache]>=0.13.0->pip-audit)
  Downloading cachecontrol-0.14.4-py3-none-any.whl.metadata (3.1 kB)
Collecting cyclonedx-python-lib<12,>=5 (from pip-audit)
  Downloading cyclonedx_python_lib-11.6.0-py3-none-any.whl.metadata (6.8 kB)
Requirement already satisfied: packaging>=23.0.0 in /root/.pyenv/versions/3.12.12/lib/python3.12/site-packages (from pip-audit) (25.0)
Collecting pip-api>=0.0.28 (from pip-audit)
  Downloading pip_api-0.0.34-py3-none-any.whl.metadata (6.6 kB)
Collecting pip-requirements-parser>=32.0.0 (from pip-audit)
  Downloading pip_requirements_parser-32.0.1-py3-none-any.whl.metadata (9.3 kB)
Collecting requests>=2.31.0 (from pip-audit)
  Downloading requests-2.32.5-py3-none-any.whl.metadata (4.9 kB)
Collecting rich>=12.4 (from pip-audit)
  Downloading rich-14.3.2-py3-none-any.whl.metadata (18 kB)
Collecting tomli>=2.2.1 (from pip-audit)
  Downloading tomli-2.4.0-cp312-cp312-manylinux2014_x86_64.manylinux_2_17_x86_64.manylinux_2_28_x86_64.whl.metadata (10 kB)
Collecting tomli-w>=1.2.0 (from pip-audit)
  Downloading tomli_w-1.2.0-py3-none-any.whl.metadata (5.7 kB)
Requirement already satisfied: platformdirs>=4.2.0 in /root/.pyenv/versions/3.12.12/lib/python3.12/site-packages (from pip-audit) (4.5.1)
Collecting license-expression<31,>=30 (from cyclonedx-python-lib<12,>=5->pip-audit)
  Downloading license_expression-30.4.4-py3-none-any.whl.metadata (11 kB)
Collecting packageurl-python<2,>=0.11 (from cyclonedx-python-lib<12,>=5->pip-audit)
  Downloading packageurl_python-0.17.6-py3-none-any.whl.metadata (5.1 kB)
Collecting py-serializable<3.0.0,>=2.1.0 (from cyclonedx-python-lib<12,>=5->pip-audit)
  Downloading py_serializable-2.1.0-py3-none-any.whl.metadata (4.3 kB)
Requirement already satisfied: sortedcontainers<3.0.0,>=2.4.0 in /root/.pyenv/versions/3.12.12/lib/python3.12/site-packages (from cyclonedx-python-lib<12,>=5->pip-audit) (2.4.0)
Requirement already satisfied: typing_extensions<5.0,>=4.6 in /root/.pyenv/versions/3.12.12/lib/python3.12/site-packages (from cyclonedx-python-lib<12,>=5->pip-audit) (4.15.0)
Collecting boolean.py>=4.0 (from license-expression<31,>=30->cyclonedx-python-lib<12,>=5->pip-audit)
  Downloading boolean_py-5.0-py3-none-any.whl.metadata (2.3 kB)
Collecting defusedxml<0.8.0,>=0.7.1 (from py-serializable<3.0.0,>=2.1.0->cyclonedx-python-lib<12,>=5->pip-audit)
  Downloading defusedxml-0.7.1-py2.py3-none-any.whl.metadata (32 kB)
Requirement already satisfied: PyYAML>=5.3.1 in /root/.pyenv/versions/3.12.12/lib/python3.12/site-packages (from bandit) (6.0.3)
Collecting stevedore>=1.20.0 (from bandit)
  Downloading stevedore-5.6.0-py3-none-any.whl.metadata (2.3 kB)
Collecting msgpack<2.0.0,>=0.5.2 (from CacheControl>=0.13.0->CacheControl[filecache]>=0.13.0->pip-audit)
  Downloading msgpack-1.1.2-cp312-cp312-manylinux2014_x86_64.manylinux_2_17_x86_64.manylinux_2_28_x86_64.whl.metadata (8.1 kB)
Collecting filelock>=3.8.0 (from CacheControl[filecache]>=0.13.0->pip-audit)
  Downloading filelock-3.24.2-py3-none-any.whl.metadata (2.0 kB)
Requirement already satisfied: pip in /root/.pyenv/versions/3.12.12/lib/python3.12/site-packages (from pip-api>=0.0.28->pip-audit) (25.3)
Collecting pyparsing (from pip-requirements-parser>=32.0.0->pip-audit)
  Downloading pyparsing-3.3.2-py3-none-any.whl.metadata (5.8 kB)
Collecting charset_normalizer<4,>=2 (from requests>=2.31.0->pip-audit)
  Downloading charset_normalizer-3.4.4-cp312-cp312-manylinux2014_x86_64.manylinux_2_17_x86_64.manylinux_2_28_x86_64.whl.metadata (37 kB)
Collecting idna<4,>=2.5 (from requests>=2.31.0->pip-audit)
  Downloading idna-3.11-py3-none-any.whl.metadata (8.4 kB)
Collecting urllib3<3,>=1.21.1 (from requests>=2.31.0->pip-audit)
  Downloading urllib3-2.6.3-py3-none-any.whl.metadata (6.9 kB)
Collecting certifi>=2017.4.17 (from requests>=2.31.0->pip-audit)
  Downloading certifi-2026.1.4-py3-none-any.whl.metadata (2.5 kB)
Collecting markdown-it-py>=2.2.0 (from rich>=12.4->pip-audit)
  Downloading markdown_it_py-4.0.0-py3-none-any.whl.metadata (7.3 kB)
Requirement already satisfied: pygments<3.0.0,>=2.13.0 in /root/.pyenv/versions/3.12.12/lib/python3.12/site-packages (from rich>=12.4->pip-audit) (2.19.2)
Collecting mdurl~=0.1 (from markdown-it-py>=2.2.0->rich>=12.4->pip-audit)
  Downloading mdurl-0.1.2-py3-none-any.whl.metadata (1.6 kB)
Downloading pip_audit-2.10.0-py3-none-any.whl (61 kB)
Downloading cyclonedx_python_lib-11.6.0-py3-none-any.whl (511 kB)
Downloading license_expression-30.4.4-py3-none-any.whl (120 kB)
Downloading packageurl_python-0.17.6-py3-none-any.whl (36 kB)
Downloading py_serializable-2.1.0-py3-none-any.whl (23 kB)
Downloading defusedxml-0.7.1-py2.py3-none-any.whl (25 kB)
Downloading bandit-1.9.3-py3-none-any.whl (134 kB)
Downloading boolean_py-5.0-py3-none-any.whl (26 kB)
Downloading cachecontrol-0.14.4-py3-none-any.whl (22 kB)
Downloading msgpack-1.1.2-cp312-cp312-manylinux2014_x86_64.manylinux_2_17_x86_64.manylinux_2_28_x86_64.whl (427 kB)
Downloading filelock-3.24.2-py3-none-any.whl (24 kB)
Downloading pip_api-0.0.34-py3-none-any.whl (120 kB)
Downloading pip_requirements_parser-32.0.1-py3-none-any.whl (35 kB)
Downloading requests-2.32.5-py3-none-any.whl (64 kB)
Downloading charset_normalizer-3.4.4-cp312-cp312-manylinux2014_x86_64.manylinux_2_17_x86_64.manylinux_2_28_x86_64.whl (153 kB)
Downloading idna-3.11-py3-none-any.whl (71 kB)
Downloading urllib3-2.6.3-py3-none-any.whl (131 kB)
Downloading certifi-2026.1.4-py3-none-any.whl (152 kB)
Downloading rich-14.3.2-py3-none-any.whl (309 kB)
Downloading markdown_it_py-4.0.0-py3-none-any.whl (87 kB)
Downloading mdurl-0.1.2-py3-none-any.whl (10.0 kB)
Downloading stevedore-5.6.0-py3-none-any.whl (54 kB)
Downloading tomli-2.4.0-cp312-cp312-manylinux2014_x86_64.manylinux_2_17_x86_64.manylinux_2_28_x86_64.whl (251 kB)
Downloading tomli_w-1.2.0-py3-none-any.whl (6.7 kB)
Downloading pyparsing-3.3.2-py3-none-any.whl (122 kB)
Installing collected packages: boolean.py, urllib3, tomli-w, tomli, stevedore, pyparsing, pip-api, packageurl-python, msgpack, mdurl, license-expression, idna, filelock, defusedxml, charset_normalizer, certifi, requests, py-serializable, pip-requirements-parser, markdown-it-py, rich, cyclonedx-python-lib, CacheControl, bandit, pip-audit

Successfully installed CacheControl-0.14.4 bandit-1.9.3 boolean.py-5.0 certifi-2026.1.4 charset_normalizer-3.4.4 cyclonedx-python-lib-11.6.0 defusedxml-0.7.1 filelock-3.24.2 idna-3.11 license-expression-30.4.4 markdown-it-py-4.0.0 mdurl-0.1.2 msgpack-1.1.2 packageurl-python-0.17.6 pip-api-0.0.34 pip-audit-2.10.0 pip-requirements-parser-32.0.1 py-serializable-2.1.0 pyparsing-3.3.2 requests-2.32.5 rich-14.3.2 stevedore-5.6.0 tomli-2.4.0 tomli-w-1.2.0 urllib3-2.6.3
