Obtaining file:///workspace/bnsyn-phase-controlled-emergent-dynamics
  Installing build dependencies: started
  Installing build dependencies: finished with status 'done'
  Checking if build backend supports build_editable: started
  Checking if build backend supports build_editable: finished with status 'done'
  Getting requirements to build editable: started
  Getting requirements to build editable: finished with status 'done'
  Preparing editable metadata (pyproject.toml): started
  Preparing editable metadata (pyproject.toml): finished with status 'done'
Requirement already satisfied: numpy==2.4.1 in /root/.pyenv/versions/3.12.12/lib/python3.12/site-packages (from bnsyn==0.2.0) (2.4.1)
Requirement already satisfied: pydantic==2.12.5 in /root/.pyenv/versions/3.12.12/lib/python3.12/site-packages (from bnsyn==0.2.0) (2.12.5)
Requirement already satisfied: scipy==1.17.0 in /root/.pyenv/versions/3.12.12/lib/python3.12/site-packages (from bnsyn==0.2.0) (1.17.0)
Requirement already satisfied: jsonschema==4.26.0 in /root/.pyenv/versions/3.12.12/lib/python3.12/site-packages (from bnsyn==0.2.0) (4.26.0)
Requirement already satisfied: joblib==1.4.2 in /root/.pyenv/versions/3.12.12/lib/python3.12/site-packages (from bnsyn==0.2.0) (1.4.2)
Requirement already satisfied: pyyaml==6.0.3 in /root/.pyenv/versions/3.12.12/lib/python3.12/site-packages (from bnsyn==0.2.0) (6.0.3)
Collecting sphinx==9.0.4 (from bnsyn==0.2.0)
  Downloading sphinx-9.0.4-py3-none-any.whl.metadata (5.8 kB)
Collecting sphinx-autodoc-typehints==3.6.1 (from bnsyn==0.2.0)
  Downloading sphinx_autodoc_typehints-3.6.1-py3-none-any.whl.metadata (8.7 kB)
Collecting myst-parser==5.0.0 (from bnsyn==0.2.0)
  Downloading myst_parser-5.0.0-py3-none-any.whl.metadata (5.6 kB)
Collecting furo==2025.12.19 (from bnsyn==0.2.0)
  Downloading furo-2025.12.19-py3-none-any.whl.metadata (4.9 kB)
Collecting sphinx-copybutton==0.5.2 (from bnsyn==0.2.0)
  Downloading sphinx_copybutton-0.5.2-py3-none-any.whl.metadata (3.2 kB)
Collecting beautifulsoup4 (from furo==2025.12.19->bnsyn==0.2.0)
  Downloading beautifulsoup4-4.14.3-py3-none-any.whl.metadata (3.8 kB)
Collecting sphinx-basic-ng>=1.0.0.beta2 (from furo==2025.12.19->bnsyn==0.2.0)
  Downloading sphinx_basic_ng-1.0.0b2-py3-none-any.whl.metadata (1.5 kB)
Requirement already satisfied: pygments>=2.7 in /root/.pyenv/versions/3.12.12/lib/python3.12/site-packages (from furo==2025.12.19->bnsyn==0.2.0) (2.19.2)
Collecting accessible-pygments>=0.0.5 (from furo==2025.12.19->bnsyn==0.2.0)
  Downloading accessible_pygments-0.0.5-py3-none-any.whl.metadata (10 kB)
Collecting sphinxcontrib-applehelp>=1.0.7 (from sphinx==9.0.4->bnsyn==0.2.0)
  Downloading sphinxcontrib_applehelp-2.0.0-py3-none-any.whl.metadata (2.3 kB)
Collecting sphinxcontrib-devhelp>=1.0.6 (from sphinx==9.0.4->bnsyn==0.2.0)
  Downloading sphinxcontrib_devhelp-2.0.0-py3-none-any.whl.metadata (2.3 kB)
Collecting sphinxcontrib-htmlhelp>=2.0.6 (from sphinx==9.0.4->bnsyn==0.2.0)
  Downloading sphinxcontrib_htmlhelp-2.1.0-py3-none-any.whl.metadata (2.3 kB)
Collecting sphinxcontrib-jsmath>=1.0.1 (from sphinx==9.0.4->bnsyn==0.2.0)
  Downloading sphinxcontrib_jsmath-1.0.1-py2.py3-none-any.whl.metadata (1.4 kB)
Collecting sphinxcontrib-qthelp>=1.0.6 (from sphinx==9.0.4->bnsyn==0.2.0)
  Downloading sphinxcontrib_qthelp-2.0.0-py3-none-any.whl.metadata (2.3 kB)
Collecting sphinxcontrib-serializinghtml>=1.1.9 (from sphinx==9.0.4->bnsyn==0.2.0)
  Downloading sphinxcontrib_serializinghtml-2.0.0-py3-none-any.whl.metadata (2.4 kB)
Collecting Jinja2>=3.1 (from sphinx==9.0.4->bnsyn==0.2.0)
  Downloading jinja2-3.1.6-py3-none-any.whl.metadata (2.9 kB)
Collecting docutils<0.23,>=0.20 (from sphinx==9.0.4->bnsyn==0.2.0)
  Downloading docutils-0.22.4-py3-none-any.whl.metadata (15 kB)
Collecting snowballstemmer>=2.2 (from sphinx==9.0.4->bnsyn==0.2.0)
  Downloading snowballstemmer-3.0.1-py3-none-any.whl.metadata (7.9 kB)
Collecting babel>=2.13 (from sphinx==9.0.4->bnsyn==0.2.0)
  Downloading babel-2.18.0-py3-none-any.whl.metadata (2.2 kB)
Collecting alabaster>=0.7.14 (from sphinx==9.0.4->bnsyn==0.2.0)
  Downloading alabaster-1.0.0-py3-none-any.whl.metadata (2.8 kB)
Collecting imagesize>=1.3 (from sphinx==9.0.4->bnsyn==0.2.0)
  Downloading imagesize-1.4.1-py2.py3-none-any.whl.metadata (1.5 kB)
Requirement already satisfied: requests>=2.30.0 in /root/.pyenv/versions/3.12.12/lib/python3.12/site-packages (from sphinx==9.0.4->bnsyn==0.2.0) (2.32.5)
Collecting roman-numerals>=1.0.0 (from sphinx==9.0.4->bnsyn==0.2.0)
  Downloading roman_numerals-4.1.0-py3-none-any.whl.metadata (3.3 kB)
Requirement already satisfied: packaging>=23.0 in /root/.pyenv/versions/3.12.12/lib/python3.12/site-packages (from sphinx==9.0.4->bnsyn==0.2.0) (25.0)
Requirement already satisfied: attrs>=22.2.0 in /root/.pyenv/versions/3.12.12/lib/python3.12/site-packages (from jsonschema==4.26.0->bnsyn==0.2.0) (25.4.0)
Requirement already satisfied: jsonschema-specifications>=2023.03.6 in /root/.pyenv/versions/3.12.12/lib/python3.12/site-packages (from jsonschema==4.26.0->bnsyn==0.2.0) (2025.9.1)
Requirement already satisfied: referencing>=0.28.4 in /root/.pyenv/versions/3.12.12/lib/python3.12/site-packages (from jsonschema==4.26.0->bnsyn==0.2.0) (0.37.0)
Requirement already satisfied: rpds-py>=0.25.0 in /root/.pyenv/versions/3.12.12/lib/python3.12/site-packages (from jsonschema==4.26.0->bnsyn==0.2.0) (0.30.0)
Requirement already satisfied: markdown-it-py~=4.0 in /root/.pyenv/versions/3.12.12/lib/python3.12/site-packages (from myst-parser==5.0.0->bnsyn==0.2.0) (4.0.0)
Collecting mdit-py-plugins~=0.5 (from myst-parser==5.0.0->bnsyn==0.2.0)
  Downloading mdit_py_plugins-0.5.0-py3-none-any.whl.metadata (2.8 kB)
Requirement already satisfied: annotated-types>=0.6.0 in /root/.pyenv/versions/3.12.12/lib/python3.12/site-packages (from pydantic==2.12.5->bnsyn==0.2.0) (0.7.0)
Requirement already satisfied: pydantic-core==2.41.5 in /root/.pyenv/versions/3.12.12/lib/python3.12/site-packages (from pydantic==2.12.5->bnsyn==0.2.0) (2.41.5)
Requirement already satisfied: typing-extensions>=4.14.1 in /root/.pyenv/versions/3.12.12/lib/python3.12/site-packages (from pydantic==2.12.5->bnsyn==0.2.0) (4.15.0)
Requirement already satisfied: typing-inspection>=0.4.2 in /root/.pyenv/versions/3.12.12/lib/python3.12/site-packages (from pydantic==2.12.5->bnsyn==0.2.0) (0.4.2)
Requirement already satisfied: mdurl~=0.1 in /root/.pyenv/versions/3.12.12/lib/python3.12/site-packages (from markdown-it-py~=4.0->myst-parser==5.0.0->bnsyn==0.2.0) (0.1.2)
Collecting MarkupSafe>=2.0 (from Jinja2>=3.1->sphinx==9.0.4->bnsyn==0.2.0)
  Downloading markupsafe-3.0.3-cp312-cp312-manylinux2014_x86_64.manylinux_2_17_x86_64.manylinux_2_28_x86_64.whl.metadata (2.7 kB)
Requirement already satisfied: charset_normalizer<4,>=2 in /root/.pyenv/versions/3.12.12/lib/python3.12/site-packages (from requests>=2.30.0->sphinx==9.0.4->bnsyn==0.2.0) (3.4.4)
Requirement already satisfied: idna<4,>=2.5 in /root/.pyenv/versions/3.12.12/lib/python3.12/site-packages (from requests>=2.30.0->sphinx==9.0.4->bnsyn==0.2.0) (3.11)
Requirement already satisfied: urllib3<3,>=1.21.1 in /root/.pyenv/versions/3.12.12/lib/python3.12/site-packages (from requests>=2.30.0->sphinx==9.0.4->bnsyn==0.2.0) (2.6.3)
Requirement already satisfied: certifi>=2017.4.17 in /root/.pyenv/versions/3.12.12/lib/python3.12/site-packages (from requests>=2.30.0->sphinx==9.0.4->bnsyn==0.2.0) (2026.1.4)
Collecting soupsieve>=1.6.1 (from beautifulsoup4->furo==2025.12.19->bnsyn==0.2.0)
  Downloading soupsieve-2.8.3-py3-none-any.whl.metadata (4.6 kB)
Downloading furo-2025.12.19-py3-none-any.whl (339 kB)
Downloading sphinx-9.0.4-py3-none-any.whl (3.9 MB)
   ━━━━━━━━━━━━━━━━━━━━━━━━━━━━━━━━━━━━━━━━ 3.9/3.9 MB 17.1 MB/s  0:00:00
Downloading myst_parser-5.0.0-py3-none-any.whl (84 kB)
Downloading sphinx_autodoc_typehints-3.6.1-py3-none-any.whl (20 kB)
Downloading sphinx_copybutton-0.5.2-py3-none-any.whl (13 kB)
Downloading docutils-0.22.4-py3-none-any.whl (633 kB)
   ━━━━━━━━━━━━━━━━━━━━━━━━━━━━━━━━━━━━━━━━ 633.2/633.2 kB 46.6 MB/s  0:00:00
Downloading mdit_py_plugins-0.5.0-py3-none-any.whl (57 kB)
Downloading accessible_pygments-0.0.5-py3-none-any.whl (1.4 MB)
   ━━━━━━━━━━━━━━━━━━━━━━━━━━━━━━━━━━━━━━━━ 1.4/1.4 MB 30.7 MB/s  0:00:00
Downloading alabaster-1.0.0-py3-none-any.whl (13 kB)
Downloading babel-2.18.0-py3-none-any.whl (10.2 MB)
   ━━━━━━━━━━━━━━━━━━━━━━━━━━━━━━━━━━━━━━━━ 10.2/10.2 MB 32.9 MB/s  0:00:00
Downloading imagesize-1.4.1-py2.py3-none-any.whl (8.8 kB)
Downloading jinja2-3.1.6-py3-none-any.whl (134 kB)
Downloading markupsafe-3.0.3-cp312-cp312-manylinux2014_x86_64.manylinux_2_17_x86_64.manylinux_2_28_x86_64.whl (22 kB)
Downloading roman_numerals-4.1.0-py3-none-any.whl (7.7 kB)
Downloading snowballstemmer-3.0.1-py3-none-any.whl (103 kB)
Downloading sphinx_basic_ng-1.0.0b2-py3-none-any.whl (22 kB)
Downloading sphinxcontrib_applehelp-2.0.0-py3-none-any.whl (119 kB)
Downloading sphinxcontrib_devhelp-2.0.0-py3-none-any.whl (82 kB)
Downloading sphinxcontrib_htmlhelp-2.1.0-py3-none-any.whl (98 kB)
Downloading sphinxcontrib_jsmath-1.0.1-py2.py3-none-any.whl (5.1 kB)
Downloading sphinxcontrib_qthelp-2.0.0-py3-none-any.whl (88 kB)
Downloading sphinxcontrib_serializinghtml-2.0.0-py3-none-any.whl (92 kB)
Downloading beautifulsoup4-4.14.3-py3-none-any.whl (107 kB)
Downloading soupsieve-2.8.3-py3-none-any.whl (37 kB)
Building wheels for collected packages: bnsyn
  Building editable for bnsyn (pyproject.toml): started
  Building editable for bnsyn (pyproject.toml): finished with status 'done'
  Created wheel for bnsyn: filename=bnsyn-0.2.0-0.editable-py3-none-any.whl size=4146 sha256=6f80a3f3b24987c1c9c65a06a42624d7b8b0f7be6c675d024fb38a38d6f7254f
  Stored in directory: /tmp/pip-ephem-wheel-cache-x4wpxtp_/wheels/b6/1a/09/a1d36e07ea304f8c95ab88d866597d5b760d5b91c4e13d9643
Successfully built bnsyn
Installing collected packages: sphinxcontrib-serializinghtml, sphinxcontrib-qthelp, sphinxcontrib-jsmath, sphinxcontrib-htmlhelp, sphinxcontrib-devhelp, sphinxcontrib-applehelp, soupsieve, snowballstemmer, roman-numerals, MarkupSafe, imagesize, docutils, babel, alabaster, accessible-pygments, mdit-py-plugins, Jinja2, beautifulsoup4, sphinx, sphinx-copybutton, sphinx-basic-ng, sphinx-autodoc-typehints, myst-parser, bnsyn, furo
  Attempting uninstall: bnsyn
    Found existing installation: bnsyn 0.2.0
    Uninstalling bnsyn-0.2.0:
      Successfully uninstalled bnsyn-0.2.0

Successfully installed Jinja2-3.1.6 MarkupSafe-3.0.3 accessible-pygments-0.0.5 alabaster-1.0.0 babel-2.18.0 beautifulsoup4-4.14.3 bnsyn-0.2.0 docutils-0.22.4 furo-2025.12.19 imagesize-1.4.1 mdit-py-plugins-0.5.0 myst-parser-5.0.0 roman-numerals-4.1.0 snowballstemmer-3.0.1 soupsieve-2.8.3 sphinx-9.0.4 sphinx-autodoc-typehints-3.6.1 sphinx-basic-ng-1.0.0b2 sphinx-copybutton-0.5.2 sphinxcontrib-applehelp-2.0.0 sphinxcontrib-devhelp-2.0.0 sphinxcontrib-htmlhelp-2.1.0 sphinxcontrib-jsmath-1.0.1 sphinxcontrib-qthelp-2.0.0 sphinxcontrib-serializinghtml-2.0.0
