[work f80f4c1] Harden docs/security reproducibility and capture battle-readiness proof
 Date: Tue Feb 17 19:25:03 2026 +0000
 76 files changed, 6506 insertions(+), 7 deletions(-)
 create mode 100644 proof_bundle/BATTLE_READINESS_REPORT.md
 create mode 100644 proof_bundle/demo_clean.json
 create mode 100644 proof_bundle/demo_step1.json
 create mode 100644 proof_bundle/logs/fix_ci_security_install.log
 create mode 100644 proof_bundle/logs/fix_makefile_docs_security.log
 create mode 100644 proof_bundle/logs/fix_pyproject_build_dep.log
 create mode 100644 proof_bundle/logs/fix_pyproject_security_extra.log
 create mode 100644 proof_bundle/logs/fix_readme_security_extra.log
 create mode 100644 proof_bundle/logs/fix_securitymd_commands.log
 create mode 100644 proof_bundle/logs/step0_ci_atomic_scan.log
 create mode 100644 proof_bundle/logs/step0_ensure_gitleaks.log
 create mode 100644 proof_bundle/logs/step0_files.log
 create mode 100644 proof_bundle/logs/step0_makefile.log
 create mode 100644 proof_bundle/logs/step0_pyproject.log
 create mode 100644 proof_bundle/logs/step0_readme.log
 create mode 100644 proof_bundle/logs/step0_securitymd.log
 create mode 100644 proof_bundle/logs/step0_workflow_readme_scan.log
 create mode 100644 proof_bundle/logs/step1_bnsyn_demo.log
 create mode 100644 proof_bundle/logs/step1_bnsyn_help.log
 create mode 100644 proof_bundle/logs/step1_create_venv.log
 create mode 100644 proof_bundle/logs/step1_demo_schema_validate.log
 create mode 100644 proof_bundle/logs/step1_install_runtime.log
 create mode 100644 proof_bundle/logs/step1_make_docs_baseline.log
 create mode 100644 proof_bundle/logs/step1_make_security_baseline.log
 create mode 100644 proof_bundle/logs/step1_make_test_gate.log
 create mode 100644 proof_bundle/logs/step1_pytest_collect.log
 create mode 100644 proof_bundle/logs/step1_upgrade_pip.log
 create mode 100644 proof_bundle/logs/step6_bnsyn_demo.log
 create mode 100644 proof_bundle/logs/step6_bnsyn_help.log
 create mode 100644 proof_bundle/logs/step6_create_clean_venv.log
 create mode 100644 proof_bundle/logs/step6_create_wheel_venv.log
 create mode 100644 proof_bundle/logs/step6_install_editable_runtime.log
 create mode 100644 proof_bundle/logs/step6_install_test_docs_security.log
 create mode 100644 proof_bundle/logs/step6_make_docs.log
 create mode 100644 proof_bundle/logs/step6_make_security.log
 create mode 100644 proof_bundle/logs/step6_make_test_gate.log
 create mode 100644 proof_bundle/logs/step6_post_freeze.log
 create mode 100644 proof_bundle/logs/step6_pre_freeze.log
 create mode 100644 proof_bundle/logs/step6_pytest_collect.log
 create mode 100644 proof_bundle/logs/step6_python_build.log
 create mode 100644 proof_bundle/logs/step6_python_build_fixed.log
 create mode 100644 proof_bundle/logs/step6_reinstall_after_build_dep.log
 create mode 100644 proof_bundle/logs/step6_upgrade_pip.log
 create mode 100644 proof_bundle/logs/step6_wheel_import.log
 create mode 100644 proof_bundle/logs/step6_wheel_install.log
 create mode 100644 proof_bundle/logs/step6_wheel_upgrade_pip.log
 create mode 100644 proof_bundle/logs/step7_check_ignore.log
 create mode 100644 proof_bundle/logs/step7_ci_install_lines.log
 create mode 100644 proof_bundle/logs/step7_cleanup_venvs.log
 create mode 100644 proof_bundle/logs/step7_copy_logs_to_artifacts.log
 create mode 100644 proof_bundle/logs/step7_copy_report_to_proof_bundle.log
 create mode 100644 proof_bundle/logs/step7_final_status.log
 create mode 100644 proof_bundle/logs/step7_fix_ci_security_job_install.log
 create mode 100644 proof_bundle/logs/step7_fix_ci_security_line471.log
 create mode 100644 proof_bundle/logs/step7_git_add.log
 create mode 100644 proof_bundle/logs/step7_git_add_ci_fix.log
 create mode 100644 proof_bundle/logs/step7_git_add_final.log
 create mode 100644 proof_bundle/logs/step7_git_commit.log
 create mode 100644 proof_bundle/logs/step7_git_commit_amend.log
 create mode 100644 proof_bundle/logs/step7_git_commit_final_amend.log
 create mode 100644 proof_bundle/logs/step7_git_status.log
 create mode 100644 proof_bundle/logs/step7_git_status_before_commit.log
 create mode 100644 proof_bundle/logs/step7_hard_acceptance_docs_cmd.log
 create mode 100644 proof_bundle/logs/step7_hard_acceptance_security_cmd.log
 create mode 100644 proof_bundle/logs/step7_line_numbers.log
 create mode 100644 proof_bundle/logs/step7_post_amend_check.log
 create mode 100644 proof_bundle/logs/step7_sync_all_logs.log
 create mode 100644 proof_bundle/logs/step7_versions.log
 create mode 100644 proof_bundle/logs/view_ci_security_section.log
 create mode 100644 proof_bundle/post_install_freeze.txt
 create mode 100644 proof_bundle/pre_install_freeze.txt
