$ rg --files
pseudostructure_inventory.json
CONTRIBUTING.md
noise_cleanup_manifest.json
plan.md
noise_cleanup_report.md
EVIDENCE_INDEX.md
claims/claims.yml
claims/README.md
figures/comparison_grid.png
figures/hero.png
figures/temperature_vs_stability.png
figures/temp_ablation_v2/comparison_grid.png
figures/temp_ablation_v2/hero.png
figures/temp_ablation_v2/temperature_vs_stability.png
figures/temp_ablation_v2/tag_activity.png
figures/tag_activity.png
src/contracts/math_contracts.py
src/contracts/__init__.py
src/bnsyn/sleep/cycle.py
src/bnsyn/sleep/replay.py
src/bnsyn/sleep/__init__.py
src/bnsyn/sleep/stages.py
src/bnsyn/calibration/fit.py
src/bnsyn/calibration/__init__.py
src/bnsyn/calibration/accuracy_speed.py
tests/test_edge_cases_adex.py
src/bnsyn/connectivity/sparse.py
tests/test_scan_governed_docs_script.py
src/bnsyn/connectivity/__init__.py
tests/test_manifest_tooling.py
tests/test_experiment_manifest.py
tests/test_validate_pr_gates.py
src/bnsyn/vcg.py
tests/test_imports.py
tests/test_generate_coverage_trend.py
tests/test_validate_bibliography_script.py
tests/test_phase_transition_detector.py
tests/test_plasticity_smoke.py
tests/test_network_validation_edges.py
tests/test_calibration_accuracy_speed.py
tests/test_sleep_replay.py
tests/test_pytest_collection_contract.py
tests/test_neuron_adex_validation.py
tests/test_no_escape_tripwires.py
tests/test_memory.py
tests/test_mutation_ci_summary_contract.py
tests/test_edge_cases_criticality.py
tests/test_connectivity_sparse.py
tests/test_pr_description_policy_template.py
tests/test_faults.py
tests/test_run_simulation_external_current.py
tests/test_spec_mapping_guard.py
tests/test_edge_cases_temperature.py
tests/test_experiments_declarative.py
tests/test_quickstart_consistency_script.py
tests/test_principal_test_hardening.py
tests/test_api_contract_semver.py
tests/test_sleep_cycle.py
tests/test_mutation_survivors_summary.py
tests/test_cli_sleep_stack_branches.py
tests/test_validate_workflow_contracts.py
tests/test_math_core_hardening.py
tests/test_quickstart_contract.py
tests/test_edge_cases_synapse.py
tests/test_attractor_crystallizer.py
tests/test_viz_optional_import.py
tests/test_update_manifest_tools.py
tests/test_readiness_artifact_schemas.py
tests/conftest.py
tests/test_crystallizer_edge_cases.py
tests/test_coverage_gap_extensions.py
tests/test_coverage_gate.py
tests/test_determinism.py
tests/test_phase_transition.py
tests/test_validate_status_claims.py
tests/test_check_internal_links.py
tests/test_dt_invariance.py
tests/test_provenance_manifest.py
tests/test_intelligence_cycle.py
tests/test_jax_backend.py
tests/test_cli_sleep_stack_backend_and_N_unit.py
tests/test_validate_codebase_readiness_audit.py
tests/test_memory_ledger_unit.py
tests/test_cli_smoke.py
tests/test_tools_run_scaled_sleep_stack_unit.py
tests/test_manifest_tooling_regression.py
tests/test_adex_smoke.py
tests/test_entropy_artifacts_guard.py
src/bnsyn/production/adex.py
src/bnsyn/production/connectivity.py
src/bnsyn/production/jax_backend.py
src/bnsyn/production/__init__.py
src/bnsyn/synapses.py
src/bnsyn/experiments/declarative.py
src/bnsyn/experiments/__init__.py
tests/validation/test_determinism_validation.py
tests/validation/test_largeN_validation.py
tests/validation/test_cli_validation.py
tests/validation/test_sleep_cycle_long.py
tests/validation/test_memory_validation.py
tests/validation/test_temperature_validation.py
tests/validation/test_production_properties.py
tests/validation/test_calibration_validation.py
tests/validation/test_network_validation.py
tests/validation/test_chaos_numeric.py
tests/validation/test_consolidation_validation.py
tests/validation/test_numerics_validation.py
tests/validation/test_crystallizer_real.py
tests/validation/test_sleep_stack_effectiveness.py
tests/validation/test_chaos_stochastic.py
tests/validation/test_criticality_validation.py
tests/validation/test_experiments_temperature_ablation_stats.py
tests/validation/test_plasticity_validation.py
tests/validation/test_energy_validation.py
tests/validation/test_synapse_validation.py
tests/validation/test_verify_hypothesis_v2.py
tests/validation/__init__.py
tests/validation/test_chaos_timing.py
tests/validation/test_chaos_io.py
tests/validation/test_chaos_integration.py
tests/validation/test_viz_dashboard.py
tests/validation/test_integration_validation.py
tests/validation/test_claims_validation.py
tests/validation/test_validation.py
tests/validation/test_adex_validation.py
tests/test_viz_interactive.py
tests/test_run_simulation_validation.py
tests/test_synapse_conductance_edge.py
tests/test_network_allocation_buffers.py
tests/test_scan_placeholders.py
tests/test_manifest_tools.py
tests/test_coverage_paths.py
tests/test_validate_long_running_triggers.py
tests/test_manifest_consistency.py
tests/test_cli_unit.py
tests/test_network_smoke.py
src/bnsyn/testing/faults.py
src/bnsyn/testing/__init__.py
tests/benchmarks/test_regression.py
tests/test_synapse_smoke.py
tests/test_generate_inventory.py
tests/test_pr_description_policy_workflow.py
tests/test_wheelhouse_tools.py
tests/test_verify_reproducible_artifacts.py
tests/test_plasticity_three_factor_edge.py
tests/test_criticality_analysis_edge.py
tests/test_integration_examples.py
tests/test_release_pipeline.py
tests/test_schema_experiment_contracts.py
tests/test_math_invariants.py
tests/test_production_adex_spike.py
tests/test_tools_benchmark_sleep_stack_scale_unit.py
tests/test_experiments_temperature_ablation.py
tests/tolerances.py
tests/test_memory_trace_unit.py
tests/test_validation_inputs.py
tests/__init__.py
tests/test_quickstart_contract_validator.py
tests/test_benchmark_regression_gate.py
tests/test_actions_pinning.py
tests/test_mutation_killers.py
tests/test_tla_invariants_guard.py
tests/test_vcg_smoke.py
tests/test_incremental_cache.py
tests/test_memory_consolidator.py
tests/test_mutation_run_pipeline_contract.py
tests/test_schema_contracts.py
tests/test_manifest_builder.py
tests/test_temperature_smoke.py
tests/test_api_contract_command.py
tests/test_calibration_smoke.py
tests/test_calibration_fit_edge.py
src/bnsyn/criticality/analysis.py
src/bnsyn/criticality/__init__.py
src/bnsyn/criticality/branching.py
src/bnsyn/criticality/phase_transition.py
src/bnsyn/rng.py
src/bnsyn/memory/consolidator.py
src/bnsyn/memory/__init__.py
src/bnsyn/memory/trace.py
src/bnsyn/memory/ledger.py
src/bnsyn/temperature/schedule.py
src/bnsyn/temperature/__init__.py
src/bnsyn/tools/run_scaled_sleep_stack.py
src/bnsyn/tools/__init__.py
src/bnsyn/tools/benchmark_sleep_stack_scale.py
src/bnsyn/cli.py
src/bnsyn/validation/inputs.py
src/bnsyn/validation/__init__.py
src/bnsyn/synapse/__init__.py
src/bnsyn/synapse/conductance.py
tests/test_sleep_stage_validation.py
tests/test_audit_suite_artifacts.py
tests/test_vcg_invariants_guard.py
tests/test_integration_experiment_flow.py
src/bnsyn/benchmarks/__init__.py
src/bnsyn/benchmarks/regime.py
src/bnsyn/control.py
src/bnsyn/schemas/experiment.py
src/bnsyn/schemas/__init__.py
src/bnsyn/simulation.py
src/bnsyn/sim/network.py
src/bnsyn/sim/__init__.py
src/bnsyn/incremental.py
src/bnsyn/__init__.py
src/bnsyn/neurons.py
src/bnsyn/viz/__init__.py
src/bnsyn/viz/interactive.py
src/bnsyn/viz/dashboard.py
tests/properties/conftest.py
tests/properties/test_properties_bnsyn.py
tests/properties/test_hypothesis_profiles.py
tests/properties/test_adex_properties.py
tests/properties/__init__.py
tests/properties/test_validation_inputs_properties.py
tests/properties/test_manifest_tooling_properties.py
tests/properties/test_properties_determinism.py
tests/test_vcg_validation.py
tests/test_readme_quickstart_contract.py
tests/test_api_surface_reexports.py
tests/test_energy_smoke.py
tests/test_network_external_input.py
tests/test_sleep_cycle_integration.py
tests/test_release_readiness.py
tests/test_claims_enforcement.py
tests/test_benchmarks_smoke.py
tests/test_mutation_counts_contract.py
tests/test_consolidation_smoke.py
tests/test_sync_required_status_contexts.py
tests/test_performance.py
tests/test_cli_interactive.py
tests/test_entropy_gate.py
tests/test_validate_calibration_summary.py
tests/test_api_maturity.py
tests/test_viz_smoke_coverage.py
tests/test_validate_required_checks.py
tests/test_cli_sleep_stack_figure.py
tests/test_criticality_smoke.py
tests/test_interactive_smoke.py
tests/test_cli_versioning.py
tests/test_tools_scaled_sleep_stack_smoke.py
tests/test_viz_interactive_main.py
src/bnsyn/provenance/manifest.py
src/bnsyn/provenance/manifest_builder.py
src/bnsyn/provenance/__init__.py
src/bnsyn/py.typed
src/bnsyn/__main__.py
src/bnsyn/numerics/__init__.py
src/bnsyn/numerics/integrators.py
results/temp_ablation_v2/random_T.json
results/temp_ablation_v2/fixed_low.json
results/temp_ablation_v2/manifest.json
results/temp_ablation_v2/cooling_piecewise.json
results/temp_ablation_v2/fixed_high.json
src/bnsyn/consolidation/dual_weight.py
src/bnsyn/consolidation/__init__.py
src/bnsyn/config.py
results/temp_ablation_v1/random_T.json
results/temp_ablation_v1/fixed_low.json
results/temp_ablation_v1/manifest.json
results/temp_ablation_v1/fixed_high.json
results/temp_ablation_v1/cooling_geometric.json
Dockerfile
src/bnsyn/energy/__init__.py
src/bnsyn/energy/regularization.py
specs/coq/README.md
specs/coq/BNsyn_Sigma.v
src/bnsyn/neuron/adex.py
src/bnsyn/neuron/__init__.py
specs/tla/BNsyn.tla
specs/tla/README.md
specs/tla/BNsyn.cfg
worklist.json
DECISION_MEMO.md
LICENSE
readiness_summary.md
src/bnsyn/plasticity/three_factor.py
src/bnsyn/plasticity/__init__.py
src/bnsyn/plasticity/stdp.py
experiments/verify_hypothesis.py
experiments/runner.py
experiments/registry.py
experiments/__init__.py
experiments/temperature_ablation_consolidation.py
src/bnsyn/emergence/__init__.py
src/bnsyn/emergence/crystallizer.py
examples/integration/library_minimal.py
examples/integration/cli_minimal.sh
examples/integration/README.md
examples/scaled_flagship.sh
examples/configs/quickstart.yaml
INVENTORY.json
EXEC_SUMMARY.md
acceptance_map.yaml
GOVERNANCE_VERIFICATION_REPORT.md
requirements-lock.txt
PR_DESCRIPTION.md
SECURITY.md
CITATION.cff
docker-compose.yml
evidence/zqsg_2026_02_12/quality_surface_map.md
evidence/zqsg_2026_02_12/commands.txt
evidence/zqsg_2026_02_12/repro_report.json
evidence/zqsg_2026_02_12/repro_stdout.txt
evidence/zqsg_2026_02_12/sha256_manifest.txt
evidence/zqsg_2026_02_12/bandit.json
evidence/zqsg_2026_02_12/repro_spec.json
evidence/zqsg_2026_02_12/escape_analysis.md
evidence/zqsg_2026_02_12/pytest_full.log
evidence/zqsg_2026_02_12/pip_version.txt
evidence/zqsg_2026_02_12/calibration_plan.md
assessment_logs/pytest.nl
assessment_logs/ARCH_INV.nl
assessment_logs/platform.log
assessment_logs/SECURITY.nl
assessment_logs/pytest.exit
assessment_logs/git_sha.log
assessment_logs/ARCHITECTURE.nl
assessment_logs/CI_GATES.nl
assessment_logs/TESTING.nl
assessment_logs/git_status_after.log
assessment_logs/pyproject.nl
assessment_logs/git_status.log
assessment_logs/README.nl
assessment_logs/pytest.log
assessment_logs/git_branch.log
Makefile
DOC_CHANGELOG.md
tools/safety/check_safety_artifacts.py
tools/entropy_gate/__init__.py
tools/entropy_gate/__main__.py
tools/entropy_gate/compute_metrics.py
tools/__init__.py
evidence/tests_upgrade/execution_log.txt
evidence/tests_upgrade/changes.diff
evidence/tests_upgrade/entropy_gate_diff.json
evidence/tests_upgrade/determinism_triple_run.sha256
evidence/tests_upgrade/new_invariants.md
evidence/tests_upgrade/before_after_metrics.json
tools/manifest/generate.py
tools/manifest/render.py
tools/manifest/__init__.py
tools/manifest/validate.py
tools/manifest/__main__.py
evidence/entropy_gate/baseline_metrics.json
evidence/entropy_gate/final_metrics.json
evidence/entropy_gate/commands.log
tools/generate_inventory.py
tests_inventory.json
PR_FINAL_DESCRIPTION.md
audit_suite_report.json
BENCHMARK_PROTOCOL.md
PR_DESCRIPTION_EVIDENCE.md
readiness_report.json
CODEBASE_READINESS.md
pyproject.toml
evidence/pr_216/after.workflow_scan.txt
evidence/pr_216/after.entropy.json
evidence/pr_216/before.workflow_unpinned_scan.txt
evidence/pr_216/after.commands.log
evidence/pr_216/before.commands.log
evidence/pr_216/before.sha
evidence/pr_216/before.entropy.json
evidence/pr_216/after.sha
benchmarks/throughput_gain.json
benchmarks/bench_dt_invariance.py
benchmarks/report.py
benchmarks/benchmark_plasticity.py
evidence/inventory_fix/determinism.txt
evidence/inventory_fix/fix_steps.txt
evidence/inventory_fix/inventory.sha256.2
evidence/inventory_fix/inventory.sha256.1
evidence/inventory_fix/pytest_generate_inventory.txt
evidence/inventory_fix/baseline.txt
evidence/inventory_fix/inventory.diff
benchmarks/baselines/kernel_profile.json
benchmarks/baselines/raw/physics_run_2_alloc_v2.json
benchmarks/baselines/raw/kernel_run_3_alloc_v2.json
benchmarks/baselines/raw/kernel_run_5_alloc_v2.json
benchmarks/baselines/raw/kernel_run_1_alloc_v2.json
benchmarks/baselines/raw/physics_run_3_alloc_v2.json
benchmarks/baselines/raw/physics_run_5_alloc_v2.json
benchmarks/baselines/raw/kernel_run_2_alloc_v2.json
benchmarks/baselines/raw/kernel_run_4_alloc_v2.json
benchmarks/baselines/raw/physics_run_1_alloc_v2.json
benchmarks/baselines/raw/physics_run_4_alloc_v2.json
benchmarks/baselines/physics_baseline.json
benchmarks/baselines/physics_baseline_alloc_v2.json
benchmarks/baselines/checksums_alloc_v2.json
benchmarks/baselines/golden_baseline.yml
benchmarks/baselines/kernel_profile_alloc_v2.json
benchmarks/bench_adex.py
benchmarks/kernel_profile.json
benchmarks/metrics.py
benchmarks/physics_accelerated.json
benchmarks/bench_plasticity.py
benchmarks/benchmark_scale.py
benchmarks/common.py
benchmarks/performance_utils.py
benchmarks/run_benchmarks.py
benchmarks/scaling.py
benchmarks/bench_synapses.py
benchmarks/scenarios/dt_sweep.py
benchmarks/scenarios/medium_network.py
benchmarks/scenarios/small_network.py
benchmarks/scenarios/criticality_sweep.py
benchmarks/scenarios/base.py
benchmarks/scenarios/large_network.py
benchmarks/scenarios/temperature_sweep.py
benchmarks/scenarios/ci_smoke.py
benchmarks/scenarios/__init__.py
benchmarks/scalability.py
benchmarks/bench_criticality.py
benchmarks/__init__.py
benchmarks/physics_baseline.json
benchmarks/determinism.py
benchmarks/README.md
benchmarks/baseline.json
benchmarks/benchmark_dt.py
benchmarks/equivalence_report.md
benchmarks/scaling_plan.md
benchmarks/criticality.py
bibliography/bnsyn.bib
bibliography/sources.lock
bibliography/mapping.yml
GAP_TABLE.md
evidence/entropy/per_cycle/CYCLE_1.json
evidence/entropy/final.json
evidence/entropy/baseline.json
schemas/attack_paths_graph.schema.json
schemas/readiness_report.schema.json
schemas/audit_reproducibility.schema.json
schemas/experiment.schema.json
VERIFICATION_REPORT.md
CALIBRATION_REPORT.json
attack_paths_graph.json
README_CLAIMS_GATE.md
ARCH_ASSESSMENT.md
IMPLEMENTATION_SUMMARY.md
EXECUTION_PLAN.md
evidence/placeholder_closure/ci.json
evidence/placeholder_closure/scan_final.txt
evidence/placeholder_closure/scan_baseline.txt
evidence/placeholder_closure/scan_final.json
evidence/placeholder_closure/ph_regression_tests.log
evidence/placeholder_closure/test_cmd.log
evidence/placeholder_closure/per_batch/PH_BATCH_01.json
evidence/placeholder_closure/per_batch/PH_BATCH_02.json
evidence/placeholder_closure/post_fix_tests.log
evidence/placeholder_closure/pre_fix_failure.log
evidence/placeholder_closure/baseline.json
evidence/manifest_fix/determinism.txt
evidence/manifest_fix/manifest.sha256.1
evidence/manifest_fix/manifest.sha256.2
reports/PR_DESCRIPTION.md
reports/usability_blockers.json
reports/repo_representator.json
reports/usability_blockers_report.md
calibration_pack/toolchain_fingerprint.txt
calibration_pack/harness/build_report.py
calibration_pack/harness/TEST_MATRIX.yaml
calibration_pack/harness/run_calibration.py
calibration_pack/harness/fixtures/FIXTURE_B.json
calibration_pack/harness/fixtures/FIXTURE_C.json
calibration_pack/harness/fixtures/FIXTURE_A.json
calibration_pack/harness/validate_summary.py
calibration_pack/prompts/calibration_contract_v2026_02.md
calibration_pack/audit_hash.txt
calibration_pack/schemas/summary_rules.json
calibration_pack/schemas/calibration_report.schema.json
calibration_pack/golden/FIXTURE_B.output.json
calibration_pack/golden/FIXTURE_A.output.json
calibration_pack/golden/FIXTURE_C.output.json
scripts/generate_coverage_trend.py
scripts/validate_claims.py
scripts/generate_benchmark_baseline.py
scripts/calculate_throughput_gain.py
scripts/_audit_metrics_pr40.py
scripts/track_quality.py
scripts/render_workflow_policy_docs.py
scripts/ensure_gitleaks.py
scripts/check_coverage_gate.py
scripts/build_wheelhouse.py
scripts/validate_long_running_triggers.py
scripts/release_pipeline.py
scripts/run_quickstart_demo.py
scripts/validate_required_status_contexts.py
scripts/validate_changed_paths.py
scripts/collect_ci_run_urls.py
scripts/generate_math_data.py
scripts/pre-push.sh
scripts/yaml_contracts.py
scripts/bench_ci_smoke.py
scripts/validate_mutation_baseline.py
scripts/validate_deps_against_imports.py
scripts/mutation_ci_summary.py
scripts/run_mutation_pipeline.py
scripts/validate_quickstart_contract.py
scripts/compare_benchmarks.py
scripts/validate_calibration_summary.py
scripts/validate_claims_coverage.py
scripts/lint_ci_truthfulness.py
scripts/check_mermaid_syntax.py
scripts/generate_coverage_baseline.py
scripts/mutation_survivors_summary.py
scripts/orchestrate_throughput_scaling.py
scripts/validate_bibliography.py
scripts/verify_equivalence.py
scripts/run_scaled_sleep_stack.py
scripts/generate_mutation_baseline.py
scripts/run_benchmarks.py
scripts/verify_reproducible_artifacts.py
scripts/ssot_rules.py
scripts/rebuild_sources_lock.py
scripts/intelligence_cycle.py
scripts/mutation_counts.py
scripts/verify_formal_constants.py
scripts/scan_normative_tags.py
scripts/visualize_experiment.py
scripts/build_readiness_artifacts.py
scripts/validate_codebase_readiness_audit.py
scripts/validate_svg.py
scripts/validate_api_maturity.py
scripts/validate_status_claims.py
scripts/validate_required_checks.py
scripts/__init__.py
scripts/check_mutation_score.py
scripts/validate_branch_protection_governance.py
scripts/audit_spec_implementation.py
scripts/README.md
scripts/benchmark_sleep_stack_scale.py
scripts/generate_evidence_coverage.py
scripts/validate_test_integrity.py
scripts/validate_traceability.py
scripts/scan_governed_docs.py
scripts/sync_required_status_contexts.py
scripts/generate_tests_inventory.py
scripts/profile_kernels.py
scripts/validate_docs_testing_sync.py
scripts/validate_synthetic_claims.py
scripts/scan_tierS_misuse.py
scripts/benchmark_production.py
scripts/validate_trifix_invariants.py
scripts/math_validate.py
scripts/benchmark_physics.py
scripts/scan_placeholders.py
scripts/check_quickstart_consistency.py
scripts/check_benchmark_regressions.py
scripts/validate_workflow_contracts.py
scripts/check_internal_links.py
scripts/discover_public_surfaces.py
scripts/validate_pr_gates.py
scripts/release_readiness.py
scripts/check_api_contract.py
CHANGELOG.md
audit_reproducibility.json
AGENTS.md
calibration_pack/logs/git_identity.log
calibration_pack/logs/golden_hash_diff.log
calibration_pack/logs/golden_hash_after.log
calibration_pack/logs/make_test.log
calibration_pack/logs/determinism_replay.log
calibration_pack/logs/golden_hash_before.log
calibration_pack/logs/schema_validation_final.log
calibration_pack/logs/ruff_harness.log
calibration_pack/logs/determinism_check.log
calibration_pack/logs/summary_validation.log
calibration_pack/logs/run_calibration_cmd.log
calibration_pack/logs/schema_validation.log
calibration_pack/logs/build_report_cmd.log
calibration_pack/logs/harness_run.log
executive_summary.md
CALIBRATION_SUMMARY.md
entropy/acceptance_map.yaml
entropy/__init__.py
entropy/baseline.json
entropy/policy.json
entropy/metrics.json
entropy/current.json
PR_READY_CHECKLIST.md
CHANGESET_PLAN.yaml
FINAL_REPORT.md
HARDENING_SUMMARY.md
entropy/guards/__init__.py
entropy/guards/check_entropy_artifacts.py
entropy/commands.log
README.md
manifest/repo_manifest.schema.json
manifest/repo_manifest.computed.json
manifest/repo_manifest.yml
quality/coverage_gate.json
quality/mutation_baseline.json
quality/api_contract_baseline.json
RISK_REGISTER.md
PROOF_BUNDLE/toolchain_fingerprint.txt
PROOF_BUNDLE/audit_hash.txt
PROOF_BUNDLE/commands_executed.txt
PROOF_BUNDLE/logs/git_identity.log
PROOF_BUNDLE/logs/mypy.log
PROOF_BUNDLE/logs/ruff_check.log
PROOF_BUNDLE/logs/make_test.log
PROOF_BUNDLE/logs/bandit_version.log
PROOF_BUNDLE/logs/make_test_after_install.log
PROOF_BUNDLE/logs/pip_audit_version.log
PROOF_BUNDLE/logs/toolchain_raw.log
PROOF_BUNDLE/logs/python_build.log
PROOF_BUNDLE/logs/pip_install_test.log
PROOF_BUNDLE/logs/lockfile_hashes.log
proof_bundle/install_build.log
proof_bundle/test_non_validation.log
proof_bundle/cpu.log
proof_bundle/install_dev_test.log
proof_bundle/excerpts/scripts_scan_placeholders.py_intent.md
proof_bundle/excerpts/revalidate_unavailable_summary.json
proof_bundle/excerpts/recheck_unavailable_summary.json
proof_bundle/excerpts/scripts_README.md_intent.md
proof_bundle/excerpts/architecture_excerpt.txt
proof_bundle/excerpts/testing_excerpt.txt
proof_bundle/excerpts/docker_excerpt.txt
proof_bundle/excerpts/key_files_PS-0001.md
proof_bundle/excerpts/readme_security_excerpt.txt
proof_bundle/excerpts/workflow_security_excerpt.txt
proof_bundle/excerpts/taskA_unique_descriptions.md
proof_bundle/excerpts/security_policy_excerpt.txt
proof_bundle/excerpts/repo_summary.txt
proof_bundle/excerpts/workflow_dependency_review_excerpt.txt
proof_bundle/excerpts/requirements_excerpt.txt
proof_bundle/excerpts/pyproject_excerpt.txt
proof_bundle/index.json
proof_bundle/git_log.log
proof_bundle/doc_inventory.json
proof_bundle/generated/sbom_spdx.json
proof_bundle/generated/sbom_cyclonedx.json
proof_bundle/generated/state_machines.json
proof_bundle/generated/command_manifest.json
proof_bundle/generated/toolchain_fingerprint.json
proof_bundle/generated/migration_graph.json
proof_bundle/pip_version.log
proof_bundle/commands_index.json
proof_bundle/uname.log
proof_bundle/manifests.log
proof_bundle/repo_state.txt
proof_bundle/command_logs/16.log
proof_bundle/command_logs/18.log
proof_bundle/command_logs/26.log
proof_bundle/command_logs/24.log
proof_bundle/command_logs/01.log
proof_bundle/command_logs/04.log
proof_bundle/command_logs/28.log
proof_bundle/command_logs/10.log
proof_bundle/command_logs/31.log
proof_bundle/command_logs/20.log
proof_bundle/command_logs/22.log
proof_bundle/command_logs/33.log
proof_bundle/command_logs/05.log
proof_bundle/command_logs/09.log
proof_bundle/command_logs/13.log
proof_bundle/command_logs/08.log
proof_bundle/command_logs/03.log
proof_bundle/command_logs/11.log
proof_bundle/command_logs/23.log
proof_bundle/command_logs/32.log
proof_bundle/command_logs/17.log
proof_bundle/command_logs/30.log
proof_bundle/command_logs/19.log
proof_bundle/command_logs/27.log
proof_bundle/command_logs/06.log
proof_bundle/command_logs/29.log
proof_bundle/command_logs/02.log
proof_bundle/command_logs/12.log
proof_bundle/command_logs/25.log
proof_bundle/command_logs/34.log
proof_bundle/command_logs/14.log
proof_bundle/command_logs/07.log
proof_bundle/command_logs/15.log
proof_bundle/command_logs/21.log
proof_bundle/test_all.log
proof_bundle/mem.log
proof_bundle/find_top.log
proof_bundle/hashes.sha256
proof_bundle/python_version.log
proof_bundle/build.log
proof_bundle/command_index.json
docs/HYPOTHESIS.md
docs/GOVERNANCE.md
docs/DEMO.md
docs/CRITICALITY_CONTROL_VS_MEASUREMENT.md
docs/TROUBLESHOOTING.md
docs/RISKS.md
docs/MODULE_RESPONSIBILITY_MATRIX.md
docs/DETERMINISM.md
docs/appendix/intelligence_cycle_report.json
docs/appendix/PRODUCTION_ROADMAP.md
docs/appendix/EXECUTIVE_SUMMARY.md
docs/appendix/additional_audit_2026.md
docs/appendix/CODEX_PROJECT_FEEDBACK_UA.md
docs/appendix/codebase_readiness_audit_2026-02-15.json
docs/appendix/PRODUCTION_AUDIT.md
docs/INTEGRATION.md
docs/TESTING.md
docs/BENCHMARKS.md
docs/usage_workflows.md
docs/VERSIONING.md
docs/QUALITY_INDEX.md
docs/DOC_DEBT.md
docs/MUTATION_GATE.md
docs/safety/stpa.md
docs/safety/followups.md
docs/safety/hazard_log.yml
docs/safety/traceability.yml
docs/safety/deferred_gates.md
docs/PHYSICAL_VALIDITY.md
docs/spec_to_code.yml
docs/index.rst
docs/ASSUMPTIONS.md
docs/NORMATIVE_LABELING.md
docs/AUDIT_TASKS_2026-02-15.md
docs/contracts/index.md
docs/adr/0001-math-integrator-guardrails.md
docs/math/PROVENANCE.md
docs/math/MATH_SURFACES.md
docs/math/CONTRACTS.md
docs/COMPONENT_AUDIT.md
docs/RELEASE_READINESS.md
docs/INDEX.md
docs/api_maturity.json
docs/SSOT.md
docs/SSOT_RULES.md
docs/ACTIONS_TEST_PROTOCOL.md
docs/_inventory.md
docs/AUDIT_FINDINGS.md
docs/ARCHITECTURE.md
docs/BUILD_DOCS.md
docs/PERFORMANCE_REPORT.md
docs/QUICKSTART.md
docs/BIBLIOGRAPHY.md
docs/MAINTENANCE.md
docs/benchmarks/SCHEMA.md
docs/benchmarks/PROTOCOL.md
docs/benchmarks/ci_comparison_report_alloc_v2.txt
docs/benchmarks/README.md
docs/benchmarks/threshold_derivation_alloc_v2.md
docs/THROUGHPUT_SCALING.md
docs/conf.py
docs/assets/hero.svg
docs/ENFORCEMENT_MATRIX.md
docs/SPEC.md
docs/INVENTORY.md
docs/PLACEHOLDER_BASELINE_CYCLE0.md
docs/PLACEHOLDER_REGISTRY.md
docs/TESTING_MUTATION.md
docs/repo_map.md
docs/ENTROPY_LEDGER.md
docs/CONFERENCE_RUNBOOK.md
docs/API_CONTRACT.md
docs/QUALITY_INFRASTRUCTURE.md
docs/REPRODUCIBILITY_ENVELOPE.md
docs/modules.rst
docs/PROJECT_SURFACES.md
docs/PR40_EVIDENCE_REPORT.md
docs/BENCHMARK_MAP.md
docs/STATUS.md
docs/SECURITY_GITLEAKS.md
docs/DOCUMENTATION_FORMALIZATION.md
docs/REPO_STRUCTURE.md
docs/PERFORMANCE.md
docs/SCALABILITY_REPORT.md
docs/CI_BATTLE_USAGE_AUDIT_2026-02-07.md
docs/VCG.md
docs/TRACEABILITY.md
docs/api/api_bnsyn.md
docs/api/_templates/tools/update_manifest.py
docs/api/_templates/manifest.json
docs/api/_templates/README.md
docs/api/generated/bnsyn.consolidation.rst
docs/api/generated/bnsyn.sleep.stages.rst
docs/api/generated/bnsyn.memory.rst
docs/api/generated/bnsyn.energy.regularization.rst
docs/api/generated/bnsyn.production.connectivity.rst
docs/api/generated/bnsyn.testing.faults.rst
docs/api/generated/bnsyn.emergence.crystallizer.rst
docs/api/generated/bnsyn.rng.rst
docs/api/generated/bnsyn.sleep.replay.rst
docs/api/generated/bnsyn.calibration.rst
docs/api/generated/bnsyn.neuron.adex.rst
docs/api/generated/bnsyn.tools.rst
docs/api/generated/bnsyn.viz.interactive.rst
docs/api/generated/bnsyn.memory.ledger.rst
docs/api/generated/bnsyn.control.rst
docs/api/generated/bnsyn.temperature.rst
docs/api/generated/bnsyn.temperature.schedule.rst
docs/api/generated/bnsyn.benchmarks.regime.rst
docs/api/generated/bnsyn.emergence.rst
docs/api/generated/bnsyn.production.jax_backend.rst
docs/api/generated/bnsyn.criticality.phase_transition.rst
docs/api/generated/bnsyn.plasticity.stdp.rst
docs/api/generated/bnsyn.tools.benchmark_sleep_stack_scale.rst
docs/api/generated/bnsyn.energy.rst
docs/api/generated/bnsyn.criticality.rst
docs/api/generated/bnsyn.consolidation.dual_weight.rst
docs/api/generated/bnsyn.provenance.manifest.rst
docs/api/generated/bnsyn.viz.rst
docs/api/generated/bnsyn.sim.network.rst
docs/api/generated/bnsyn.tools.run_scaled_sleep_stack.rst
docs/api/generated/bnsyn.plasticity.three_factor.rst
docs/api/generated/bnsyn.numerics.rst
docs/api/generated/bnsyn.neurons.rst
docs/api/generated/bnsyn.synapse.rst
docs/api/generated/bnsyn.memory.consolidator.rst
docs/api/generated/bnsyn.connectivity.sparse.rst
docs/api/generated/bnsyn.calibration.accuracy_speed.rst
docs/api/generated/bnsyn.sim.rst
docs/api/generated/bnsyn.neuron.rst
docs/api/generated/bnsyn.connectivity.rst
docs/api/generated/bnsyn.validation.rst
docs/api/generated/bnsyn.benchmarks.rst
docs/api/generated/bnsyn.experiments.declarative.rst
docs/api/generated/bnsyn.production.adex.rst
docs/api/generated/bnsyn.experiments.rst
docs/api/generated/bnsyn.sleep.rst
docs/api/generated/bnsyn.synapses.rst
docs/api/generated/bnsyn.synapse.conductance.rst
docs/api/generated/bnsyn.simulation.rst
docs/api/generated/bnsyn.numerics.integrators.rst
docs/api/generated/bnsyn.viz.dashboard.rst
docs/api/generated/bnsyn.calibration.fit.rst
docs/api/generated/bnsyn.vcg.rst
docs/api/generated/contracts.rst
docs/api/generated/bnsyn.rst
docs/api/generated/bnsyn.config.rst
docs/api/generated/contracts.math_contracts.rst
docs/api/generated/bnsyn.cli.rst
docs/api/generated/bnsyn.memory.trace.rst
docs/api/generated/bnsyn.plasticity.rst
docs/api/generated/bnsyn.schemas.experiment.rst
docs/api/generated/bnsyn.criticality.analysis.rst
docs/api/generated/bnsyn.sleep.cycle.rst
docs/api/generated/bnsyn.provenance.rst
docs/api/generated/bnsyn.schemas.rst
docs/api/generated/bnsyn.criticality.branching.rst
docs/api/generated/bnsyn.validation.inputs.rst
docs/api/generated/bnsyn.testing.rst
docs/api/generated/bnsyn.production.rst
docs/api/generated/bnsyn.incremental.rst
docs/api/generated/bnsyn.provenance.manifest_builder.rst
docs/api/conf.py
docs/api/index.md
docs/api/_static/tools/update_manifest.py
docs/api/_static/manifest.json
docs/api/_static/README.md
docs/api/modules.md
docs/API_STABILITY.md
docs/SCALABILITY.md
docs/CI_GATES.md
docs/scripts/rebuild-sources-lock.md
docs/scripts/track-quality.md
docs/scripts/--init--.md
docs/scripts/release-readiness.md
docs/scripts/benchmark-physics.md
docs/scripts/lint-ci-truthfulness.md
docs/scripts/validate-status-claims.md
docs/scripts/collect-ci-run-urls.md
docs/scripts/check-api-contract.md
docs/scripts/verify-equivalence.md
docs/scripts/mutation-counts.md
docs/scripts/build-wheelhouse.md
docs/scripts/check-coverage-gate.md
docs/scripts/generate-math-data.md
docs/scripts/scan-governed-docs.md
docs/scripts/validate-required-checks.md
docs/scripts/validate-pr-gates.md
docs/scripts/orchestrate-throughput-scaling.md
docs/scripts/ssot-rules.md
docs/scripts/profile-kernels.md
docs/scripts/run-benchmarks.md
docs/scripts/validate-workflow-contracts.md
docs/scripts/validate-required-status-contexts.md
docs/scripts/run-mutation-pipeline.md
docs/scripts/scan-placeholders.md
docs/scripts/validate-codebase-readiness-audit.md
docs/scripts/scan-normative-tags.md
docs/scripts/validate-branch-protection-governance.md
docs/scripts/verify-formal-constants.md
docs/scripts/scan-tierS-misuse.md
docs/scripts/validate-bibliography.md
docs/scripts/validate-claims.md
docs/scripts/validate-mutation-baseline.md
docs/scripts/mutation-ci-summary.md
docs/scripts/check-benchmark-regressions.md
docs/scripts/index.md
docs/scripts/sync-required-status-contexts.md
docs/scripts/benchmark-sleep-stack-scale.md
docs/scripts/render-workflow-policy-docs.md
docs/scripts/calculate-throughput-gain.md
docs/scripts/benchmark-production.md
docs/scripts/generate-evidence-coverage.md
docs/scripts/intelligence-cycle.md
docs/scripts/compare-benchmarks.md
docs/scripts/check-mutation-score.md
docs/scripts/generate-benchmark-baseline.md
docs/scripts/bench-ci-smoke.md
docs/scripts/generate-mutation-baseline.md
docs/scripts/generate-coverage-trend.md
docs/scripts/validate-long-running-triggers.md
docs/scripts/check-quickstart-consistency.md
docs/scripts/visualize-experiment.md
docs/scripts/validate-claims-coverage.md
docs/scripts/validate-api-maturity.md
docs/scripts/math-validate.md
docs/scripts/run-scaled-sleep-stack.md
docs/scripts/pre-push.md
docs/scripts/-audit-metrics-pr40.md
docs/scripts/release-pipeline.md
docs/scripts/generate-coverage-baseline.md
docs/scripts/build-readiness-artifacts.md
docs/scripts/mutation-survivors-summary.md
docs/scripts/verify-reproducible-artifacts.md
docs/scripts/generate-tests-inventory.md
docs/scripts/audit-spec-implementation.md
docs/RELEASE_PIPELINE.md
docs/AUDIT_LEDGER.md
docs/_generated/script_help/check_quickstart_consistency.txt
docs/_generated/script_help/check_coverage_gate.txt
docs/_generated/script_help/mutation_ci_summary.txt
docs/_generated/script_help/run_mutation_pipeline.txt
docs/_generated/script_help/verify_reproducible_artifacts.txt
docs/_generated/script_help/generate_coverage_baseline.txt
docs/_generated/script_help/validate_mutation_baseline.txt
docs/_generated/script_help/render_workflow_policy_docs.txt
docs/_generated/script_help/release_readiness.txt
docs/_generated/script_help/track_quality.txt
docs/_generated/script_help/validate_api_maturity.txt
docs/_generated/script_help/generate_coverage_trend.txt
docs/_generated/script_help/build_wheelhouse.txt
docs/_generated/script_help/validate_status_claims.txt
docs/_generated/script_help/calculate_throughput_gain.txt
docs/_generated/script_help/generate_mutation_baseline.txt
docs/_generated/script_help/verify_formal_constants.txt
docs/_generated/script_help/collect_ci_run_urls.txt
docs/_generated/script_help/validate_codebase_readiness_audit.txt
docs/_generated/script_help/check_mutation_score.txt
docs/_generated/script_help/bench_ci_smoke.txt
docs/_generated/script_help/scan_placeholders.txt
docs/_generated/script_help/release_pipeline.txt
docs/_generated/script_help/intelligence_cycle.txt
docs/_generated/script_help/check_api_contract.txt
docs/_generated/script_help/generate_math_data.txt
docs/REPRODUCIBILITY.md
docs/RELEASE_NOTES.md
docs/emergence_tracking.md
docs/TRACEABILITY_MAP.md
docs/LEGENDARY_QUICKSTART.md
docs/EVIDENCE_COVERAGE.md
docs/START_HERE.md
docs/INPUTS.md
docs/CONSTITUTIONAL_AUDIT.md
docs/ARCHITECTURE_INVARIANTS.md
docs/PR_AUTOMATION_VECTORS.md
docs/sleep_stack.md
docs/SCRIPTS/index.md
docs/audit_merge_readiness.md
docs/placeholder_cycles/cycle1/plan.md
docs/placeholder_cycles/cycle1/worklist.json
docs/placeholder_cycles/cycle1/acceptance_map.yaml
proof_bundle/logs/revalidate_validate_claims_coverage_py.log
proof_bundle/logs/nl_integrators.log
proof_bundle/logs/02_baseline.log
proof_bundle/logs/git_status_fix.log
proof_bundle/logs/104_find_cache_dirs.log
proof_bundle/logs/git_status_short.log
proof_bundle/logs/discover_script.log
proof_bundle/logs/generate_inventory_check_before.log
proof_bundle/logs/commands.log
proof_bundle/logs/039_class_ignore__tools___pycache__.log
proof_bundle/logs/070_delete__tools___pycache__.log
proof_bundle/logs/final_duplicate_check.log
proof_bundle/logs/revalidate_validate_long_running_triggers_py.log
proof_bundle/logs/postaudit_sync_purposes_20260216T103124Z.log
proof_bundle/logs/recheck_scan_governed_docs_py.log
proof_bundle/logs/075_status_after__scripts___pycache__.log
proof_bundle/logs/recheck_generate_benchmark_baseline_py.log
proof_bundle/logs/docs_dirs.log
proof_bundle/logs/01_phrase_scan_scripts.log
proof_bundle/logs/inventory_check.log
proof_bundle/logs/read_test_dt_invariance.log
proof_bundle/logs/03b_inspect_targets.log
proof_bundle/logs/025_check_top_noise.log
proof_bundle/logs/091_show_git_status.log
proof_bundle/logs/049_class_ref___mypy_cache.log
proof_bundle/git_status.log
proof_bundle/file_excerpts.md
proof_bundle/toolchain_fingerprint.json
proof_bundle/pytest_version.log
proof_bundle/ext_counts.log
proof_bundle/hashes/sha256sums.txt
proof_bundle/commands.log
proof_bundle/logs/058_class_refscope___ruff_cache.log
proof_bundle/logs/read_tests_tolerances.log
proof_bundle/logs/recheck_validate_long_running_triggers_py.log
proof_bundle/logs/03_make_test.log
proof_bundle/logs/read_test_adex_smoke.log
proof_bundle/logs/final_artifact_check.log
proof_bundle/logs/015_find_noise_files.log
proof_bundle/logs/076_delete___mypy_cache.log
proof_bundle/logs/264_20260216T120811Z.log
proof_bundle/logs/07_make_quickstart-smoke_post_changes.log
proof_bundle/logs/016_dryrun_clean_ignored.log
proof_bundle/logs/018_test_cmd.log
proof_bundle/logs/read_ci_pr_atomic.log
proof_bundle/logs/postaudit_generate_artifacts_20260216T103507Z.log
proof_bundle/logs/059_class_refscope__scripts___pycache__.log
proof_bundle/logs/08_sanity.log
proof_bundle/logs/00_baseline_05.log
proof_bundle/logs/pytest_math_core_subset.log
proof_bundle/logs/final_tests.log
proof_bundle/logs/check_coverage_gate_before_fix.log
proof_bundle/logs/nl_test_math_core_hardening.log
proof_bundle/logs/revalidate_benchmark_production_py.log
proof_bundle/logs/check_internal_links.log
proof_bundle/logs/05_hash_index_verify.log
proof_bundle/logs/recheck_profile_kernels_py.log
proof_bundle/logs/094_baseline_head.log
proof_bundle/logs/008_baseline_pytest_ver.log
proof_bundle/logs/096_baseline_remote.log
proof_bundle/logs/revalidate_validate_claims_py.log
proof_bundle/logs/nl_adr_0001.log
proof_bundle/logs/00_baseline_20260216T101423Z.log
proof_bundle/logs/254_20260216T120711Z.log
proof_bundle/logs/265_20260216T120811Z.log
proof_bundle/logs/050_class_track__tests___pycache__.log
proof_bundle/logs/dirs_maxdepth2.log
proof_bundle/logs/git_status_start_fix.log
proof_bundle/logs/15_validate_status_claims_after_fix.log
proof_bundle/logs/pip_install_dev_test.log
proof_bundle/logs/023_final_noise_scan.log
proof_bundle/logs/01_branch.log
proof_bundle/logs/validate_traceability.log
proof_bundle/logs/022_20260216T120114Z.log
proof_bundle/logs/012_status_porcelain.log
proof_bundle/logs/028_class_ref__experiments___pycache__.log
proof_bundle/logs/01_baseline_repro.log
proof_bundle/logs/021_20260216T120114Z.log
proof_bundle/logs/03_inspect.log
proof_bundle/logs/postaudit_baseline_20260216T103112Z.log
proof_bundle/logs/021_typecheck_mypy.log
proof_bundle/logs/003_20260216T120112Z.log
proof_bundle/logs/recheck_audit_spec_implementation_py.log
proof_bundle/logs/011_20260216T120113Z.log
proof_bundle/logs/251_20260216T120448Z.log
proof_bundle/logs/04_make_check.log
proof_bundle/logs/041_class_track___ruff_cache.log
proof_bundle/logs/read_test_determinism.log
proof_bundle/logs/generate_inventory_check_after.log
proof_bundle/logs/rg_coverage_gate_usage.log
proof_bundle/logs/007_baseline_pip.log
proof_bundle/logs/git_status_precommit.log
proof_bundle/logs/100_baseline_ruff_ver.log
proof_bundle/logs/024_20260216T120120Z.log
proof_bundle/logs/04_installability.log
proof_bundle/logs/recheck_validate_required_checks_py.log
proof_bundle/logs/032_class_track__entropy___pycache__.log
proof_bundle/logs/postaudit_duplicate_scan_20260216T103130Z.log
proof_bundle/logs/084_post_build_cmd.log
proof_bundle/logs/recheck__audit_metrics_pr40_py.log
proof_bundle/logs/072_delete___ruff_cache.log
proof_bundle/logs/00_baseline_03.log
proof_bundle/logs/09_security.log
proof_bundle/logs/267_20260216T120811Z.log
proof_bundle/logs/113_final_noise_scan.log
proof_bundle/logs/065_status_after___pytest_cache.log
proof_bundle/logs/scan_governed_docs_script.log
proof_bundle/logs/recheck_benchmark_physics_py.log
proof_bundle/logs/git_status.log
proof_bundle/logs/038_class_track__tools___pycache__.log
proof_bundle/logs/verify_index_hash_test.log
proof_bundle/logs/037_class_ref__benchmarks___pycache__.log
proof_bundle/logs/14_generate_inventory_after_fix.log
proof_bundle/logs/rg_hash_manifest.log
proof_bundle/logs/recheck_scan_tierS_misuse_py.log
proof_bundle/logs/036_class_ignore__benchmarks___pycache__.log
proof_bundle/logs/118_git_add.log
proof_bundle/logs/docs_files.log
proof_bundle/logs/097_baseline_python.log
proof_bundle/logs/read_docs_SPEC.log
proof_bundle/logs/02_batch1_typecheck_20260216T101937Z.log
proof_bundle/logs/recheck_validate_claims_py.log
proof_bundle/logs/001_read_agents.log
proof_bundle/logs/10_ci.log
proof_bundle/logs/15_verify_ci_fixed.log
proof_bundle/logs/025_20260216T120120Z.log
proof_bundle/logs/00_baseline_00.log
proof_bundle/logs/067_status_after__entropy___pycache__.log
proof_bundle/logs/116_artifact_refresh.log
proof_bundle/logs/agent2_validate_traceability.log
proof_bundle/logs/110_lint_pylint.log
proof_bundle/logs/09_repair_round.log
proof_bundle/logs/111_typecheck_mypy.log
proof_bundle/logs/061_class_refscope__tests___pycache__.log
proof_bundle/logs/06_finalize_inputs.log
proof_bundle/logs/00_preflight.log
proof_bundle/logs/revalidate_scan_governed_docs_py.log
proof_bundle/logs/017_20260216T120114Z.log
proof_bundle/logs/claims_ids.log
proof_bundle/logs/revalidate_sync_required_status_contexts_py.log
proof_bundle/logs/109_lint_ruff.log
proof_bundle/logs/051_class_ignore__tests___pycache__.log
proof_bundle/logs/092_remove_counter.log
proof_bundle/logs/file_inventory.log
proof_bundle/logs/pylint_src_bnsyn.log
proof_bundle/logs/mypy_src_strict.log
proof_bundle/logs/step0_files.log
proof_bundle/logs/read_rng.log
proof_bundle/logs/agent.log
proof_bundle/logs/agent2_ruff_check.log
proof_bundle/logs/06_micro_validate_deps.log
proof_bundle/logs/postaudit_recheck_unavailable_20260216T103142Z.log
proof_bundle/logs/08_final_gates.log
proof_bundle/logs/027_class_ignore__experiments___pycache__.log
proof_bundle/logs/006_baseline_python.log
proof_bundle/logs/agent_inventory_generate.log
proof_bundle/logs/python_build_after_fix.log
proof_bundle/logs/python_build.log
proof_bundle/logs/01_make_dev-setup.log
proof_bundle/logs/pytest_targeted_fix.log
proof_bundle/logs/pytest_not_validation_after_fix.log
proof_bundle/logs/read_pyproject.log
proof_bundle/logs/recheck_compare_benchmarks_py.log
proof_bundle/logs/033_class_ignore__entropy___pycache__.log
proof_bundle/logs/05_lock_update.log
proof_bundle/logs/ci_pr_atomic_mid1_snippet.txt
proof_bundle/logs/revalidate_generate_evidence_coverage_py.log
proof_bundle/logs/revalidate_validate_pr_gates_py.log
proof_bundle/logs/119_git_commit.log
proof_bundle/logs/repo_url_probe.log
proof_bundle/logs/042_class_ignore___ruff_cache.log
proof_bundle/logs/read_test_numerics_validation.log
proof_bundle/logs/pip_install_pytest_cov.log
proof_bundle/logs/git_log_recent.log
proof_bundle/logs/read_adex_2.log
proof_bundle/logs/ci_pr_atomic_tail_snippet.txt
proof_bundle/logs/079_status_after__tests___pycache__.log
proof_bundle/logs/inventory_generate.log
proof_bundle/logs/revalidate_orchestrate_throughput_scaling_py.log
proof_bundle/logs/read_conductance.log
proof_bundle/logs/077_status_after___mypy_cache.log
proof_bundle/logs/13_inventory_check_before_fix.log
proof_bundle/logs/009_20260216T120113Z.log
proof_bundle/logs/105_find_noise_files.log
proof_bundle/logs/agent2_pytest_not_validation.log
proof_bundle/logs/013_ls_untracked_ignored.log
proof_bundle/logs/git_status_staged.log
proof_bundle/logs/claims_excerpt.log
proof_bundle/logs/030_class_ignore___pytest_cache.log
proof_bundle/logs/diff_tests_inventory.log
proof_bundle/logs/04_postfix_security_build.log
proof_bundle/logs/19_make_test_after_dependency_install.log
proof_bundle/logs/recheck_validate_claims_coverage_py.log
proof_bundle/logs/064_delete___pytest_cache.log
proof_bundle/logs/05_make_docs.log
proof_bundle/logs/052_class_ref__tests___pycache__.log
proof_bundle/logs/260_20260216T120811Z.log
proof_bundle/logs/nl_MATH_SURFACES.log
proof_bundle/logs/01_scan_static2_20260216T101447Z.log
proof_bundle/logs/009_baseline_ruff_ver.log
proof_bundle/logs/268_20260216T120811Z.log
proof_bundle/logs/034_class_ref__entropy___pycache__.log
proof_bundle/logs/read_docs_math_contracts.log
proof_bundle/logs/114_final_status.log
proof_bundle/logs/102_status_porcelain.log
proof_bundle/logs/261_20260216T120811Z.log
proof_bundle/logs/revalidate_benchmark_sleep_stack_scale_py.log
proof_bundle/logs/revalidate_generate_benchmark_baseline_py.log
proof_bundle/logs/recheck_run_scaled_sleep_stack_py.log
proof_bundle/logs/053_class_refscope__experiments___pycache__.log
proof_bundle/logs/04_fake_tests_scan.log
proof_bundle/logs/004_baseline_branch.log
proof_bundle/logs/recheck_mutation_survivors_summary_py.log
proof_bundle/logs/05_sanity_checks.log
proof_bundle/logs/012_20260216T120113Z.log
proof_bundle/logs/258_20260216T120748Z.log
proof_bundle/logs/agent2_check_internal_links.log
proof_bundle/logs/055_class_refscope__entropy___pycache__.log
proof_bundle/logs/090_generate_index_hashes.log
proof_bundle/logs/pip_install_dev_test_fix.log
proof_bundle/logs/target_docs_before.log
proof_bundle/logs/recheck_verify_equivalence_py.log
proof_bundle/logs/015_20260216T120113Z.log
proof_bundle/logs/revalidate_scan_tierS_misuse_py.log
proof_bundle/logs/agent_manifest_diff.log
proof_bundle/logs/057_class_refscope__tools___pycache__.log
proof_bundle/logs/086_final_status.log
proof_bundle/logs/recheck_lint_ci_truthfulness_py.log
proof_bundle/logs/07_micro_validate_tests.log
proof_bundle/logs/117_final_status.log
proof_bundle/logs/06_tests.log
proof_bundle/logs/agent2_build.log
proof_bundle/logs/002_baseline_git_status.log
proof_bundle/logs/12_validate_status_claims_before_fix.log
proof_bundle/logs/revalidate_validate_required_checks_py.log
proof_bundle/logs/02_docs_ci.log
proof_bundle/logs/02_verify_after_fix.log
proof_bundle/logs/056_class_refscope__benchmarks___pycache__.log
proof_bundle/logs/16_verify_ssot_build_after_sync.log
proof_bundle/logs/16_inventory_check_after_fix.log
proof_bundle/logs/078_delete__tests___pycache__.log
proof_bundle/logs/014_find_cache_dirs.log
proof_bundle/logs/recheck_generate_evidence_coverage_py.log
proof_bundle/logs/read_MATH_SURFACES_before.log
proof_bundle/logs/266_20260216T120811Z.log
proof_bundle/logs/083_post_typecheck_mypy.log
proof_bundle/logs/023_20260216T120120Z.log
proof_bundle/logs/255_20260216T120711Z.log
proof_bundle/logs/rg_pseudo.log
proof_bundle/logs/020_lint_pylint.log
proof_bundle/logs/makefile.log
proof_bundle/logs/revalidate_validate_branch_protection_governance_py.log
proof_bundle/logs/final_lint_20260216T102141Z.log
proof_bundle/logs/013_20260216T120113Z.log
proof_bundle/logs/schemas_files.log
proof_bundle/logs/recheck_validate_branch_protection_governance_py.log
proof_bundle/logs/095_baseline_branch.log
proof_bundle/logs/nl_tests_inventory.log
proof_bundle/logs/recheck_validate_required_status_contexts_py.log
proof_bundle/logs/revalidate_profile_kernels_py.log
proof_bundle/logs/recheck_check_benchmark_regressions_py.log
proof_bundle/logs/nl_test_determinism.log
proof_bundle/logs/final_pylint.log
proof_bundle/logs/024_final_diff.log
proof_bundle/logs/check_coverage_gate_after_fix.log
proof_bundle/logs/recheck_run_benchmarks_py.log
proof_bundle/logs/07_hash_index.log
proof_bundle/logs/13_fix_ci_failures.log
proof_bundle/logs/011_find_agents.log
proof_bundle/logs/11_fix_ci_failures.log
proof_bundle/logs/01_scan_codefocused_20260216T101453Z.log
proof_bundle/logs/05_post_test_state.log
proof_bundle/logs/073_status_after___ruff_cache.log
proof_bundle/logs/revalidate_check_benchmark_regressions_py.log
proof_bundle/logs/scan_governed_docs.log
proof_bundle/logs/263_20260216T120811Z.log
proof_bundle/logs/005_20260216T120112Z.log
proof_bundle/logs/00_baseline_01.log
proof_bundle/logs/270_20260216T120835Z.log
proof_bundle/logs/recheck_sync_required_status_contexts_py.log
proof_bundle/logs/revalidate_benchmark_physics_py.log
proof_bundle/logs/02_make_quickstart-smoke.log
proof_bundle/logs/14_fix_ci_failures_retry.log
proof_bundle/logs/11_repro_ci_failures.log
proof_bundle/logs/01_phrase_scan_scripts_after.log
proof_bundle/logs/108_test_cmd.log
proof_bundle/logs/recheck_validate_bibliography_py.log
proof_bundle/logs/git_commit.log
proof_bundle/logs/11_pytest_readme_contract.log
proof_bundle/logs/revalidate_mutation_survivors_summary_py.log
proof_bundle/logs/read_test_math_invariants.log
proof_bundle/logs/069_status_after__benchmarks___pycache__.log
proof_bundle/logs/054_class_refscope___pytest_cache.log
proof_bundle/logs/doc_diff.log
proof_bundle/logs/python_pytest_cov_not_validation.log
proof_bundle/logs/089_write_artifacts.log
proof_bundle/logs/revalidate_ssot_rules_py.log
proof_bundle/logs/recheck_validate_pr_gates_py.log
proof_bundle/logs/ci_pr_atomic_head_snippet.txt
proof_bundle/logs/read_workflow_contracts.log
proof_bundle/logs/final_typecheck.log
proof_bundle/logs/read_docs_repro.log
proof_bundle/logs/010_20260216T120113Z.log
proof_bundle/logs/031_class_ref___pytest_cache.log
proof_bundle/logs/pytest_cov_after_fix.log
proof_bundle/logs/10_investigate_ci_failures.log
proof_bundle/logs/003_baseline_head.log
proof_bundle/logs/00_baseline_02.log
proof_bundle/logs/07_yaml_parse_fixed.log
proof_bundle/logs/revalidate_lint_ci_truthfulness_py.log
proof_bundle/logs/01_discovery.log
proof_bundle/logs/02_inventory.log
proof_bundle/logs/088_final_verify_noise_absent.log
proof_bundle/logs/02_batch1_lint_20260216T101859Z.log
proof_bundle/logs/agent_manifest_generate.log
proof_bundle/logs/08_make_test_post_changes.log
proof_bundle/logs/read_adex.log
proof_bundle/logs/272_20260216T121009Z.log
proof_bundle/logs/recheck_validate_workflow_contracts_py.log
proof_bundle/logs/040_class_ref__tools___pycache__.log
proof_bundle/logs/256_20260216T120742Z.log
proof_bundle/logs/git_status_before_stage_fix2.log
proof_bundle/logs/014_20260216T120113Z.log
proof_bundle/logs/271_20260216T120955Z.log
proof_bundle/logs/agent2_pylint.log
proof_bundle/logs/081_post_lint_ruff.log
proof_bundle/logs/249_20260216T120236Z.log
proof_bundle/logs/rg_files.log
proof_bundle/logs/019_20260216T120114Z.log
proof_bundle/logs/03_create_env.log
proof_bundle/logs/269_20260216T120811Z.log
proof_bundle/logs/016_20260216T120113Z.log
proof_bundle/logs/recheck_benchmark_sleep_stack_scale_py.log
proof_bundle/logs/00_baseline_04.log
proof_bundle/logs/001_20260216T120112Z.log
proof_bundle/logs/008_20260216T120113Z.log
proof_bundle/logs/read_test_numerics_integrators.log
proof_bundle/logs/pip_install_build.log
proof_bundle/logs/mypy_after_fix.log
proof_bundle/logs/git_status_staged_fix2.log
proof_bundle/logs/final_lint.log
proof_bundle/logs/12_final_repair.log
proof_bundle/logs/claims_governance_excerpt.log
proof_bundle/logs/revalidate_validate_workflow_contracts_py.log
proof_bundle/logs/048_class_ignore___mypy_cache.log
proof_bundle/logs/04b_make_check_after_gitleaks.log
proof_bundle/logs/02_batch1_tests_20260216T101710Z.log
proof_bundle/logs/pip_install_pyyaml.log
proof_bundle/logs/pip_install_build_after_fix.log
proof_bundle/logs/agent_inventory_check.log
proof_bundle/logs/recheck_rebuild_sources_lock_py.log
proof_bundle/logs/045_class_ignore__scripts___pycache__.log
proof_bundle/logs/discover_public_surfaces_check.log
proof_bundle/logs/02_batch1_install_20260216T101640Z.log
proof_bundle/logs/062_delete__experiments___pycache__.log
proof_bundle/logs/01_scan_placeholders_20260216T101503Z.log
proof_bundle/logs/098_baseline_pip.log
proof_bundle/logs/ci_pr_atomic_mid2_snippet.txt
proof_bundle/logs/02_batch1_tests_20260216T101628Z.log
proof_bundle/logs/revalidate_run_benchmarks_py.log
proof_bundle/logs/git_remote.log
proof_bundle/logs/agent_install_missing_tools.log
proof_bundle/logs/018_20260216T120114Z.log
proof_bundle/logs/262_20260216T120811Z.log
proof_bundle/logs/087_final_delete_noise.log
proof_bundle/logs/pytest_not_validation.log
proof_bundle/logs/05_quickstart.log
proof_bundle/logs/agent2_mypy.log
proof_bundle/logs/022_build_cmd.log
proof_bundle/logs/00_baseline.log
proof_bundle/logs/read_docs_math_provenance.log
proof_bundle/logs/259_20260216T120811Z.log
proof_bundle/logs/revalidate_compare_benchmarks_py.log
proof_bundle/logs/035_class_track__benchmarks___pycache__.log
proof_bundle/logs/10_make_docs_post_changes.log
proof_bundle/logs/004_20260216T120112Z.log
proof_bundle/logs/03_new_user_path.log
proof_bundle/logs/recheck_scan_normative_tags_py.log
proof_bundle/logs/005_baseline_remote.log
proof_bundle/logs/000_prelude.log
proof_bundle/logs/revalidate_run_scaled_sleep_stack_py.log
proof_bundle/logs/revalidate_scan_normative_tags_py.log
proof_bundle/logs/017_dryrun_clean_all.log
proof_bundle/logs/generate_inventory_run.log
proof_bundle/logs/check_internal_links_script.log
proof_bundle/logs/read_network_3.log
proof_bundle/logs/020_20260216T120114Z.log
proof_bundle/logs/026_20260216T120133Z.log
proof_bundle/logs/03_security_recheck.log
proof_bundle/logs/060_class_refscope___mypy_cache.log
proof_bundle/logs/17_verify_ssot_with_synced_manifest.log
proof_bundle/logs/107_dryrun_clean_all.log
proof_bundle/logs/06_yaml_parse.log
proof_bundle/logs/rg_noise.log
proof_bundle/logs/01_repo_scale_20260216T101623Z.log
proof_bundle/logs/252_20260216T120448Z.log
proof_bundle/logs/list_math_tests.log
proof_bundle/logs/074_delete__scripts___pycache__.log
proof_bundle/logs/08_docs.log
proof_bundle/logs/04_verification.log
proof_bundle/logs/044_class_track__scripts___pycache__.log
proof_bundle/logs/02_batch1_lint_pylint_20260216T101902Z.log
proof_bundle/logs/read_integrators_after.log
proof_bundle/logs/071_status_after__tools___pycache__.log
proof_bundle/logs/029_class_track___pytest_cache.log
proof_bundle/logs/257_20260216T120748Z.log
proof_bundle/logs/revalidate_audit_spec_implementation_py.log
proof_bundle/logs/final_typecheck_20260216T102217Z.log
proof_bundle/logs/07_build.log
proof_bundle/logs/06_pytest_not_validation_vv.log
proof_bundle/logs/ruff_check_after_fix.log
proof_bundle/logs/010_baseline_mypy_ver.log
proof_bundle/logs/revalidate__audit_metrics_pr40_py.log
proof_bundle/logs/063_status_after__experiments___pycache__.log
proof_bundle/logs/ruff_check.log
proof_bundle/logs/github_refs.log
proof_bundle/logs/recheck_orchestrate_throughput_scaling_py.log
proof_bundle/logs/106_dryrun_clean_ignored.log
proof_bundle/logs/047_class_track___mypy_cache.log
proof_bundle/logs/read_network.log
proof_bundle/logs/session.log
proof_bundle/logs/17_make_test_after_status_inventory_fix.log
proof_bundle/logs/recheck_ssot_rules_py.log
proof_bundle/logs/085_final_check_top_noise.log
proof_bundle/logs/043_class_ref___ruff_cache.log
proof_bundle/logs/18_fix_lock_py311.log
proof_bundle/logs/01_scan_static_20260216T101440Z.log
proof_bundle/logs/inventory_head.log
proof_bundle/logs/revalidate_verify_equivalence_py.log
proof_bundle/logs/revalidate_rebuild_sources_lock_py.log
proof_bundle/logs/readme_status_block.log
proof_bundle/logs/recheck_visualize_experiment_py.log
proof_bundle/logs/pytest_cov_not_validation.log
proof_bundle/logs/002_20260216T120112Z.log
proof_bundle/logs/019_lint_ruff.log
proof_bundle/logs/12_ssot_repro.log
proof_bundle/logs/09_make_check_post_changes.log
proof_bundle/logs/revalidate_visualize_experiment_py.log
proof_bundle/logs/agent_inventory_check_after.log
proof_bundle/logs/006_20260216T120112Z.log
proof_bundle/logs/099_baseline_pytest_ver.log
proof_bundle/logs/250_20260216T120237Z.log
proof_bundle/logs/revalidate_validate_bibliography_py.log
proof_bundle/logs/093_baseline_git_status.log
proof_bundle/logs/revalidate_validate_required_status_contexts_py.log
proof_bundle/logs/046_class_ref__scripts___pycache__.log
proof_bundle/logs/18_pip_install_dev_test_after_env_error.log
proof_bundle/logs/248_20260216T120209Z.log
proof_bundle/logs/103_ls_untracked_ignored.log
proof_bundle/logs/112_build_cmd.log
proof_bundle/logs/253_20260216T120524Z.log
proof_bundle/logs/read_network_2.log
proof_bundle/logs/pylint_after_fix.log
proof_bundle/logs/068_delete__benchmarks___pycache__.log
proof_bundle/logs/026_class_track__experiments___pycache__.log
proof_bundle/logs/080_post_test_cmd.log
proof_bundle/logs/recheck_benchmark_production_py.log
proof_bundle/logs/final_tests_20260216T101956Z.log
proof_bundle/logs/01_preflight.log
proof_bundle/logs/082_post_lint_pylint.log
proof_bundle/logs/read_integrators.log
proof_bundle/logs/docs_adr_files.log
proof_bundle/logs/101_baseline_mypy_ver.log
proof_bundle/logs/115_cleanup_temp_logs.log
proof_bundle/logs/066_delete__entropy___pycache__.log
proof_bundle/logs/007_20260216T120113Z.log
proof_bundle/logs/generate_inventory_check_final.log
