$ . .venv_wheel/bin/activate && python -m pip install dist/bnsyn-0.2.0-py3-none-any.whl
Processing ./dist/bnsyn-0.2.0-py3-none-any.whl
Collecting numpy==2.4.1 (from bnsyn==0.2.0)
  Using cached numpy-2.4.1-cp312-cp312-manylinux_2_27_x86_64.manylinux_2_28_x86_64.whl.metadata (6.6 kB)
Collecting pydantic==2.12.5 (from bnsyn==0.2.0)
  Using cached pydantic-2.12.5-py3-none-any.whl.metadata (90 kB)
Collecting scipy==1.17.0 (from bnsyn==0.2.0)
  Using cached scipy-1.17.0-cp312-cp312-manylinux_2_27_x86_64.manylinux_2_28_x86_64.whl.metadata (62 kB)
Collecting jsonschema==4.26.0 (from bnsyn==0.2.0)
  Using cached jsonschema-4.26.0-py3-none-any.whl.metadata (7.6 kB)
Collecting joblib==1.4.2 (from bnsyn==0.2.0)
  Using cached joblib-1.4.2-py3-none-any.whl.metadata (5.4 kB)
Collecting pyyaml==6.0.3 (from bnsyn==0.2.0)
  Using cached pyyaml-6.0.3-cp312-cp312-manylinux2014_x86_64.manylinux_2_17_x86_64.manylinux_2_28_x86_64.whl.metadata (2.4 kB)
Collecting attrs>=22.2.0 (from jsonschema==4.26.0->bnsyn==0.2.0)
  Using cached attrs-25.4.0-py3-none-any.whl.metadata (10 kB)
Collecting jsonschema-specifications>=2023.03.6 (from jsonschema==4.26.0->bnsyn==0.2.0)
  Using cached jsonschema_specifications-2025.9.1-py3-none-any.whl.metadata (2.9 kB)
Collecting referencing>=0.28.4 (from jsonschema==4.26.0->bnsyn==0.2.0)
  Using cached referencing-0.37.0-py3-none-any.whl.metadata (2.8 kB)
Collecting rpds-py>=0.25.0 (from jsonschema==4.26.0->bnsyn==0.2.0)
  Using cached rpds_py-0.30.0-cp312-cp312-manylinux_2_17_x86_64.manylinux2014_x86_64.whl.metadata (4.1 kB)
Collecting annotated-types>=0.6.0 (from pydantic==2.12.5->bnsyn==0.2.0)
  Using cached annotated_types-0.7.0-py3-none-any.whl.metadata (15 kB)
Collecting pydantic-core==2.41.5 (from pydantic==2.12.5->bnsyn==0.2.0)
  Using cached pydantic_core-2.41.5-cp312-cp312-manylinux_2_17_x86_64.manylinux2014_x86_64.whl.metadata (7.3 kB)
Collecting typing-extensions>=4.14.1 (from pydantic==2.12.5->bnsyn==0.2.0)
  Using cached typing_extensions-4.15.0-py3-none-any.whl.metadata (3.3 kB)
Collecting typing-inspection>=0.4.2 (from pydantic==2.12.5->bnsyn==0.2.0)
  Using cached typing_inspection-0.4.2-py3-none-any.whl.metadata (2.6 kB)
Using cached joblib-1.4.2-py3-none-any.whl (301 kB)
Using cached jsonschema-4.26.0-py3-none-any.whl (90 kB)
Using cached numpy-2.4.1-cp312-cp312-manylinux_2_27_x86_64.manylinux_2_28_x86_64.whl (16.4 MB)
Using cached pydantic-2.12.5-py3-none-any.whl (463 kB)
Using cached pydantic_core-2.41.5-cp312-cp312-manylinux_2_17_x86_64.manylinux2014_x86_64.whl (2.1 MB)
Using cached pyyaml-6.0.3-cp312-cp312-manylinux2014_x86_64.manylinux_2_17_x86_64.manylinux_2_28_x86_64.whl (807 kB)
Using cached scipy-1.17.0-cp312-cp312-manylinux_2_27_x86_64.manylinux_2_28_x86_64.whl (35.0 MB)
Using cached annotated_types-0.7.0-py3-none-any.whl (13 kB)
Using cached attrs-25.4.0-py3-none-any.whl (67 kB)
Using cached jsonschema_specifications-2025.9.1-py3-none-any.whl (18 kB)
Using cached referencing-0.37.0-py3-none-any.whl (26 kB)
Using cached rpds_py-0.30.0-cp312-cp312-manylinux_2_17_x86_64.manylinux2014_x86_64.whl (394 kB)
Using cached typing_extensions-4.15.0-py3-none-any.whl (44 kB)
Using cached typing_inspection-0.4.2-py3-none-any.whl (14 kB)
Installing collected packages: typing-extensions, rpds-py, pyyaml, numpy, joblib, attrs, annotated-types, typing-inspection, scipy, referencing, pydantic-core, pydantic, jsonschema-specifications, jsonschema, bnsyn

Successfully installed annotated-types-0.7.0 attrs-25.4.0 bnsyn-0.2.0 joblib-1.4.2 jsonschema-4.26.0 jsonschema-specifications-2025.9.1 numpy-2.4.1 pydantic-2.12.5 pydantic-core-2.41.5 pyyaml-6.0.3 referencing-0.37.0 rpds-py-0.30.0 scipy-1.17.0 typing-extensions-4.15.0 typing-inspection-0.4.2
