$ . .venv_step1/bin/activate && python -m pip install -e .
Obtaining file:///workspace/bnsyn-phase-controlled-emergent-dynamics
  Installing build dependencies: started
  Installing build dependencies: finished with status 'done'
  Checking if build backend supports build_editable: started
  Checking if build backend supports build_editable: finished with status 'done'
  Getting requirements to build editable: started
  Getting requirements to build editable: finished with status 'done'
  Preparing editable metadata (pyproject.toml): started
  Preparing editable metadata (pyproject.toml): finished with status 'done'
Collecting numpy==2.4.1 (from bnsyn==0.2.0)
  Downloading numpy-2.4.1-cp312-cp312-manylinux_2_27_x86_64.manylinux_2_28_x86_64.whl.metadata (6.6 kB)
Collecting pydantic==2.12.5 (from bnsyn==0.2.0)
  Downloading pydantic-2.12.5-py3-none-any.whl.metadata (90 kB)
Collecting scipy==1.17.0 (from bnsyn==0.2.0)
  Downloading scipy-1.17.0-cp312-cp312-manylinux_2_27_x86_64.manylinux_2_28_x86_64.whl.metadata (62 kB)
Collecting jsonschema==4.26.0 (from bnsyn==0.2.0)
  Downloading jsonschema-4.26.0-py3-none-any.whl.metadata (7.6 kB)
Collecting joblib==1.4.2 (from bnsyn==0.2.0)
  Downloading joblib-1.4.2-py3-none-any.whl.metadata (5.4 kB)
Collecting pyyaml==6.0.3 (from bnsyn==0.2.0)
  Downloading pyyaml-6.0.3-cp312-cp312-manylinux2014_x86_64.manylinux_2_17_x86_64.manylinux_2_28_x86_64.whl.metadata (2.4 kB)
Collecting attrs>=22.2.0 (from jsonschema==4.26.0->bnsyn==0.2.0)
  Downloading attrs-25.4.0-py3-none-any.whl.metadata (10 kB)
Collecting jsonschema-specifications>=2023.03.6 (from jsonschema==4.26.0->bnsyn==0.2.0)
  Downloading jsonschema_specifications-2025.9.1-py3-none-any.whl.metadata (2.9 kB)
Collecting referencing>=0.28.4 (from jsonschema==4.26.0->bnsyn==0.2.0)
  Downloading referencing-0.37.0-py3-none-any.whl.metadata (2.8 kB)
Collecting rpds-py>=0.25.0 (from jsonschema==4.26.0->bnsyn==0.2.0)
  Downloading rpds_py-0.30.0-cp312-cp312-manylinux_2_17_x86_64.manylinux2014_x86_64.whl.metadata (4.1 kB)
Collecting annotated-types>=0.6.0 (from pydantic==2.12.5->bnsyn==0.2.0)
  Downloading annotated_types-0.7.0-py3-none-any.whl.metadata (15 kB)
Collecting pydantic-core==2.41.5 (from pydantic==2.12.5->bnsyn==0.2.0)
  Downloading pydantic_core-2.41.5-cp312-cp312-manylinux_2_17_x86_64.manylinux2014_x86_64.whl.metadata (7.3 kB)
Collecting typing-extensions>=4.14.1 (from pydantic==2.12.5->bnsyn==0.2.0)
  Downloading typing_extensions-4.15.0-py3-none-any.whl.metadata (3.3 kB)
Collecting typing-inspection>=0.4.2 (from pydantic==2.12.5->bnsyn==0.2.0)
  Downloading typing_inspection-0.4.2-py3-none-any.whl.metadata (2.6 kB)
Downloading joblib-1.4.2-py3-none-any.whl (301 kB)
Downloading jsonschema-4.26.0-py3-none-any.whl (90 kB)
Downloading numpy-2.4.1-cp312-cp312-manylinux_2_27_x86_64.manylinux_2_28_x86_64.whl (16.4 MB)
   ━━━━━━━━━━━━━━━━━━━━━━━━━━━━━━━━━━━━━━━━ 16.4/16.4 MB 44.8 MB/s  0:00:00
Downloading pydantic-2.12.5-py3-none-any.whl (463 kB)
Downloading pydantic_core-2.41.5-cp312-cp312-manylinux_2_17_x86_64.manylinux2014_x86_64.whl (2.1 MB)
   ━━━━━━━━━━━━━━━━━━━━━━━━━━━━━━━━━━━━━━━━ 2.1/2.1 MB 33.9 MB/s  0:00:00
Downloading pyyaml-6.0.3-cp312-cp312-manylinux2014_x86_64.manylinux_2_17_x86_64.manylinux_2_28_x86_64.whl (807 kB)
   ━━━━━━━━━━━━━━━━━━━━━━━━━━━━━━━━━━━━━━━━ 807.9/807.9 kB 59.4 MB/s  0:00:00
Downloading scipy-1.17.0-cp312-cp312-manylinux_2_27_x86_64.manylinux_2_28_x86_64.whl (35.0 MB)
   ━━━━━━━━━━━━━━━━━━━━━━━━━━━━━━━━━━━━━━━━ 35.0/35.0 MB 41.6 MB/s  0:00:00
Downloading annotated_types-0.7.0-py3-none-any.whl (13 kB)
Downloading attrs-25.4.0-py3-none-any.whl (67 kB)
Downloading jsonschema_specifications-2025.9.1-py3-none-any.whl (18 kB)
Downloading referencing-0.37.0-py3-none-any.whl (26 kB)
Downloading rpds_py-0.30.0-cp312-cp312-manylinux_2_17_x86_64.manylinux2014_x86_64.whl (394 kB)
Downloading typing_extensions-4.15.0-py3-none-any.whl (44 kB)
Downloading typing_inspection-0.4.2-py3-none-any.whl (14 kB)
Building wheels for collected packages: bnsyn
  Building editable for bnsyn (pyproject.toml): started
  Building editable for bnsyn (pyproject.toml): finished with status 'done'
  Created wheel for bnsyn: filename=bnsyn-0.2.0-0.editable-py3-none-any.whl size=4146 sha256=c1c0a3f68cef653a8bfdd7e759f38645c6d97c4e52df6ebe0917692545579191
  Stored in directory: /tmp/pip-ephem-wheel-cache-h1l__98p/wheels/b6/1a/09/a1d36e07ea304f8c95ab88d866597d5b760d5b91c4e13d9643
Successfully built bnsyn
Installing collected packages: typing-extensions, rpds-py, pyyaml, numpy, joblib, attrs, annotated-types, typing-inspection, scipy, referencing, pydantic-core, pydantic, jsonschema-specifications, jsonschema, bnsyn

Successfully installed annotated-types-0.7.0 attrs-25.4.0 bnsyn-0.2.0 joblib-1.4.2 jsonschema-4.26.0 jsonschema-specifications-2025.9.1 numpy-2.4.1 pydantic-2.12.5 pydantic-core-2.41.5 pyyaml-6.0.3 referencing-0.37.0 rpds-py-0.30.0 scipy-1.17.0 typing-extensions-4.15.0 typing-inspection-0.4.2
