$ sed -n "430,490p" .github/workflows/ci-pr-atomic.yml
        uses: ./.github/actions/pin-pip
      - name: Log pip version
        run: python -m pip --version
      - run: python -m pip install -e ".[dev,test]"
      - run: python -m scripts.validate_bibliography
      - run: python -m scripts.validate_claims
      - run: python -m scripts.scan_governed_docs
      - run: python -m scripts.scan_normative_tags
      - run: python -m scripts.validate_api_maturity
      - run: python -m scripts.validate_status_claims
      - run: make api-contract
      - run: python -m tools.manifest generate
      - run: python -m tools.manifest validate
      - name: Verify manifest artifacts are in sync
        run: |
          if ! git diff --exit-code -- .github/REPO_MANIFEST.md manifest/repo_manifest.computed.json; then
            echo "::error::.github/REPO_MANIFEST.md and/or manifest/repo_manifest.computed.json are out of date. Run: python -m tools.manifest generate && git add .github/REPO_MANIFEST.md manifest/repo_manifest.computed.json"
            git --no-pager diff -- .github/REPO_MANIFEST.md manifest/repo_manifest.computed.json
            exit 1
          fi

  security:
    runs-on: ubuntu-latest
    permissions:
      contents: read
    timeout-minutes: 20
    steps:
      - uses: actions/checkout@34e114876b0b11c390a56381ad16ebd13914f8d5
        with:
          fetch-depth: 0
      - uses: actions/setup-python@a26af69be951a213d495a4c3e4e4022e16d87065
        with:
          python-version: ${{ inputs['python-version'] || '3.11' }}
          cache: "pip"
          cache-dependency-path: |
            pyproject.toml
            requirements-lock.txt
      - name: Pin pip
        uses: ./.github/actions/pin-pip
      - name: Log pip version
        run: python -m pip --version
      - run: python -m pip install -e ".[dev,test]"
      - name: gitleaks
        run: make security
      - name: pip-audit
        run: |
          mkdir -p artifacts
          pip-audit --desc --format json --output artifacts/pip-audit.json
      - name: bandit
        run: bandit -r src/ -ll
      - uses: actions/upload-artifact@ea165f8d65b6e75b540449e92b4886f43607fa02
        if: always()
        with:
          name: security-report-${{ github.sha }}
          path: artifacts/pip-audit.json
          if-no-files-found: ignore
          retention-days: 30

  codeql-pr:
    if: >-
      github.event_name == 'pull_request' &&
