$ pwd
/workspace/bnsyn-phase-controlled-emergent-dynamics
[exit:0]
$ ls -1
AGENTS.md
ARCH_ASSESSMENT.md
BENCHMARK_PROTOCOL.md
CALIBRATION_REPORT.json
CALIBRATION_SUMMARY.md
CHANGELOG.md
CHANGESET_PLAN.yaml
CITATION.cff
CODEBASE_READINESS.md
CONTRIBUTING.md
DECISION_MEMO.md
DOC_CHANGELOG.md
Dockerfile
EVIDENCE_INDEX.md
EXECUTION_PLAN.md
EXEC_SUMMARY.md
FINAL_REPORT.md
GAP_TABLE.md
GOVERNANCE_VERIFICATION_REPORT.md
HARDENING_SUMMARY.md
IMPLEMENTATION_SUMMARY.md
INVENTORY.json
LICENSE
Makefile
PROOF_BUNDLE
PR_DESCRIPTION.md
PR_DESCRIPTION_EVIDENCE.md
PR_FINAL_DESCRIPTION.md
PR_READY_CHECKLIST.md
README.md
README_CLAIMS_GATE.md
RISK_REGISTER.md
SECURITY.md
VERIFICATION_REPORT.md
acceptance_map.yaml
artifacts
assessment_logs
attack_paths_graph.json
audit_reproducibility.json
audit_suite_report.json
benchmarks
bibliography
calibration_pack
claims
docker-compose.yml
docs
entropy
evidence
examples
executive_summary.md
experiments
figures
manifest
noise_cleanup_manifest.json
noise_cleanup_report.md
plan.md
proof_bundle
pseudostructure_inventory.json
pyproject.toml
quality
readiness_report.json
readiness_summary.md
reports
requirements-lock.txt
results
schemas
scripts
specs
src
tests
tests_inventory.json
tools
worklist.json
[exit:0]
$ bash -lc ls pyproject.toml setup.cfg requirements*.txt 2>/dev/null || true
pyproject.toml
requirements-lock.txt
[exit:0]
$ test -f Makefile
[exit:0]
$ bash -lc find scripts -maxdepth 2 -type f | sort
scripts/README.md
scripts/__init__.py
scripts/_audit_metrics_pr40.py
scripts/audit_spec_implementation.py
scripts/bench_ci_smoke.py
scripts/benchmark_physics.py
scripts/benchmark_production.py
scripts/benchmark_sleep_stack_scale.py
scripts/build_readiness_artifacts.py
scripts/build_wheelhouse.py
scripts/calculate_throughput_gain.py
scripts/check_api_contract.py
scripts/check_benchmark_regressions.py
scripts/check_coverage_gate.py
scripts/check_internal_links.py
scripts/check_mermaid_syntax.py
scripts/check_mutation_score.py
scripts/check_quickstart_consistency.py
scripts/collect_ci_run_urls.py
scripts/compare_benchmarks.py
scripts/discover_public_surfaces.py
scripts/generate_benchmark_baseline.py
scripts/generate_coverage_baseline.py
scripts/generate_coverage_trend.py
scripts/generate_evidence_coverage.py
scripts/generate_math_data.py
scripts/generate_mutation_baseline.py
scripts/generate_tests_inventory.py
scripts/intelligence_cycle.py
scripts/lint_ci_truthfulness.py
scripts/math_validate.py
scripts/mutation_ci_summary.py
scripts/mutation_counts.py
scripts/mutation_survivors_summary.py
scripts/orchestrate_throughput_scaling.py
scripts/pre-push.sh
scripts/profile_kernels.py
scripts/rebuild_sources_lock.py
scripts/release_pipeline.py
scripts/release_readiness.py
scripts/render_workflow_policy_docs.py
scripts/run_benchmarks.py
scripts/run_mutation_pipeline.py
scripts/run_quickstart_demo.py
scripts/run_scaled_sleep_stack.py
scripts/scan_governed_docs.py
scripts/scan_normative_tags.py
scripts/scan_placeholders.py
scripts/scan_tierS_misuse.py
scripts/ssot_rules.py
scripts/sync_required_status_contexts.py
scripts/track_quality.py
scripts/validate_api_maturity.py
scripts/validate_bibliography.py
scripts/validate_branch_protection_governance.py
scripts/validate_calibration_summary.py
scripts/validate_changed_paths.py
scripts/validate_claims.py
scripts/validate_claims_coverage.py
scripts/validate_codebase_readiness_audit.py
scripts/validate_deps_against_imports.py
scripts/validate_docs_testing_sync.py
scripts/validate_long_running_triggers.py
scripts/validate_mutation_baseline.py
scripts/validate_pr_gates.py
scripts/validate_quickstart_contract.py
scripts/validate_required_checks.py
scripts/validate_required_status_contexts.py
scripts/validate_status_claims.py
scripts/validate_svg.py
scripts/validate_synthetic_claims.py
scripts/validate_test_integrity.py
scripts/validate_traceability.py
scripts/validate_trifix_invariants.py
scripts/validate_workflow_contracts.py
scripts/verify_equivalence.py
scripts/verify_formal_constants.py
scripts/verify_reproducible_artifacts.py
scripts/visualize_experiment.py
scripts/yaml_contracts.py
[exit:0]
$ bash -lc rg -n "\[project\.scripts\]|entry_points|console_scripts|\[project\]" pyproject.toml
1:[project]
70:[project.scripts]
[exit:0]
$ bash -lc find tests -maxdepth 2 -type f | sort | head -n 200
tests/__init__.py
tests/benchmarks/test_regression.py
tests/conftest.py
tests/properties/__init__.py
tests/properties/conftest.py
tests/properties/test_adex_properties.py
tests/properties/test_hypothesis_profiles.py
tests/properties/test_manifest_tooling_properties.py
tests/properties/test_properties_bnsyn.py
tests/properties/test_properties_determinism.py
tests/properties/test_validation_inputs_properties.py
tests/test_actions_pinning.py
tests/test_adex_smoke.py
tests/test_api_contract_command.py
tests/test_api_contract_semver.py
tests/test_api_maturity.py
tests/test_api_surface_reexports.py
tests/test_attractor_crystallizer.py
tests/test_audit_suite_artifacts.py
tests/test_benchmark_regression_gate.py
tests/test_benchmarks_smoke.py
tests/test_calibration_accuracy_speed.py
tests/test_calibration_fit_edge.py
tests/test_calibration_smoke.py
tests/test_check_internal_links.py
tests/test_claims_enforcement.py
tests/test_cli_interactive.py
tests/test_cli_sleep_stack_backend_and_N_unit.py
tests/test_cli_sleep_stack_branches.py
tests/test_cli_sleep_stack_figure.py
tests/test_cli_smoke.py
tests/test_cli_unit.py
tests/test_cli_versioning.py
tests/test_connectivity_sparse.py
tests/test_consolidation_smoke.py
tests/test_coverage_gap_extensions.py
tests/test_coverage_gate.py
tests/test_coverage_paths.py
tests/test_criticality_analysis_edge.py
tests/test_criticality_smoke.py
tests/test_crystallizer_edge_cases.py
tests/test_determinism.py
tests/test_dt_invariance.py
tests/test_edge_cases_adex.py
tests/test_edge_cases_criticality.py
tests/test_edge_cases_synapse.py
tests/test_edge_cases_temperature.py
tests/test_energy_smoke.py
tests/test_entropy_artifacts_guard.py
tests/test_entropy_gate.py
tests/test_experiment_manifest.py
tests/test_experiments_declarative.py
tests/test_experiments_temperature_ablation.py
tests/test_faults.py
tests/test_generate_coverage_trend.py
tests/test_generate_inventory.py
tests/test_imports.py
tests/test_incremental_cache.py
tests/test_integration_examples.py
tests/test_integration_experiment_flow.py
tests/test_intelligence_cycle.py
tests/test_interactive_smoke.py
tests/test_jax_backend.py
tests/test_manifest_builder.py
tests/test_manifest_consistency.py
tests/test_manifest_tooling.py
tests/test_manifest_tooling_regression.py
tests/test_manifest_tools.py
tests/test_math_core_hardening.py
tests/test_math_invariants.py
tests/test_memory.py
tests/test_memory_consolidator.py
tests/test_memory_ledger_unit.py
tests/test_memory_trace_unit.py
tests/test_mutation_ci_summary_contract.py
tests/test_mutation_counts_contract.py
tests/test_mutation_killers.py
tests/test_mutation_run_pipeline_contract.py
tests/test_mutation_survivors_summary.py
tests/test_network_allocation_buffers.py
tests/test_network_external_input.py
tests/test_network_smoke.py
tests/test_network_validation_edges.py
tests/test_neuron_adex_validation.py
tests/test_no_escape_tripwires.py
tests/test_performance.py
tests/test_phase_transition.py
tests/test_phase_transition_detector.py
tests/test_plasticity_smoke.py
tests/test_plasticity_three_factor_edge.py
tests/test_pr_description_policy_template.py
tests/test_pr_description_policy_workflow.py
tests/test_principal_test_hardening.py
tests/test_production_adex_spike.py
tests/test_provenance_manifest.py
tests/test_pytest_collection_contract.py
tests/test_quickstart_consistency_script.py
tests/test_quickstart_contract.py
tests/test_quickstart_contract_validator.py
tests/test_readiness_artifact_schemas.py
tests/test_readme_quickstart_contract.py
tests/test_release_pipeline.py
tests/test_release_readiness.py
tests/test_run_simulation_external_current.py
tests/test_run_simulation_validation.py
tests/test_scan_governed_docs_script.py
tests/test_scan_placeholders.py
tests/test_schema_contracts.py
tests/test_schema_experiment_contracts.py
tests/test_sleep_cycle.py
tests/test_sleep_cycle_integration.py
tests/test_sleep_replay.py
tests/test_sleep_stage_validation.py
tests/test_spec_mapping_guard.py
tests/test_synapse_conductance_edge.py
tests/test_synapse_smoke.py
tests/test_sync_required_status_contexts.py
tests/test_temperature_smoke.py
tests/test_tla_invariants_guard.py
tests/test_tools_benchmark_sleep_stack_scale_unit.py
tests/test_tools_run_scaled_sleep_stack_unit.py
tests/test_tools_scaled_sleep_stack_smoke.py
tests/test_update_manifest_tools.py
tests/test_validate_bibliography_script.py
tests/test_validate_calibration_summary.py
tests/test_validate_codebase_readiness_audit.py
tests/test_validate_long_running_triggers.py
tests/test_validate_pr_gates.py
tests/test_validate_required_checks.py
tests/test_validate_status_claims.py
tests/test_validate_workflow_contracts.py
tests/test_validation_inputs.py
tests/test_vcg_invariants_guard.py
tests/test_vcg_smoke.py
tests/test_vcg_validation.py
tests/test_verify_reproducible_artifacts.py
tests/test_viz_interactive.py
tests/test_viz_interactive_main.py
tests/test_viz_optional_import.py
tests/test_viz_smoke_coverage.py
tests/test_wheelhouse_tools.py
tests/tolerances.py
tests/validation/__init__.py
tests/validation/test_adex_validation.py
tests/validation/test_calibration_validation.py
tests/validation/test_chaos_integration.py
tests/validation/test_chaos_io.py
tests/validation/test_chaos_numeric.py
tests/validation/test_chaos_stochastic.py
tests/validation/test_chaos_timing.py
tests/validation/test_claims_validation.py
tests/validation/test_cli_validation.py
tests/validation/test_consolidation_validation.py
tests/validation/test_criticality_validation.py
tests/validation/test_crystallizer_real.py
tests/validation/test_determinism_validation.py
tests/validation/test_energy_validation.py
tests/validation/test_experiments_temperature_ablation_stats.py
tests/validation/test_integration_validation.py
tests/validation/test_largeN_validation.py
tests/validation/test_memory_validation.py
tests/validation/test_network_validation.py
tests/validation/test_numerics_validation.py
tests/validation/test_plasticity_validation.py
tests/validation/test_production_properties.py
tests/validation/test_sleep_cycle_long.py
tests/validation/test_sleep_stack_effectiveness.py
tests/validation/test_synapse_validation.py
tests/validation/test_temperature_validation.py
tests/validation/test_validation.py
tests/validation/test_verify_hypothesis_v2.py
tests/validation/test_viz_dashboard.py
[exit:0]
$ bash -lc rg -n "markers|\[tool.pytest.ini_options\]" pyproject.toml
80:[tool.pytest.ini_options]
81:addopts = "-q --strict-markers"
83:markers = [
[exit:0]
$ bash -lc find docs -maxdepth 2 -type f | sort | head -n 200
docs/ACTIONS_TEST_PROTOCOL.md
docs/API_CONTRACT.md
docs/API_STABILITY.md
docs/ARCHITECTURE.md
docs/ARCHITECTURE_INVARIANTS.md
docs/ASSUMPTIONS.md
docs/AUDIT_FINDINGS.md
docs/AUDIT_LEDGER.md
docs/AUDIT_TASKS_2026-02-15.md
docs/BENCHMARKS.md
docs/BENCHMARK_MAP.md
docs/BIBLIOGRAPHY.md
docs/BUILD_DOCS.md
docs/CI_BATTLE_USAGE_AUDIT_2026-02-07.md
docs/CI_GATES.md
docs/COMPONENT_AUDIT.md
docs/CONFERENCE_RUNBOOK.md
docs/CONSTITUTIONAL_AUDIT.md
docs/CRITICALITY_CONTROL_VS_MEASUREMENT.md
docs/DEMO.md
docs/DETERMINISM.md
docs/DOCUMENTATION_FORMALIZATION.md
docs/DOC_DEBT.md
docs/ENFORCEMENT_MATRIX.md
docs/ENTROPY_LEDGER.md
docs/EVIDENCE_COVERAGE.md
docs/GOVERNANCE.md
docs/HYPOTHESIS.md
docs/INDEX.md
docs/INPUTS.md
docs/INTEGRATION.md
docs/INVENTORY.md
docs/LEGENDARY_QUICKSTART.md
docs/MAINTENANCE.md
docs/MODULE_RESPONSIBILITY_MATRIX.md
docs/MUTATION_GATE.md
docs/NORMATIVE_LABELING.md
docs/PERFORMANCE.md
docs/PERFORMANCE_REPORT.md
docs/PHYSICAL_VALIDITY.md
docs/PLACEHOLDER_BASELINE_CYCLE0.md
docs/PLACEHOLDER_REGISTRY.md
docs/PR40_EVIDENCE_REPORT.md
docs/PROJECT_SURFACES.md
docs/PR_AUTOMATION_VECTORS.md
docs/QUALITY_INDEX.md
docs/QUALITY_INFRASTRUCTURE.md
docs/QUICKSTART.md
docs/RELEASE_NOTES.md
docs/RELEASE_PIPELINE.md
docs/RELEASE_READINESS.md
docs/REPO_STRUCTURE.md
docs/REPRODUCIBILITY.md
docs/REPRODUCIBILITY_ENVELOPE.md
docs/RISKS.md
docs/SCALABILITY.md
docs/SCALABILITY_REPORT.md
docs/SCRIPTS/index.md
docs/SECURITY_GITLEAKS.md
docs/SPEC.md
docs/SSOT.md
docs/SSOT_RULES.md
docs/START_HERE.md
docs/STATUS.md
docs/TESTING.md
docs/TESTING_MUTATION.md
docs/THROUGHPUT_SCALING.md
docs/TRACEABILITY.md
docs/TRACEABILITY_MAP.md
docs/TROUBLESHOOTING.md
docs/VCG.md
docs/VERSIONING.md
docs/_inventory.md
docs/adr/0001-math-integrator-guardrails.md
docs/api/api_bnsyn.md
docs/api/conf.py
docs/api/index.md
docs/api/modules.md
docs/api_maturity.json
docs/appendix/CODEX_PROJECT_FEEDBACK_UA.md
docs/appendix/EXECUTIVE_SUMMARY.md
docs/appendix/PRODUCTION_AUDIT.md
docs/appendix/PRODUCTION_ROADMAP.md
docs/appendix/additional_audit_2026.md
docs/appendix/codebase_readiness_audit_2026-02-15.json
docs/appendix/intelligence_cycle_report.json
docs/assets/hero.svg
docs/audit_merge_readiness.md
docs/benchmarks/PROTOCOL.md
docs/benchmarks/README.md
docs/benchmarks/SCHEMA.md
docs/benchmarks/ci_comparison_report_alloc_v2.txt
docs/benchmarks/threshold_derivation_alloc_v2.md
docs/conf.py
docs/contracts/index.md
docs/emergence_tracking.md
docs/index.rst
docs/math/CONTRACTS.md
docs/math/MATH_SURFACES.md
docs/math/PROVENANCE.md
docs/modules.rst
docs/repo_map.md
docs/safety/deferred_gates.md
docs/safety/followups.md
docs/safety/hazard_log.yml
docs/safety/stpa.md
docs/safety/traceability.yml
docs/scripts/--init--.md
docs/scripts/-audit-metrics-pr40.md
docs/scripts/audit-spec-implementation.md
docs/scripts/bench-ci-smoke.md
docs/scripts/benchmark-physics.md
docs/scripts/benchmark-production.md
docs/scripts/benchmark-sleep-stack-scale.md
docs/scripts/build-readiness-artifacts.md
docs/scripts/build-wheelhouse.md
docs/scripts/calculate-throughput-gain.md
docs/scripts/check-api-contract.md
docs/scripts/check-benchmark-regressions.md
docs/scripts/check-coverage-gate.md
docs/scripts/check-mutation-score.md
docs/scripts/check-quickstart-consistency.md
docs/scripts/collect-ci-run-urls.md
docs/scripts/compare-benchmarks.md
docs/scripts/generate-benchmark-baseline.md
docs/scripts/generate-coverage-baseline.md
docs/scripts/generate-coverage-trend.md
docs/scripts/generate-evidence-coverage.md
docs/scripts/generate-math-data.md
docs/scripts/generate-mutation-baseline.md
docs/scripts/generate-tests-inventory.md
docs/scripts/index.md
docs/scripts/intelligence-cycle.md
docs/scripts/lint-ci-truthfulness.md
docs/scripts/math-validate.md
docs/scripts/mutation-ci-summary.md
docs/scripts/mutation-counts.md
docs/scripts/mutation-survivors-summary.md
docs/scripts/orchestrate-throughput-scaling.md
docs/scripts/pre-push.md
docs/scripts/profile-kernels.md
docs/scripts/rebuild-sources-lock.md
docs/scripts/release-pipeline.md
docs/scripts/release-readiness.md
docs/scripts/render-workflow-policy-docs.md
docs/scripts/run-benchmarks.md
docs/scripts/run-mutation-pipeline.md
docs/scripts/run-scaled-sleep-stack.md
docs/scripts/scan-governed-docs.md
docs/scripts/scan-normative-tags.md
docs/scripts/scan-placeholders.md
docs/scripts/scan-tierS-misuse.md
docs/scripts/ssot-rules.md
docs/scripts/sync-required-status-contexts.md
docs/scripts/track-quality.md
docs/scripts/validate-api-maturity.md
docs/scripts/validate-bibliography.md
docs/scripts/validate-branch-protection-governance.md
docs/scripts/validate-claims-coverage.md
docs/scripts/validate-claims.md
docs/scripts/validate-codebase-readiness-audit.md
docs/scripts/validate-long-running-triggers.md
docs/scripts/validate-mutation-baseline.md
docs/scripts/validate-pr-gates.md
docs/scripts/validate-required-checks.md
docs/scripts/validate-required-status-contexts.md
docs/scripts/validate-status-claims.md
docs/scripts/validate-workflow-contracts.md
docs/scripts/verify-equivalence.md
docs/scripts/verify-formal-constants.md
docs/scripts/verify-reproducible-artifacts.md
docs/scripts/visualize-experiment.md
docs/sleep_stack.md
docs/spec_to_code.yml
docs/usage_workflows.md
[exit:0]
$ bash -lc find .github/workflows -maxdepth 1 -type f -name "*.yml" -o -name "*.yaml" | sort
.github/workflows/_reusable_benchmarks.yml
.github/workflows/_reusable_chaos_tests.yml
.github/workflows/_reusable_formal_science.yml
.github/workflows/_reusable_gate_profile.yml
.github/workflows/_reusable_property_tests.yml
.github/workflows/_reusable_pytest.yml
.github/workflows/_reusable_quality.yml
.github/workflows/_reusable_ssot.yml
.github/workflows/_reusable_validation_tests.yml
.github/workflows/benchmarks.yml
.github/workflows/ci-benchmarks-elite.yml
.github/workflows/ci-benchmarks.yml
.github/workflows/ci-pr-atomic.yml
.github/workflows/ci-pr.yml
.github/workflows/ci-smoke.yml
.github/workflows/ci-validation.yml
.github/workflows/codecov-health.yml
.github/workflows/codeql.yml
.github/workflows/dependency-review.yml
.github/workflows/dependency-watch.yml
.github/workflows/docs.yml
.github/workflows/formal-coq.yml
.github/workflows/formal-tla.yml
.github/workflows/math-quality-gate.yml
.github/workflows/physics-equivalence.yml
.github/workflows/quality-mutation.yml
.github/workflows/release-pipeline.yml
.github/workflows/science.yml
.github/workflows/workflow-integrity.yml
[exit:0]
