$ python -m venv artifacts/audit/.venv
[exit:0]
$ artifacts/audit/.venv/bin/python -V
Python 3.12.12
[exit:0]
$ artifacts/audit/.venv/bin/python -m pip --version
pip 25.0.1 from /workspace/bnsyn-phase-controlled-emergent-dynamics/artifacts/audit/.venv/lib/python3.12/site-packages/pip (python 3.12)
[exit:0]
$ artifacts/audit/.venv/bin/python -m pip install --upgrade pip
Requirement already satisfied: pip in ./artifacts/audit/.venv/lib/python3.12/site-packages (25.0.1)
Collecting pip
  Downloading pip-26.0.1-py3-none-any.whl.metadata (4.7 kB)
Downloading pip-26.0.1-py3-none-any.whl (1.8 MB)
   ━━━━━━━━━━━━━━━━━━━━━━━━━━━━━━━━━━━━━━━━ 1.8/1.8 MB 26.4 MB/s eta 0:00:00
Installing collected packages: pip
  Attempting uninstall: pip
    Found existing installation: pip 25.0.1
    Uninstalling pip-25.0.1:
      Successfully uninstalled pip-25.0.1
Successfully installed pip-26.0.1
[exit:0]
$ artifacts/audit/.venv/bin/python -m pip list --format=freeze
pip==26.0.1
[exit:0]
