$ artifacts/audit/.venv/bin/python -m pip install -e .
Obtaining file:///workspace/bnsyn-phase-controlled-emergent-dynamics
  Installing build dependencies: started
  Installing build dependencies: finished with status 'done'
  Checking if build backend supports build_editable: started
  Checking if build backend supports build_editable: finished with status 'done'
  Getting requirements to build editable: started
  Getting requirements to build editable: finished with status 'done'
  Preparing editable metadata (pyproject.toml): started
  Preparing editable metadata (pyproject.toml): finished with status 'done'
Collecting numpy==2.4.1 (from bnsyn==0.2.0)
  Downloading numpy-2.4.1-cp312-cp312-manylinux_2_27_x86_64.manylinux_2_28_x86_64.whl.metadata (6.6 kB)
Collecting pydantic==2.12.5 (from bnsyn==0.2.0)
  Downloading pydantic-2.12.5-py3-none-any.whl.metadata (90 kB)
Collecting scipy==1.17.0 (from bnsyn==0.2.0)
  Downloading scipy-1.17.0-cp312-cp312-manylinux_2_27_x86_64.manylinux_2_28_x86_64.whl.metadata (62 kB)
Collecting jsonschema==4.26.0 (from bnsyn==0.2.0)
  Downloading jsonschema-4.26.0-py3-none-any.whl.metadata (7.6 kB)
Collecting joblib==1.4.2 (from bnsyn==0.2.0)
  Downloading joblib-1.4.2-py3-none-any.whl.metadata (5.4 kB)
Collecting pyyaml==6.0.3 (from bnsyn==0.2.0)
  Downloading pyyaml-6.0.3-cp312-cp312-manylinux2014_x86_64.manylinux_2_17_x86_64.manylinux_2_28_x86_64.whl.metadata (2.4 kB)
Collecting attrs>=22.2.0 (from jsonschema==4.26.0->bnsyn==0.2.0)
  Downloading attrs-25.4.0-py3-none-any.whl.metadata (10 kB)
Collecting jsonschema-specifications>=2023.03.6 (from jsonschema==4.26.0->bnsyn==0.2.0)
  Downloading jsonschema_specifications-2025.9.1-py3-none-any.whl.metadata (2.9 kB)
Collecting referencing>=0.28.4 (from jsonschema==4.26.0->bnsyn==0.2.0)
  Downloading referencing-0.37.0-py3-none-any.whl.metadata (2.8 kB)
Collecting rpds-py>=0.25.0 (from jsonschema==4.26.0->bnsyn==0.2.0)
  Downloading rpds_py-0.30.0-cp312-cp312-manylinux_2_17_x86_64.manylinux2014_x86_64.whl.metadata (4.1 kB)
Collecting annotated-types>=0.6.0 (from pydantic==2.12.5->bnsyn==0.2.0)
  Downloading annotated_types-0.7.0-py3-none-any.whl.metadata (15 kB)
Collecting pydantic-core==2.41.5 (from pydantic==2.12.5->bnsyn==0.2.0)
  Downloading pydantic_core-2.41.5-cp312-cp312-manylinux_2_17_x86_64.manylinux2014_x86_64.whl.metadata (7.3 kB)
Collecting typing-extensions>=4.14.1 (from pydantic==2.12.5->bnsyn==0.2.0)
  Downloading typing_extensions-4.15.0-py3-none-any.whl.metadata (3.3 kB)
Collecting typing-inspection>=0.4.2 (from pydantic==2.12.5->bnsyn==0.2.0)
  Downloading typing_inspection-0.4.2-py3-none-any.whl.metadata (2.6 kB)
Downloading joblib-1.4.2-py3-none-any.whl (301 kB)
Downloading jsonschema-4.26.0-py3-none-any.whl (90 kB)
Downloading numpy-2.4.1-cp312-cp312-manylinux_2_27_x86_64.manylinux_2_28_x86_64.whl (16.4 MB)
   ━━━━━━━━━━━━━━━━━━━━━━━━━━━━━━━━━━━━━━━━ 16.4/16.4 MB 39.5 MB/s  0:00:00
Downloading pydantic-2.12.5-py3-none-any.whl (463 kB)
Downloading pydantic_core-2.41.5-cp312-cp312-manylinux_2_17_x86_64.manylinux2014_x86_64.whl (2.1 MB)
   ━━━━━━━━━━━━━━━━━━━━━━━━━━━━━━━━━━━━━━━━ 2.1/2.1 MB 59.4 MB/s  0:00:00
Downloading pyyaml-6.0.3-cp312-cp312-manylinux2014_x86_64.manylinux_2_17_x86_64.manylinux_2_28_x86_64.whl (807 kB)
   ━━━━━━━━━━━━━━━━━━━━━━━━━━━━━━━━━━━━━━━━ 807.9/807.9 kB 39.0 MB/s  0:00:00
Downloading scipy-1.17.0-cp312-cp312-manylinux_2_27_x86_64.manylinux_2_28_x86_64.whl (35.0 MB)
   ━━━━━━━━━━━━━━━━━━━━━━━━━━━━━━━━━━━━━━━━ 35.0/35.0 MB 41.9 MB/s  0:00:00
Downloading annotated_types-0.7.0-py3-none-any.whl (13 kB)
Downloading attrs-25.4.0-py3-none-any.whl (67 kB)
Downloading jsonschema_specifications-2025.9.1-py3-none-any.whl (18 kB)
Downloading referencing-0.37.0-py3-none-any.whl (26 kB)
Downloading rpds_py-0.30.0-cp312-cp312-manylinux_2_17_x86_64.manylinux2014_x86_64.whl (394 kB)
Downloading typing_extensions-4.15.0-py3-none-any.whl (44 kB)
Downloading typing_inspection-0.4.2-py3-none-any.whl (14 kB)
Building wheels for collected packages: bnsyn
  Building editable for bnsyn (pyproject.toml): started
  Building editable for bnsyn (pyproject.toml): finished with status 'done'
  Created wheel for bnsyn: filename=bnsyn-0.2.0-0.editable-py3-none-any.whl size=4106 sha256=927f38eceea102d195a0224f376570ac52734eda57d27c5fdbd4d4dc386db8ad
  Stored in directory: /tmp/pip-ephem-wheel-cache-0ufv362t/wheels/b6/1a/09/a1d36e07ea304f8c95ab88d866597d5b760d5b91c4e13d9643
Successfully built bnsyn
Installing collected packages: typing-extensions, rpds-py, pyyaml, numpy, joblib, attrs, annotated-types, typing-inspection, scipy, referencing, pydantic-core, pydantic, jsonschema-specifications, jsonschema, bnsyn

Successfully installed annotated-types-0.7.0 attrs-25.4.0 bnsyn-0.2.0 joblib-1.4.2 jsonschema-4.26.0 jsonschema-specifications-2025.9.1 numpy-2.4.1 pydantic-2.12.5 pydantic-core-2.41.5 pyyaml-6.0.3 referencing-0.37.0 rpds-py-0.30.0 scipy-1.17.0 typing-extensions-4.15.0 typing-inspection-0.4.2
[exit:0]
$ artifacts/audit/.venv/bin/python -m pip install -e .[test]
Obtaining file:///workspace/bnsyn-phase-controlled-emergent-dynamics
  Installing build dependencies: started
  Installing build dependencies: finished with status 'done'
  Checking if build backend supports build_editable: started
  Checking if build backend supports build_editable: finished with status 'done'
  Getting requirements to build editable: started
  Getting requirements to build editable: finished with status 'done'
  Preparing editable metadata (pyproject.toml): started
  Preparing editable metadata (pyproject.toml): finished with status 'done'
Requirement already satisfied: numpy==2.4.1 in ./artifacts/audit/.venv/lib/python3.12/site-packages (from bnsyn==0.2.0) (2.4.1)
Requirement already satisfied: pydantic==2.12.5 in ./artifacts/audit/.venv/lib/python3.12/site-packages (from bnsyn==0.2.0) (2.12.5)
Requirement already satisfied: scipy==1.17.0 in ./artifacts/audit/.venv/lib/python3.12/site-packages (from bnsyn==0.2.0) (1.17.0)
Requirement already satisfied: jsonschema==4.26.0 in ./artifacts/audit/.venv/lib/python3.12/site-packages (from bnsyn==0.2.0) (4.26.0)
Requirement already satisfied: joblib==1.4.2 in ./artifacts/audit/.venv/lib/python3.12/site-packages (from bnsyn==0.2.0) (1.4.2)
Requirement already satisfied: pyyaml==6.0.3 in ./artifacts/audit/.venv/lib/python3.12/site-packages (from bnsyn==0.2.0) (6.0.3)
Collecting hypothesis==6.151.5 (from bnsyn==0.2.0)
  Downloading hypothesis-6.151.5-py3-none-any.whl.metadata (5.6 kB)
Collecting pytest==9.0.2 (from bnsyn==0.2.0)
  Downloading pytest-9.0.2-py3-none-any.whl.metadata (7.6 kB)
Collecting pytest-cov==7.0.0 (from bnsyn==0.2.0)
  Downloading pytest_cov-7.0.0-py3-none-any.whl.metadata (31 kB)
Collecting psutil==7.2.2 (from bnsyn==0.2.0)
  Downloading psutil-7.2.2-cp36-abi3-manylinux2010_x86_64.manylinux_2_12_x86_64.manylinux_2_28_x86_64.whl.metadata (22 kB)
Collecting packaging==25.0 (from bnsyn==0.2.0)
  Downloading packaging-25.0-py3-none-any.whl.metadata (3.3 kB)
Collecting sortedcontainers<3.0.0,>=2.1.0 (from hypothesis==6.151.5->bnsyn==0.2.0)
  Downloading sortedcontainers-2.4.0-py2.py3-none-any.whl.metadata (10 kB)
Requirement already satisfied: attrs>=22.2.0 in ./artifacts/audit/.venv/lib/python3.12/site-packages (from jsonschema==4.26.0->bnsyn==0.2.0) (25.4.0)
Requirement already satisfied: jsonschema-specifications>=2023.03.6 in ./artifacts/audit/.venv/lib/python3.12/site-packages (from jsonschema==4.26.0->bnsyn==0.2.0) (2025.9.1)
Requirement already satisfied: referencing>=0.28.4 in ./artifacts/audit/.venv/lib/python3.12/site-packages (from jsonschema==4.26.0->bnsyn==0.2.0) (0.37.0)
Requirement already satisfied: rpds-py>=0.25.0 in ./artifacts/audit/.venv/lib/python3.12/site-packages (from jsonschema==4.26.0->bnsyn==0.2.0) (0.30.0)
Requirement already satisfied: annotated-types>=0.6.0 in ./artifacts/audit/.venv/lib/python3.12/site-packages (from pydantic==2.12.5->bnsyn==0.2.0) (0.7.0)
Requirement already satisfied: pydantic-core==2.41.5 in ./artifacts/audit/.venv/lib/python3.12/site-packages (from pydantic==2.12.5->bnsyn==0.2.0) (2.41.5)
Requirement already satisfied: typing-extensions>=4.14.1 in ./artifacts/audit/.venv/lib/python3.12/site-packages (from pydantic==2.12.5->bnsyn==0.2.0) (4.15.0)
Requirement already satisfied: typing-inspection>=0.4.2 in ./artifacts/audit/.venv/lib/python3.12/site-packages (from pydantic==2.12.5->bnsyn==0.2.0) (0.4.2)
Collecting iniconfig>=1.0.1 (from pytest==9.0.2->bnsyn==0.2.0)
  Downloading iniconfig-2.3.0-py3-none-any.whl.metadata (2.5 kB)
Collecting pluggy<2,>=1.5 (from pytest==9.0.2->bnsyn==0.2.0)
  Downloading pluggy-1.6.0-py3-none-any.whl.metadata (4.8 kB)
Collecting pygments>=2.7.2 (from pytest==9.0.2->bnsyn==0.2.0)
  Downloading pygments-2.19.2-py3-none-any.whl.metadata (2.5 kB)
Collecting coverage>=7.10.6 (from coverage[toml]>=7.10.6->pytest-cov==7.0.0->bnsyn==0.2.0)
  Downloading coverage-7.13.4-cp312-cp312-manylinux1_x86_64.manylinux_2_28_x86_64.manylinux_2_5_x86_64.whl.metadata (8.5 kB)
Downloading hypothesis-6.151.5-py3-none-any.whl (543 kB)
   ━━━━━━━━━━━━━━━━━━━━━━━━━━━━━━━━━━━━━━━━ 543.3/543.3 kB 15.4 MB/s  0:00:00
Downloading packaging-25.0-py3-none-any.whl (66 kB)
Downloading psutil-7.2.2-cp36-abi3-manylinux2010_x86_64.manylinux_2_12_x86_64.manylinux_2_28_x86_64.whl (155 kB)
Downloading pytest-9.0.2-py3-none-any.whl (374 kB)
Downloading pytest_cov-7.0.0-py3-none-any.whl (22 kB)
Downloading pluggy-1.6.0-py3-none-any.whl (20 kB)
Downloading sortedcontainers-2.4.0-py2.py3-none-any.whl (29 kB)
Downloading coverage-7.13.4-cp312-cp312-manylinux1_x86_64.manylinux_2_28_x86_64.manylinux_2_5_x86_64.whl (254 kB)
Downloading iniconfig-2.3.0-py3-none-any.whl (7.5 kB)
Downloading pygments-2.19.2-py3-none-any.whl (1.2 MB)
   ━━━━━━━━━━━━━━━━━━━━━━━━━━━━━━━━━━━━━━━━ 1.2/1.2 MB 44.0 MB/s  0:00:00
Building wheels for collected packages: bnsyn
  Building editable for bnsyn (pyproject.toml): started
  Building editable for bnsyn (pyproject.toml): finished with status 'done'
  Created wheel for bnsyn: filename=bnsyn-0.2.0-0.editable-py3-none-any.whl size=4106 sha256=7fad9e0e3dddb5a9d193bfa384e9995ae31f5ee760caaab25e50ec15b91e08e4
  Stored in directory: /tmp/pip-ephem-wheel-cache-4xomdsdy/wheels/b6/1a/09/a1d36e07ea304f8c95ab88d866597d5b760d5b91c4e13d9643
Successfully built bnsyn
Installing collected packages: sortedcontainers, pygments, psutil, pluggy, packaging, iniconfig, hypothesis, coverage, pytest, pytest-cov, bnsyn
  Attempting uninstall: bnsyn
    Found existing installation: bnsyn 0.2.0
    Uninstalling bnsyn-0.2.0:
      Successfully uninstalled bnsyn-0.2.0

Successfully installed bnsyn-0.2.0 coverage-7.13.4 hypothesis-6.151.5 iniconfig-2.3.0 packaging-25.0 pluggy-1.6.0 psutil-7.2.2 pygments-2.19.2 pytest-9.0.2 pytest-cov-7.0.0 sortedcontainers-2.4.0
[exit:0]
$ artifacts/audit/.venv/bin/python -m pip list --format=freeze
annotated-types==0.7.0
attrs==25.4.0
bnsyn==0.2.0
coverage==7.13.4
hypothesis==6.151.5
iniconfig==2.3.0
joblib==1.4.2
jsonschema==4.26.0
jsonschema-specifications==2025.9.1
numpy==2.4.1
packaging==25.0
pip==26.0.1
pluggy==1.6.0
psutil==7.2.2
pydantic==2.12.5
pydantic_core==2.41.5
Pygments==2.19.2
pytest==9.0.2
pytest-cov==7.0.0
PyYAML==6.0.3
referencing==0.37.0
rpds-py==0.30.0
scipy==1.17.0
sortedcontainers==2.4.0
typing_extensions==4.15.0
typing-inspection==0.4.2
[exit:0]
