COMMAND: rg --files
START_UTC: 2026-02-15T20:06:08.549337Z
END_UTC: 2026-02-15T20:06:08.584100Z
TIMEOUT_SEC: 120
EXIT_CODE: 0
TIMED_OUT: false
--- STDOUT ---
Dockerfile
PR_DESCRIPTION.md
worklist.json
quality/coverage_gate.json
quality/mutation_baseline.json
quality/api_contract_baseline.json
PR_DESCRIPTION_EVIDENCE.md
GOVERNANCE_VERIFICATION_REPORT.md
claims/README.md
claims/claims.yml
examples/scaled_flagship.sh
examples/integration/library_minimal.py
examples/integration/README.md
examples/integration/cli_minimal.sh
examples/configs/quickstart.yaml
SECURITY.md
schemas/experiment.schema.json
readiness_report.json
tools/generate_inventory.py
tools/manifest/__main__.py
tools/manifest/generate.py
tools/manifest/render.py
tools/manifest/validate.py
tools/manifest/__init__.py
tools/__init__.py
tools/safety/check_safety_artifacts.py
tools/entropy_gate/__main__.py
tools/entropy_gate/compute_metrics.py
tools/entropy_gate/__init__.py
benchmarks/bench_synapses.py
benchmarks/determinism.py
benchmarks/report.py
benchmarks/bench_dt_invariance.py
benchmarks/README.md
benchmarks/physics_baseline.json
benchmarks/scalability.py
benchmarks/run_benchmarks.py
benchmarks/baselines/golden_baseline.yml
benchmarks/baselines/kernel_profile_alloc_v2.json
benchmarks/baselines/physics_baseline_alloc_v2.json
benchmarks/baselines/physics_baseline.json
tests/test_adex_smoke.py
tests/test_api_contract_command.py
tests/test_crystallizer_edge_cases.py
tests/test_viz_smoke_coverage.py
tests/test_mutation_run_pipeline_contract.py
tests/test_api_maturity.py
tests/test_cli_versioning.py
tests/test_mutation_killers.py
tests/test_intelligence_cycle.py
tests/test_interactive_smoke.py
tests/test_integration_examples.py
benchmarks/baselines/raw/kernel_run_5_alloc_v2.json
benchmarks/baselines/raw/kernel_run_2_alloc_v2.json
benchmarks/baselines/raw/physics_run_2_alloc_v2.json
benchmarks/baselines/raw/physics_run_4_alloc_v2.json
benchmarks/baselines/raw/physics_run_5_alloc_v2.json
benchmarks/baselines/raw/kernel_run_4_alloc_v2.json
benchmarks/baselines/raw/physics_run_3_alloc_v2.json
benchmarks/baselines/raw/kernel_run_3_alloc_v2.json
benchmarks/baselines/raw/physics_run_1_alloc_v2.json
benchmarks/baselines/raw/kernel_run_1_alloc_v2.json
benchmarks/baselines/checksums_alloc_v2.json
benchmarks/baselines/kernel_profile.json
benchmarks/scaling_plan.md
benchmarks/physics_accelerated.json
tests/validation/test_integration_validation.py
benchmarks/benchmark_scale.py
benchmarks/benchmark_dt.py
benchmarks/benchmark_plasticity.py
benchmarks/baseline.json
tests/validation/test_sleep_cycle_long.py
tests/validation/test_chaos_io.py
tests/validation/test_memory_validation.py
tests/validation/test_chaos_stochastic.py
tests/validation/test_validation.py
tests/validation/test_plasticity_validation.py
tests/validation/test_energy_validation.py
tests/validation/test_cli_validation.py
tests/validation/test_synapse_validation.py
tests/validation/test_adex_validation.py
tests/validation/test_chaos_numeric.py
tests/validation/test_claims_validation.py
tests/validation/test_viz_dashboard.py
tests/validation/test_sleep_stack_effectiveness.py
tests/validation/test_calibration_validation.py
tests/validation/test_consolidation_validation.py
tests/validation/test_network_validation.py
tests/validation/test_determinism_validation.py
tests/validation/test_criticality_validation.py
tests/validation/test_experiments_temperature_ablation_stats.py
tests/validation/__init__.py
tests/validation/test_crystallizer_real.py
tests/validation/test_chaos_integration.py
tests/validation/test_production_properties.py
tests/validation/test_largeN_validation.py
tests/validation/test_numerics_validation.py
tests/validation/test_temperature_validation.py
tests/validation/test_chaos_timing.py
tests/test_quickstart_consistency_script.py
tests/test_cli_unit.py
tests/test_energy_smoke.py
tests/test_verify_reproducible_artifacts.py
tests/test_phase_transition_detector.py
tests/test_run_simulation_external_current.py
tests/test_experiments_declarative.py
tests/test_cli_sleep_stack_backend_and_N_unit.py
tests/test_viz_interactive_main.py
tests/test_criticality_smoke.py
tests/test_scan_placeholders.py
tests/test_pytest_collection_contract.py
tests/test_mutation_survivors_summary.py
tests/test_edge_cases_adex.py
tests/test_synapse_conductance_edge.py
tests/test_incremental_cache.py
tests/test_math_invariants.py
tests/conftest.py
tests/test_connectivity_sparse.py
tests/test_network_allocation_buffers.py
tests/test_validate_bibliography_script.py
tests/test_validate_workflow_contracts.py
tests/test_manifest_tooling_regression.py
tests/test_calibration_fit_edge.py
tests/test_mutation_ci_summary_contract.py
tests/test_no_escape_tripwires.py
tests/test_neuron_adex_validation.py
tests/test_manifest_consistency.py
tests/test_scan_governed_docs_script.py
tests/test_validate_pr_gates.py
tests/test_memory.py
tests/test_network_external_input.py
tests/test_sleep_cycle.py
tests/test_experiments_temperature_ablation.py
tests/test_tla_invariants_guard.py
tests/test_benchmark_regression_gate.py
tests/test_memory_ledger_unit.py
tests/test_memory_consolidator.py
tests/test_entropy_gate.py
tests/test_sync_required_status_contexts.py
tests/test_tools_scaled_sleep_stack_smoke.py
tests/test_vcg_smoke.py
benchmarks/bench_criticality.py
benchmarks/criticality.py
benchmarks/bench_plasticity.py
benchmarks/bench_adex.py
benchmarks/common.py
benchmarks/__init__.py
benchmarks/scaling.py
benchmarks/equivalence_report.md
tests/properties/test_manifest_tooling_properties.py
tests/properties/test_properties_determinism.py
tests/properties/test_properties_bnsyn.py
tests/properties/conftest.py
tests/properties/test_validation_inputs_properties.py
tests/properties/test_hypothesis_profiles.py
tests/properties/test_adex_properties.py
tests/properties/__init__.py
tests/test_mutation_counts_contract.py
tests/test_coverage_gate.py
tests/test_provenance_manifest.py
tests/test_wheelhouse_tools.py
tests/test_edge_cases_criticality.py
tests/test_api_contract_semver.py
tests/test_pr_description_policy_workflow.py
tests/test_api_surface_reexports.py
tests/test_cli_smoke.py
tests/test_pr_description_policy_template.py
tests/test_consolidation_smoke.py
tests/test_phase_transition.py
tests/test_coverage_gap_extensions.py
tests/test_release_readiness.py
tests/test_network_smoke.py
tests/test_release_pipeline.py
tests/test_sleep_stage_validation.py
tests/test_manifest_tooling.py
tests/test_actions_pinning.py
tests/test_edge_cases_temperature.py
tests/test_update_manifest_tools.py
tests/test_calibration_accuracy_speed.py
benchmarks/scenarios/temperature_sweep.py
tests/test_jax_backend.py
tests/test_memory_trace_unit.py
benchmarks/scenarios/base.py
tests/test_determinism.py
benchmarks/scenarios/dt_sweep.py
benchmarks/scenarios/criticality_sweep.py
benchmarks/scenarios/medium_network.py
benchmarks/scenarios/__init__.py
benchmarks/scenarios/large_network.py
benchmarks/scenarios/small_network.py
benchmarks/scenarios/ci_smoke.py
benchmarks/kernel_profile.json
benchmarks/metrics.py
benchmarks/performance_utils.py
benchmarks/throughput_gain.json
tests/test_synapse_smoke.py
tests/test_sleep_cycle_integration.py
tests/test_faults.py
tests/test_calibration_smoke.py
tests/test_performance.py
tests/test_cli_sleep_stack_figure.py
tests/test_dt_invariance.py
tests/test_vcg_validation.py
tests/tolerances.py
tests/test_audit_suite_artifacts.py
tests/test_verify_hypothesis_v2.py
tests/test_principal_test_hardening.py
tests/test_cli_interactive.py
tests/test_generate_inventory.py
tests/test_cli_sleep_stack_branches.py
tests/test_tools_run_scaled_sleep_stack_unit.py
tests/test_sleep_replay.py
tests/benchmarks/test_regression.py
tests/__init__.py
tests/test_production_adex_spike.py
tests/test_plasticity_three_factor_edge.py
tests/test_plasticity_smoke.py
tests/test_tools_benchmark_sleep_stack_scale_unit.py
tests/test_quickstart_contract.py
tests/test_validate_codebase_readiness_audit.py
tests/test_manifest_tools.py
tests/test_validate_status_claims.py
tests/test_schema_contracts.py
tests/test_experiment_manifest.py
tests/test_schema_experiment_contracts.py
tests/test_network_validation_edges.py
tests/test_validate_long_running_triggers.py
tests/test_viz_interactive.py
tests/test_spec_mapping_guard.py
tests/test_benchmarks_smoke.py
tests/test_integration_experiment_flow.py
tests/test_run_simulation_validation.py
tests/test_attractor_crystallizer.py
tests/test_edge_cases_synapse.py
tests/test_viz_optional_import.py
tests/test_claims_enforcement.py
tests/test_manifest_builder.py
tests/test_coverage_paths.py
tests/test_criticality_analysis_edge.py
tests/test_vcg_invariants_guard.py
tests/test_entropy_artifacts_guard.py
tests/test_imports.py
tests/test_temperature_smoke.py
tests/test_generate_coverage_trend.py
tests/test_validation_inputs.py
docs/ARCHITECTURE_INVARIANTS.md
docs/spec_to_code.yml
docs/EVIDENCE_COVERAGE.md
docs/STATUS.md
docs/AUDIT_FINDINGS.md
docs/PHYSICAL_VALIDITY.md
docs/TRACEABILITY_MAP.md
docs/AUDIT_TASKS_2026-02-15.md
docs/RELEASE_NOTES.md
docs/SPEC.md
docs/VCG.md
docs/INTEGRATION.md
docs/SCALABILITY.md
docs/HYPOTHESIS.md
docs/QUALITY_INFRASTRUCTURE.md
docs/NORMATIVE_LABELING.md
docs/sleep_stack.md
docs/API_CONTRACT.md
docs/LEGENDARY_QUICKSTART.md
results/temp_ablation_v2/manifest.json
results/temp_ablation_v2/fixed_low.json
results/temp_ablation_v2/fixed_high.json
results/temp_ablation_v2/cooling_piecewise.json
results/temp_ablation_v2/random_T.json
results/temp_ablation_v1/manifest.json
results/temp_ablation_v1/fixed_low.json
results/temp_ablation_v1/cooling_geometric.json
results/temp_ablation_v1/fixed_high.json
results/temp_ablation_v1/random_T.json
bibliography/sources.lock
bibliography/bnsyn.bib
bibliography/mapping.yml
acceptance_map.yaml
CITATION.cff
docs/placeholder_cycles/cycle1/acceptance_map.yaml
docs/placeholder_cycles/cycle1/worklist.json
docs/placeholder_cycles/cycle1/plan.md
docs/INVENTORY.md
docs/RELEASE_PIPELINE.md
docs/emergence_tracking.md
docs/index.rst
docs/CI_BATTLE_USAGE_AUDIT_2026-02-07.md
docs/ACTIONS_TEST_PROTOCOL.md
docs/QUALITY_INDEX.md
docs/TESTING.md
docs/THROUGHPUT_SCALING.md
docs/ARCHITECTURE.md
docs/SCALABILITY_REPORT.md
docs/REPO_STRUCTURE.md
docs/CRITICALITY_CONTROL_VS_MEASUREMENT.md
docs/PR40_EVIDENCE_REPORT.md
docs/DOCUMENTATION_FORMALIZATION.md
docs/BENCHMARKS.md
docs/CONSTITUTIONAL_AUDIT.md
docs/SSOT.md
docs/modules.rst
docs/SSOT_RULES.md
docs/SECURITY_GITLEAKS.md
docs/TROUBLESHOOTING.md
docs/BIBLIOGRAPHY.md
docs/CI_GATES.md
docs/conf.py
docs/math/CONTRACTS.md
docs/math/PROVENANCE.md
docs/ENTROPY_LEDGER.md
docs/MUTATION_GATE.md
specs/tla/README.md
specs/tla/BNsyn.tla
specs/tla/BNsyn.cfg
specs/coq/BNsyn_Sigma.v
specs/coq/README.md
INVENTORY.json
docker-compose.yml
CHANGELOG.md
CODEBASE_READINESS.md
requirements-lock.txt
readiness_summary.md
audit_suite_report.json
BENCHMARK_PROTOCOL.md
VERIFICATION_REPORT.md
docs/PR_AUTOMATION_VECTORS.md
docs/benchmarks/PROTOCOL.md
docs/benchmarks/README.md
docs/benchmarks/threshold_derivation_alloc_v2.md
docs/benchmarks/ci_comparison_report_alloc_v2.txt
docs/benchmarks/SCHEMA.md
docs/REPRODUCIBILITY_ENVELOPE.md
docs/PLACEHOLDER_BASELINE_CYCLE0.md
proof_bundle/git_log.log
docs/safety/traceability.yml
docs/safety/deferred_gates.md
docs/safety/followups.md
docs/safety/hazard_log.yml
docs/safety/stpa.md
docs/QUICKSTART.md
docs/PERFORMANCE_REPORT.md
docs/CONFERENCE_RUNBOOK.md
docs/RELEASE_READINESS.md
docs/AUDIT_LEDGER.md
docs/PLACEHOLDER_REGISTRY.md
docs/INDEX.md
docs/COMPONENT_AUDIT.md
docs/GOVERNANCE.md
docs/DEMO.md
proof_bundle/generated/command_manifest.json
proof_bundle/build.log
proof_bundle/cpu.log
proof_bundle/install_build.log
proof_bundle/git_status.log
proof_bundle/commands_index.json
proof_bundle/pytest_version.log
proof_bundle/pip_version.log
proof_bundle/uname.log
proof_bundle/index.json
proof_bundle/test_all.log
proof_bundle/install_dev_test.log
proof_bundle/file_excerpts.md
docs/appendix/PRODUCTION_ROADMAP.md
docs/appendix/intelligence_cycle_report.json
docs/appendix/PRODUCTION_AUDIT.md
docs/appendix/codebase_readiness_audit_2026-02-15.json
docs/appendix/CODEX_PROJECT_FEEDBACK_UA.md
docs/appendix/EXECUTIVE_SUMMARY.md
docs/appendix/additional_audit_2026.md
docs/PERFORMANCE.md
docs/REPRODUCIBILITY.md
proof_bundle/command_logs/33.log
proof_bundle/command_logs/30.log
proof_bundle/command_logs/10.log
proof_bundle/command_logs/32.log
proof_bundle/command_logs/23.log
proof_bundle/command_logs/09.log
proof_bundle/command_logs/34.log
proof_bundle/command_logs/13.log
proof_bundle/command_logs/29.log
proof_bundle/command_logs/25.log
proof_bundle/command_logs/06.log
proof_bundle/command_logs/07.log
proof_bundle/command_logs/03.log
proof_bundle/command_logs/31.log
proof_bundle/command_logs/21.log
proof_bundle/command_logs/16.log
proof_bundle/command_logs/28.log
proof_bundle/command_logs/12.log
proof_bundle/command_logs/18.log
proof_bundle/command_logs/24.log
proof_bundle/command_logs/08.log
proof_bundle/command_logs/20.log
proof_bundle/command_logs/26.log
proof_bundle/command_logs/17.log
proof_bundle/command_logs/19.log
proof_bundle/command_logs/05.log
proof_bundle/command_logs/27.log
proof_bundle/command_logs/11.log
proof_bundle/command_logs/04.log
proof_bundle/command_logs/15.log
proof_bundle/command_logs/02.log
proof_bundle/command_logs/01.log
proof_bundle/command_logs/14.log
docs/api/generated/bnsyn.synapse.conductance.rst
proof_bundle/command_logs/22.log
docs/api/generated/bnsyn.criticality.branching.rst
docs/api/generated/bnsyn.connectivity.sparse.rst
docs/api/generated/bnsyn.rng.rst
docs/api/generated/bnsyn.config.rst
docs/api/generated/bnsyn.sim.network.rst
proof_bundle/ext_counts.log
docs/api/generated/bnsyn.plasticity.three_factor.rst
docs/api/generated/bnsyn.neuron.adex.rst
proof_bundle/python_version.log
docs/api/generated/bnsyn.temperature.schedule.rst
docs/api/generated/bnsyn.cli.rst
proof_bundle/manifests.log
proof_bundle/mem.log
docs/api/api_bnsyn.md
docs/api/_templates/manifest.json
docs/api/_templates/README.md
docs/api/_templates/tools/update_manifest.py
proof_bundle/excerpts/security_policy_excerpt.txt
proof_bundle/excerpts/testing_excerpt.txt
proof_bundle/excerpts/workflow_security_excerpt.txt
proof_bundle/excerpts/docker_excerpt.txt
proof_bundle/excerpts/readme_security_excerpt.txt
proof_bundle/excerpts/requirements_excerpt.txt
proof_bundle/excerpts/workflow_dependency_review_excerpt.txt
proof_bundle/excerpts/pyproject_excerpt.txt
proof_bundle/excerpts/architecture_excerpt.txt
proof_bundle/find_top.log
proof_bundle/test_non_validation.log
CONTRIBUTING.md
executive_summary.md
README.md
FINAL_REPORT.md
docs/api/_static/manifest.json
docs/api/_static/README.md
docs/api/_static/tools/update_manifest.py
docs/api/index.md
docs/api/conf.py
docs/api/modules.md
docs/BENCHMARK_MAP.md
docs/TESTING_MUTATION.md
docs/api_maturity.json
figures/comparison_grid.png
figures/temperature_vs_stability.png
figures/hero.png
figures/temp_ablation_v2/comparison_grid.png
figures/temp_ablation_v2/temperature_vs_stability.png
figures/temp_ablation_v2/hero.png
figures/temp_ablation_v2/tag_activity.png
figures/tag_activity.png
HARDENING_SUMMARY.md
entropy/acceptance_map.yaml
entropy/commands.log
entropy/policy.json
entropy/current.json
entropy/baseline.json
entropy/__init__.py
entropy/metrics.json
entropy/guards/check_entropy_artifacts.py
entropy/guards/__init__.py
tests_inventory.json
README_CLAIMS_GATE.md
LICENSE
plan.md
GAP_TABLE.md
src/bnsyn/__main__.py
evidence/manifest_fix/determinism.txt
evidence/manifest_fix/manifest.sha256.1
evidence/manifest_fix/manifest.sha256.2
src/bnsyn/numerics/integrators.py
src/bnsyn/numerics/__init__.py
src/bnsyn/py.typed
evidence/pr_216/after.entropy.json
evidence/pr_216/after.commands.log
evidence/pr_216/before.commands.log
evidence/pr_216/before.sha
evidence/pr_216/after.workflow_scan.txt
evidence/pr_216/before.workflow_unpinned_scan.txt
evidence/pr_216/after.sha
evidence/pr_216/before.entropy.json
src/bnsyn/validation/__init__.py
src/bnsyn/validation/inputs.py
evidence/tests_upgrade/determinism_triple_run.sha256
evidence/tests_upgrade/changes.diff
evidence/tests_upgrade/new_invariants.md
evidence/tests_upgrade/before_after_metrics.json
evidence/tests_upgrade/execution_log.txt
evidence/tests_upgrade/entropy_gate_diff.json
src/bnsyn/sleep/stages.py
src/bnsyn/sleep/__init__.py
src/bnsyn/sleep/replay.py
src/bnsyn/sleep/cycle.py
src/bnsyn/config.py
src/bnsyn/neuron/__init__.py
evidence/inventory_fix/baseline.txt
src/bnsyn/neuron/adex.py
evidence/inventory_fix/fix_steps.txt
evidence/inventory_fix/pytest_generate_inventory.txt
evidence/inventory_fix/inventory.sha256.1
evidence/inventory_fix/determinism.txt
evidence/inventory_fix/inventory.diff
evidence/inventory_fix/inventory.sha256.2
src/bnsyn/rng.py
evidence/entropy/final.json
src/bnsyn/emergence/crystallizer.py
src/bnsyn/emergence/__init__.py
evidence/entropy/per_cycle/CYCLE_1.json
evidence/entropy/baseline.json
evidence/entropy_gate/commands.log
evidence/entropy_gate/final_metrics.json
evidence/entropy_gate/baseline_metrics.json
src/bnsyn/memory/ledger.py
src/bnsyn/memory/consolidator.py
src/bnsyn/memory/__init__.py
src/bnsyn/memory/trace.py
evidence/zqsg_2026_02_12/repro_spec.json
evidence/zqsg_2026_02_12/sha256_manifest.txt
evidence/zqsg_2026_02_12/calibration_plan.md
evidence/zqsg_2026_02_12/bandit.json
evidence/zqsg_2026_02_12/escape_analysis.md
evidence/zqsg_2026_02_12/pytest_full.log
src/bnsyn/temperature/schedule.py
src/bnsyn/temperature/__init__.py
evidence/zqsg_2026_02_12/commands.txt
evidence/zqsg_2026_02_12/repro_stdout.txt
evidence/zqsg_2026_02_12/repro_report.json
evidence/zqsg_2026_02_12/pip_version.txt
evidence/zqsg_2026_02_12/quality_surface_map.md
src/bnsyn/synapse/conductance.py
src/bnsyn/synapse/__init__.py
src/bnsyn/cli.py
src/bnsyn/simulation.py
evidence/placeholder_closure/scan_baseline.txt
evidence/placeholder_closure/ci.json
evidence/placeholder_closure/scan_final.json
evidence/placeholder_closure/post_fix_tests.log
evidence/placeholder_closure/scan_final.txt
evidence/placeholder_closure/baseline.json
evidence/placeholder_closure/pre_fix_failure.log
src/bnsyn/calibration/fit.py
src/bnsyn/calibration/__init__.py
src/bnsyn/calibration/accuracy_speed.py
src/bnsyn/criticality/analysis.py
src/bnsyn/criticality/branching.py
src/bnsyn/criticality/phase_transition.py
src/bnsyn/criticality/__init__.py
evidence/placeholder_closure/per_batch/PH_BATCH_02.json
evidence/placeholder_closure/per_batch/PH_BATCH_01.json
evidence/placeholder_closure/ph_regression_tests.log
evidence/placeholder_closure/test_cmd.log
pyproject.toml
src/bnsyn/consolidation/dual_weight.py
src/bnsyn/consolidation/__init__.py
src/bnsyn/connectivity/sparse.py
src/bnsyn/connectivity/__init__.py
src/bnsyn/incremental.py
src/bnsyn/vcg.py
src/bnsyn/experiments/declarative.py
src/bnsyn/experiments/__init__.py
src/bnsyn/neurons.py
src/bnsyn/energy/regularization.py
src/bnsyn/energy/__init__.py
src/bnsyn/provenance/manifest_builder.py
src/bnsyn/provenance/__init__.py
src/bnsyn/provenance/manifest.py
src/bnsyn/sim/network.py
src/bnsyn/sim/__init__.py
src/bnsyn/control.py
src/bnsyn/plasticity/stdp.py
src/bnsyn/plasticity/three_factor.py
src/bnsyn/plasticity/__init__.py
src/bnsyn/testing/faults.py
src/bnsyn/testing/__init__.py
src/contracts/math_contracts.py
src/contracts/__init__.py
src/bnsyn/production/jax_backend.py
src/bnsyn/production/connectivity.py
src/bnsyn/production/__init__.py
src/bnsyn/production/adex.py
manifest/repo_manifest.schema.json
manifest/repo_manifest.yml
manifest/repo_manifest.computed.json
src/bnsyn/viz/interactive.py
src/bnsyn/viz/dashboard.py
src/bnsyn/viz/__init__.py
experiments/registry.py
experiments/runner.py
experiments/__init__.py
experiments/temperature_ablation_consolidation.py
experiments/verify_hypothesis.py
src/bnsyn/schemas/__init__.py
src/bnsyn/schemas/experiment.py
src/bnsyn/tools/benchmark_sleep_stack_scale.py
src/bnsyn/tools/run_scaled_sleep_stack.py
src/bnsyn/tools/__init__.py
src/bnsyn/synapses.py
src/bnsyn/benchmarks/regime.py
src/bnsyn/benchmarks/__init__.py
src/bnsyn/__init__.py
scripts/run_scaled_sleep_stack.py
scripts/__init__.py
scripts/ssot_rules.py
scripts/generate_coverage_baseline.py
scripts/generate_coverage_trend.py
scripts/validate_required_checks.py
scripts/generate_benchmark_baseline.py
scripts/validate_claims_coverage.py
scripts/scan_governed_docs.py
scripts/visualize_experiment.py
scripts/calculate_throughput_gain.py
scripts/validate_long_running_triggers.py
Makefile
scripts/mutation_counts.py
scripts/profile_kernels.py
scripts/check_benchmark_regressions.py
scripts/verify_formal_constants.py
scripts/verify_equivalence.py
scripts/_audit_metrics_pr40.py
scripts/check_quickstart_consistency.py
scripts/scan_tierS_misuse.py
scripts/check_api_contract.py
scripts/audit_spec_implementation.py
scripts/check_coverage_gate.py
scripts/compare_benchmarks.py
scripts/generate_mutation_baseline.py
scripts/validate_bibliography.py
scripts/scan_placeholders.py
scripts/validate_claims.py
scripts/pre-push.sh
scripts/sync_required_status_contexts.py
scripts/benchmark_sleep_stack_scale.py
scripts/validate_workflow_contracts.py
scripts/validate_required_status_contexts.py
scripts/math_validate.py
scripts/scan_normative_tags.py
scripts/mutation_ci_summary.py
scripts/benchmark_physics.py
scripts/lint_ci_truthfulness.py
scripts/rebuild_sources_lock.py
scripts/render_workflow_policy_docs.py
scripts/generate_math_data.py
scripts/generate_tests_inventory.py
scripts/mutation_survivors_summary.py
scripts/bench_ci_smoke.py
scripts/intelligence_cycle.py
scripts/build_wheelhouse.py
scripts/validate_api_maturity.py
scripts/run_mutation_pipeline.py
scripts/orchestrate_throughput_scaling.py
scripts/verify_reproducible_artifacts.py
scripts/run_benchmarks.py
scripts/validate_codebase_readiness_audit.py
scripts/generate_evidence_coverage.py
scripts/validate_branch_protection_governance.py
scripts/validate_pr_gates.py
scripts/collect_ci_run_urls.py
scripts/validate_status_claims.py
scripts/track_quality.py
scripts/check_mutation_score.py
scripts/release_pipeline.py
scripts/release_readiness.py
scripts/benchmark_production.py
scripts/validate_mutation_baseline.py

--- STDERR ---

LOG_SHA256: 7daca2dcc0ba57b75b5b42df53af7987419509715566ff944b7d0059a1c37877
