COMMAND: rg -n "\[tool\.poetry\]|dependencies|requires-python|pytest|ruff|mypy" pyproject.toml
START_UTC: 2026-02-15T20:06:08.585748Z
END_UTC: 2026-02-15T20:06:08.605267Z
TIMEOUT_SEC: 30
EXIT_CODE: 0
TIMED_OUT: false
--- STDOUT ---
5:requires-python = ">=3.11"
10:dependencies = [
18:[project.optional-dependencies]
21:  "pytest==9.0.2",
22:  "pytest-cov==7.0.0",
24:  "ruff==0.15.0",
25:  "mypy==1.19.1",
42:  "pytest==9.0.2",
43:  "pytest-cov==7.0.0",
79:[tool.pytest.ini_options]
110:[tool.ruff]
114:[tool.mypy]
127:plugins = ["pydantic.mypy"]
129:# Optional visualization dependencies (no type stubs available)
130:[[tool.mypy.overrides]]
154:[[tool.mypy.overrides]]
158:[[tool.mypy.overrides]]
162:[[tool.mypy.overrides]]

--- STDERR ---

LOG_SHA256: aafbcdd474f965d2210a038ab9f0d4ff5a14be34dc0548ca47249103d34e815c
