COMMAND: find docs -maxdepth 3 -type f -print
START_UTC: 2026-02-15T19:39:07.294543Z
END_UTC: 2026-02-15T19:39:07.303848Z
TIMEOUT_SEC: 600
EXIT_CODE: 0
TIMED_OUT: false
--- STDOUT ---
docs/api/generated/bnsyn.neuron.adex.rst
docs/api/generated/bnsyn.connectivity.sparse.rst
docs/api/generated/bnsyn.sim.network.rst
docs/api/generated/bnsyn.criticality.branching.rst
docs/api/generated/bnsyn.temperature.schedule.rst
docs/api/generated/bnsyn.plasticity.three_factor.rst
docs/api/generated/bnsyn.synapse.conductance.rst
docs/api/generated/bnsyn.rng.rst
docs/api/generated/bnsyn.cli.rst
docs/api/generated/bnsyn.config.rst
docs/api/index.md
docs/api/_templates/manifest.json
docs/api/_templates/README.md
docs/api/_static/manifest.json
docs/api/_static/README.md
docs/api/modules.md
docs/api/conf.py
docs/api/api_bnsyn.md
docs/TESTING.md
docs/DOCUMENTATION_FORMALIZATION.md
docs/CONFERENCE_RUNBOOK.md
docs/SSOT_RULES.md
docs/INDEX.md
docs/AUDIT_FINDINGS.md
docs/REPO_STRUCTURE.md
docs/SECURITY_GITLEAKS.md
docs/BENCHMARKS.md
docs/TROUBLESHOOTING.md
docs/ACTIONS_TEST_PROTOCOL.md
docs/CONSTITUTIONAL_AUDIT.md
docs/API_CONTRACT.md
docs/LEGENDARY_QUICKSTART.md
docs/DEMO.md
docs/SCALABILITY_REPORT.md
docs/TESTING_MUTATION.md
docs/PR40_EVIDENCE_REPORT.md
docs/INTEGRATION.md
docs/safety/stpa.md
docs/safety/traceability.yml
docs/safety/followups.md
docs/safety/deferred_gates.md
docs/safety/hazard_log.yml
docs/PR_AUTOMATION_VECTORS.md
docs/HYPOTHESIS.md
docs/api_maturity.json
docs/PERFORMANCE.md
docs/BIBLIOGRAPHY.md
docs/COMPONENT_AUDIT.md
docs/QUICKSTART.md
docs/RELEASE_NOTES.md
docs/spec_to_code.yml
docs/placeholder_cycles/cycle1/worklist.json
docs/placeholder_cycles/cycle1/plan.md
docs/placeholder_cycles/cycle1/acceptance_map.yaml
docs/SCALABILITY.md
docs/ARCHITECTURE.md
docs/CI_BATTLE_USAGE_AUDIT_2026-02-07.md
docs/TRACEABILITY_MAP.md
docs/INVENTORY.md
docs/CI_GATES.md
docs/appendix/additional_audit_2026.md
docs/appendix/PRODUCTION_AUDIT.md
docs/appendix/PRODUCTION_ROADMAP.md
docs/appendix/EXECUTIVE_SUMMARY.md
docs/appendix/codebase_readiness_audit_2026-02-15.json
docs/appendix/CODEX_PROJECT_FEEDBACK_UA.md
docs/appendix/intelligence_cycle_report.json
docs/PHYSICAL_VALIDITY.md
docs/QUALITY_INFRASTRUCTURE.md
docs/AUDIT_TASKS_2026-02-15.md
docs/RELEASE_READINESS.md
docs/ENTROPY_LEDGER.md
docs/REPRODUCIBILITY.md
docs/NORMATIVE_LABELING.md
docs/VCG.md
docs/MUTATION_GATE.md
docs/PERFORMANCE_REPORT.md
docs/RELEASE_PIPELINE.md
docs/STATUS.md
docs/QUALITY_INDEX.md
docs/sleep_stack.md
docs/math/PROVENANCE.md
docs/math/CONTRACTS.md
docs/BENCHMARK_MAP.md
docs/GOVERNANCE.md
docs/THROUGHPUT_SCALING.md
docs/PLACEHOLDER_REGISTRY.md
docs/CRITICALITY_CONTROL_VS_MEASUREMENT.md
docs/benchmarks/ci_comparison_report_alloc_v2.txt
docs/benchmarks/threshold_derivation_alloc_v2.md
docs/benchmarks/SCHEMA.md
docs/benchmarks/README.md
docs/benchmarks/PROTOCOL.md
docs/SPEC.md
docs/PLACEHOLDER_BASELINE_CYCLE0.md
docs/index.rst
docs/EVIDENCE_COVERAGE.md
docs/REPRODUCIBILITY_ENVELOPE.md
docs/modules.rst
docs/AUDIT_LEDGER.md
docs/conf.py
docs/ARCHITECTURE_INVARIANTS.md
docs/SSOT.md
docs/emergence_tracking.md

--- STDERR ---

