COMMAND: find . -maxdepth 3 -type f | sed 's#^./##' | awk -F. 'NF>1{print tolower($NF)}' | sort | uniq -c | sort -nr | head -n 40
START_UTC: 2026-02-15T19:40:01.445709Z
END_UTC: 2026-02-15T19:40:01.483368Z
TIMEOUT_SEC: 600
EXIT_CODE: 0
TIMED_OUT: false
--- STDOUT ---
    288 py
    155 pyc
    118 md
     74 log
     62 json
     54 txt
     41 yml
     14 sample
      8 png
      4 yaml
      3 sh
      2 toml
      2 sha
      2 rst
      2 gitignore
      2 diff
      2 2
      2 1
      1 v
      1 typed
      1 tla
      1 tag
      1 sha256
      1 lock
      1 github/codeowners
      1 git/packed-refs
      1 git/logs/head
      1 git/info/exclude
      1 git/index
      1 git/head
      1 git/fetch_head
      1 git/description
      1 git/config
      1 cfg
      1 cff
      1 bib

--- STDERR ---

