python -m pip install --upgrade pip==26.0.1
Collecting pip==26.0.1
  Downloading pip-26.0.1-py3-none-any.whl.metadata (4.7 kB)
Downloading pip-26.0.1-py3-none-any.whl (1.8 MB)
   ━━━━━━━━━━━━━━━━━━━━━━━━━━━━━━━━━━━━━━━━ 1.8/1.8 MB 29.3 MB/s  0:00:00
Installing collected packages: pip
  Attempting uninstall: pip
    Found existing installation: pip 25.3
    Uninstalling pip-25.3:
      Successfully uninstalled pip-25.3
Successfully installed pip-26.0.1
WARNING: Running pip as the 'root' user can result in broken permissions and conflicting behaviour with the system package manager, possibly rendering your system unusable. It is recommended to use a virtual environment instead: https://pip.pypa.io/warnings/venv. Use the --root-user-action option if you know what you are doing and want to suppress this warning.
python -m pip install -e ".[dev]"
Obtaining file:///workspace/bnsyn-phase-controlled-emergent-dynamics
  Installing build dependencies: started
  Installing build dependencies: finished with status 'done'
  Checking if build backend supports build_editable: started
  Checking if build backend supports build_editable: finished with status 'done'
  Getting requirements to build editable: started
  Getting requirements to build editable: finished with status 'done'
  Preparing editable metadata (pyproject.toml): started
  Preparing editable metadata (pyproject.toml): finished with status 'done'
Requirement already satisfied: numpy==2.4.1 in /root/.pyenv/versions/3.12.12/lib/python3.12/site-packages (from bnsyn==0.2.0) (2.4.1)
Requirement already satisfied: pydantic==2.12.5 in /root/.pyenv/versions/3.12.12/lib/python3.12/site-packages (from bnsyn==0.2.0) (2.12.5)
Requirement already satisfied: scipy==1.17.0 in /root/.pyenv/versions/3.12.12/lib/python3.12/site-packages (from bnsyn==0.2.0) (1.17.0)
Requirement already satisfied: jsonschema==4.26.0 in /root/.pyenv/versions/3.12.12/lib/python3.12/site-packages (from bnsyn==0.2.0) (4.26.0)
Requirement already satisfied: joblib==1.4.2 in /root/.pyenv/versions/3.12.12/lib/python3.12/site-packages (from bnsyn==0.2.0) (1.4.2)
Requirement already satisfied: pyyaml==6.0.3 in /root/.pyenv/versions/3.12.12/lib/python3.12/site-packages (from bnsyn==0.2.0) (6.0.3)
Requirement already satisfied: hypothesis==6.151.5 in /root/.pyenv/versions/3.12.12/lib/python3.12/site-packages (from bnsyn==0.2.0) (6.151.5)
Requirement already satisfied: pytest==9.0.2 in /root/.pyenv/versions/3.12.12/lib/python3.12/site-packages (from bnsyn==0.2.0) (9.0.2)
Requirement already satisfied: pytest-cov==7.0.0 in /root/.pyenv/versions/3.12.12/lib/python3.12/site-packages (from bnsyn==0.2.0) (7.0.0)
Requirement already satisfied: ruff==0.15.0 in /root/.pyenv/versions/3.12.12/lib/python3.12/site-packages (from bnsyn==0.2.0) (0.15.0)
Requirement already satisfied: mypy==1.19.1 in /root/.pyenv/versions/3.12.12/lib/python3.12/site-packages (from bnsyn==0.2.0) (1.19.1)
Requirement already satisfied: pylint==3.3.5 in /root/.pyenv/versions/3.12.12/lib/python3.12/site-packages (from bnsyn==0.2.0) (3.3.5)
Requirement already satisfied: pydocstyle==6.3.0 in /root/.pyenv/versions/3.12.12/lib/python3.12/site-packages (from bnsyn==0.2.0) (6.3.0)
Requirement already satisfied: bandit==1.9.3 in /root/.pyenv/versions/3.12.12/lib/python3.12/site-packages (from bnsyn==0.2.0) (1.9.3)
Requirement already satisfied: validate-pyproject==0.25 in /root/.pyenv/versions/3.12.12/lib/python3.12/site-packages (from bnsyn==0.2.0) (0.25)
Requirement already satisfied: pre-commit==4.5.1 in /root/.pyenv/versions/3.12.12/lib/python3.12/site-packages (from bnsyn==0.2.0) (4.5.1)
Requirement already satisfied: pip-audit==2.10.0 in /root/.pyenv/versions/3.12.12/lib/python3.12/site-packages (from bnsyn==0.2.0) (2.10.0)
Requirement already satisfied: psutil==7.2.2 in /root/.pyenv/versions/3.12.12/lib/python3.12/site-packages (from bnsyn==0.2.0) (7.2.2)
Requirement already satisfied: packaging==25.0 in /root/.pyenv/versions/3.12.12/lib/python3.12/site-packages (from bnsyn==0.2.0) (25.0)
Requirement already satisfied: stevedore>=1.20.0 in /root/.pyenv/versions/3.12.12/lib/python3.12/site-packages (from bandit==1.9.3->bnsyn==0.2.0) (5.6.0)
Requirement already satisfied: rich in /root/.pyenv/versions/3.12.12/lib/python3.12/site-packages (from bandit==1.9.3->bnsyn==0.2.0) (14.3.2)
Requirement already satisfied: sortedcontainers<3.0.0,>=2.1.0 in /root/.pyenv/versions/3.12.12/lib/python3.12/site-packages (from hypothesis==6.151.5->bnsyn==0.2.0) (2.4.0)
Requirement already satisfied: attrs>=22.2.0 in /root/.pyenv/versions/3.12.12/lib/python3.12/site-packages (from jsonschema==4.26.0->bnsyn==0.2.0) (25.4.0)
Requirement already satisfied: jsonschema-specifications>=2023.03.6 in /root/.pyenv/versions/3.12.12/lib/python3.12/site-packages (from jsonschema==4.26.0->bnsyn==0.2.0) (2025.9.1)
Requirement already satisfied: referencing>=0.28.4 in /root/.pyenv/versions/3.12.12/lib/python3.12/site-packages (from jsonschema==4.26.0->bnsyn==0.2.0) (0.37.0)
Requirement already satisfied: rpds-py>=0.25.0 in /root/.pyenv/versions/3.12.12/lib/python3.12/site-packages (from jsonschema==4.26.0->bnsyn==0.2.0) (0.30.0)
Requirement already satisfied: typing_extensions>=4.6.0 in /root/.pyenv/versions/3.12.12/lib/python3.12/site-packages (from mypy==1.19.1->bnsyn==0.2.0) (4.15.0)
Requirement already satisfied: mypy_extensions>=1.0.0 in /root/.pyenv/versions/3.12.12/lib/python3.12/site-packages (from mypy==1.19.1->bnsyn==0.2.0) (1.1.0)
Requirement already satisfied: pathspec>=0.9.0 in /root/.pyenv/versions/3.12.12/lib/python3.12/site-packages (from mypy==1.19.1->bnsyn==0.2.0) (1.0.3)
Requirement already satisfied: librt>=0.6.2 in /root/.pyenv/versions/3.12.12/lib/python3.12/site-packages (from mypy==1.19.1->bnsyn==0.2.0) (0.7.7)
Requirement already satisfied: CacheControl>=0.13.0 in /root/.pyenv/versions/3.12.12/lib/python3.12/site-packages (from CacheControl[filecache]>=0.13.0->pip-audit==2.10.0->bnsyn==0.2.0) (0.14.4)
Requirement already satisfied: cyclonedx-python-lib<12,>=5 in /root/.pyenv/versions/3.12.12/lib/python3.12/site-packages (from pip-audit==2.10.0->bnsyn==0.2.0) (11.6.0)
Requirement already satisfied: pip-api>=0.0.28 in /root/.pyenv/versions/3.12.12/lib/python3.12/site-packages (from pip-audit==2.10.0->bnsyn==0.2.0) (0.0.34)
Requirement already satisfied: pip-requirements-parser>=32.0.0 in /root/.pyenv/versions/3.12.12/lib/python3.12/site-packages (from pip-audit==2.10.0->bnsyn==0.2.0) (32.0.1)
Requirement already satisfied: requests>=2.31.0 in /root/.pyenv/versions/3.12.12/lib/python3.12/site-packages (from pip-audit==2.10.0->bnsyn==0.2.0) (2.32.5)
Requirement already satisfied: tomli>=2.2.1 in /root/.pyenv/versions/3.12.12/lib/python3.12/site-packages (from pip-audit==2.10.0->bnsyn==0.2.0) (2.4.0)
Requirement already satisfied: tomli-w>=1.2.0 in /root/.pyenv/versions/3.12.12/lib/python3.12/site-packages (from pip-audit==2.10.0->bnsyn==0.2.0) (1.2.0)
Requirement already satisfied: platformdirs>=4.2.0 in /root/.pyenv/versions/3.12.12/lib/python3.12/site-packages (from pip-audit==2.10.0->bnsyn==0.2.0) (4.5.1)
Requirement already satisfied: cfgv>=2.0.0 in /root/.pyenv/versions/3.12.12/lib/python3.12/site-packages (from pre-commit==4.5.1->bnsyn==0.2.0) (3.5.0)
Requirement already satisfied: identify>=1.0.0 in /root/.pyenv/versions/3.12.12/lib/python3.12/site-packages (from pre-commit==4.5.1->bnsyn==0.2.0) (2.6.16)
Requirement already satisfied: nodeenv>=0.11.1 in /root/.pyenv/versions/3.12.12/lib/python3.12/site-packages (from pre-commit==4.5.1->bnsyn==0.2.0) (1.10.0)
Requirement already satisfied: virtualenv>=20.10.0 in /root/.pyenv/versions/3.12.12/lib/python3.12/site-packages (from pre-commit==4.5.1->bnsyn==0.2.0) (20.37.0)
Requirement already satisfied: annotated-types>=0.6.0 in /root/.pyenv/versions/3.12.12/lib/python3.12/site-packages (from pydantic==2.12.5->bnsyn==0.2.0) (0.7.0)
Requirement already satisfied: pydantic-core==2.41.5 in /root/.pyenv/versions/3.12.12/lib/python3.12/site-packages (from pydantic==2.12.5->bnsyn==0.2.0) (2.41.5)
Requirement already satisfied: typing-inspection>=0.4.2 in /root/.pyenv/versions/3.12.12/lib/python3.12/site-packages (from pydantic==2.12.5->bnsyn==0.2.0) (0.4.2)
Requirement already satisfied: snowballstemmer>=2.2.0 in /root/.pyenv/versions/3.12.12/lib/python3.12/site-packages (from pydocstyle==6.3.0->bnsyn==0.2.0) (3.0.1)
Requirement already satisfied: dill>=0.3.6 in /root/.pyenv/versions/3.12.12/lib/python3.12/site-packages (from pylint==3.3.5->bnsyn==0.2.0) (0.4.1)
Requirement already satisfied: astroid<=3.4.0-dev0,>=3.3.8 in /root/.pyenv/versions/3.12.12/lib/python3.12/site-packages (from pylint==3.3.5->bnsyn==0.2.0) (3.3.11)
Requirement already satisfied: isort!=5.13.0,<7,>=4.2.5 in /root/.pyenv/versions/3.12.12/lib/python3.12/site-packages (from pylint==3.3.5->bnsyn==0.2.0) (6.1.0)
Requirement already satisfied: mccabe<0.8,>=0.6 in /root/.pyenv/versions/3.12.12/lib/python3.12/site-packages (from pylint==3.3.5->bnsyn==0.2.0) (0.7.0)
Requirement already satisfied: tomlkit>=0.10.1 in /root/.pyenv/versions/3.12.12/lib/python3.12/site-packages (from pylint==3.3.5->bnsyn==0.2.0) (0.14.0)
Requirement already satisfied: iniconfig>=1.0.1 in /root/.pyenv/versions/3.12.12/lib/python3.12/site-packages (from pytest==9.0.2->bnsyn==0.2.0) (2.3.0)
Requirement already satisfied: pluggy<2,>=1.5 in /root/.pyenv/versions/3.12.12/lib/python3.12/site-packages (from pytest==9.0.2->bnsyn==0.2.0) (1.6.0)
Requirement already satisfied: pygments>=2.7.2 in /root/.pyenv/versions/3.12.12/lib/python3.12/site-packages (from pytest==9.0.2->bnsyn==0.2.0) (2.19.2)
Requirement already satisfied: coverage>=7.10.6 in /root/.pyenv/versions/3.12.12/lib/python3.12/site-packages (from coverage[toml]>=7.10.6->pytest-cov==7.0.0->bnsyn==0.2.0) (7.13.4)
Requirement already satisfied: fastjsonschema<=3,>=2.16.2 in /root/.pyenv/versions/3.12.12/lib/python3.12/site-packages (from validate-pyproject==0.25->bnsyn==0.2.0) (2.21.2)
Requirement already satisfied: license-expression<31,>=30 in /root/.pyenv/versions/3.12.12/lib/python3.12/site-packages (from cyclonedx-python-lib<12,>=5->pip-audit==2.10.0->bnsyn==0.2.0) (30.4.4)
Requirement already satisfied: packageurl-python<2,>=0.11 in /root/.pyenv/versions/3.12.12/lib/python3.12/site-packages (from cyclonedx-python-lib<12,>=5->pip-audit==2.10.0->bnsyn==0.2.0) (0.17.6)
Requirement already satisfied: py-serializable<3.0.0,>=2.1.0 in /root/.pyenv/versions/3.12.12/lib/python3.12/site-packages (from cyclonedx-python-lib<12,>=5->pip-audit==2.10.0->bnsyn==0.2.0) (2.1.0)
Requirement already satisfied: boolean.py>=4.0 in /root/.pyenv/versions/3.12.12/lib/python3.12/site-packages (from license-expression<31,>=30->cyclonedx-python-lib<12,>=5->pip-audit==2.10.0->bnsyn==0.2.0) (5.0)
Requirement already satisfied: defusedxml<0.8.0,>=0.7.1 in /root/.pyenv/versions/3.12.12/lib/python3.12/site-packages (from py-serializable<3.0.0,>=2.1.0->cyclonedx-python-lib<12,>=5->pip-audit==2.10.0->bnsyn==0.2.0) (0.7.1)
Requirement already satisfied: msgpack<2.0.0,>=0.5.2 in /root/.pyenv/versions/3.12.12/lib/python3.12/site-packages (from CacheControl>=0.13.0->CacheControl[filecache]>=0.13.0->pip-audit==2.10.0->bnsyn==0.2.0) (1.1.2)
Requirement already satisfied: filelock>=3.8.0 in /root/.pyenv/versions/3.12.12/lib/python3.12/site-packages (from CacheControl[filecache]>=0.13.0->pip-audit==2.10.0->bnsyn==0.2.0) (3.24.2)
Requirement already satisfied: pip in /root/.pyenv/versions/3.12.12/lib/python3.12/site-packages (from pip-api>=0.0.28->pip-audit==2.10.0->bnsyn==0.2.0) (26.0.1)
Requirement already satisfied: pyparsing in /root/.pyenv/versions/3.12.12/lib/python3.12/site-packages (from pip-requirements-parser>=32.0.0->pip-audit==2.10.0->bnsyn==0.2.0) (3.3.2)
Requirement already satisfied: charset_normalizer<4,>=2 in /root/.pyenv/versions/3.12.12/lib/python3.12/site-packages (from requests>=2.31.0->pip-audit==2.10.0->bnsyn==0.2.0) (3.4.4)
Requirement already satisfied: idna<4,>=2.5 in /root/.pyenv/versions/3.12.12/lib/python3.12/site-packages (from requests>=2.31.0->pip-audit==2.10.0->bnsyn==0.2.0) (3.11)
Requirement already satisfied: urllib3<3,>=1.21.1 in /root/.pyenv/versions/3.12.12/lib/python3.12/site-packages (from requests>=2.31.0->pip-audit==2.10.0->bnsyn==0.2.0) (2.6.3)
Requirement already satisfied: certifi>=2017.4.17 in /root/.pyenv/versions/3.12.12/lib/python3.12/site-packages (from requests>=2.31.0->pip-audit==2.10.0->bnsyn==0.2.0) (2026.1.4)
Requirement already satisfied: markdown-it-py>=2.2.0 in /root/.pyenv/versions/3.12.12/lib/python3.12/site-packages (from rich->bandit==1.9.3->bnsyn==0.2.0) (4.0.0)
Requirement already satisfied: mdurl~=0.1 in /root/.pyenv/versions/3.12.12/lib/python3.12/site-packages (from markdown-it-py>=2.2.0->rich->bandit==1.9.3->bnsyn==0.2.0) (0.1.2)
Requirement already satisfied: distlib<1,>=0.3.7 in /root/.pyenv/versions/3.12.12/lib/python3.12/site-packages (from virtualenv>=20.10.0->pre-commit==4.5.1->bnsyn==0.2.0) (0.4.0)
Building wheels for collected packages: bnsyn
  Building editable for bnsyn (pyproject.toml): started
  Building editable for bnsyn (pyproject.toml): finished with status 'done'
  Created wheel for bnsyn: filename=bnsyn-0.2.0-0.editable-py3-none-any.whl size=4146 sha256=bbc5d5691402f07c6bd22f3238b3c44a91ead14584faa8aee0a0497a918fe224
  Stored in directory: /tmp/pip-ephem-wheel-cache-am64f9nl/wheels/b6/1a/09/a1d36e07ea304f8c95ab88d866597d5b760d5b91c4e13d9643
Successfully built bnsyn
Installing collected packages: bnsyn
  Attempting uninstall: bnsyn
    Found existing installation: bnsyn 0.2.0
    Uninstalling bnsyn-0.2.0:
      Successfully uninstalled bnsyn-0.2.0
Successfully installed bnsyn-0.2.0
WARNING: Running pip as the 'root' user can result in broken permissions and conflicting behaviour with the system package manager, possibly rendering your system unusable. It is recommended to use a virtual environment instead: https://pip.pypa.io/warnings/venv. Use the --root-user-action option if you know what you are doing and want to suppress this warning.
mkdir -p artifacts
python -m scripts.ensure_gitleaks -- detect --redact --verbose --source=.
8.24.3

    ○
    │╲
    │ ○
    ○ ░
    ░    gitleaks

9:48AM INF 561 commits scanned.
9:48AM INF scanned ~15631394 bytes (15.63 MB) in 1.13s
9:48AM INF no leaks found
[gitleaks] binary=.tools/gitleaks/v8.24.3/gitleaks
[gitleaks] cmd=.tools/gitleaks/v8.24.3/gitleaks detect --redact --verbose --source=.
python -m pip_audit --desc --format json --output artifacts/pip-audit.json
No known vulnerabilities found
python -m bandit -r src/ -ll
[main]	INFO	profile include tests: None
[main]	INFO	profile exclude tests: None
[main]	INFO	cli include tests: None
[main]	INFO	cli exclude tests: None
[main]	INFO	running on Python 3.12.12
Working... ━━━━━━━━━━━━━━━━━━━━━━━━━━━━━━━━━━━━━━━━ 100% 0:00:00
Run started:2026-02-18 09:48:25.683539+00:00

Test results:
	No issues identified.

Code scanned:
	Total lines of code: 8373
	Total lines skipped (#nosec): 0
	Total potential issues skipped due to specifically being disabled (e.g., #nosec BXXX): 6

Run metrics:
	Total issues (by severity):
		Undefined: 0
		Low: 0
		Medium: 0
		High: 0
	Total issues (by confidence):
		Undefined: 0
		Low: 0
		Medium: 0
		High: 0
Files skipped (0):
